{"level":"info","message":"[HPM] Proxy created: /  -> http://localhost:3001","service":"api-gateway","timestamp":"2025-05-05T19:40:25.914Z"}
{"level":"info","message":"[HPM] Proxy rewrite rule created: \"^/api/auth\" ~> \"/api/auth\"","service":"api-gateway","timestamp":"2025-05-05T19:40:25.916Z"}
{"level":"info","message":"[HPM] Proxy created: /  -> http://localhost:3002","service":"api-gateway","timestamp":"2025-05-05T19:40:25.917Z"}
{"level":"info","message":"[HPM] Proxy rewrite rule created: \"^/api/users\" ~> \"/api/users\"","service":"api-gateway","timestamp":"2025-05-05T19:40:25.918Z"}
{"level":"info","message":"[HPM] Proxy created: /  -> http://localhost:3003","service":"api-gateway","timestamp":"2025-05-05T19:40:25.919Z"}
{"level":"info","message":"[HPM] Proxy rewrite rule created: \"^/api/content\" ~> \"/api/content\"","service":"api-gateway","timestamp":"2025-05-05T19:40:25.919Z"}
{"level":"info","message":"API Gateway running on port 3000","service":"api-gateway","timestamp":"2025-05-05T19:40:25.939Z"}
{"level":"info","message":"Auth Service proxy: http://localhost:3001","service":"api-gateway","timestamp":"2025-05-05T19:40:25.940Z"}
{"level":"info","message":"User Service proxy: http://localhost:3002","service":"api-gateway","timestamp":"2025-05-05T19:40:25.940Z"}
{"level":"info","message":"Content Service proxy: http://localhost:3003","service":"api-gateway","timestamp":"2025-05-05T19:40:25.940Z"}
{"level":"info","message":"[HPM] Proxy created: /  -> http://localhost:3001","service":"api-gateway","timestamp":"2025-05-05T19:41:41.482Z"}
{"level":"info","message":"[HPM] Proxy rewrite rule created: \"^/api/auth\" ~> \"/api/auth\"","service":"api-gateway","timestamp":"2025-05-05T19:41:41.483Z"}
{"level":"info","message":"[HPM] Proxy created: /  -> http://localhost:3002","service":"api-gateway","timestamp":"2025-05-05T19:41:41.484Z"}
{"level":"info","message":"[HPM] Proxy rewrite rule created: \"^/api/users\" ~> \"/api/users\"","service":"api-gateway","timestamp":"2025-05-05T19:41:41.485Z"}
{"level":"info","message":"[HPM] Proxy created: /  -> http://localhost:3003","service":"api-gateway","timestamp":"2025-05-05T19:41:41.486Z"}
{"level":"info","message":"[HPM] Proxy rewrite rule created: \"^/api/content\" ~> \"/api/content\"","service":"api-gateway","timestamp":"2025-05-05T19:41:41.486Z"}
{"level":"info","message":"API Gateway running on port 3000","service":"api-gateway","timestamp":"2025-05-05T19:41:41.505Z"}
{"level":"info","message":"Auth Service proxy: http://localhost:3001","service":"api-gateway","timestamp":"2025-05-05T19:41:41.507Z"}
{"level":"info","message":"User Service proxy: http://localhost:3002","service":"api-gateway","timestamp":"2025-05-05T19:41:41.507Z"}
{"level":"info","message":"Content Service proxy: http://localhost:3003","service":"api-gateway","timestamp":"2025-05-05T19:41:41.508Z"}
{"level":"info","message":"[HPM] Proxy created: /  -> http://localhost:3001","service":"api-gateway","timestamp":"2025-05-05T21:24:06.970Z"}
{"level":"info","message":"[HPM] Proxy rewrite rule created: \"^/api/auth\" ~> \"/api/auth\"","service":"api-gateway","timestamp":"2025-05-05T21:24:06.970Z"}
{"level":"info","message":"[HPM] Proxy created: /  -> http://localhost:3002","service":"api-gateway","timestamp":"2025-05-05T21:24:06.971Z"}
{"level":"info","message":"[HPM] Proxy rewrite rule created: \"^/api/users\" ~> \"/api/users\"","service":"api-gateway","timestamp":"2025-05-05T21:24:06.972Z"}
{"level":"info","message":"[HPM] Proxy created: /  -> http://localhost:3003","service":"api-gateway","timestamp":"2025-05-05T21:24:06.973Z"}
{"level":"info","message":"[HPM] Proxy rewrite rule created: \"^/api/content\" ~> \"/api/content\"","service":"api-gateway","timestamp":"2025-05-05T21:24:06.973Z"}
{"level":"info","message":"API Gateway running on port 3000","service":"api-gateway","timestamp":"2025-05-05T21:24:06.982Z"}
{"level":"info","message":"Auth Service proxy: http://localhost:3001","service":"api-gateway","timestamp":"2025-05-05T21:24:06.982Z"}
{"level":"info","message":"User Service proxy: http://localhost:3002","service":"api-gateway","timestamp":"2025-05-05T21:24:06.982Z"}
{"level":"info","message":"Content Service proxy: http://localhost:3003","service":"api-gateway","timestamp":"2025-05-05T21:24:06.982Z"}
{"level":"info","message":"[HPM] Proxy created: /  -> http://localhost:3001","service":"api-gateway","timestamp":"2025-05-06T06:43:11.886Z"}
{"level":"info","message":"[HPM] Proxy rewrite rule created: \"^/api/auth\" ~> \"/api/auth\"","service":"api-gateway","timestamp":"2025-05-06T06:43:11.886Z"}
{"level":"info","message":"[HPM] Proxy created: /  -> http://localhost:3002","service":"api-gateway","timestamp":"2025-05-06T06:43:11.887Z"}
{"level":"info","message":"[HPM] Proxy rewrite rule created: \"^/api/users\" ~> \"/api/users\"","service":"api-gateway","timestamp":"2025-05-06T06:43:11.887Z"}
{"level":"info","message":"[HPM] Proxy created: /  -> http://localhost:3003","service":"api-gateway","timestamp":"2025-05-06T06:43:11.888Z"}
{"level":"info","message":"[HPM] Proxy rewrite rule created: \"^/api/content\" ~> \"/api/content\"","service":"api-gateway","timestamp":"2025-05-06T06:43:11.888Z"}
{"level":"info","message":"API Gateway running on port 3000","service":"api-gateway","timestamp":"2025-05-06T06:43:11.898Z"}
{"level":"info","message":"Auth Service proxy: http://localhost:3001","service":"api-gateway","timestamp":"2025-05-06T06:43:11.899Z"}
{"level":"info","message":"User Service proxy: http://localhost:3002","service":"api-gateway","timestamp":"2025-05-06T06:43:11.899Z"}
{"level":"info","message":"Content Service proxy: http://localhost:3003","service":"api-gateway","timestamp":"2025-05-06T06:43:11.899Z"}
{"level":"info","message":"[HPM] Proxy created: /  -> http://localhost:3001","service":"api-gateway","timestamp":"2025-05-06T21:05:41.944Z"}
{"level":"info","message":"[HPM] Proxy rewrite rule created: \"^/api/auth\" ~> \"/api/auth\"","service":"api-gateway","timestamp":"2025-05-06T21:05:41.945Z"}
{"level":"info","message":"[HPM] Proxy created: /  -> http://localhost:3002","service":"api-gateway","timestamp":"2025-05-06T21:05:41.945Z"}
{"level":"info","message":"[HPM] Proxy rewrite rule created: \"^/api/users\" ~> \"/api/users\"","service":"api-gateway","timestamp":"2025-05-06T21:05:41.946Z"}
{"level":"info","message":"[HPM] Proxy created: /  -> http://localhost:3003","service":"api-gateway","timestamp":"2025-05-06T21:05:41.946Z"}
{"level":"info","message":"[HPM] Proxy rewrite rule created: \"^/api/content\" ~> \"/api/content\"","service":"api-gateway","timestamp":"2025-05-06T21:05:41.947Z"}
{"level":"info","message":"API Gateway running on port 3000","service":"api-gateway","timestamp":"2025-05-06T21:05:41.956Z"}
{"level":"info","message":"Auth Service proxy: http://localhost:3001","service":"api-gateway","timestamp":"2025-05-06T21:05:41.957Z"}
{"level":"info","message":"User Service proxy: http://localhost:3002","service":"api-gateway","timestamp":"2025-05-06T21:05:41.957Z"}
{"level":"info","message":"Content Service proxy: http://localhost:3003","service":"api-gateway","timestamp":"2025-05-06T21:05:41.957Z"}
{"level":"info","message":"SIGTERM signal received: closing HTTP server","service":"api-gateway","timestamp":"2025-05-06T21:08:47.323Z"}
{"level":"info","message":"HTTP server closed","service":"api-gateway","timestamp":"2025-05-06T21:08:47.325Z"}
{"level":"info","message":"[HPM] Proxy created: /  -> http://localhost:3001","service":"api-gateway","timestamp":"2025-05-06T21:09:30.546Z"}
{"level":"info","message":"[HPM] Proxy rewrite rule created: \"^/api/auth\" ~> \"/api/auth\"","service":"api-gateway","timestamp":"2025-05-06T21:09:30.547Z"}
{"level":"info","message":"[HPM] Proxy created: /  -> http://localhost:3002","service":"api-gateway","timestamp":"2025-05-06T21:09:30.547Z"}
{"level":"info","message":"[HPM] Proxy rewrite rule created: \"^/api/users\" ~> \"/api/users\"","service":"api-gateway","timestamp":"2025-05-06T21:09:30.548Z"}
{"level":"info","message":"[HPM] Proxy created: /  -> http://localhost:3003","service":"api-gateway","timestamp":"2025-05-06T21:09:30.548Z"}
{"level":"info","message":"[HPM] Proxy rewrite rule created: \"^/api/content\" ~> \"/api/content\"","service":"api-gateway","timestamp":"2025-05-06T21:09:30.548Z"}
{"level":"info","message":"API Gateway running on port 3000","service":"api-gateway","timestamp":"2025-05-06T21:09:30.554Z"}
{"level":"info","message":"Auth Service proxy: http://localhost:3001","service":"api-gateway","timestamp":"2025-05-06T21:09:30.555Z"}
{"level":"info","message":"User Service proxy: http://localhost:3002","service":"api-gateway","timestamp":"2025-05-06T21:09:30.555Z"}
{"level":"info","message":"Content Service proxy: http://localhost:3003","service":"api-gateway","timestamp":"2025-05-06T21:09:30.555Z"}
{"level":"info","message":"SIGTERM signal received: closing HTTP server","service":"api-gateway","timestamp":"2025-05-06T21:10:06.606Z"}
{"level":"info","message":"HTTP server closed","service":"api-gateway","timestamp":"2025-05-06T21:10:06.608Z"}
{"level":"info","message":"[HPM] Proxy created: /  -> http://localhost:3001","service":"api-gateway","timestamp":"2025-05-06T21:10:20.636Z"}
{"level":"info","message":"[HPM] Proxy rewrite rule created: \"^/api/auth\" ~> \"/api/auth\"","service":"api-gateway","timestamp":"2025-05-06T21:10:20.636Z"}
{"level":"info","message":"[HPM] Proxy created: /  -> http://localhost:3002","service":"api-gateway","timestamp":"2025-05-06T21:10:20.637Z"}
{"level":"info","message":"[HPM] Proxy rewrite rule created: \"^/api/users\" ~> \"/api/users\"","service":"api-gateway","timestamp":"2025-05-06T21:10:20.638Z"}
{"level":"info","message":"[HPM] Proxy created: /  -> http://localhost:3003","service":"api-gateway","timestamp":"2025-05-06T21:10:20.661Z"}
{"level":"info","message":"[HPM] Proxy rewrite rule created: \"^/api/content\" ~> \"/api/content\"","service":"api-gateway","timestamp":"2025-05-06T21:10:20.665Z"}
{"level":"info","message":"API Gateway running on port 3000","service":"api-gateway","timestamp":"2025-05-06T21:10:20.683Z"}
{"level":"info","message":"Auth Service proxy: http://localhost:3001","service":"api-gateway","timestamp":"2025-05-06T21:10:20.684Z"}
{"level":"info","message":"User Service proxy: http://localhost:3002","service":"api-gateway","timestamp":"2025-05-06T21:10:20.684Z"}
{"level":"info","message":"Content Service proxy: http://localhost:3003","service":"api-gateway","timestamp":"2025-05-06T21:10:20.687Z"}
{"duration":3,"level":"info","message":"Request completed: req-1746565849905-m6ab75m0b","method":"GET","path":"/","requestId":"req-1746565849905-m6ab75m0b","service":"api-gateway","statusCode":200,"timestamp":"2025-05-06T21:10:49.909Z"}
{"level":"info","message":"SIGTERM signal received: closing HTTP server","service":"api-gateway","timestamp":"2025-05-06T21:10:49.917Z"}
{"level":"info","message":"HTTP server closed","service":"api-gateway","timestamp":"2025-05-06T21:10:49.917Z"}
{"level":"info","message":"[HPM] Proxy created: /  -> http://localhost:3001","service":"api-gateway","timestamp":"2025-05-06T21:11:24.755Z"}
{"level":"info","message":"[HPM] Proxy rewrite rule created: \"^/api/auth\" ~> \"/api/auth\"","service":"api-gateway","timestamp":"2025-05-06T21:11:24.756Z"}
{"level":"info","message":"[HPM] Proxy created: /  -> http://localhost:3002","service":"api-gateway","timestamp":"2025-05-06T21:11:24.756Z"}
{"level":"info","message":"[HPM] Proxy rewrite rule created: \"^/api/users\" ~> \"/api/users\"","service":"api-gateway","timestamp":"2025-05-06T21:11:24.756Z"}
{"level":"info","message":"[HPM] Proxy created: /  -> http://localhost:3003","service":"api-gateway","timestamp":"2025-05-06T21:11:24.757Z"}
{"level":"info","message":"[HPM] Proxy rewrite rule created: \"^/api/content\" ~> \"/api/content\"","service":"api-gateway","timestamp":"2025-05-06T21:11:24.757Z"}
{"level":"info","message":"API Gateway running on port 3000","service":"api-gateway","timestamp":"2025-05-06T21:11:24.763Z"}
{"level":"info","message":"Auth Service proxy: http://localhost:3001","service":"api-gateway","timestamp":"2025-05-06T21:11:24.763Z"}
{"level":"info","message":"User Service proxy: http://localhost:3002","service":"api-gateway","timestamp":"2025-05-06T21:11:24.763Z"}
{"level":"info","message":"Content Service proxy: http://localhost:3003","service":"api-gateway","timestamp":"2025-05-06T21:11:24.763Z"}
{"level":"info","message":"SIGTERM signal received: closing HTTP server","service":"api-gateway","timestamp":"2025-05-06T21:18:36.383Z"}
{"level":"info","message":"HTTP server closed","service":"api-gateway","timestamp":"2025-05-06T21:18:36.386Z"}
{"level":"info","message":"[HPM] Proxy created: /  -> http://localhost:3001","service":"api-gateway","timestamp":"2025-05-07T16:52:01.802Z"}
{"level":"info","message":"[HPM] Proxy rewrite rule created: \"^/api/auth\" ~> \"/api/auth\"","service":"api-gateway","timestamp":"2025-05-07T16:52:01.803Z"}
{"level":"info","message":"[HPM] Proxy created: /  -> http://localhost:3002","service":"api-gateway","timestamp":"2025-05-07T16:52:01.803Z"}
{"level":"info","message":"[HPM] Proxy rewrite rule created: \"^/api/users\" ~> \"/api/users\"","service":"api-gateway","timestamp":"2025-05-07T16:52:01.804Z"}
{"level":"info","message":"[HPM] Proxy created: /  -> http://localhost:3003","service":"api-gateway","timestamp":"2025-05-07T16:52:01.804Z"}
{"level":"info","message":"[HPM] Proxy rewrite rule created: \"^/api/content\" ~> \"/api/content\"","service":"api-gateway","timestamp":"2025-05-07T16:52:01.804Z"}
{"level":"info","message":"API Gateway running on port 3000","service":"api-gateway","timestamp":"2025-05-07T16:52:01.812Z"}
{"level":"info","message":"Auth Service proxy: http://localhost:3001","service":"api-gateway","timestamp":"2025-05-07T16:52:01.812Z"}
{"level":"info","message":"User Service proxy: http://localhost:3002","service":"api-gateway","timestamp":"2025-05-07T16:52:01.812Z"}
{"level":"info","message":"Content Service proxy: http://localhost:3003","service":"api-gateway","timestamp":"2025-05-07T16:52:01.812Z"}
