{"error":{"address":"::1","code":"ECONNREFUSED","errno":-4078,"port":3004,"syscall":"connect"},"level":"error","message":"Proxy error to Auth Service: connect ECONNREFUSED ::1:3004","service":"api-gateway","timestamp":"2025-05-24T07:26:10.786Z"}
{"level":"error","message":"[HPM] Error occurred while proxying request localhost:5100/api/auth/register to http://localhost:3004/ [ECONNREFUSED] (https://nodejs.org/api/errors.html#errors_common_system_errors)","service":"api-gateway","timestamp":"2025-05-24T07:26:10.792Z"}
{"error":{"address":"::1","code":"ECONNREFUSED","errno":-4078,"port":3008,"syscall":"connect"},"level":"error","message":"Proxy error to Auth Service: connect ECONNREFUSED ::1:3008","service":"api-gateway","timestamp":"2025-05-24T07:30:47.550Z"}
{"level":"error","message":"[HPM] Error occurred while proxying request localhost:5101/api/auth/register to http://localhost:3008/ [ECONNREFUSED] (https://nodejs.org/api/errors.html#errors_common_system_errors)","service":"api-gateway","timestamp":"2025-05-24T07:30:47.560Z"}
{"error":{"address":"::1","code":"ECONNREFUSED","errno":-4078,"port":3008,"syscall":"connect"},"level":"error","message":"Proxy error to Auth Service: connect ECONNREFUSED ::1:3008","service":"api-gateway","timestamp":"2025-05-24T07:30:49.307Z"}
{"level":"error","message":"[HPM] Error occurred while proxying request localhost:5101/api/auth/register to http://localhost:3008/ [ECONNREFUSED] (https://nodejs.org/api/errors.html#errors_common_system_errors)","service":"api-gateway","timestamp":"2025-05-24T07:30:49.309Z"}
{"error":{"address":"::1","code":"ECONNREFUSED","errno":-4078,"port":3008,"syscall":"connect"},"level":"error","message":"Proxy error to Auth Service: connect ECONNREFUSED ::1:3008","service":"api-gateway","timestamp":"2025-05-24T07:31:17.333Z"}
{"level":"error","message":"[HPM] Error occurred while proxying request localhost:5100/api/auth/register to http://localhost:3008/ [ECONNREFUSED] (https://nodejs.org/api/errors.html#errors_common_system_errors)","service":"api-gateway","timestamp":"2025-05-24T07:31:17.349Z"}
{"error":{"address":"::1","code":"ECONNREFUSED","errno":-4078,"port":3008,"syscall":"connect"},"level":"error","message":"Proxy error to Auth Service: connect ECONNREFUSED ::1:3008","service":"api-gateway","timestamp":"2025-05-24T07:41:55.030Z"}
{"level":"error","message":"[HPM] Error occurred while proxying request localhost:5100/api/auth/register to http://localhost:3008/ [ECONNREFUSED] (https://nodejs.org/api/errors.html#errors_common_system_errors)","service":"api-gateway","timestamp":"2025-05-24T07:41:55.039Z"}
{"error":{"address":"::1","code":"ECONNREFUSED","errno":-4078,"port":3008,"syscall":"connect"},"level":"error","message":"Proxy error to Auth Service: connect ECONNREFUSED ::1:3008","service":"api-gateway","timestamp":"2025-05-24T07:42:49.247Z"}
{"level":"error","message":"[HPM] Error occurred while proxying request localhost:5101/api/auth/register to http://localhost:3008/ [ECONNREFUSED] (https://nodejs.org/api/errors.html#errors_common_system_errors)","service":"api-gateway","timestamp":"2025-05-24T07:42:49.258Z"}
{"error":{"address":"::1","code":"ECONNREFUSED","errno":-4078,"port":3008,"syscall":"connect"},"level":"error","message":"Proxy error to Auth Service: connect ECONNREFUSED ::1:3008","service":"api-gateway","timestamp":"2025-05-24T08:00:02.142Z"}
{"level":"error","message":"[HPM] Error occurred while proxying request localhost:5101/api/auth/register to http://localhost:3008/ [ECONNREFUSED] (https://nodejs.org/api/errors.html#errors_common_system_errors)","service":"api-gateway","timestamp":"2025-05-24T08:00:02.151Z"}
{"error":{"address":"::1","code":"ECONNREFUSED","errno":-4078,"port":3008,"syscall":"connect"},"level":"error","message":"Proxy error to Auth Service: connect ECONNREFUSED ::1:3008","service":"api-gateway","timestamp":"2025-05-24T08:09:17.928Z"}
{"level":"error","message":"[HPM] Error occurred while proxying request localhost:5101/api/auth/register%0A to http://localhost:3008/ [ECONNREFUSED] (https://nodejs.org/api/errors.html#errors_common_system_errors)","service":"api-gateway","timestamp":"2025-05-24T08:09:17.940Z"}
{"error":{"address":"::1","code":"ECONNREFUSED","errno":-4078,"port":3008,"syscall":"connect"},"level":"error","message":"Proxy error to Auth Service: connect ECONNREFUSED ::1:3008","service":"api-gateway","timestamp":"2025-05-24T08:16:53.606Z"}
{"level":"error","message":"[HPM] Error occurred while proxying request localhost:5101/api/auth/register%0A to http://localhost:3008/ [ECONNREFUSED] (https://nodejs.org/api/errors.html#errors_common_system_errors)","service":"api-gateway","timestamp":"2025-05-24T08:16:53.619Z"}
{"error":{"address":"::1","code":"ECONNREFUSED","errno":-4078,"port":3008,"syscall":"connect"},"level":"error","message":"Proxy error to Auth Service: connect ECONNREFUSED ::1:3008","service":"api-gateway","timestamp":"2025-05-24T08:25:53.044Z"}
{"level":"error","message":"[HPM] Error occurred while proxying request localhost:5101/api/auth/register to http://localhost:3008/ [ECONNREFUSED] (https://nodejs.org/api/errors.html#errors_common_system_errors)","service":"api-gateway","timestamp":"2025-05-24T08:25:53.051Z"}
{"error":{"address":"::1","code":"ECONNREFUSED","errno":-4078,"port":3008,"syscall":"connect"},"level":"error","message":"Proxy error to Auth Service: connect ECONNREFUSED ::1:3008","service":"api-gateway","timestamp":"2025-05-24T08:32:07.385Z"}
{"level":"error","message":"[HPM] Error occurred while proxying request localhost:5101/api/auth/register to http://localhost:3008/ [ECONNREFUSED] (https://nodejs.org/api/errors.html#errors_common_system_errors)","service":"api-gateway","timestamp":"2025-05-24T08:32:07.393Z"}
{"error":{"address":"::1","code":"ECONNREFUSED","errno":-4078,"port":3008,"syscall":"connect"},"level":"error","message":"Proxy error to Auth Service: connect ECONNREFUSED ::1:3008","service":"api-gateway","timestamp":"2025-05-24T10:12:17.210Z"}
{"level":"error","message":"[HPM] Error occurred while proxying request localhost:5101/api/auth/register to http://localhost:3008/ [ECONNREFUSED] (https://nodejs.org/api/errors.html#errors_common_system_errors)","service":"api-gateway","timestamp":"2025-05-24T10:12:17.223Z"}
{"error":{"address":"::1","code":"ECONNREFUSED","errno":-4078,"port":3004,"syscall":"connect"},"level":"error","message":"Proxy error to Content Service: connect ECONNREFUSED ::1:3004","service":"api-gateway","timestamp":"2025-05-27T14:08:32.401Z"}
{"level":"error","message":"[HPM] Error occurred while proxying request localhost:5001/api/content/articles to http://localhost:3004/ [ECONNREFUSED] (https://nodejs.org/api/errors.html#errors_common_system_errors)","service":"api-gateway","timestamp":"2025-05-27T14:08:32.408Z"}
{"level":"error","message":"[HPM] ECONNRESET: Error: read ECONNRESET\n    at TCP.onStreamRead (node:internal/stream_base_commons:216:20) {\n  errno: -4077,\n  code: 'ECONNRESET',\n  syscall: 'read'\n}","service":"api-gateway","timestamp":"2025-05-27T14:32:42.032Z"}
{"level":"error","message":"[HPM] ECONNRESET: Error: socket hang up\n    at Socket.socketCloseListener (node:_http_client:485:27)\n    at Socket.emit (node:events:536:35)\n    at Socket.emit (node:domain:489:12)\n    at TCP.<anonymous> (node:net:350:12) {\n  code: 'ECONNRESET'\n}","service":"api-gateway","timestamp":"2025-05-28T07:56:24.089Z"}
{"level":"error","message":"[HPM] ECONNRESET: Error: socket hang up\n    at Socket.socketCloseListener (node:_http_client:485:27)\n    at Socket.emit (node:events:536:35)\n    at Socket.emit (node:domain:489:12)\n    at TCP.<anonymous> (node:net:350:12) {\n  code: 'ECONNRESET'\n}","service":"api-gateway","timestamp":"2025-05-28T07:57:55.626Z"}
{"level":"error","message":"[HPM] ECONNRESET: Error: socket hang up\n    at Socket.socketCloseListener (node:_http_client:485:27)\n    at Socket.emit (node:events:536:35)\n    at Socket.emit (node:domain:489:12)\n    at TCP.<anonymous> (node:net:350:12) {\n  code: 'ECONNRESET'\n}","service":"api-gateway","timestamp":"2025-05-28T07:59:18.534Z"}
{"level":"error","message":"[HPM] ECONNRESET: Error: socket hang up\n    at Socket.socketCloseListener (node:_http_client:485:27)\n    at Socket.emit (node:events:536:35)\n    at Socket.emit (node:domain:489:12)\n    at TCP.<anonymous> (node:net:350:12) {\n  code: 'ECONNRESET'\n}","service":"api-gateway","timestamp":"2025-05-28T08:09:23.088Z"}
{"level":"error","message":"[HPM] ECONNRESET: Error: socket hang up\n    at Socket.socketCloseListener (node:_http_client:485:27)\n    at Socket.emit (node:events:536:35)\n    at Socket.emit (node:domain:489:12)\n    at TCP.<anonymous> (node:net:350:12) {\n  code: 'ECONNRESET'\n}","service":"api-gateway","timestamp":"2025-05-28T08:15:28.527Z"}
{"error":{"address":"::1","code":"ECONNREFUSED","errno":-4078,"port":3001,"syscall":"connect"},"level":"error","message":"Proxy error to Auth Service: connect ECONNREFUSED ::1:3001","service":"api-gateway","timestamp":"2025-05-28T08:39:29.933Z"}
{"level":"error","message":"[HPM] Error occurred while proxying request localhost:5001/api/auth/login to http://localhost:3001/ [ECONNREFUSED] (https://nodejs.org/api/errors.html#errors_common_system_errors)","service":"api-gateway","timestamp":"2025-05-28T08:39:29.937Z"}
{"error":{"address":"::1","code":"ECONNREFUSED","errno":-4078,"port":3001,"syscall":"connect"},"level":"error","message":"Proxy error to Auth Service: connect ECONNREFUSED ::1:3001","service":"api-gateway","timestamp":"2025-05-28T08:44:21.300Z"}
{"level":"error","message":"[HPM] Error occurred while proxying request localhost:5001/api/auth/login to http://localhost:3001/ [ECONNREFUSED] (https://nodejs.org/api/errors.html#errors_common_system_errors)","service":"api-gateway","timestamp":"2025-05-28T08:44:21.316Z"}
{"error":{"address":"::1","code":"ECONNREFUSED","errno":-4078,"port":3001,"syscall":"connect"},"level":"error","message":"Proxy error to Auth Service: connect ECONNREFUSED ::1:3001","service":"api-gateway","timestamp":"2025-05-28T09:31:16.762Z"}
{"level":"error","message":"[HPM] Error occurred while proxying request localhost:5001/api/auth/login to http://localhost:3001/ [ECONNREFUSED] (https://nodejs.org/api/errors.html#errors_common_system_errors)","service":"api-gateway","timestamp":"2025-05-28T09:31:16.780Z"}
{"error":{"address":"::1","code":"ECONNREFUSED","errno":-4078,"port":3001,"syscall":"connect"},"level":"error","message":"Proxy error to Auth Service: connect ECONNREFUSED ::1:3001","service":"api-gateway","timestamp":"2025-05-28T09:31:57.124Z"}
{"level":"error","message":"[HPM] Error occurred while proxying request localhost:5001/api/auth/login to http://localhost:3001/ [ECONNREFUSED] (https://nodejs.org/api/errors.html#errors_common_system_errors)","service":"api-gateway","timestamp":"2025-05-28T09:31:57.130Z"}
{"error":{"address":"::1","code":"ECONNREFUSED","errno":-4078,"port":3001,"syscall":"connect"},"level":"error","message":"Proxy error to Auth Service: connect ECONNREFUSED ::1:3001","service":"api-gateway","timestamp":"2025-05-28T09:36:01.561Z"}
{"level":"error","message":"[HPM] Error occurred while proxying request localhost:5001/api/auth/login to http://localhost:3001/ [ECONNREFUSED] (https://nodejs.org/api/errors.html#errors_common_system_errors)","service":"api-gateway","timestamp":"2025-05-28T09:36:01.573Z"}
{"error":{"address":"::1","code":"ECONNREFUSED","errno":-4078,"port":3001,"syscall":"connect"},"level":"error","message":"Proxy error to Auth Service: connect ECONNREFUSED ::1:3001","service":"api-gateway","timestamp":"2025-05-28T09:36:35.951Z"}
{"level":"error","message":"[HPM] Error occurred while proxying request localhost:5001/api/auth/login to http://localhost:3001/ [ECONNREFUSED] (https://nodejs.org/api/errors.html#errors_common_system_errors)","service":"api-gateway","timestamp":"2025-05-28T09:36:35.955Z"}
{"error":{"address":"::1","code":"ECONNREFUSED","errno":-4078,"port":3001,"syscall":"connect"},"level":"error","message":"Proxy error to Auth Service: connect ECONNREFUSED ::1:3001","service":"api-gateway","timestamp":"2025-05-28T09:37:05.987Z"}
{"level":"error","message":"[HPM] Error occurred while proxying request localhost:5001/api/auth/login to http://localhost:3001/ [ECONNREFUSED] (https://nodejs.org/api/errors.html#errors_common_system_errors)","service":"api-gateway","timestamp":"2025-05-28T09:37:06.007Z"}
{"error":{"address":"::1","code":"ECONNREFUSED","errno":-4078,"port":3001,"syscall":"connect"},"level":"error","message":"Proxy error to Auth Service: connect ECONNREFUSED ::1:3001","service":"api-gateway","timestamp":"2025-05-28T11:21:37.294Z"}
{"level":"error","message":"[HPM] Error occurred while proxying request localhost:5001/api/auth/login to http://localhost:3001/ [ECONNREFUSED] (https://nodejs.org/api/errors.html#errors_common_system_errors)","service":"api-gateway","timestamp":"2025-05-28T11:21:37.313Z"}
{"error":{"address":"::1","code":"ECONNREFUSED","errno":-4078,"port":3001,"syscall":"connect"},"level":"error","message":"Proxy error to Auth Service: connect ECONNREFUSED ::1:3001","service":"api-gateway","timestamp":"2025-05-28T12:15:49.223Z"}
{"level":"error","message":"[HPM] Error occurred while proxying request localhost:5001/api/auth/register to http://localhost:3001/ [ECONNREFUSED] (https://nodejs.org/api/errors.html#errors_common_system_errors)","service":"api-gateway","timestamp":"2025-05-28T12:15:49.226Z"}
{"error":{"address":"::1","code":"ECONNREFUSED","errno":-4078,"port":3001,"syscall":"connect"},"level":"error","message":"Proxy error to Auth Service: connect ECONNREFUSED ::1:3001","service":"api-gateway","timestamp":"2025-05-28T12:36:12.755Z"}
{"level":"error","message":"[HPM] Error occurred while proxying request localhost:5001/api/auth/register to http://localhost:3001/ [ECONNREFUSED] (https://nodejs.org/api/errors.html#errors_common_system_errors)","service":"api-gateway","timestamp":"2025-05-28T12:36:12.795Z"}
{"error":{"address":"::1","code":"ECONNREFUSED","errno":-4078,"port":3001,"syscall":"connect"},"level":"error","message":"Proxy error to Auth Service: connect ECONNREFUSED ::1:3001","service":"api-gateway","timestamp":"2025-05-28T12:36:32.374Z"}
{"level":"error","message":"[HPM] Error occurred while proxying request localhost:5001/api/auth/register to http://localhost:3001/ [ECONNREFUSED] (https://nodejs.org/api/errors.html#errors_common_system_errors)","service":"api-gateway","timestamp":"2025-05-28T12:36:32.378Z"}
{"error":{"address":"::1","code":"ECONNREFUSED","errno":-4078,"port":3001,"syscall":"connect"},"level":"error","message":"Proxy error to Auth Service: connect ECONNREFUSED ::1:3001","service":"api-gateway","timestamp":"2025-05-28T12:40:00.196Z"}
{"level":"error","message":"[HPM] Error occurred while proxying request localhost:5001/api/auth/register to http://localhost:3001/ [ECONNREFUSED] (https://nodejs.org/api/errors.html#errors_common_system_errors)","service":"api-gateway","timestamp":"2025-05-28T12:40:00.219Z"}
{"error":{"address":"::1","code":"ECONNREFUSED","errno":-4078,"port":3001,"syscall":"connect"},"level":"error","message":"Proxy error to Auth Service: connect ECONNREFUSED ::1:3001","service":"api-gateway","timestamp":"2025-05-28T12:40:09.982Z"}
{"level":"error","message":"[HPM] Error occurred while proxying request localhost:5001/api/auth/register to http://localhost:3001/ [ECONNREFUSED] (https://nodejs.org/api/errors.html#errors_common_system_errors)","service":"api-gateway","timestamp":"2025-05-28T12:40:09.990Z"}
{"level":"error","message":"[HPM] ECONNRESET: Error: socket hang up\n    at Socket.socketCloseListener (node:_http_client:484:27)\n    at Socket.emit (node:events:531:35)\n    at Socket.emit (node:domain:488:12)\n    at TCP.<anonymous> (node:net:339:12) {\n  code: 'ECONNRESET'\n}","service":"api-gateway","timestamp":"2025-05-30T08:07:50.189Z"}
{"error":{"address":"::1","code":"ECONNREFUSED","errno":-4078,"port":3001,"syscall":"connect"},"level":"error","message":"Proxy error to Auth Service: connect ECONNREFUSED ::1:3001","service":"api-gateway","timestamp":"2025-05-30T10:22:13.022Z"}
{"level":"error","message":"[HPM] Error occurred while proxying request localhost:5001/api/auth/login to http://localhost:3001/ [ECONNREFUSED] (https://nodejs.org/api/errors.html#errors_common_system_errors)","service":"api-gateway","timestamp":"2025-05-30T10:22:13.097Z"}
{"error":{"address":"::1","code":"ECONNREFUSED","errno":-4078,"port":3001,"syscall":"connect"},"level":"error","message":"Proxy error to Auth Service: connect ECONNREFUSED ::1:3001","service":"api-gateway","timestamp":"2025-05-30T10:23:20.395Z"}
{"level":"error","message":"[HPM] Error occurred while proxying request localhost:5001/api/auth/login to http://localhost:3001/ [ECONNREFUSED] (https://nodejs.org/api/errors.html#errors_common_system_errors)","service":"api-gateway","timestamp":"2025-05-30T10:23:20.403Z"}
{"error":{"address":"::1","code":"ECONNREFUSED","errno":-4078,"port":3001,"syscall":"connect"},"level":"error","message":"Proxy error to Auth Service: connect ECONNREFUSED ::1:3001","service":"api-gateway","timestamp":"2025-05-30T10:30:21.726Z"}
{"level":"error","message":"[HPM] Error occurred while proxying request localhost:5001/api/auth/login to http://localhost:3001/ [ECONNREFUSED] (https://nodejs.org/api/errors.html#errors_common_system_errors)","service":"api-gateway","timestamp":"2025-05-30T10:30:21.740Z"}
{"error":{"address":"::1","code":"ECONNREFUSED","errno":-4078,"port":3001,"syscall":"connect"},"level":"error","message":"Proxy error to Auth Service: connect ECONNREFUSED ::1:3001","service":"api-gateway","timestamp":"2025-05-30T10:40:50.338Z"}
{"level":"error","message":"[HPM] Error occurred while proxying request localhost:5001/api/auth/login to http://localhost:3001/ [ECONNREFUSED] (https://nodejs.org/api/errors.html#errors_common_system_errors)","service":"api-gateway","timestamp":"2025-05-30T10:40:50.355Z"}
{"error":{"address":"::1","code":"ECONNREFUSED","errno":-4078,"port":3001,"syscall":"connect"},"level":"error","message":"Proxy error to Auth Service: connect ECONNREFUSED ::1:3001","service":"api-gateway","timestamp":"2025-05-31T17:57:16.565Z"}
{"level":"error","message":"[HPM] Error occurred while proxying request localhost:5001/api/auth/login to http://localhost:3001/ [ECONNREFUSED] (https://nodejs.org/api/errors.html#errors_common_system_errors)","service":"api-gateway","timestamp":"2025-05-31T17:57:16.571Z"}
