{"level":"info","message":"Database connections initialized successfully","service":"app","timestamp":"2025-05-14T09:13:01.000Z"}
{"level":"info","message":"SIGINT signal received: closing HTTP server","service":"app","timestamp":"2025-05-14T10:33:16.189Z"}
{"level":"info","message":"Database connections initialized successfully","service":"app","timestamp":"2025-05-14T10:33:42.681Z"}
{"level":"info","message":"SIGINT signal received: closing HTTP server","service":"app","timestamp":"2025-05-14T10:45:41.008Z"}
{"level":"info","message":"Database connections initialized successfully","service":"app","timestamp":"2025-05-14T10:45:56.169Z"}
{"level":"info","message":"SIGINT signal received: closing HTTP server","service":"app","timestamp":"2025-05-14T10:57:28.398Z"}
{"level":"info","message":"Database connections initialized successfully","service":"app","timestamp":"2025-05-14T10:59:03.062Z"}
{"level":"info","message":"SIGINT signal received: closing HTTP server","service":"app","timestamp":"2025-05-14T11:01:32.368Z"}
{"level":"info","message":"Database connections initialized successfully","service":"app","timestamp":"2025-05-14T11:01:44.772Z"}
{"level":"info","message":"SIGINT signal received: closing HTTP server","service":"app","timestamp":"2025-05-14T11:05:19.140Z"}
{"level":"info","message":"Database connections initialized successfully","service":"app","timestamp":"2025-05-14T11:05:31.625Z"}
{"level":"info","message":"Database connections initialized successfully","service":"app","timestamp":"2025-05-14T11:39:59.896Z"}
{"level":"info","message":"Database connections initialized successfully","service":"app","timestamp":"2025-05-14T11:40:33.173Z"}
{"level":"info","message":"SIGINT signal received: closing HTTP server","service":"app","timestamp":"2025-05-14T12:50:07.027Z"}
{"level":"info","message":"Database connections initialized successfully","service":"app","timestamp":"2025-05-14T12:50:24.844Z"}
{"level":"info","message":"Database connections initialized successfully","service":"app","timestamp":"2025-05-15T02:23:36.540Z"}
{"level":"info","message":"SIGINT signal received: closing HTTP server","service":"app","timestamp":"2025-05-15T02:25:05.664Z"}
{"level":"info","message":"Database connections closed gracefully","service":"app","timestamp":"2025-05-15T02:25:05.746Z"}
{"level":"info","message":"Database connections initialized successfully","service":"app","timestamp":"2025-05-15T02:25:35.884Z"}
{"level":"info","message":"SIGINT signal received: closing HTTP server","service":"app","timestamp":"2025-05-15T02:41:20.758Z"}
{"level":"info","message":"Database connections closed gracefully","service":"app","timestamp":"2025-05-15T02:41:20.888Z"}
{"level":"info","message":"Database connections initialized successfully","service":"app","timestamp":"2025-05-15T02:41:34.611Z"}
{"level":"info","message":"SIGINT signal received: closing HTTP server","service":"app","timestamp":"2025-05-15T04:17:17.068Z"}
{"level":"info","message":"Database connections closed gracefully","service":"app","timestamp":"2025-05-15T04:17:17.547Z"}
{"level":"info","message":"Database connections initialized successfully","service":"app","timestamp":"2025-05-15T04:17:33.417Z"}
{"level":"info","message":"Database connections initialized successfully","service":"app","timestamp":"2025-05-15T04:18:55.859Z"}
{"level":"info","message":"Database connections initialized successfully","service":"app","timestamp":"2025-05-15T04:44:38.475Z"}
{"level":"info","message":"SIGINT signal received: closing HTTP server","service":"app","timestamp":"2025-05-15T05:14:24.942Z"}
{"level":"info","message":"Database connections closed gracefully","service":"app","timestamp":"2025-05-15T05:14:25.448Z"}
{"level":"info","message":"Database connections initialized successfully","service":"app","timestamp":"2025-05-15T05:14:40.958Z"}
{"level":"info","message":"SIGINT signal received: closing HTTP server","service":"app","timestamp":"2025-05-15T05:34:38.616Z"}
{"level":"info","message":"Database connections closed gracefully","service":"app","timestamp":"2025-05-15T05:34:38.711Z"}
{"level":"info","message":"Database connections initialized successfully","service":"app","timestamp":"2025-05-15T05:34:50.807Z"}
{"level":"info","message":"SIGINT signal received: closing HTTP server","service":"app","timestamp":"2025-05-15T05:38:18.190Z"}
{"level":"info","message":"Database connections closed gracefully","service":"app","timestamp":"2025-05-15T05:38:18.218Z"}
{"level":"info","message":"Database connections initialized successfully","service":"app","timestamp":"2025-05-15T05:38:28.627Z"}
{"level":"info","message":"Database connections initialized successfully","service":"app","timestamp":"2025-05-15T05:49:05.692Z"}
{"level":"info","message":"Database connections initialized successfully","service":"app","timestamp":"2025-05-15T05:49:29.132Z"}
{"level":"info","message":"Database connections initialized successfully","service":"app","timestamp":"2025-05-15T05:51:50.401Z"}
{"level":"info","message":"Database connections initialized successfully","service":"app","timestamp":"2025-05-15T06:07:48.819Z"}
{"level":"info","message":"Database connections initialized successfully","service":"app","timestamp":"2025-05-15T07:35:23.871Z"}
{"level":"info","message":"SIGINT signal received: closing HTTP server","service":"app","timestamp":"2025-05-15T07:40:01.010Z"}
{"level":"info","message":"Database connections closed gracefully","service":"app","timestamp":"2025-05-15T07:40:01.110Z"}
{"level":"info","message":"Database connections initialized successfully","service":"app","timestamp":"2025-05-15T07:40:14.271Z"}
{"level":"info","message":"SIGINT signal received: closing HTTP server","service":"app","timestamp":"2025-05-15T07:45:30.928Z"}
{"level":"info","message":"Database connections closed gracefully","service":"app","timestamp":"2025-05-15T07:45:31.040Z"}
{"level":"info","message":"Using TypeScript route implementations","service":"app","timestamp":"2025-05-25T10:55:53.446Z"}
{"level":"info","message":"Using TypeScript route implementations","service":"app","timestamp":"2025-05-25T10:55:54.466Z"}
{"level":"info","message":"Using TypeScript route implementations","service":"app","timestamp":"2025-05-25T10:55:54.729Z"}
{"level":"info","message":"Using TypeScript route implementations","service":"app","timestamp":"2025-05-25T10:55:54.751Z"}
{"level":"info","message":"Using TypeScript route implementations","service":"app","timestamp":"2025-05-25T10:55:55.187Z"}
{"level":"info","message":"Using TypeScript route implementations","service":"app","timestamp":"2025-05-25T10:55:55.706Z"}
{"level":"info","message":"Using TypeScript route implementations","service":"app","timestamp":"2025-05-25T10:56:05.897Z"}
{"level":"info","message":"Database connections initialized successfully","service":"app","timestamp":"2025-05-25T10:56:08.979Z"}
{"level":"info","message":"Database connections initialized successfully","service":"app","timestamp":"2025-05-25T10:56:09.789Z"}
{"level":"info","message":"Database connections initialized successfully","service":"app","timestamp":"2025-05-25T10:56:10.304Z"}
{"level":"info","message":"Database connections initialized successfully","service":"app","timestamp":"2025-05-25T10:56:10.623Z"}
{"level":"info","message":"Database connections initialized successfully","service":"app","timestamp":"2025-05-25T10:56:10.910Z"}
{"level":"info","message":"Database connections initialized successfully","service":"app","timestamp":"2025-05-25T10:56:11.055Z"}
{"level":"info","message":"Database connections initialized successfully","service":"app","timestamp":"2025-05-25T10:56:13.305Z"}
{"level":"info","message":"Using TypeScript route implementations","service":"app","timestamp":"2025-05-25T10:57:35.948Z"}
{"level":"info","message":"Using TypeScript route implementations","service":"app","timestamp":"2025-05-25T10:57:38.026Z"}
{"level":"info","message":"Using TypeScript route implementations","service":"app","timestamp":"2025-05-25T10:57:38.422Z"}
{"level":"info","message":"Using TypeScript route implementations","service":"app","timestamp":"2025-05-25T10:57:39.621Z"}
{"level":"info","message":"Using TypeScript route implementations","service":"app","timestamp":"2025-05-25T10:57:41.004Z"}
{"level":"info","message":"Using TypeScript route implementations","service":"app","timestamp":"2025-05-25T10:57:40.878Z"}
{"level":"info","message":"Using TypeScript route implementations","service":"app","timestamp":"2025-05-25T10:57:47.468Z"}
{"level":"info","message":"Database connections initialized successfully","service":"app","timestamp":"2025-05-25T10:57:49.776Z"}
{"level":"info","message":"Database connections initialized successfully","service":"app","timestamp":"2025-05-25T10:57:52.487Z"}
{"level":"info","message":"Database connections initialized successfully","service":"app","timestamp":"2025-05-25T10:57:52.528Z"}
{"level":"info","message":"Database connections initialized successfully","service":"app","timestamp":"2025-05-25T10:57:52.940Z"}
{"level":"info","message":"Database connections initialized successfully","service":"app","timestamp":"2025-05-25T10:57:53.485Z"}
{"level":"info","message":"Database connections initialized successfully","service":"app","timestamp":"2025-05-25T10:57:53.953Z"}
{"level":"info","message":"Database connections initialized successfully","service":"app","timestamp":"2025-05-25T10:57:57.014Z"}
{"level":"info","message":"Using TypeScript route implementations","service":"app","timestamp":"2025-05-25T10:58:21.466Z"}
{"level":"info","message":"Database connections initialized successfully","service":"app","timestamp":"2025-05-25T10:58:26.292Z"}
{"level":"info","message":"Using TypeScript route implementations","service":"app","timestamp":"2025-05-25T11:02:15.212Z"}
{"level":"info","message":"Using TypeScript route implementations","service":"app","timestamp":"2025-05-25T11:02:17.077Z"}
{"level":"info","message":"Using TypeScript route implementations","service":"app","timestamp":"2025-05-25T11:02:16.924Z"}
{"level":"info","message":"Using TypeScript route implementations","service":"app","timestamp":"2025-05-25T11:02:19.640Z"}
{"level":"info","message":"Using TypeScript route implementations","service":"app","timestamp":"2025-05-25T11:02:19.922Z"}
{"level":"info","message":"Using TypeScript route implementations","service":"app","timestamp":"2025-05-25T11:02:20.338Z"}
{"level":"info","message":"Using TypeScript route implementations","service":"app","timestamp":"2025-05-25T11:02:22.838Z"}
{"level":"info","message":"Using TypeScript route implementations","service":"app","timestamp":"2025-05-25T11:04:12.827Z"}
{"level":"info","message":"Using TypeScript route implementations","service":"app","timestamp":"2025-05-25T11:04:13.077Z"}
{"level":"info","message":"Using TypeScript route implementations","service":"app","timestamp":"2025-05-25T11:04:12.958Z"}
{"level":"info","message":"Using TypeScript route implementations","service":"app","timestamp":"2025-05-25T11:04:13.555Z"}
{"level":"info","message":"Using TypeScript route implementations","service":"app","timestamp":"2025-05-25T11:04:13.368Z"}
{"level":"info","message":"Using TypeScript route implementations","service":"app","timestamp":"2025-05-25T11:04:15.073Z"}
{"level":"info","message":"Using TypeScript route implementations","service":"app","timestamp":"2025-05-25T11:04:14.932Z"}
{"level":"info","message":"Using TypeScript route implementations","service":"app","timestamp":"2025-05-25T11:04:19.033Z"}
{"level":"info","message":"Database connections initialized successfully","service":"app","timestamp":"2025-05-25T11:04:31.564Z"}
{"level":"info","message":"Database connections initialized successfully","service":"app","timestamp":"2025-05-25T11:04:32.466Z"}
{"level":"info","message":"Database connections initialized successfully","service":"app","timestamp":"2025-05-25T11:04:33.988Z"}
{"level":"info","message":"Database connections initialized successfully","service":"app","timestamp":"2025-05-25T11:04:34.315Z"}
{"level":"info","message":"Database connections initialized successfully","service":"app","timestamp":"2025-05-25T11:04:34.325Z"}
{"level":"info","message":"Database connections initialized successfully","service":"app","timestamp":"2025-05-25T11:04:34.543Z"}
{"level":"info","message":"Database connections initialized successfully","service":"app","timestamp":"2025-05-25T11:04:34.610Z"}
{"level":"info","message":"Database connections initialized successfully","service":"app","timestamp":"2025-05-25T11:04:35.442Z"}
{"level":"info","message":"Using TypeScript route implementations","service":"app","timestamp":"2025-05-25T11:05:08.856Z"}
{"level":"info","message":"Database connections initialized successfully","service":"app","timestamp":"2025-05-25T11:05:12.419Z"}
{"level":"info","message":"Using TypeScript route implementations","service":"app","timestamp":"2025-05-25T11:09:35.277Z"}
{"level":"info","message":"Using TypeScript route implementations","service":"app","timestamp":"2025-05-25T11:09:35.381Z"}
{"level":"info","message":"Using TypeScript route implementations","service":"app","timestamp":"2025-05-25T11:09:35.342Z"}
{"level":"info","message":"Using TypeScript route implementations","service":"app","timestamp":"2025-05-25T11:09:35.726Z"}
{"level":"info","message":"Using TypeScript route implementations","service":"app","timestamp":"2025-05-25T11:09:35.595Z"}
{"level":"info","message":"Using TypeScript route implementations","service":"app","timestamp":"2025-05-25T11:09:35.506Z"}
{"level":"info","message":"Using TypeScript route implementations","service":"app","timestamp":"2025-05-25T11:09:35.435Z"}
{"level":"info","message":"Using TypeScript route implementations","service":"app","timestamp":"2025-05-25T11:09:35.456Z"}
{"level":"info","message":"Using TypeScript route implementations","service":"app","timestamp":"2025-05-25T11:09:36.329Z"}
{"level":"info","message":"Database connections initialized successfully","service":"app","timestamp":"2025-05-25T11:09:43.525Z"}
{"level":"info","message":"Database connections initialized successfully","service":"app","timestamp":"2025-05-25T11:09:44.518Z"}
{"level":"info","message":"Database connections initialized successfully","service":"app","timestamp":"2025-05-25T11:09:52.423Z"}
{"level":"info","message":"Database connections initialized successfully","service":"app","timestamp":"2025-05-25T11:09:54.656Z"}
{"level":"info","message":"Database connections initialized successfully","service":"app","timestamp":"2025-05-25T11:09:58.464Z"}
{"level":"info","message":"Database connections initialized successfully","service":"app","timestamp":"2025-05-25T11:09:58.941Z"}
{"level":"info","message":"Database connections initialized successfully","service":"app","timestamp":"2025-05-25T11:10:02.406Z"}
{"level":"info","message":"Database connections initialized successfully","service":"app","timestamp":"2025-05-25T11:10:04.032Z"}
{"level":"info","message":"Database connections initialized successfully","service":"app","timestamp":"2025-05-25T11:10:04.225Z"}
{"level":"info","message":"Using TypeScript route implementations","service":"app","timestamp":"2025-05-25T11:12:57.088Z"}
{"level":"info","message":"Using TypeScript route implementations","service":"app","timestamp":"2025-05-25T11:12:59.845Z"}
{"level":"info","message":"Using TypeScript route implementations","service":"app","timestamp":"2025-05-25T11:13:02.119Z"}
{"level":"info","message":"Using TypeScript route implementations","service":"app","timestamp":"2025-05-25T11:13:04.147Z"}
{"level":"info","message":"Using TypeScript route implementations","service":"app","timestamp":"2025-05-25T11:13:05.231Z"}
{"level":"info","message":"Using TypeScript route implementations","service":"app","timestamp":"2025-05-25T11:13:08.848Z"}
{"level":"info","message":"Using TypeScript route implementations","service":"app","timestamp":"2025-05-25T11:13:15.364Z"}
{"level":"info","message":"Using TypeScript route implementations","service":"app","timestamp":"2025-05-25T11:13:22.936Z"}
{"level":"info","message":"Using TypeScript route implementations","service":"app","timestamp":"2025-05-25T11:13:22.559Z"}
{"level":"info","message":"Database connections initialized successfully","service":"app","timestamp":"2025-05-25T11:13:29.306Z"}
{"level":"info","message":"Database connections initialized successfully","service":"app","timestamp":"2025-05-25T11:13:36.310Z"}
{"level":"info","message":"Database connections initialized successfully","service":"app","timestamp":"2025-05-25T11:13:37.314Z"}
{"level":"info","message":"Database connections initialized successfully","service":"app","timestamp":"2025-05-25T11:13:39.473Z"}
{"level":"info","message":"Database connections initialized successfully","service":"app","timestamp":"2025-05-25T11:13:40.517Z"}
{"level":"info","message":"Database connections initialized successfully","service":"app","timestamp":"2025-05-25T11:13:40.899Z"}
{"level":"info","message":"Database connections initialized successfully","service":"app","timestamp":"2025-05-25T11:13:41.646Z"}
{"level":"info","message":"Database connections initialized successfully","service":"app","timestamp":"2025-05-25T11:13:42.931Z"}
{"level":"info","message":"Database connections initialized successfully","service":"app","timestamp":"2025-05-25T11:13:47.106Z"}
{"level":"info","message":"Using TypeScript route implementations","service":"app","timestamp":"2025-05-25T11:14:15.834Z"}
{"level":"info","message":"Database connections initialized successfully","service":"app","timestamp":"2025-05-25T11:14:19.063Z"}
{"level":"info","message":"Using TypeScript route implementations","service":"app","timestamp":"2025-05-25T11:19:38.659Z"}
{"level":"info","message":"Using TypeScript route implementations","service":"app","timestamp":"2025-05-25T11:19:39.214Z"}
{"level":"info","message":"Using TypeScript route implementations","service":"app","timestamp":"2025-05-25T11:19:50.612Z"}
{"level":"info","message":"Using TypeScript route implementations","service":"app","timestamp":"2025-05-25T11:19:53.651Z"}
{"level":"info","message":"Using TypeScript route implementations","service":"app","timestamp":"2025-05-25T11:19:53.774Z"}
{"level":"info","message":"Using TypeScript route implementations","service":"app","timestamp":"2025-05-25T11:19:58.065Z"}
{"level":"info","message":"Using TypeScript route implementations","service":"app","timestamp":"2025-05-25T11:19:58.673Z"}
{"level":"info","message":"Using TypeScript route implementations","service":"app","timestamp":"2025-05-25T11:19:58.488Z"}
{"level":"info","message":"Using TypeScript route implementations","service":"app","timestamp":"2025-05-25T11:20:04.370Z"}
{"level":"info","message":"Using TypeScript route implementations","service":"app","timestamp":"2025-05-25T11:20:10.941Z"}
{"level":"info","message":"Database connections initialized successfully","service":"app","timestamp":"2025-05-25T11:20:23.576Z"}
{"level":"info","message":"Database connections initialized successfully","service":"app","timestamp":"2025-05-25T11:20:29.285Z"}
{"level":"info","message":"Database connections initialized successfully","service":"app","timestamp":"2025-05-25T11:20:30.130Z"}
{"level":"info","message":"Database connections initialized successfully","service":"app","timestamp":"2025-05-25T11:20:30.493Z"}
{"level":"info","message":"Database connections initialized successfully","service":"app","timestamp":"2025-05-25T11:20:33.202Z"}
{"level":"info","message":"Database connections initialized successfully","service":"app","timestamp":"2025-05-25T11:20:36.361Z"}
{"level":"info","message":"Database connections initialized successfully","service":"app","timestamp":"2025-05-25T11:20:37.361Z"}
{"level":"info","message":"Database connections initialized successfully","service":"app","timestamp":"2025-05-25T11:20:37.416Z"}
{"level":"info","message":"Database connections initialized successfully","service":"app","timestamp":"2025-05-25T11:20:37.889Z"}
{"level":"info","message":"Database connections initialized successfully","service":"app","timestamp":"2025-05-25T11:20:39.577Z"}
{"level":"info","message":"Using TypeScript route implementations","service":"app","timestamp":"2025-05-25T11:21:17.764Z"}
{"level":"info","message":"Database connections initialized successfully","service":"app","timestamp":"2025-05-25T11:21:21.986Z"}
{"level":"info","message":"Using TypeScript route implementations","service":"app","timestamp":"2025-05-25T11:25:32.695Z"}
{"level":"info","message":"Using TypeScript route implementations","service":"app","timestamp":"2025-05-25T11:25:34.524Z"}
{"level":"info","message":"Using TypeScript route implementations","service":"app","timestamp":"2025-05-25T11:25:36.785Z"}
{"level":"info","message":"Using TypeScript route implementations","service":"app","timestamp":"2025-05-25T11:25:36.986Z"}
{"level":"info","message":"Using TypeScript route implementations","service":"app","timestamp":"2025-05-25T11:25:38.371Z"}
{"level":"info","message":"Using TypeScript route implementations","service":"app","timestamp":"2025-05-25T11:25:39.249Z"}
{"level":"info","message":"Using TypeScript route implementations","service":"app","timestamp":"2025-05-25T11:25:38.457Z"}
{"level":"info","message":"Using TypeScript route implementations","service":"app","timestamp":"2025-05-25T11:25:43.207Z"}
{"level":"info","message":"Using TypeScript route implementations","service":"app","timestamp":"2025-05-25T11:25:56.159Z"}
{"level":"info","message":"Using TypeScript route implementations","service":"app","timestamp":"2025-05-25T11:25:59.425Z"}
{"level":"info","message":"Database connections initialized successfully","service":"app","timestamp":"2025-05-25T11:26:10.307Z"}
{"level":"info","message":"Database connections initialized successfully","service":"app","timestamp":"2025-05-25T11:26:10.378Z"}
{"level":"info","message":"Database connections initialized successfully","service":"app","timestamp":"2025-05-25T11:26:11.230Z"}
{"level":"info","message":"Database connections initialized successfully","service":"app","timestamp":"2025-05-25T11:26:15.572Z"}
{"level":"info","message":"Database connections initialized successfully","service":"app","timestamp":"2025-05-25T11:26:16.842Z"}
{"level":"info","message":"Database connections initialized successfully","service":"app","timestamp":"2025-05-25T11:26:18.510Z"}
{"level":"info","message":"Database connections initialized successfully","service":"app","timestamp":"2025-05-25T11:26:21.463Z"}
{"level":"info","message":"Database connections initialized successfully","service":"app","timestamp":"2025-05-25T11:26:22.733Z"}
{"level":"info","message":"Database connections initialized successfully","service":"app","timestamp":"2025-05-25T11:26:24.373Z"}
{"level":"info","message":"Database connections initialized successfully","service":"app","timestamp":"2025-05-25T11:26:24.821Z"}
{"level":"info","message":"Using TypeScript route implementations","service":"app","timestamp":"2025-05-25T11:26:46.096Z"}
{"level":"info","message":"Database connections initialized successfully","service":"app","timestamp":"2025-05-25T11:26:50.731Z"}
{"level":"info","message":"Using TypeScript route implementations","service":"app","timestamp":"2025-05-25T11:32:02.964Z"}
{"level":"info","message":"Using TypeScript route implementations","service":"app","timestamp":"2025-05-25T11:32:02.884Z"}
{"level":"info","message":"Using TypeScript route implementations","service":"app","timestamp":"2025-05-25T11:32:03.287Z"}
{"level":"info","message":"Using TypeScript route implementations","service":"app","timestamp":"2025-05-25T11:32:03.674Z"}
{"level":"info","message":"Using TypeScript route implementations","service":"app","timestamp":"2025-05-25T11:32:03.168Z"}
{"level":"info","message":"Using TypeScript route implementations","service":"app","timestamp":"2025-05-25T11:32:04.459Z"}
{"level":"info","message":"Using TypeScript route implementations","service":"app","timestamp":"2025-05-25T11:32:05.065Z"}
{"level":"info","message":"Using TypeScript route implementations","service":"app","timestamp":"2025-05-25T11:32:05.734Z"}
{"level":"info","message":"Using TypeScript route implementations","service":"app","timestamp":"2025-05-25T11:32:05.766Z"}
{"level":"info","message":"Using TypeScript route implementations","service":"app","timestamp":"2025-05-25T11:32:09.879Z"}
{"level":"info","message":"Database connections initialized successfully","service":"app","timestamp":"2025-05-25T11:32:16.402Z"}
{"level":"info","message":"Database connections initialized successfully","service":"app","timestamp":"2025-05-25T11:32:16.613Z"}
{"level":"info","message":"Database connections initialized successfully","service":"app","timestamp":"2025-05-25T11:32:16.769Z"}
{"level":"info","message":"Database connections initialized successfully","service":"app","timestamp":"2025-05-25T11:32:16.862Z"}
{"level":"info","message":"Database connections initialized successfully","service":"app","timestamp":"2025-05-25T11:32:17.260Z"}
{"level":"info","message":"Database connections initialized successfully","service":"app","timestamp":"2025-05-25T11:32:17.389Z"}
{"level":"info","message":"Database connections initialized successfully","service":"app","timestamp":"2025-05-25T11:32:17.749Z"}
{"level":"info","message":"Database connections initialized successfully","service":"app","timestamp":"2025-05-25T11:32:18.248Z"}
{"level":"info","message":"Using TypeScript route implementations","service":"app","timestamp":"2025-05-25T11:32:17.697Z"}
{"level":"info","message":"Database connections initialized successfully","service":"app","timestamp":"2025-05-25T11:32:21.744Z"}
{"level":"info","message":"Database connections initialized successfully","service":"app","timestamp":"2025-05-25T11:32:22.101Z"}
{"level":"info","message":"Database connections initialized successfully","service":"app","timestamp":"2025-05-25T11:32:42.410Z"}
{"level":"info","message":"Using TypeScript route implementations","service":"app","timestamp":"2025-05-25T11:33:40.929Z"}
{"level":"info","message":"Database connections initialized successfully","service":"app","timestamp":"2025-05-25T11:33:49.891Z"}
{"level":"info","message":"Using TypeScript route implementations","service":"app","timestamp":"2025-05-25T11:36:42.517Z"}
{"level":"info","message":"Using TypeScript route implementations","service":"app","timestamp":"2025-05-25T11:36:43.635Z"}
{"level":"info","message":"Using TypeScript route implementations","service":"app","timestamp":"2025-05-25T11:36:43.745Z"}
{"level":"info","message":"Using TypeScript route implementations","service":"app","timestamp":"2025-05-25T11:36:46.107Z"}
{"level":"info","message":"Using TypeScript route implementations","service":"app","timestamp":"2025-05-25T11:36:50.689Z"}
{"level":"info","message":"Using TypeScript route implementations","service":"app","timestamp":"2025-05-25T11:36:55.109Z"}
{"level":"info","message":"Using TypeScript route implementations","service":"app","timestamp":"2025-05-25T11:36:56.512Z"}
{"level":"info","message":"Using TypeScript route implementations","service":"app","timestamp":"2025-05-25T11:36:57.835Z"}
{"level":"info","message":"Using TypeScript route implementations","service":"app","timestamp":"2025-05-25T11:36:58.731Z"}
{"level":"info","message":"Using TypeScript route implementations","service":"app","timestamp":"2025-05-25T11:36:58.333Z"}
{"level":"info","message":"Using TypeScript route implementations","service":"app","timestamp":"2025-05-25T11:37:04.331Z"}
{"level":"info","message":"Using TypeScript route implementations","service":"app","timestamp":"2025-05-25T11:37:08.621Z"}
{"level":"info","message":"Database connections initialized successfully","service":"app","timestamp":"2025-05-25T11:37:17.837Z"}
{"level":"info","message":"Database connections initialized successfully","service":"app","timestamp":"2025-05-25T11:37:22.750Z"}
{"level":"info","message":"Database connections initialized successfully","service":"app","timestamp":"2025-05-25T11:37:22.932Z"}
{"level":"info","message":"Database connections initialized successfully","service":"app","timestamp":"2025-05-25T11:37:22.982Z"}
{"level":"info","message":"Database connections initialized successfully","service":"app","timestamp":"2025-05-25T11:37:25.711Z"}
{"level":"info","message":"Database connections initialized successfully","service":"app","timestamp":"2025-05-25T11:37:25.874Z"}
{"level":"info","message":"Database connections initialized successfully","service":"app","timestamp":"2025-05-25T11:37:27.225Z"}
{"level":"info","message":"Database connections initialized successfully","service":"app","timestamp":"2025-05-25T11:37:29.982Z"}
{"level":"info","message":"Database connections initialized successfully","service":"app","timestamp":"2025-05-25T11:37:30.315Z"}
{"level":"info","message":"Database connections initialized successfully","service":"app","timestamp":"2025-05-25T11:37:30.845Z"}
{"level":"info","message":"Database connections initialized successfully","service":"app","timestamp":"2025-05-25T11:37:31.643Z"}
{"level":"info","message":"Database connections initialized successfully","service":"app","timestamp":"2025-05-25T11:37:31.837Z"}
{"level":"info","message":"Using TypeScript route implementations","service":"app","timestamp":"2025-05-25T12:13:15.611Z"}
{"level":"info","message":"Database connections initialized successfully","service":"app","timestamp":"2025-05-25T12:13:17.323Z"}
{"level":"info","message":"SIGINT signal received: closing HTTP server","service":"app","timestamp":"2025-05-25T12:15:57.558Z"}
{"level":"info","message":"Using TypeScript route implementations","service":"app","timestamp":"2025-05-25T12:16:15.873Z"}
{"level":"info","message":"Database connections initialized successfully","service":"app","timestamp":"2025-05-25T12:16:17.736Z"}
{"level":"info","message":"Using TypeScript route implementations","service":"app","timestamp":"2025-05-25T12:19:34.920Z"}
{"level":"info","message":"Database connections initialized successfully","service":"app","timestamp":"2025-05-25T12:19:36.805Z"}
{"level":"info","message":"Using TypeScript route implementations","service":"app","timestamp":"2025-05-25T12:20:29.244Z"}
{"level":"info","message":"Database connections initialized successfully","service":"app","timestamp":"2025-05-25T12:20:32.173Z"}
{"level":"info","message":"Using TypeScript route implementations","service":"app","timestamp":"2025-05-25T12:20:52.534Z"}
{"level":"info","message":"Database connections initialized successfully","service":"app","timestamp":"2025-05-25T12:20:54.210Z"}
{"level":"info","message":"Using TypeScript route implementations","service":"app","timestamp":"2025-05-25T12:21:34.380Z"}
{"level":"info","message":"Using TypeScript route implementations","service":"app","timestamp":"2025-05-25T12:21:34.935Z"}
{"level":"info","message":"Database connections initialized successfully","service":"app","timestamp":"2025-05-25T12:21:37.283Z"}
{"level":"info","message":"Database connections initialized successfully","service":"app","timestamp":"2025-05-25T12:21:37.932Z"}
{"level":"info","message":"Using TypeScript route implementations","service":"app","timestamp":"2025-05-25T12:21:53.512Z"}
{"level":"info","message":"Database connections initialized successfully","service":"app","timestamp":"2025-05-25T12:21:55.160Z"}
{"level":"info","message":"Using TypeScript route implementations","service":"app","timestamp":"2025-05-25T12:25:02.815Z"}
{"level":"info","message":"Using TypeScript route implementations","service":"app","timestamp":"2025-05-25T12:25:03.615Z"}
{"level":"info","message":"Using TypeScript route implementations","service":"app","timestamp":"2025-05-25T12:25:03.772Z"}
{"level":"info","message":"Using TypeScript route implementations","service":"app","timestamp":"2025-05-25T12:25:05.276Z"}
{"level":"info","message":"Database connections initialized successfully","service":"app","timestamp":"2025-05-25T12:25:09.271Z"}
{"level":"info","message":"Database connections initialized successfully","service":"app","timestamp":"2025-05-25T12:25:09.557Z"}
{"level":"info","message":"Database connections initialized successfully","service":"app","timestamp":"2025-05-25T12:25:09.945Z"}
{"level":"info","message":"Database connections initialized successfully","service":"app","timestamp":"2025-05-25T12:25:10.889Z"}
{"level":"info","message":"Using TypeScript route implementations","service":"app","timestamp":"2025-05-25T12:25:29.634Z"}
{"level":"info","message":"Database connections initialized successfully","service":"app","timestamp":"2025-05-25T12:25:32.251Z"}
{"level":"info","message":"Using TypeScript route implementations","service":"app","timestamp":"2025-05-25T12:26:42.457Z"}
{"level":"info","message":"Using TypeScript route implementations","service":"app","timestamp":"2025-05-25T12:26:44.178Z"}
{"level":"info","message":"Using TypeScript route implementations","service":"app","timestamp":"2025-05-25T12:26:44.210Z"}
{"level":"info","message":"Using TypeScript route implementations","service":"app","timestamp":"2025-05-25T12:26:45.265Z"}
{"level":"info","message":"Database connections initialized successfully","service":"app","timestamp":"2025-05-25T12:26:50.887Z"}
{"level":"info","message":"Database connections initialized successfully","service":"app","timestamp":"2025-05-25T12:26:51.819Z"}
{"level":"info","message":"Database connections initialized successfully","service":"app","timestamp":"2025-05-25T12:26:52.839Z"}
{"level":"info","message":"Database connections initialized successfully","service":"app","timestamp":"2025-05-25T12:26:53.238Z"}
{"level":"info","message":"Using TypeScript route implementations","service":"app","timestamp":"2025-05-25T12:26:55.143Z"}
{"level":"info","message":"Database connections initialized successfully","service":"app","timestamp":"2025-05-25T12:27:00.675Z"}
{"level":"info","message":"Using TypeScript route implementations","service":"app","timestamp":"2025-05-25T12:27:13.863Z"}
{"level":"info","message":"Database connections initialized successfully","service":"app","timestamp":"2025-05-25T12:27:16.155Z"}
{"level":"info","message":"Using TypeScript route implementations","service":"app","timestamp":"2025-05-25T12:29:19.670Z"}
{"level":"info","message":"Using TypeScript route implementations","service":"app","timestamp":"2025-05-25T12:29:19.775Z"}
{"level":"info","message":"Using TypeScript route implementations","service":"app","timestamp":"2025-05-25T12:29:20.922Z"}
{"level":"info","message":"Using TypeScript route implementations","service":"app","timestamp":"2025-05-25T12:29:21.198Z"}
{"level":"info","message":"Using TypeScript route implementations","service":"app","timestamp":"2025-05-25T12:29:21.424Z"}
{"level":"info","message":"Using TypeScript route implementations","service":"app","timestamp":"2025-05-25T12:29:28.533Z"}
{"level":"info","message":"Database connections initialized successfully","service":"app","timestamp":"2025-05-25T12:29:36.325Z"}
{"level":"info","message":"Database connections initialized successfully","service":"app","timestamp":"2025-05-25T12:29:36.475Z"}
{"level":"info","message":"Database connections initialized successfully","service":"app","timestamp":"2025-05-25T12:29:36.631Z"}
{"level":"info","message":"Database connections initialized successfully","service":"app","timestamp":"2025-05-25T12:29:36.982Z"}
{"level":"info","message":"Database connections initialized successfully","service":"app","timestamp":"2025-05-25T12:29:37.220Z"}
{"level":"info","message":"Database connections initialized successfully","service":"app","timestamp":"2025-05-25T12:29:39.171Z"}
{"level":"info","message":"Using TypeScript route implementations","service":"app","timestamp":"2025-05-25T12:31:04.651Z"}
{"level":"info","message":"Using TypeScript route implementations","service":"app","timestamp":"2025-05-25T12:31:04.284Z"}
{"level":"info","message":"Using TypeScript route implementations","service":"app","timestamp":"2025-05-25T12:31:05.406Z"}
{"level":"info","message":"Using TypeScript route implementations","service":"app","timestamp":"2025-05-25T12:31:07.574Z"}
{"level":"info","message":"Using TypeScript route implementations","service":"app","timestamp":"2025-05-25T12:31:08.822Z"}
{"level":"info","message":"Using TypeScript route implementations","service":"app","timestamp":"2025-05-25T12:31:09.648Z"}
{"level":"info","message":"Database connections initialized successfully","service":"app","timestamp":"2025-05-25T12:31:15.372Z"}
{"level":"info","message":"Database connections initialized successfully","service":"app","timestamp":"2025-05-25T12:31:16.127Z"}
{"level":"info","message":"Database connections initialized successfully","service":"app","timestamp":"2025-05-25T12:31:17.145Z"}
{"level":"info","message":"Database connections initialized successfully","service":"app","timestamp":"2025-05-25T12:31:18.148Z"}
{"level":"info","message":"Database connections initialized successfully","service":"app","timestamp":"2025-05-25T12:31:18.583Z"}
{"level":"info","message":"Database connections initialized successfully","service":"app","timestamp":"2025-05-25T12:31:19.193Z"}
{"level":"info","message":"Using TypeScript route implementations","service":"app","timestamp":"2025-05-25T12:32:17.036Z"}
{"level":"info","message":"Database connections initialized successfully","service":"app","timestamp":"2025-05-25T12:32:20.366Z"}
{"level":"info","message":"Using TypeScript route implementations","service":"app","timestamp":"2025-05-25T12:34:22.822Z"}
{"level":"info","message":"Using TypeScript route implementations","service":"app","timestamp":"2025-05-25T12:34:23.492Z"}
{"level":"info","message":"Using TypeScript route implementations","service":"app","timestamp":"2025-05-25T12:34:24.060Z"}
{"level":"info","message":"Using TypeScript route implementations","service":"app","timestamp":"2025-05-25T12:34:28.410Z"}
{"level":"info","message":"Using TypeScript route implementations","service":"app","timestamp":"2025-05-25T12:34:29.194Z"}
{"level":"info","message":"Using TypeScript route implementations","service":"app","timestamp":"2025-05-25T12:34:28.376Z"}
{"level":"info","message":"Using TypeScript route implementations","service":"app","timestamp":"2025-05-25T12:34:29.421Z"}
{"level":"info","message":"Database connections initialized successfully","service":"app","timestamp":"2025-05-25T12:34:36.028Z"}
{"level":"info","message":"Database connections initialized successfully","service":"app","timestamp":"2025-05-25T12:34:42.375Z"}
{"level":"info","message":"Database connections initialized successfully","service":"app","timestamp":"2025-05-25T12:34:43.493Z"}
{"level":"info","message":"Database connections initialized successfully","service":"app","timestamp":"2025-05-25T12:34:43.769Z"}
{"level":"info","message":"Database connections initialized successfully","service":"app","timestamp":"2025-05-25T12:34:47.470Z"}
{"level":"info","message":"Database connections initialized successfully","service":"app","timestamp":"2025-05-25T12:34:47.574Z"}
{"level":"info","message":"Database connections initialized successfully","service":"app","timestamp":"2025-05-25T12:34:48.325Z"}
{"level":"info","message":"Using TypeScript route implementations","service":"app","timestamp":"2025-05-25T12:35:09.684Z"}
{"level":"info","message":"Database connections initialized successfully","service":"app","timestamp":"2025-05-25T12:35:13.357Z"}
{"level":"info","message":"Using TypeScript route implementations","service":"app","timestamp":"2025-05-25T12:38:28.360Z"}
{"level":"info","message":"Using TypeScript route implementations","service":"app","timestamp":"2025-05-25T12:38:28.592Z"}
{"level":"info","message":"Using TypeScript route implementations","service":"app","timestamp":"2025-05-25T12:38:28.460Z"}
{"level":"info","message":"Using TypeScript route implementations","service":"app","timestamp":"2025-05-25T12:38:28.417Z"}
{"level":"info","message":"Using TypeScript route implementations","service":"app","timestamp":"2025-05-25T12:38:28.755Z"}
{"level":"info","message":"Using TypeScript route implementations","service":"app","timestamp":"2025-05-25T12:38:29.405Z"}
{"level":"info","message":"Using TypeScript route implementations","service":"app","timestamp":"2025-05-25T12:38:29.551Z"}
{"level":"info","message":"Using TypeScript route implementations","service":"app","timestamp":"2025-05-25T12:38:38.258Z"}
{"level":"info","message":"Database connections initialized successfully","service":"app","timestamp":"2025-05-25T12:38:50.480Z"}
{"level":"info","message":"Database connections initialized successfully","service":"app","timestamp":"2025-05-25T12:38:50.888Z"}
{"level":"info","message":"Database connections initialized successfully","service":"app","timestamp":"2025-05-25T12:38:56.617Z"}
{"level":"info","message":"Database connections initialized successfully","service":"app","timestamp":"2025-05-25T12:39:02.050Z"}
{"level":"info","message":"Database connections initialized successfully","service":"app","timestamp":"2025-05-25T12:39:03.011Z"}
{"level":"info","message":"Database connections initialized successfully","service":"app","timestamp":"2025-05-25T12:39:03.973Z"}
{"level":"info","message":"Database connections initialized successfully","service":"app","timestamp":"2025-05-25T12:39:06.833Z"}
{"level":"info","message":"Database connections initialized successfully","service":"app","timestamp":"2025-05-25T12:39:17.020Z"}
{"level":"info","message":"Using TypeScript route implementations","service":"app","timestamp":"2025-05-25T12:39:46.086Z"}
{"level":"info","message":"Database connections initialized successfully","service":"app","timestamp":"2025-05-25T12:39:56.575Z"}
{"level":"info","message":"Using TypeScript route implementations","service":"app","timestamp":"2025-05-25T12:42:44.990Z"}
{"level":"info","message":"Using TypeScript route implementations","service":"app","timestamp":"2025-05-25T12:42:45.122Z"}
{"level":"info","message":"Using TypeScript route implementations","service":"app","timestamp":"2025-05-25T12:42:46.104Z"}
{"level":"info","message":"Using TypeScript route implementations","service":"app","timestamp":"2025-05-25T12:42:49.597Z"}
{"level":"info","message":"Using TypeScript route implementations","service":"app","timestamp":"2025-05-25T12:42:49.619Z"}
{"level":"info","message":"Using TypeScript route implementations","service":"app","timestamp":"2025-05-25T12:42:50.476Z"}
{"level":"info","message":"Using TypeScript route implementations","service":"app","timestamp":"2025-05-25T12:42:51.243Z"}
{"level":"info","message":"Using TypeScript route implementations","service":"app","timestamp":"2025-05-25T12:42:53.619Z"}
{"level":"info","message":"Using TypeScript route implementations","service":"app","timestamp":"2025-05-25T12:43:03.133Z"}
{"level":"info","message":"Database connections initialized successfully","service":"app","timestamp":"2025-05-25T12:43:07.622Z"}
{"level":"info","message":"Database connections initialized successfully","service":"app","timestamp":"2025-05-25T12:43:07.866Z"}
{"level":"info","message":"Database connections initialized successfully","service":"app","timestamp":"2025-05-25T12:43:08.396Z"}
{"level":"info","message":"Database connections initialized successfully","service":"app","timestamp":"2025-05-25T12:43:08.615Z"}
{"level":"info","message":"Database connections initialized successfully","service":"app","timestamp":"2025-05-25T12:43:13.030Z"}
{"level":"info","message":"Database connections initialized successfully","service":"app","timestamp":"2025-05-25T12:43:13.555Z"}
{"level":"info","message":"Database connections initialized successfully","service":"app","timestamp":"2025-05-25T12:43:14.399Z"}
{"level":"info","message":"Database connections initialized successfully","service":"app","timestamp":"2025-05-25T12:43:14.721Z"}
{"level":"info","message":"Database connections initialized successfully","service":"app","timestamp":"2025-05-25T12:43:16.559Z"}
{"level":"info","message":"SIGINT signal received: closing HTTP server","service":"app","timestamp":"2025-05-25T12:43:22.361Z"}
{"level":"info","message":"Database connections closed gracefully","service":"app","timestamp":"2025-05-25T12:43:22.457Z"}
{"level":"info","message":"Using TypeScript route implementations","service":"app","timestamp":"2025-05-25T14:14:18.523Z"}
{"level":"info","message":"Database connections initialized successfully","service":"app","timestamp":"2025-05-25T14:14:21.423Z"}
{"level":"info","message":"SIGINT signal received: closing HTTP server","service":"app","timestamp":"2025-05-25T14:16:06.490Z"}
{"level":"info","message":"Using TypeScript route implementations","service":"app","timestamp":"2025-05-25T14:16:28.895Z"}
{"level":"info","message":"Database connections initialized successfully","service":"app","timestamp":"2025-05-25T14:16:31.301Z"}
{"level":"info","message":"SIGINT signal received: closing HTTP server","service":"app","timestamp":"2025-05-25T14:18:58.785Z"}
{"level":"info","message":"Using TypeScript route implementations","service":"app","timestamp":"2025-05-26T05:02:42.333Z"}
{"level":"info","message":"Database connections initialized successfully","service":"app","timestamp":"2025-05-26T05:02:50.197Z"}
{"level":"info","message":"SIGINT signal received: closing HTTP server","service":"app","timestamp":"2025-05-26T05:04:26.355Z"}
{"level":"info","message":"Using TypeScript route implementations","service":"app","timestamp":"2025-05-28T04:39:23.207Z"}
{"level":"info","message":"Database connections initialized successfully","service":"app","timestamp":"2025-05-28T04:39:26.306Z"}
{"level":"info","message":"SIGINT signal received: closing HTTP server","service":"app","timestamp":"2025-05-28T05:15:20.434Z"}
{"level":"info","message":"Using TypeScript route implementations","service":"app","timestamp":"2025-05-28T11:31:45.937Z"}
{"level":"info","message":"Database connections initialized successfully","service":"app","timestamp":"2025-05-28T11:31:48.783Z"}
{"level":"info","message":"Using TypeScript route implementations","service":"app","timestamp":"2025-05-28T12:08:20.645Z"}
{"level":"info","message":"Database connections initialized successfully","service":"app","timestamp":"2025-05-28T12:08:24.013Z"}
{"level":"info","message":"SIGINT signal received: closing HTTP server","service":"app","timestamp":"2025-05-28T12:13:30.975Z"}
{"level":"info","message":"Using TypeScript route implementations","service":"app","timestamp":"2025-05-30T06:33:14.963Z"}
{"level":"info","message":"Database connections initialized successfully","service":"app","timestamp":"2025-05-30T06:33:15.494Z"}
{"level":"info","message":"SIGINT signal received: closing HTTP server","service":"app","timestamp":"2025-05-30T06:36:51.685Z"}
{"level":"info","message":"Database connections closed gracefully","service":"app","timestamp":"2025-05-30T06:36:51.785Z"}
{"level":"info","message":"Using TypeScript route implementations","service":"app","timestamp":"2025-05-30T06:55:29.990Z"}
{"level":"info","message":"Database connections initialized successfully","service":"app","timestamp":"2025-05-30T06:55:30.628Z"}
{"level":"info","message":"Using TypeScript route implementations","service":"app","timestamp":"2025-05-30T06:56:05.577Z"}
{"level":"info","message":"Database connections initialized successfully","service":"app","timestamp":"2025-05-30T06:56:06.289Z"}
{"level":"info","message":"SIGINT signal received: closing HTTP server","service":"app","timestamp":"2025-05-30T06:57:02.610Z"}
{"level":"info","message":"Database connections closed gracefully","service":"app","timestamp":"2025-05-30T06:57:02.747Z"}
{"level":"info","message":"Using TypeScript route implementations","service":"app","timestamp":"2025-05-30T06:58:58.919Z"}
{"level":"info","message":"Database connections initialized successfully","service":"app","timestamp":"2025-05-30T06:58:59.289Z"}
{"level":"info","message":"Using TypeScript route implementations","service":"app","timestamp":"2025-05-30T06:59:36.943Z"}
{"level":"info","message":"Database connections initialized successfully","service":"app","timestamp":"2025-05-30T06:59:37.329Z"}
{"level":"info","message":"Using TypeScript route implementations","service":"app","timestamp":"2025-05-30T07:02:20.379Z"}
{"level":"info","message":"Database connections initialized successfully","service":"app","timestamp":"2025-05-30T07:02:20.722Z"}
{"level":"info","message":"SIGINT signal received: closing HTTP server","service":"app","timestamp":"2025-05-30T07:04:20.451Z"}
{"level":"info","message":"Database connections closed gracefully","service":"app","timestamp":"2025-05-30T07:04:20.560Z"}
{"level":"info","message":"Using TypeScript route implementations","service":"app","timestamp":"2025-05-30T07:04:34.772Z"}
{"level":"info","message":"Database connections initialized successfully","service":"app","timestamp":"2025-05-30T07:04:35.119Z"}
{"level":"info","message":"Using TypeScript route implementations","service":"app","timestamp":"2025-05-30T07:12:02.777Z"}
{"level":"info","message":"Database connections initialized successfully","service":"app","timestamp":"2025-05-30T07:12:03.516Z"}
{"level":"info","message":"Using TypeScript route implementations","service":"app","timestamp":"2025-05-30T07:13:35.770Z"}
{"level":"info","message":"Database connections initialized successfully","service":"app","timestamp":"2025-05-30T07:13:36.283Z"}
{"level":"info","message":"Using TypeScript route implementations","service":"app","timestamp":"2025-05-30T07:21:09.022Z"}
{"level":"info","message":"Database connections initialized successfully","service":"app","timestamp":"2025-05-30T07:21:12.464Z"}
{"level":"info","message":"Using TypeScript route implementations","service":"app","timestamp":"2025-05-30T07:22:20.717Z"}
{"level":"info","message":"Database connections initialized successfully","service":"app","timestamp":"2025-05-30T07:22:23.325Z"}
{"level":"info","message":"Using TypeScript route implementations","service":"app","timestamp":"2025-05-30T07:28:51.138Z"}
{"level":"info","message":"Database connections initialized successfully","service":"app","timestamp":"2025-05-30T07:28:55.052Z"}
{"level":"info","message":"Using TypeScript route implementations","service":"app","timestamp":"2025-05-30T07:41:17.678Z"}
{"level":"info","message":"Database connections initialized successfully","service":"app","timestamp":"2025-05-30T07:41:21.200Z"}
{"level":"info","message":"Using TypeScript route implementations","service":"app","timestamp":"2025-05-30T07:41:44.446Z"}
{"level":"info","message":"Database connections initialized successfully","service":"app","timestamp":"2025-05-30T07:41:47.730Z"}
{"level":"info","message":"Using TypeScript route implementations","service":"app","timestamp":"2025-05-30T07:42:10.661Z"}
{"level":"info","message":"Database connections initialized successfully","service":"app","timestamp":"2025-05-30T07:42:12.938Z"}
{"level":"info","message":"Using TypeScript route implementations","service":"app","timestamp":"2025-05-30T07:45:09.856Z"}
{"level":"info","message":"Database connections initialized successfully","service":"app","timestamp":"2025-05-30T07:45:13.668Z"}
{"level":"info","message":"Using TypeScript route implementations","service":"app","timestamp":"2025-05-30T07:55:10.942Z"}
{"level":"info","message":"Database connections initialized successfully","service":"app","timestamp":"2025-05-30T07:55:16.933Z"}
{"level":"info","message":"Using TypeScript route implementations","service":"app","timestamp":"2025-05-30T08:04:02.571Z"}
{"level":"info","message":"Database connections initialized successfully","service":"app","timestamp":"2025-05-30T08:04:06.465Z"}
{"level":"info","message":"Using TypeScript route implementations","service":"app","timestamp":"2025-05-30T08:05:30.904Z"}
{"level":"info","message":"Database connections initialized successfully","service":"app","timestamp":"2025-05-30T08:05:33.381Z"}
{"level":"info","message":"Using TypeScript route implementations","service":"app","timestamp":"2025-05-30T08:06:32.389Z"}
{"level":"info","message":"Database connections initialized successfully","service":"app","timestamp":"2025-05-30T08:06:35.736Z"}
{"level":"info","message":"Using TypeScript route implementations","service":"app","timestamp":"2025-05-30T08:13:15.589Z"}
{"level":"info","message":"Database connections initialized successfully","service":"app","timestamp":"2025-05-30T08:13:19.277Z"}
{"level":"info","message":"Using TypeScript route implementations","service":"app","timestamp":"2025-05-30T08:17:30.902Z"}
{"level":"info","message":"Database connections initialized successfully","service":"app","timestamp":"2025-05-30T08:17:35.868Z"}
{"level":"info","message":"Using TypeScript route implementations","service":"app","timestamp":"2025-05-30T08:21:54.767Z"}
{"level":"info","message":"Database connections initialized successfully","service":"app","timestamp":"2025-05-30T08:21:58.169Z"}
{"level":"info","message":"Using TypeScript route implementations","service":"app","timestamp":"2025-05-30T08:27:09.125Z"}
{"level":"info","message":"Database connections initialized successfully","service":"app","timestamp":"2025-05-30T08:27:13.353Z"}
{"level":"info","message":"SIGINT signal received: closing HTTP server","service":"app","timestamp":"2025-05-30T08:42:21.452Z"}
{"level":"info","message":"Database connections closed gracefully","service":"app","timestamp":"2025-05-30T08:42:21.743Z"}
{"level":"info","message":"Using TypeScript route implementations","service":"app","timestamp":"2025-06-05T03:52:38.474Z"}
{"level":"info","message":"Database connections initialized successfully","service":"app","timestamp":"2025-06-05T03:52:42.161Z"}
{"level":"info","message":"Using TypeScript route implementations","service":"app","timestamp":"2025-06-05T03:53:09.587Z"}
{"level":"info","message":"Database connections initialized successfully","service":"app","timestamp":"2025-06-05T03:53:13.396Z"}
{"level":"info","message":"Using TypeScript route implementations","service":"app","timestamp":"2025-06-05T03:53:45.948Z"}
{"level":"info","message":"Database connections initialized successfully","service":"app","timestamp":"2025-06-05T03:53:49.479Z"}
{"level":"info","message":"Using TypeScript route implementations","service":"app","timestamp":"2025-06-05T04:25:16.780Z"}
{"level":"info","message":"Database connections initialized successfully","service":"app","timestamp":"2025-06-05T04:25:20.138Z"}
{"level":"info","message":"Using TypeScript route implementations","service":"app","timestamp":"2025-06-05T04:26:08.444Z"}
{"level":"info","message":"Database connections initialized successfully","service":"app","timestamp":"2025-06-05T04:26:12.262Z"}
{"level":"info","message":"Using TypeScript route implementations","service":"app","timestamp":"2025-06-05T04:34:08.663Z"}
{"level":"info","message":"Database connections initialized successfully","service":"app","timestamp":"2025-06-05T04:34:13.282Z"}
{"level":"info","message":"Using TypeScript route implementations","service":"app","timestamp":"2025-06-05T04:36:46.390Z"}
{"level":"info","message":"Database connections initialized successfully","service":"app","timestamp":"2025-06-05T04:36:50.246Z"}
{"level":"info","message":"Using TypeScript route implementations","service":"app","timestamp":"2025-06-05T04:48:25.116Z"}
{"level":"info","message":"Database connections initialized successfully","service":"app","timestamp":"2025-06-05T04:48:28.636Z"}
{"level":"info","message":"Using TypeScript route implementations","service":"app","timestamp":"2025-06-05T05:09:43.895Z"}
{"level":"info","message":"Database connections initialized successfully","service":"app","timestamp":"2025-06-05T05:09:47.656Z"}
{"level":"info","message":"Using TypeScript route implementations","service":"app","timestamp":"2025-06-05T05:12:25.914Z"}
{"level":"info","message":"Database connections initialized successfully","service":"app","timestamp":"2025-06-05T05:12:29.191Z"}
{"level":"info","message":"Using TypeScript route implementations","service":"app","timestamp":"2025-06-05T05:15:50.143Z"}
{"level":"info","message":"Using TypeScript route implementations","service":"app","timestamp":"2025-06-05T05:16:19.483Z"}
{"level":"info","message":"Database connections initialized successfully","service":"app","timestamp":"2025-06-05T05:16:22.756Z"}
{"level":"info","message":"Using TypeScript route implementations","service":"app","timestamp":"2025-06-05T05:25:08.298Z"}
{"level":"info","message":"Database connections initialized successfully","service":"app","timestamp":"2025-06-05T05:25:13.422Z"}
{"level":"info","message":"Using TypeScript route implementations","service":"app","timestamp":"2025-06-05T05:27:26.497Z"}
{"level":"info","message":"Database connections initialized successfully","service":"app","timestamp":"2025-06-05T05:27:29.440Z"}
{"level":"info","message":"Using TypeScript route implementations","service":"app","timestamp":"2025-06-05T05:34:31.073Z"}
{"level":"info","message":"Database connections initialized successfully","service":"app","timestamp":"2025-06-05T05:34:34.873Z"}
{"level":"info","message":"Using TypeScript route implementations","service":"app","timestamp":"2025-06-05T06:31:46.489Z"}
{"level":"info","message":"Database connections initialized successfully","service":"app","timestamp":"2025-06-05T06:31:50.984Z"}
{"level":"info","message":"Using TypeScript route implementations","service":"app","timestamp":"2025-06-05T06:37:09.382Z"}
{"level":"info","message":"Database connections initialized successfully","service":"app","timestamp":"2025-06-05T06:37:13.530Z"}
{"level":"info","message":"Using TypeScript route implementations","service":"app","timestamp":"2025-06-05T06:38:08.088Z"}
{"level":"info","message":"Using TypeScript route implementations","service":"app","timestamp":"2025-06-05T06:38:31.679Z"}
{"level":"info","message":"Database connections initialized successfully","service":"app","timestamp":"2025-06-05T06:38:34.497Z"}
{"level":"info","message":"Using TypeScript route implementations","service":"app","timestamp":"2025-06-05T06:41:10.059Z"}
{"level":"info","message":"Database connections initialized successfully","service":"app","timestamp":"2025-06-05T06:41:13.173Z"}
{"level":"info","message":"Using TypeScript route implementations","service":"app","timestamp":"2025-06-05T06:44:48.175Z"}
{"level":"info","message":"Database connections initialized successfully","service":"app","timestamp":"2025-06-05T06:44:51.054Z"}
{"level":"info","message":"Using TypeScript route implementations","service":"app","timestamp":"2025-06-05T06:47:25.174Z"}
{"level":"info","message":"Database connections initialized successfully","service":"app","timestamp":"2025-06-05T06:47:30.721Z"}
{"level":"info","message":"Using TypeScript route implementations","service":"app","timestamp":"2025-06-05T06:49:12.420Z"}
{"level":"info","message":"Using TypeScript route implementations","service":"app","timestamp":"2025-06-05T06:49:29.975Z"}
{"level":"info","message":"Database connections initialized successfully","service":"app","timestamp":"2025-06-05T06:49:32.748Z"}
{"level":"info","message":"Using TypeScript route implementations","service":"app","timestamp":"2025-06-05T06:56:43.789Z"}
{"level":"info","message":"Database connections initialized successfully","service":"app","timestamp":"2025-06-05T06:56:48.319Z"}
{"level":"info","message":"Using TypeScript route implementations","service":"app","timestamp":"2025-06-05T06:58:34.397Z"}
{"level":"info","message":"Database connections initialized successfully","service":"app","timestamp":"2025-06-05T06:58:38.279Z"}
{"level":"info","message":"Using TypeScript route implementations","service":"app","timestamp":"2025-06-05T06:59:36.209Z"}
{"level":"info","message":"Using TypeScript route implementations","service":"app","timestamp":"2025-06-05T07:00:22.309Z"}
{"level":"info","message":"Database connections initialized successfully","service":"app","timestamp":"2025-06-05T07:00:25.673Z"}
{"level":"info","message":"Using TypeScript route implementations","service":"app","timestamp":"2025-06-05T07:01:01.746Z"}
{"level":"info","message":"Database connections initialized successfully","service":"app","timestamp":"2025-06-05T07:01:04.762Z"}
{"level":"info","message":"Using TypeScript route implementations","service":"app","timestamp":"2025-06-05T07:02:12.325Z"}
{"level":"info","message":"Using TypeScript route implementations","service":"app","timestamp":"2025-06-05T07:02:29.429Z"}
{"level":"info","message":"Database connections initialized successfully","service":"app","timestamp":"2025-06-05T07:02:31.982Z"}
{"level":"info","message":"Using TypeScript route implementations","service":"app","timestamp":"2025-06-05T07:03:20.328Z"}
{"level":"info","message":"Database connections initialized successfully","service":"app","timestamp":"2025-06-05T07:03:23.973Z"}
{"level":"info","message":"Using TypeScript route implementations","service":"app","timestamp":"2025-06-05T09:19:34.984Z"}
{"level":"info","message":"Database connections initialized successfully","service":"app","timestamp":"2025-06-05T09:19:38.771Z"}
{"level":"info","message":"Using TypeScript route implementations","service":"app","timestamp":"2025-06-05T09:20:52.420Z"}
{"level":"info","message":"Database connections initialized successfully","service":"app","timestamp":"2025-06-05T09:20:55.641Z"}
{"level":"info","message":"Using TypeScript route implementations","service":"app","timestamp":"2025-06-05T09:37:04.116Z"}
{"level":"info","message":"Database connections initialized successfully","service":"app","timestamp":"2025-06-05T09:37:09.111Z"}
{"level":"info","message":"Using TypeScript route implementations","service":"app","timestamp":"2025-06-05T09:49:36.767Z"}
{"level":"info","message":"Database connections initialized successfully","service":"app","timestamp":"2025-06-05T09:49:41.698Z"}
{"level":"info","message":"Using TypeScript route implementations","service":"app","timestamp":"2025-06-05T09:50:33.009Z"}
{"level":"info","message":"Database connections initialized successfully","service":"app","timestamp":"2025-06-05T09:50:36.443Z"}
{"level":"info","message":"Using TypeScript route implementations","service":"app","timestamp":"2025-06-05T09:52:08.134Z"}
{"level":"info","message":"Database connections initialized successfully","service":"app","timestamp":"2025-06-05T09:52:12.344Z"}
{"level":"info","message":"Using TypeScript route implementations","service":"app","timestamp":"2025-06-05T09:53:32.456Z"}
{"level":"info","message":"Database connections initialized successfully","service":"app","timestamp":"2025-06-05T09:53:35.175Z"}
{"level":"info","message":"Using TypeScript route implementations","service":"app","timestamp":"2025-06-05T09:58:50.906Z"}
{"level":"info","message":"Database connections initialized successfully","service":"app","timestamp":"2025-06-05T09:58:55.196Z"}
{"level":"info","message":"Using TypeScript route implementations","service":"app","timestamp":"2025-06-05T09:59:14.022Z"}
{"level":"info","message":"Using TypeScript route implementations","service":"app","timestamp":"2025-06-05T09:59:35.430Z"}
{"level":"info","message":"Database connections initialized successfully","service":"app","timestamp":"2025-06-05T09:59:38.049Z"}
{"level":"info","message":"Using TypeScript route implementations","service":"app","timestamp":"2025-06-05T10:00:00.959Z"}
{"level":"info","message":"Database connections initialized successfully","service":"app","timestamp":"2025-06-05T10:00:04.675Z"}
{"level":"info","message":"Using TypeScript route implementations","service":"app","timestamp":"2025-06-05T10:02:43.870Z"}
{"level":"info","message":"Database connections initialized successfully","service":"app","timestamp":"2025-06-05T10:02:48.401Z"}
{"level":"info","message":"Using TypeScript route implementations","service":"app","timestamp":"2025-06-05T10:04:20.290Z"}
{"level":"info","message":"Database connections initialized successfully","service":"app","timestamp":"2025-06-05T10:04:25.069Z"}
{"level":"info","message":"Using TypeScript route implementations","service":"app","timestamp":"2025-06-05T10:06:39.794Z"}
{"level":"info","message":"Database connections initialized successfully","service":"app","timestamp":"2025-06-05T10:06:44.052Z"}
{"level":"info","message":"Using TypeScript route implementations","service":"app","timestamp":"2025-06-05T10:08:45.657Z"}
{"level":"info","message":"Using TypeScript route implementations","service":"app","timestamp":"2025-06-05T10:09:06.855Z"}
{"level":"info","message":"Database connections initialized successfully","service":"app","timestamp":"2025-06-05T10:09:10.198Z"}
{"level":"info","message":"Using TypeScript route implementations","service":"app","timestamp":"2025-06-05T10:10:27.489Z"}
{"level":"info","message":"Database connections initialized successfully","service":"app","timestamp":"2025-06-05T10:10:30.836Z"}
{"level":"info","message":"Using TypeScript route implementations","service":"app","timestamp":"2025-06-05T10:11:21.317Z"}
{"level":"info","message":"Database connections initialized successfully","service":"app","timestamp":"2025-06-05T10:11:25.983Z"}
{"level":"info","message":"Using TypeScript route implementations","service":"app","timestamp":"2025-06-05T10:12:13.623Z"}
{"level":"info","message":"Database connections initialized successfully","service":"app","timestamp":"2025-06-05T10:12:17.184Z"}
{"level":"info","message":"Using TypeScript route implementations","service":"app","timestamp":"2025-06-05T10:14:18.116Z"}
{"level":"info","message":"Database connections initialized successfully","service":"app","timestamp":"2025-06-05T10:14:21.660Z"}
{"level":"info","message":"Using TypeScript route implementations","service":"app","timestamp":"2025-06-05T10:14:59.389Z"}
{"level":"info","message":"Database connections initialized successfully","service":"app","timestamp":"2025-06-05T10:15:02.750Z"}
{"level":"info","message":"Using TypeScript route implementations","service":"app","timestamp":"2025-06-05T10:17:59.181Z"}
{"level":"info","message":"Database connections initialized successfully","service":"app","timestamp":"2025-06-05T10:18:03.678Z"}
{"level":"info","message":"Using TypeScript route implementations","service":"app","timestamp":"2025-06-05T10:27:33.879Z"}
{"level":"info","message":"Database connections initialized successfully","service":"app","timestamp":"2025-06-05T10:27:37.169Z"}
{"level":"info","message":"Using TypeScript route implementations","service":"app","timestamp":"2025-06-05T10:30:59.068Z"}
{"level":"info","message":"Database connections initialized successfully","service":"app","timestamp":"2025-06-05T10:31:02.264Z"}
{"level":"info","message":"Using TypeScript route implementations","service":"app","timestamp":"2025-06-05T10:31:43.209Z"}
{"level":"info","message":"Database connections initialized successfully","service":"app","timestamp":"2025-06-05T10:31:50.225Z"}
{"level":"info","message":"Using TypeScript route implementations","service":"app","timestamp":"2025-06-05T10:33:10.306Z"}
{"level":"info","message":"Database connections initialized successfully","service":"app","timestamp":"2025-06-05T10:33:13.988Z"}
{"level":"info","message":"Using TypeScript route implementations","service":"app","timestamp":"2025-06-05T10:34:44.844Z"}
{"level":"info","message":"Database connections initialized successfully","service":"app","timestamp":"2025-06-05T10:34:48.036Z"}
{"level":"info","message":"Using TypeScript route implementations","service":"app","timestamp":"2025-06-05T10:35:21.919Z"}
{"level":"info","message":"Database connections initialized successfully","service":"app","timestamp":"2025-06-05T10:35:25.178Z"}
{"level":"info","message":"Using TypeScript route implementations","service":"app","timestamp":"2025-06-05T10:35:54.542Z"}
{"level":"info","message":"Database connections initialized successfully","service":"app","timestamp":"2025-06-05T10:35:58.480Z"}
{"level":"info","message":"Using TypeScript route implementations","service":"app","timestamp":"2025-06-05T10:37:07.672Z"}
{"level":"info","message":"Database connections initialized successfully","service":"app","timestamp":"2025-06-05T10:37:10.343Z"}
{"level":"info","message":"Using TypeScript route implementations","service":"app","timestamp":"2025-06-05T10:39:10.336Z"}
{"level":"info","message":"Database connections initialized successfully","service":"app","timestamp":"2025-06-05T10:39:14.258Z"}
{"level":"info","message":"Using TypeScript route implementations","service":"app","timestamp":"2025-06-05T10:39:59.680Z"}
{"level":"info","message":"Database connections initialized successfully","service":"app","timestamp":"2025-06-05T10:40:03.381Z"}
{"level":"info","message":"Using TypeScript route implementations","service":"app","timestamp":"2025-06-05T10:41:30.082Z"}
{"level":"info","message":"Database connections initialized successfully","service":"app","timestamp":"2025-06-05T10:41:33.666Z"}
{"level":"info","message":"Using TypeScript route implementations","service":"app","timestamp":"2025-06-05T10:42:34.508Z"}
{"level":"info","message":"Database connections initialized successfully","service":"app","timestamp":"2025-06-05T10:42:37.174Z"}
{"level":"info","message":"Using TypeScript route implementations","service":"app","timestamp":"2025-06-05T10:43:58.716Z"}
{"level":"info","message":"Database connections initialized successfully","service":"app","timestamp":"2025-06-05T10:44:02.718Z"}
{"level":"info","message":"Using TypeScript route implementations","service":"app","timestamp":"2025-06-05T10:48:49.914Z"}
{"level":"info","message":"Database connections initialized successfully","service":"app","timestamp":"2025-06-05T10:48:53.612Z"}
{"level":"info","message":"Using TypeScript route implementations","service":"app","timestamp":"2025-06-05T10:49:40.283Z"}
{"level":"info","message":"Database connections initialized successfully","service":"app","timestamp":"2025-06-05T10:49:43.957Z"}
{"level":"info","message":"Using TypeScript route implementations","service":"app","timestamp":"2025-06-05T10:50:38.695Z"}
{"level":"info","message":"Database connections initialized successfully","service":"app","timestamp":"2025-06-05T10:50:42.043Z"}
{"level":"info","message":"SIGINT signal received: closing HTTP server","service":"app","timestamp":"2025-06-05T12:57:43.497Z"}
{"level":"info","message":"Database connections closed gracefully","service":"app","timestamp":"2025-06-05T12:57:43.751Z"}
