{"error":"getaddrinfo ENOTFOUND smtp.example.com","level":"error","message":"SMTP connection failed","service":"email-service","timestamp":"2025-05-23T18:40:43.691Z"}
{"error":"getaddrinfo ENOTFOUND smtp.example.com","level":"error","message":"SMTP connection failed","service":"email-service","timestamp":"2025-05-23T18:40:43.911Z"}
{"error":"getaddrinfo ENOTFOUND smtp.example.com","level":"error","message":"SMTP connection failed","service":"email-service","timestamp":"2025-05-23T18:41:10.230Z"}
{"level":"info","message":"Using mock email transport in development mode","service":"email-service","timestamp":"2025-05-23T18:42:57.891Z"}
{"level":"info","message":"Using mock email transport in development mode","service":"email-service","timestamp":"2025-05-23T18:42:57.897Z"}
{"level":"info","message":"Using mock email transport in development mode","service":"email-service","timestamp":"2025-05-23T18:42:58.039Z"}
{"level":"info","message":"Using mock email transport in development mode","service":"email-service","timestamp":"2025-05-23T18:43:15.523Z"}
{"level":"info","message":"Using mock email transport in development mode","service":"email-service","timestamp":"2025-05-23T18:44:29.412Z"}
{"level":"info","message":"Using mock email transport in development mode","service":"email-service","timestamp":"2025-05-23T18:44:29.659Z"}
{"level":"info","message":"Using mock email transport in development mode","service":"email-service","timestamp":"2025-05-23T18:44:29.773Z"}
{"level":"info","message":"Using mock email transport in development mode","service":"email-service","timestamp":"2025-05-23T18:44:31.908Z"}
{"level":"info","message":"Using mock email transport in development mode","service":"email-service","timestamp":"2025-05-23T18:44:47.943Z"}
{"level":"info","message":"Using mock email transport in development mode","service":"email-service","timestamp":"2025-05-23T18:48:44.675Z"}
{"level":"info","message":"Using mock email transport in development mode","service":"email-service","timestamp":"2025-05-23T18:48:46.930Z"}
{"level":"info","message":"Using mock email transport in development mode","service":"email-service","timestamp":"2025-05-23T18:48:47.045Z"}
{"level":"info","message":"Using mock email transport in development mode","service":"email-service","timestamp":"2025-05-23T18:48:51.357Z"}
{"level":"info","message":"Using mock email transport in development mode","service":"email-service","timestamp":"2025-05-23T18:48:52.081Z"}
{"level":"info","message":"Using mock email transport in development mode","service":"email-service","timestamp":"2025-05-23T18:49:28.223Z"}
{"level":"info","message":"Using mock email transport in development mode","service":"email-service","timestamp":"2025-05-23T18:49:29.108Z"}
{"level":"info","message":"Using mock email transport in development mode","service":"email-service","timestamp":"2025-05-23T18:49:29.177Z"}
{"level":"info","message":"Using mock email transport in development mode","service":"email-service","timestamp":"2025-05-23T18:49:29.684Z"}
{"level":"info","message":"Using mock email transport in development mode","service":"email-service","timestamp":"2025-05-23T18:49:31.530Z"}
{"level":"info","message":"Using mock email transport in development mode","service":"email-service","timestamp":"2025-05-23T18:49:44.762Z"}
{"level":"info","message":"Using mock email transport in development mode","service":"email-service","timestamp":"2025-05-23T18:51:21.983Z"}
{"level":"info","message":"Using mock email transport in development mode","service":"email-service","timestamp":"2025-05-23T18:51:22.280Z"}
{"level":"info","message":"Using mock email transport in development mode","service":"email-service","timestamp":"2025-05-23T18:51:23.132Z"}
{"level":"info","message":"Using mock email transport in development mode","service":"email-service","timestamp":"2025-05-23T18:51:23.268Z"}
{"level":"info","message":"Using mock email transport in development mode","service":"email-service","timestamp":"2025-05-23T18:51:23.332Z"}
{"level":"info","message":"Using mock email transport in development mode","service":"email-service","timestamp":"2025-05-23T18:51:25.331Z"}
{"level":"info","message":"Using mock email transport in development mode","service":"email-service","timestamp":"2025-05-23T18:51:38.352Z"}
{"level":"info","message":"Using mock email transport in development mode","service":"email-service","timestamp":"2025-05-23T18:55:05.564Z"}
{"level":"info","message":"Using mock email transport in development mode","service":"email-service","timestamp":"2025-05-23T18:56:34.643Z"}
{"level":"info","message":"Using mock email transport in development mode","service":"email-service","timestamp":"2025-05-23T18:58:53.185Z"}
{"level":"info","message":"Using mock email transport in development mode","service":"email-service","timestamp":"2025-05-23T19:01:14.008Z"}
{"level":"info","message":"Using mock email transport in development mode","service":"email-service","timestamp":"2025-05-23T19:02:30.756Z"}
{"level":"info","message":"Using mock email transport in development mode","service":"email-service","timestamp":"2025-05-23T19:08:42.407Z"}
{"level":"info","message":"Using mock email transport in development mode","service":"email-service","timestamp":"2025-05-23T19:14:23.788Z"}
{"level":"info","message":"Using mock email transport in development mode","service":"email-service","timestamp":"2025-05-23T19:14:24.190Z"}
{"level":"info","message":"Using mock email transport in development mode","service":"email-service","timestamp":"2025-05-23T19:14:24.395Z"}
{"level":"info","message":"Using mock email transport in development mode","service":"email-service","timestamp":"2025-05-23T19:14:24.265Z"}
{"level":"info","message":"Using mock email transport in development mode","service":"email-service","timestamp":"2025-05-23T19:14:24.337Z"}
{"level":"info","message":"Using mock email transport in development mode","service":"email-service","timestamp":"2025-05-23T19:14:25.187Z"}
{"level":"info","message":"Using mock email transport in development mode","service":"email-service","timestamp":"2025-05-23T19:14:25.194Z"}
{"level":"info","message":"Using mock email transport in development mode","service":"email-service","timestamp":"2025-05-23T19:14:24.715Z"}
{"level":"info","message":"Using mock email transport in development mode","service":"email-service","timestamp":"2025-05-23T19:14:24.120Z"}
{"level":"info","message":"Using mock email transport in development mode","service":"email-service","timestamp":"2025-05-23T19:14:25.300Z"}
{"level":"info","message":"Using mock email transport in development mode","service":"email-service","timestamp":"2025-05-23T19:20:43.282Z"}
{"level":"info","message":"Using mock email transport in development mode","service":"email-service","timestamp":"2025-05-23T19:21:06.782Z"}
{"level":"info","message":"Using mock email transport in development mode","service":"email-service","timestamp":"2025-05-23T19:23:14.433Z"}
{"level":"info","message":"Using mock email transport in development mode","service":"email-service","timestamp":"2025-05-23T19:23:14.308Z"}
{"level":"info","message":"Using mock email transport in development mode","service":"email-service","timestamp":"2025-05-23T19:23:20.952Z"}
{"level":"info","message":"Using mock email transport in development mode","service":"email-service","timestamp":"2025-05-23T19:23:50.635Z"}
{"level":"info","message":"Using mock email transport in development mode","service":"email-service","timestamp":"2025-05-23T19:25:40.391Z"}
{"level":"info","message":"Using mock email transport in development mode","service":"email-service","timestamp":"2025-05-23T19:31:29.563Z"}
{"level":"info","message":"Using mock email transport in development mode","service":"email-service","timestamp":"2025-05-23T19:31:37.971Z"}
{"level":"info","message":"Using mock email transport in development mode","service":"email-service","timestamp":"2025-05-23T19:31:36.171Z"}
{"level":"info","message":"Using mock email transport in development mode","service":"email-service","timestamp":"2025-05-23T19:35:28.345Z"}
{"level":"info","message":"Using mock email transport in development mode","service":"email-service","timestamp":"2025-05-23T19:35:35.732Z"}
{"level":"info","message":"Using mock email transport in development mode","service":"email-service","timestamp":"2025-05-23T19:35:31.466Z"}
{"level":"info","message":"Using mock email transport in development mode","service":"email-service","timestamp":"2025-05-23T19:35:46.669Z"}
{"level":"info","message":"Using mock email transport in development mode","service":"email-service","timestamp":"2025-05-23T19:35:46.566Z"}
{"level":"info","message":"Using mock email transport in development mode","service":"email-service","timestamp":"2025-05-23T20:07:09.741Z"}
{"level":"info","message":"Using mock email transport in development mode","service":"email-service","timestamp":"2025-05-23T21:29:34.345Z"}
{"level":"info","message":"Using mock email transport in development mode","service":"email-service","timestamp":"2025-05-23T21:36:15.522Z"}
{"level":"info","message":"Using mock email transport in development mode","service":"email-service","timestamp":"2025-05-23T21:39:04.857Z"}
{"level":"info","message":"Using mock email transport in development mode","service":"email-service","timestamp":"2025-05-23T21:41:16.484Z"}
{"level":"info","message":"Using mock email transport in development mode","service":"email-service","timestamp":"2025-05-23T21:43:45.127Z"}
{"level":"info","message":"Using mock email transport in development mode","service":"email-service","timestamp":"2025-05-24T04:10:31.360Z"}
{"level":"info","message":"Using mock email transport in development mode","service":"email-service","timestamp":"2025-05-24T04:13:56.144Z"}
{"level":"info","message":"Using mock email transport in development mode","service":"email-service","timestamp":"2025-05-24T04:50:03.720Z"}
{"level":"info","message":"Using mock email transport in development mode","service":"email-service","timestamp":"2025-05-24T05:02:10.426Z"}
{"level":"info","message":"Using mock email transport in development mode","service":"email-service","timestamp":"2025-05-24T05:16:44.030Z"}
{"level":"info","message":"Using mock email transport in development mode","service":"email-service","timestamp":"2025-05-24T05:26:20.689Z"}
{"level":"info","message":"Using mock email transport in development mode","service":"email-service","timestamp":"2025-05-24T05:29:12.883Z"}
{"level":"info","message":"Using mock email transport in development mode","service":"email-service","timestamp":"2025-05-24T05:31:06.805Z"}
{"level":"info","message":"Using mock email transport in development mode","service":"email-service","timestamp":"2025-05-24T05:42:49.773Z"}
{"level":"info","message":"Using mock email transport in development mode","service":"email-service","timestamp":"2025-05-24T06:02:25.373Z"}
{"level":"info","message":"Using mock email transport in development mode","service":"email-service","timestamp":"2025-05-24T06:34:20.835Z"}
{"level":"info","message":"Using mock email transport in development mode","service":"email-service","timestamp":"2025-05-24T06:49:05.541Z"}
{"level":"info","message":"Using mock email transport in development mode","service":"email-service","timestamp":"2025-05-24T07:28:25.471Z"}
{"level":"info","message":"Using mock email transport in development mode","service":"email-service","timestamp":"2025-05-24T07:37:39.847Z"}
{"level":"info","message":"Using mock email transport in development mode","service":"email-service","timestamp":"2025-05-24T07:40:07.213Z"}
{"level":"info","message":"Using mock email transport in development mode","service":"email-service","timestamp":"2025-05-24T08:06:35.331Z"}
{"level":"info","message":"Using mock email transport in development mode","service":"email-service","timestamp":"2025-05-24T08:15:56.472Z"}
{"level":"info","message":"Using mock email transport in development mode","service":"email-service","timestamp":"2025-05-24T08:28:54.899Z"}
{"level":"info","message":"Using mock email transport in development mode","service":"email-service","timestamp":"2025-05-24T08:35:44.431Z"}
{"level":"info","message":"Using mock email transport in development mode","service":"email-service","timestamp":"2025-05-24T08:39:25.295Z"}
{"level":"info","message":"Using mock email transport in development mode","service":"email-service","timestamp":"2025-05-24T09:16:25.964Z"}
{"level":"info","message":"Using mock email transport in development mode","service":"email-service","timestamp":"2025-05-24T09:27:52.963Z"}
{"level":"info","message":"Using mock email transport in development mode","service":"email-service","timestamp":"2025-05-24T09:40:54.835Z"}
{"level":"info","message":"Using mock email transport in development mode","service":"email-service","timestamp":"2025-05-24T11:44:22.398Z"}
{"level":"info","message":"Using mock email transport in development mode","service":"email-service","timestamp":"2025-05-24T11:49:16.610Z"}
{"level":"info","message":"Using mock email transport in development mode","service":"email-service","timestamp":"2025-05-24T11:53:44.029Z"}
{"level":"info","message":"Using mock email transport in development mode","service":"email-service","timestamp":"2025-05-24T11:59:37.169Z"}
{"level":"info","message":"Using mock email transport in development mode","service":"email-service","timestamp":"2025-05-24T12:04:19.428Z"}
{"level":"info","message":"Using mock email transport in development mode","service":"email-service","timestamp":"2025-05-24T12:11:28.147Z"}
{"level":"info","message":"Using mock email transport in development mode","service":"email-service","timestamp":"2025-05-24T12:16:40.085Z"}
{"level":"info","message":"Using mock email transport in development mode","service":"email-service","timestamp":"2025-05-24T12:56:27.099Z"}
{"level":"info","message":"Using mock email transport in development mode","service":"email-service","timestamp":"2025-05-24T13:01:51.612Z"}
{"level":"info","message":"Using mock email transport in development mode","service":"email-service","timestamp":"2025-05-25T05:58:35.749Z"}
{"level":"info","message":"Using mock email transport in development mode","service":"email-service","timestamp":"2025-05-25T08:44:00.644Z"}
{"level":"info","message":"Using mock email transport in development mode","service":"email-service","timestamp":"2025-05-25T08:48:05.113Z"}
{"level":"info","message":"Using mock email transport in development mode","service":"email-service","timestamp":"2025-05-25T09:32:00.630Z"}
{"level":"info","message":"Using mock email transport in development mode","service":"email-service","timestamp":"2025-05-25T10:19:28.296Z"}
{"level":"info","message":"Using mock email transport in development mode","service":"email-service","timestamp":"2025-05-25T12:44:30.053Z"}
{"level":"info","message":"Using mock email transport in development mode","service":"email-service","timestamp":"2025-05-25T14:21:34.274Z"}
{"level":"info","message":"Using mock email transport in development mode","service":"email-service","timestamp":"2025-05-26T05:05:28.361Z"}
{"level":"info","message":"Using mock email transport in development mode","service":"email-service","timestamp":"2025-05-26T05:09:32.144Z"}
{"level":"info","message":"Using mock email transport in development mode","service":"email-service","timestamp":"2025-05-27T08:35:28.746Z"}
{"level":"info","message":"Using mock email transport in development mode","service":"email-service","timestamp":"2025-05-27T09:17:46.708Z"}
{"level":"info","message":"Using mock email transport in development mode","service":"email-service","timestamp":"2025-05-27T09:19:59.293Z"}
{"level":"info","message":"Using mock email transport in development mode","service":"email-service","timestamp":"2025-05-27T09:21:15.884Z"}
{"level":"info","message":"Using mock email transport in development mode","service":"email-service","timestamp":"2025-05-27T09:23:13.129Z"}
{"level":"info","message":"Using mock email transport in development mode","service":"email-service","timestamp":"2025-05-27T09:29:39.480Z"}
{"level":"info","message":"Using mock email transport in development mode","service":"email-service","timestamp":"2025-05-27T09:30:22.967Z"}
{"level":"info","message":"Using mock email transport in development mode","service":"email-service","timestamp":"2025-05-27T09:33:30.641Z"}
{"level":"info","message":"Using mock email transport in development mode","service":"email-service","timestamp":"2025-05-27T09:34:32.352Z"}
{"level":"info","message":"Using mock email transport in development mode","service":"email-service","timestamp":"2025-05-27T09:36:58.395Z"}
{"level":"info","message":"Using mock email transport in development mode","service":"email-service","timestamp":"2025-05-27T09:39:06.638Z"}
{"level":"info","message":"Using mock email transport in development mode","service":"email-service","timestamp":"2025-05-27T09:42:21.199Z"}
{"level":"info","message":"Using mock email transport in development mode","service":"email-service","timestamp":"2025-05-27T09:42:59.086Z"}
{"level":"info","message":"Using mock email transport in development mode","service":"email-service","timestamp":"2025-05-27T09:44:46.648Z"}
{"level":"info","message":"Using mock email transport in development mode","service":"email-service","timestamp":"2025-05-27T09:54:02.394Z"}
{"level":"info","message":"Using mock email transport in development mode","service":"email-service","timestamp":"2025-05-27T09:56:30.024Z"}
{"level":"info","message":"Using mock email transport in development mode","service":"email-service","timestamp":"2025-05-27T10:01:13.096Z"}
{"level":"info","message":"Using mock email transport in development mode","service":"email-service","timestamp":"2025-05-27T10:22:28.630Z"}
{"level":"info","message":"Using mock email transport in development mode","service":"email-service","timestamp":"2025-05-27T13:42:48.855Z"}
{"level":"info","message":"Using mock email transport in development mode","service":"email-service","timestamp":"2025-05-27T13:54:52.796Z"}
{"level":"info","message":"Using mock email transport in development mode","service":"email-service","timestamp":"2025-05-27T14:00:28.748Z"}
{"level":"info","message":"Using mock email transport in development mode","service":"email-service","timestamp":"2025-05-27T14:01:08.445Z"}
{"level":"info","message":"Using mock email transport in development mode","service":"email-service","timestamp":"2025-05-27T14:02:05.236Z"}
{"level":"info","message":"Using mock email transport in development mode","service":"email-service","timestamp":"2025-05-27T14:03:31.399Z"}
{"level":"info","message":"Using mock email transport in development mode","service":"email-service","timestamp":"2025-05-27T14:04:11.150Z"}
{"level":"info","message":"Using mock email transport in development mode","service":"email-service","timestamp":"2025-05-27T14:05:22.644Z"}
{"level":"info","message":"Using mock email transport in development mode","service":"email-service","timestamp":"2025-05-27T14:10:00.118Z"}
{"level":"info","message":"Using mock email transport in development mode","service":"email-service","timestamp":"2025-05-27T14:11:03.504Z"}
{"level":"info","message":"Using mock email transport in development mode","service":"email-service","timestamp":"2025-05-27T14:11:51.494Z"}
{"level":"info","message":"Using mock email transport in development mode","service":"email-service","timestamp":"2025-05-27T14:13:05.190Z"}
{"level":"info","message":"Using mock email transport in development mode","service":"email-service","timestamp":"2025-05-27T14:15:01.319Z"}
{"level":"info","message":"Using mock email transport in development mode","service":"email-service","timestamp":"2025-05-27T14:15:27.786Z"}
{"level":"info","message":"Using mock email transport in development mode","service":"email-service","timestamp":"2025-05-27T14:16:39.000Z"}
{"level":"info","message":"Using mock email transport in development mode","service":"email-service","timestamp":"2025-05-27T14:30:21.446Z"}
{"level":"info","message":"Using mock email transport in development mode","service":"email-service","timestamp":"2025-05-28T04:27:15.617Z"}
{"level":"info","message":"Using mock email transport in development mode","service":"email-service","timestamp":"2025-05-28T05:16:13.034Z"}
{"level":"info","message":"Using mock email transport in development mode","service":"email-service","timestamp":"2025-05-28T07:46:22.554Z"}
{"level":"info","message":"Using mock email transport in development mode","service":"email-service","timestamp":"2025-05-28T07:55:54.487Z"}
{"level":"info","message":"Using mock email transport in development mode","service":"email-service","timestamp":"2025-05-28T08:05:00.283Z"}
{"level":"info","message":"Using mock email transport in development mode","service":"email-service","timestamp":"2025-05-28T08:08:53.577Z"}
{"level":"info","message":"Using mock email transport in development mode","service":"email-service","timestamp":"2025-05-28T08:13:50.274Z"}
{"level":"info","message":"Using mock email transport in development mode","service":"email-service","timestamp":"2025-05-28T08:26:45.973Z"}
{"level":"info","message":"Using mock email transport in development mode","service":"email-service","timestamp":"2025-05-28T08:27:28.617Z"}
{"level":"info","message":"Using mock email transport in development mode","service":"email-service","timestamp":"2025-05-28T08:42:59.873Z"}
{"level":"info","message":"Using mock email transport in development mode","service":"email-service","timestamp":"2025-05-28T08:44:51.842Z"}
{"level":"info","message":"Using mock email transport in development mode","service":"email-service","timestamp":"2025-05-28T09:29:38.567Z"}
{"level":"info","message":"Using mock email transport in development mode","service":"email-service","timestamp":"2025-05-28T09:30:08.919Z"}
{"level":"info","message":"Using mock email transport in development mode","service":"email-service","timestamp":"2025-05-28T09:35:35.742Z"}
{"level":"info","message":"Using mock email transport in development mode","service":"email-service","timestamp":"2025-05-28T09:46:14.177Z"}
{"level":"info","message":"Using mock email transport in development mode","service":"email-service","timestamp":"2025-05-28T10:08:13.320Z"}
{"level":"info","message":"Using mock email transport in development mode","service":"email-service","timestamp":"2025-05-28T11:35:30.250Z"}
{"level":"info","message":"Using mock email transport in development mode","service":"email-service","timestamp":"2025-05-28T12:14:09.092Z"}
{"level":"info","message":"Using mock email transport in development mode","service":"email-service","timestamp":"2025-05-28T12:31:22.088Z"}
{"level":"info","message":"Using mock email transport in development mode","service":"email-service","timestamp":"2025-05-28T12:36:10.874Z"}
{"level":"info","message":"Using mock email transport in development mode","service":"email-service","timestamp":"2025-05-28T12:39:46.335Z"}
{"level":"info","message":"Using mock email transport in development mode","service":"email-service","timestamp":"2025-05-29T08:14:21.701Z"}
{"level":"info","message":"Using mock email transport in development mode","service":"email-service","timestamp":"2025-05-30T07:29:57.317Z"}
{"level":"info","message":"Using mock email transport in development mode","service":"email-service","timestamp":"2025-05-30T07:41:15.268Z"}
{"level":"info","message":"Using mock email transport in development mode","service":"email-service","timestamp":"2025-05-30T07:41:42.259Z"}
{"level":"info","message":"Using mock email transport in development mode","service":"email-service","timestamp":"2025-05-30T07:42:08.262Z"}
{"level":"info","message":"Using mock email transport in development mode","service":"email-service","timestamp":"2025-05-30T07:45:06.966Z"}
{"level":"info","message":"Using mock email transport in development mode","service":"email-service","timestamp":"2025-05-30T07:55:05.044Z"}
{"level":"info","message":"Using mock email transport in development mode","service":"email-service","timestamp":"2025-05-30T08:04:00.105Z"}
{"level":"info","message":"Using mock email transport in development mode","service":"email-service","timestamp":"2025-05-30T08:05:26.046Z"}
{"level":"info","message":"Using mock email transport in development mode","service":"email-service","timestamp":"2025-05-30T08:06:30.146Z"}
{"level":"info","message":"Using mock email transport in development mode","service":"email-service","timestamp":"2025-05-30T08:13:13.025Z"}
{"level":"info","message":"Using mock email transport in development mode","service":"email-service","timestamp":"2025-05-30T08:17:27.409Z"}
{"level":"info","message":"Using mock email transport in development mode","service":"email-service","timestamp":"2025-05-30T08:21:51.117Z"}
{"level":"info","message":"Using mock email transport in development mode","service":"email-service","timestamp":"2025-05-30T08:27:04.009Z"}
<<<<<<< HEAD
{"level":"info","message":"Using mock email transport in development mode","service":"email-service","timestamp":"2025-05-30T10:21:39.371Z"}
{"level":"info","message":"Using mock email transport in development mode","service":"email-service","timestamp":"2025-05-30T10:29:45.042Z"}
{"level":"info","message":"Using mock email transport in development mode","service":"email-service","timestamp":"2025-05-30T10:40:39.493Z"}
{"level":"info","message":"Using mock email transport in development mode","service":"email-service","timestamp":"2025-05-30T10:42:56.597Z"}
{"level":"info","message":"Using mock email transport in development mode","service":"email-service","timestamp":"2025-05-30T10:45:26.753Z"}
{"level":"info","message":"Using mock email transport in development mode","service":"email-service","timestamp":"2025-05-30T10:46:29.757Z"}
{"level":"info","message":"Using mock email transport in development mode","service":"email-service","timestamp":"2025-05-30T10:59:53.330Z"}
{"level":"info","message":"Using mock email transport in development mode","service":"email-service","timestamp":"2025-05-30T11:02:07.293Z"}
{"level":"info","message":"Using mock email transport in development mode","service":"email-service","timestamp":"2025-05-30T11:08:44.429Z"}
{"level":"info","message":"Using mock email transport in development mode","service":"email-service","timestamp":"2025-05-30T11:34:32.660Z"}
{"level":"info","message":"Using mock email transport in development mode","service":"email-service","timestamp":"2025-05-30T11:50:43.504Z"}
{"level":"info","message":"Using mock email transport in development mode","service":"email-service","timestamp":"2025-05-31T04:04:22.118Z"}
{"level":"info","message":"Using mock email transport in development mode","service":"email-service","timestamp":"2025-05-31T11:37:08.305Z"}
{"level":"info","message":"Using mock email transport in development mode","service":"email-service","timestamp":"2025-05-31T13:39:13.188Z"}
{"level":"info","message":"Using mock email transport in development mode","service":"email-service","timestamp":"2025-05-31T14:53:15.545Z"}
{"level":"info","message":"Using mock email transport in development mode","service":"email-service","timestamp":"2025-05-31T16:58:33.332Z"}
{"level":"info","message":"Using mock email transport in development mode","service":"email-service","timestamp":"2025-05-31T16:59:40.265Z"}
{"level":"info","message":"Using mock email transport in development mode","service":"email-service","timestamp":"2025-05-31T17:57:51.591Z"}
{"level":"info","message":"Using mock email transport in development mode","service":"email-service","timestamp":"2025-05-31T20:09:46.724Z"}
{"level":"info","message":"Using mock email transport in development mode","service":"email-service","timestamp":"2025-06-01T04:02:33.817Z"}
{"level":"info","message":"Using mock email transport in development mode","service":"email-service","timestamp":"2025-06-01T08:30:23.021Z"}
{"level":"info","message":"Using mock email transport in development mode","service":"email-service","timestamp":"2025-06-01T11:01:49.123Z"}
{"level":"info","message":"Using mock email transport in development mode","service":"email-service","timestamp":"2025-06-01T11:48:12.954Z"}
{"level":"info","message":"Using mock email transport in development mode","service":"email-service","timestamp":"2025-06-01T12:02:15.457Z"}
{"level":"info","message":"Using mock email transport in development mode","service":"email-service","timestamp":"2025-06-01T12:15:43.751Z"}
{"level":"info","message":"Using mock email transport in development mode","service":"email-service","timestamp":"2025-06-01T12:21:38.979Z"}
{"level":"info","message":"Using mock email transport in development mode","service":"email-service","timestamp":"2025-06-01T12:29:38.459Z"}
{"level":"info","message":"Using mock email transport in development mode","service":"email-service","timestamp":"2025-06-01T12:31:05.579Z"}
{"level":"info","message":"Using mock email transport in development mode","service":"email-service","timestamp":"2025-06-01T12:33:06.958Z"}
{"level":"info","message":"Using mock email transport in development mode","service":"email-service","timestamp":"2025-06-01T14:53:02.424Z"}
{"level":"info","message":"Using mock email transport in development mode","service":"email-service","timestamp":"2025-06-02T04:31:05.543Z"}
{"level":"info","message":"Using mock email transport in development mode","service":"email-service","timestamp":"2025-06-02T06:54:34.328Z"}
{"level":"info","message":"Using mock email transport in development mode","service":"email-service","timestamp":"2025-06-03T04:22:48.406Z"}
{"level":"info","message":"Using mock email transport in development mode","service":"email-service","timestamp":"2025-06-03T12:19:35.884Z"}
{"level":"info","message":"Using mock email transport in development mode","service":"email-service","timestamp":"2025-06-03T12:23:26.764Z"}
{"level":"info","message":"Using mock email transport in development mode","service":"email-service","timestamp":"2025-06-03T12:27:11.301Z"}
{"level":"info","message":"Using mock email transport in development mode","service":"email-service","timestamp":"2025-06-03T12:28:01.314Z"}
{"level":"info","message":"Using mock email transport in development mode","service":"email-service","timestamp":"2025-06-03T12:30:09.703Z"}
{"level":"info","message":"Using mock email transport in development mode","service":"email-service","timestamp":"2025-06-03T12:31:34.453Z"}
{"level":"info","message":"Using mock email transport in development mode","service":"email-service","timestamp":"2025-06-03T12:37:43.472Z"}
{"level":"info","message":"Using mock email transport in development mode","service":"email-service","timestamp":"2025-06-03T12:49:33.556Z"}
{"level":"info","message":"Using mock email transport in development mode","service":"email-service","timestamp":"2025-06-03T12:59:51.762Z"}
{"level":"info","message":"Using mock email transport in development mode","service":"email-service","timestamp":"2025-06-03T13:01:53.937Z"}
{"level":"info","message":"Using mock email transport in development mode","service":"email-service","timestamp":"2025-06-04T05:25:46.395Z"}
{"level":"info","message":"Using mock email transport in development mode","service":"email-service","timestamp":"2025-06-04T05:40:14.760Z"}
{"level":"info","message":"Using mock email transport in development mode","service":"email-service","timestamp":"2025-06-05T04:39:50.391Z"}
{"level":"info","message":"Using mock email transport in development mode","service":"email-service","timestamp":"2025-06-05T09:45:28.245Z"}
{"level":"info","message":"Using mock email transport in development mode","service":"email-service","timestamp":"2025-06-05T09:48:26.512Z"}
{"level":"info","message":"Using mock email transport in development mode","service":"email-service","timestamp":"2025-06-05T09:50:06.883Z"}
{"level":"info","message":"Mock email sent","service":"email-service","subject":"Password Reset Request","timestamp":"2025-06-05T10:26:40.202Z","to":"ballikalyan0864@gmail.com"}
{"level":"info","message":"Email sent successfully","messageId":"mock-email-1749119200192","service":"email-service","timestamp":"2025-06-05T10:26:40.205Z","to":"ballikalyan0864@gmail.com"}
{"level":"info","message":"Using mock email transport in development mode","service":"email-service","timestamp":"2025-06-05T11:23:00.716Z"}
=======
{"level":"info","message":"Using mock email transport in development mode","service":"email-service","timestamp":"2025-06-05T03:54:14.532Z"}
{"level":"info","message":"Using mock email transport in development mode","service":"email-service","timestamp":"2025-06-05T04:36:44.192Z"}
{"level":"info","message":"Using mock email transport in development mode","service":"email-service","timestamp":"2025-06-05T04:48:22.302Z"}
{"level":"info","message":"Using mock email transport in development mode","service":"email-service","timestamp":"2025-06-05T05:09:39.789Z"}
{"level":"info","message":"Using mock email transport in development mode","service":"email-service","timestamp":"2025-06-05T05:15:45.036Z"}
{"level":"info","message":"Using mock email transport in development mode","service":"email-service","timestamp":"2025-06-05T05:16:14.586Z"}
{"code":"EAUTH","command":"AUTH PLAIN","level":"error","message":"Error sending password reset OTP: Invalid login: 535-5.7.8 Username and Password not accepted. For more information, go to\n535 5.7.8  https://support.google.com/mail/?p=BadCredentials 41be03b00d2f7-b2eceb28d47sm9526912a12.24 - gsmtp","response":"535-5.7.8 Username and Password not accepted. For more information, go to\n535 5.7.8  https://support.google.com/mail/?p=BadCredentials 41be03b00d2f7-b2eceb28d47sm9526912a12.24 - gsmtp","responseCode":535,"service":"email-service","stack":"Error: Invalid login: 535-5.7.8 Username and Password not accepted. For more information, go to\n535 5.7.8  https://support.google.com/mail/?p=BadCredentials 41be03b00d2f7-b2eceb28d47sm9526912a12.24 - gsmtp\n    at SMTPConnection._formatError (D:\\SAP_BACKEND\\Sap_Backend\\backend\\node_modules\\nodemailer\\lib\\smtp-connection\\index.js:809:19)\n    at SMTPConnection._actionAUTHComplete (D:\\SAP_BACKEND\\Sap_Backend\\backend\\node_modules\\nodemailer\\lib\\smtp-connection\\index.js:1588:34)\n    at SMTPConnection.<anonymous> (D:\\SAP_BACKEND\\Sap_Backend\\backend\\node_modules\\nodemailer\\lib\\smtp-connection\\index.js:556:26)\n    at SMTPConnection._processResponse (D:\\SAP_BACKEND\\Sap_Backend\\backend\\node_modules\\nodemailer\\lib\\smtp-connection\\index.js:993:20)\n    at SMTPConnection._onData (D:\\SAP_BACKEND\\Sap_Backend\\backend\\node_modules\\nodemailer\\lib\\smtp-connection\\index.js:774:14)\n    at TLSSocket.SMTPConnection._onSocketData (D:\\SAP_BACKEND\\Sap_Backend\\backend\\node_modules\\nodemailer\\lib\\smtp-connection\\index.js:195:44)\n    at TLSSocket.emit (node:events:519:28)\n    at TLSSocket.emit (node:domain:488:12)\n    at addChunk (node:internal/streams/readable:559:12)\n    at readableAddChunkPushByteMode (node:internal/streams/readable:510:3)","timestamp":"2025-06-05T05:20:12.315Z"}
{"code":"EAUTH","command":"AUTH PLAIN","level":"error","message":"Error sending password reset OTP: Invalid login: 535-5.7.8 Username and Password not accepted. For more information, go to\n535 5.7.8  https://support.google.com/mail/?p=BadCredentials 98e67ed59e1d1-3132c0985e3sm619788a91.27 - gsmtp","response":"535-5.7.8 Username and Password not accepted. For more information, go to\n535 5.7.8  https://support.google.com/mail/?p=BadCredentials 98e67ed59e1d1-3132c0985e3sm619788a91.27 - gsmtp","responseCode":535,"service":"email-service","stack":"Error: Invalid login: 535-5.7.8 Username and Password not accepted. For more information, go to\n535 5.7.8  https://support.google.com/mail/?p=BadCredentials 98e67ed59e1d1-3132c0985e3sm619788a91.27 - gsmtp\n    at SMTPConnection._formatError (D:\\SAP_BACKEND\\Sap_Backend\\backend\\node_modules\\nodemailer\\lib\\smtp-connection\\index.js:809:19)\n    at SMTPConnection._actionAUTHComplete (D:\\SAP_BACKEND\\Sap_Backend\\backend\\node_modules\\nodemailer\\lib\\smtp-connection\\index.js:1588:34)\n    at SMTPConnection.<anonymous> (D:\\SAP_BACKEND\\Sap_Backend\\backend\\node_modules\\nodemailer\\lib\\smtp-connection\\index.js:556:26)\n    at SMTPConnection._processResponse (D:\\SAP_BACKEND\\Sap_Backend\\backend\\node_modules\\nodemailer\\lib\\smtp-connection\\index.js:993:20)\n    at SMTPConnection._onData (D:\\SAP_BACKEND\\Sap_Backend\\backend\\node_modules\\nodemailer\\lib\\smtp-connection\\index.js:774:14)\n    at TLSSocket.SMTPConnection._onSocketData (D:\\SAP_BACKEND\\Sap_Backend\\backend\\node_modules\\nodemailer\\lib\\smtp-connection\\index.js:195:44)\n    at TLSSocket.emit (node:events:519:28)\n    at TLSSocket.emit (node:domain:488:12)\n    at addChunk (node:internal/streams/readable:559:12)\n    at readableAddChunkPushByteMode (node:internal/streams/readable:510:3)","timestamp":"2025-06-05T05:22:49.351Z"}
{"error":"8C470000:error:0A00010B:SSL routines:ssl3_get_record:wrong version number:c:\\ws\\deps\\openssl\\openssl\\ssl\\record\\ssl3_record.c:355:\n","level":"error","message":"SMTP connection failed","service":"email-service","timestamp":"2025-06-05T05:25:05.769Z"}
{"code":"EAUTH","command":"AUTH PLAIN","level":"error","message":"Error sending password reset OTP: Invalid login: 535-5.7.8 Username and Password not accepted. For more information, go to\n535 5.7.8  https://support.google.com/mail/?p=BadCredentials d2e1a72fcca58-747afed33casm12029465b3a.73 - gsmtp","response":"535-5.7.8 Username and Password not accepted. For more information, go to\n535 5.7.8  https://support.google.com/mail/?p=BadCredentials d2e1a72fcca58-747afed33casm12029465b3a.73 - gsmtp","responseCode":535,"service":"email-service","stack":"Error: Invalid login: 535-5.7.8 Username and Password not accepted. For more information, go to\n535 5.7.8  https://support.google.com/mail/?p=BadCredentials d2e1a72fcca58-747afed33casm12029465b3a.73 - gsmtp\n    at SMTPConnection._formatError (D:\\SAP_BACKEND\\Sap_Backend\\backend\\node_modules\\nodemailer\\lib\\smtp-connection\\index.js:809:19)\n    at SMTPConnection._actionAUTHComplete (D:\\SAP_BACKEND\\Sap_Backend\\backend\\node_modules\\nodemailer\\lib\\smtp-connection\\index.js:1588:34)\n    at SMTPConnection.<anonymous> (D:\\SAP_BACKEND\\Sap_Backend\\backend\\node_modules\\nodemailer\\lib\\smtp-connection\\index.js:556:26)\n    at SMTPConnection._processResponse (D:\\SAP_BACKEND\\Sap_Backend\\backend\\node_modules\\nodemailer\\lib\\smtp-connection\\index.js:993:20)\n    at SMTPConnection._onData (D:\\SAP_BACKEND\\Sap_Backend\\backend\\node_modules\\nodemailer\\lib\\smtp-connection\\index.js:774:14)\n    at TLSSocket.SMTPConnection._onSocketData (D:\\SAP_BACKEND\\Sap_Backend\\backend\\node_modules\\nodemailer\\lib\\smtp-connection\\index.js:195:44)\n    at TLSSocket.emit (node:events:519:28)\n    at TLSSocket.emit (node:domain:488:12)\n    at addChunk (node:internal/streams/readable:559:12)\n    at readableAddChunkPushByteMode (node:internal/streams/readable:510:3)","timestamp":"2025-06-05T05:26:06.650Z"}
{"error":"64260000:error:0A00010B:SSL routines:ssl3_get_record:wrong version number:c:\\ws\\deps\\openssl\\openssl\\ssl\\record\\ssl3_record.c:355:\n","level":"error","message":"SMTP connection failed","service":"email-service","timestamp":"2025-06-05T05:27:25.609Z"}
{"code":"EAUTH","command":"AUTH PLAIN","level":"error","message":"Error sending password reset OTP: Invalid login: 535-5.7.8 Username and Password not accepted. For more information, go to\n535 5.7.8  https://support.google.com/mail/?p=BadCredentials 41be03b00d2f7-b2eceb02e93sm9607715a12.16 - gsmtp","response":"535-5.7.8 Username and Password not accepted. For more information, go to\n535 5.7.8  https://support.google.com/mail/?p=BadCredentials 41be03b00d2f7-b2eceb02e93sm9607715a12.16 - gsmtp","responseCode":535,"service":"email-service","stack":"Error: Invalid login: 535-5.7.8 Username and Password not accepted. For more information, go to\n535 5.7.8  https://support.google.com/mail/?p=BadCredentials 41be03b00d2f7-b2eceb02e93sm9607715a12.16 - gsmtp\n    at SMTPConnection._formatError (D:\\SAP_BACKEND\\Sap_Backend\\backend\\node_modules\\nodemailer\\lib\\smtp-connection\\index.js:809:19)\n    at SMTPConnection._actionAUTHComplete (D:\\SAP_BACKEND\\Sap_Backend\\backend\\node_modules\\nodemailer\\lib\\smtp-connection\\index.js:1588:34)\n    at SMTPConnection.<anonymous> (D:\\SAP_BACKEND\\Sap_Backend\\backend\\node_modules\\nodemailer\\lib\\smtp-connection\\index.js:556:26)\n    at SMTPConnection._processResponse (D:\\SAP_BACKEND\\Sap_Backend\\backend\\node_modules\\nodemailer\\lib\\smtp-connection\\index.js:993:20)\n    at SMTPConnection._onData (D:\\SAP_BACKEND\\Sap_Backend\\backend\\node_modules\\nodemailer\\lib\\smtp-connection\\index.js:774:14)\n    at TLSSocket.SMTPConnection._onSocketData (D:\\SAP_BACKEND\\Sap_Backend\\backend\\node_modules\\nodemailer\\lib\\smtp-connection\\index.js:195:44)\n    at TLSSocket.emit (node:events:519:28)\n    at TLSSocket.emit (node:domain:488:12)\n    at addChunk (node:internal/streams/readable:559:12)\n    at readableAddChunkPushByteMode (node:internal/streams/readable:510:3)","timestamp":"2025-06-05T05:27:42.056Z"}
{"error":"2C2C0000:error:0A00010B:SSL routines:ssl3_get_record:wrong version number:c:\\ws\\deps\\openssl\\openssl\\ssl\\record\\ssl3_record.c:355:\n","level":"error","message":"SMTP connection failed","service":"email-service","timestamp":"2025-06-05T05:34:29.276Z"}
{"code":"EAUTH","command":"AUTH PLAIN","level":"error","message":"Error sending password reset OTP: Invalid login: 535-5.7.8 Username and Password not accepted. For more information, go to\n535 5.7.8  https://support.google.com/mail/?p=BadCredentials 98e67ed59e1d1-31331902190sm408727a91.16 - gsmtp","response":"535-5.7.8 Username and Password not accepted. For more information, go to\n535 5.7.8  https://support.google.com/mail/?p=BadCredentials 98e67ed59e1d1-31331902190sm408727a91.16 - gsmtp","responseCode":535,"service":"email-service","stack":"Error: Invalid login: 535-5.7.8 Username and Password not accepted. For more information, go to\n535 5.7.8  https://support.google.com/mail/?p=BadCredentials 98e67ed59e1d1-31331902190sm408727a91.16 - gsmtp\n    at SMTPConnection._formatError (D:\\SAP_BACKEND\\Sap_Backend\\backend\\node_modules\\nodemailer\\lib\\smtp-connection\\index.js:809:19)\n    at SMTPConnection._actionAUTHComplete (D:\\SAP_BACKEND\\Sap_Backend\\backend\\node_modules\\nodemailer\\lib\\smtp-connection\\index.js:1588:34)\n    at SMTPConnection.<anonymous> (D:\\SAP_BACKEND\\Sap_Backend\\backend\\node_modules\\nodemailer\\lib\\smtp-connection\\index.js:556:26)\n    at SMTPConnection._processResponse (D:\\SAP_BACKEND\\Sap_Backend\\backend\\node_modules\\nodemailer\\lib\\smtp-connection\\index.js:993:20)\n    at SMTPConnection._onData (D:\\SAP_BACKEND\\Sap_Backend\\backend\\node_modules\\nodemailer\\lib\\smtp-connection\\index.js:774:14)\n    at TLSSocket.SMTPConnection._onSocketData (D:\\SAP_BACKEND\\Sap_Backend\\backend\\node_modules\\nodemailer\\lib\\smtp-connection\\index.js:195:44)\n    at TLSSocket.emit (node:events:519:28)\n    at TLSSocket.emit (node:domain:488:12)\n    at addChunk (node:internal/streams/readable:559:12)\n    at readableAddChunkPushByteMode (node:internal/streams/readable:510:3)","timestamp":"2025-06-05T05:41:09.987Z"}
{"error":"Invalid login: 535-5.7.8 Username and Password not accepted. For more information, go to\n535 5.7.8  https://support.google.com/mail/?p=BadCredentials d9443c01a7336-23506d14ab2sm112841635ad.233 - gsmtp","level":"error","message":"SMTP connection failed","service":"email-service","timestamp":"2025-06-05T06:31:46.244Z"}
{"error":"Invalid login: 535-5.7.8 Username and Password not accepted. For more information, go to\n535 5.7.8  https://support.google.com/mail/?p=BadCredentials 98e67ed59e1d1-3132bff665esm766505a91.9 - gsmtp","level":"error","message":"SMTP connection failed","service":"email-service","timestamp":"2025-06-05T06:33:52.811Z"}
{"code":"EAUTH","command":"AUTH PLAIN","level":"error","message":"Error sending password reset OTP: Invalid login: 535-5.7.8 Username and Password not accepted. For more information, go to\n535 5.7.8  https://support.google.com/mail/?p=BadCredentials d9443c01a7336-23506cf53b5sm113365045ad.176 - gsmtp","response":"535-5.7.8 Username and Password not accepted. For more information, go to\n535 5.7.8  https://support.google.com/mail/?p=BadCredentials d9443c01a7336-23506cf53b5sm113365045ad.176 - gsmtp","responseCode":535,"service":"email-service","stack":"Error: Invalid login: 535-5.7.8 Username and Password not accepted. For more information, go to\n535 5.7.8  https://support.google.com/mail/?p=BadCredentials d9443c01a7336-23506cf53b5sm113365045ad.176 - gsmtp\n    at SMTPConnection._formatError (D:\\SAP_BACKEND\\Sap_Backend\\backend\\node_modules\\nodemailer\\lib\\smtp-connection\\index.js:809:19)\n    at SMTPConnection._actionAUTHComplete (D:\\SAP_BACKEND\\Sap_Backend\\backend\\node_modules\\nodemailer\\lib\\smtp-connection\\index.js:1588:34)\n    at SMTPConnection.<anonymous> (D:\\SAP_BACKEND\\Sap_Backend\\backend\\node_modules\\nodemailer\\lib\\smtp-connection\\index.js:556:26)\n    at SMTPConnection._processResponse (D:\\SAP_BACKEND\\Sap_Backend\\backend\\node_modules\\nodemailer\\lib\\smtp-connection\\index.js:993:20)\n    at SMTPConnection._onData (D:\\SAP_BACKEND\\Sap_Backend\\backend\\node_modules\\nodemailer\\lib\\smtp-connection\\index.js:774:14)\n    at TLSSocket.SMTPConnection._onSocketData (D:\\SAP_BACKEND\\Sap_Backend\\backend\\node_modules\\nodemailer\\lib\\smtp-connection\\index.js:195:44)\n    at TLSSocket.emit (node:events:519:28)\n    at TLSSocket.emit (node:domain:488:12)\n    at addChunk (node:internal/streams/readable:559:12)\n    at readableAddChunkPushByteMode (node:internal/streams/readable:510:3)","timestamp":"2025-06-05T06:33:54.573Z"}
{"error":"Invalid login: 535-5.7.8 Username and Password not accepted. For more information, go to\n535 5.7.8  https://support.google.com/mail/?p=BadCredentials d9443c01a7336-235ecd9f89esm12084425ad.58 - gsmtp","level":"error","message":"SMTP connection failed","service":"email-service","timestamp":"2025-06-05T06:36:26.826Z"}
{"error":"Invalid login: 535-5.7.8 Username and Password not accepted. For more information, go to\n535 5.7.8  https://support.google.com/mail/?p=BadCredentials 41be03b00d2f7-b2f1c69634dsm981726a12.3 - gsmtp","level":"error","message":"SMTP connection failed","service":"email-service","timestamp":"2025-06-05T06:37:09.943Z"}
{"level":"info","message":"Creating email transporter with configuration:","pass":"*******************","service":"email-service","timestamp":"2025-06-05T06:38:05.173Z","user":"savaramsowmy87@gmail.com"}
{"error":"Invalid login: 535-5.7.8 Username and Password not accepted. For more information, go to\n535 5.7.8  https://support.google.com/mail/?p=BadCredentials d9443c01a7336-23506d14e0asm113084535ad.244 - gsmtp","level":"error","message":"SMTP connection failed","service":"email-service","timestamp":"2025-06-05T06:38:07.356Z"}
{"level":"info","message":"Creating email transporter with configuration:","pass":"*******************","service":"email-service","timestamp":"2025-06-05T06:38:29.871Z","user":"savaramsowmy87@gmail.com"}
{"error":"Invalid login: 535-5.7.8 Username and Password not accepted. For more information, go to\n535 5.7.8  https://support.google.com/mail/?p=BadCredentials 98e67ed59e1d1-3132c002728sm776425a91.14 - gsmtp","level":"error","message":"SMTP connection failed","service":"email-service","timestamp":"2025-06-05T06:38:32.340Z"}
{"level":"info","message":"Creating email transporter with configuration:","pass":"*******************","service":"email-service","timestamp":"2025-06-05T06:41:08.171Z","user":"savaramsowmy87@gmail.com"}
{"error":"Invalid login: 535-5.7.8 Username and Password not accepted. For more information, go to\n535 5.7.8  https://support.google.com/mail/?p=BadCredentials 98e67ed59e1d1-3132c0986b2sm775330a91.32 - gsmtp","level":"error","message":"SMTP connection failed","service":"email-service","timestamp":"2025-06-05T06:41:10.155Z"}
{"level":"info","message":"Creating email transporter with Gmail service","service":"email-service","timestamp":"2025-06-05T06:44:45.534Z"}
{"error":"Invalid login: 535-5.7.8 Username and Password not accepted. For more information, go to\n535 5.7.8  https://support.google.com/mail/?p=BadCredentials 41be03b00d2f7-b2eceb29cafsm8416120a12.28 - gsmtp","level":"error","message":"SMTP connection failed","service":"email-service","timestamp":"2025-06-05T06:44:48.101Z"}
{"level":"info","message":"Creating email transporter with Gmail service","service":"email-service","timestamp":"2025-06-05T06:46:29.391Z"}
{"level":"info","message":"Creating email transporter with Gmail service","service":"email-service","timestamp":"2025-06-05T07:03:17.716Z"}
{"error":"Invalid login: 535-5.7.8 Username and Password not accepted. For more information, go to\n535 5.7.8  https://support.google.com/mail/?p=BadCredentials d9443c01a7336-23506cd760dsm113774285ad.107 - gsmtp","level":"error","message":"SMTP connection failed","service":"email-service","timestamp":"2025-06-05T07:03:20.457Z"}
{"code":"EAUTH","command":"AUTH PLAIN","level":"error","message":"Error sending password reset OTP: Invalid login: 535-5.7.8 Username and Password not accepted. For more information, go to\n535 5.7.8  https://support.google.com/mail/?p=BadCredentials d9443c01a7336-23506bc8837sm115183655ad.18 - gsmtp","response":"535-5.7.8 Username and Password not accepted. For more information, go to\n535 5.7.8  https://support.google.com/mail/?p=BadCredentials d9443c01a7336-23506bc8837sm115183655ad.18 - gsmtp","responseCode":535,"service":"email-service","stack":"Error: Invalid login: 535-5.7.8 Username and Password not accepted. For more information, go to\n535 5.7.8  https://support.google.com/mail/?p=BadCredentials d9443c01a7336-23506bc8837sm115183655ad.18 - gsmtp\n    at SMTPConnection._formatError (D:\\SAP_BACKEND\\Sap_Backend\\backend\\node_modules\\nodemailer\\lib\\smtp-connection\\index.js:809:19)\n    at SMTPConnection._actionAUTHComplete (D:\\SAP_BACKEND\\Sap_Backend\\backend\\node_modules\\nodemailer\\lib\\smtp-connection\\index.js:1588:34)\n    at SMTPConnection.<anonymous> (D:\\SAP_BACKEND\\Sap_Backend\\backend\\node_modules\\nodemailer\\lib\\smtp-connection\\index.js:556:26)\n    at SMTPConnection._processResponse (D:\\SAP_BACKEND\\Sap_Backend\\backend\\node_modules\\nodemailer\\lib\\smtp-connection\\index.js:993:20)\n    at SMTPConnection._onData (D:\\SAP_BACKEND\\Sap_Backend\\backend\\node_modules\\nodemailer\\lib\\smtp-connection\\index.js:774:14)\n    at TLSSocket.SMTPConnection._onSocketData (D:\\SAP_BACKEND\\Sap_Backend\\backend\\node_modules\\nodemailer\\lib\\smtp-connection\\index.js:195:44)\n    at TLSSocket.emit (node:events:519:28)\n    at TLSSocket.emit (node:domain:488:12)\n    at addChunk (node:internal/streams/readable:559:12)\n    at readableAddChunkPushByteMode (node:internal/streams/readable:510:3)","timestamp":"2025-06-05T09:13:51.983Z"}
{"level":"info","message":"Creating email transporter with standard SMTP settings","service":"email-service","timestamp":"2025-06-05T09:19:31.412Z"}
{"level":"info","message":"SMTP connection established successfully","service":"email-service","timestamp":"2025-06-05T09:19:33.988Z"}
{"level":"info","message":"Creating email transporter with standard SMTP settings","service":"email-service","timestamp":"2025-06-05T09:20:50.059Z"}
{"level":"info","message":"SMTP connection established successfully","service":"email-service","timestamp":"2025-06-05T09:20:52.951Z"}
{"level":"info","message":"Email sent successfully","messageId":"<f75b2fa8-0756-6947-4356-c5c209c3b43f@example.com>","service":"email-service","timestamp":"2025-06-05T09:21:45.337Z","to":"theja4386@gmail.com"}
{"level":"info","message":"Creating email transporter with standard SMTP settings","service":"email-service","timestamp":"2025-06-05T09:36:59.311Z"}
{"level":"info","message":"SMTP connection established successfully","service":"email-service","timestamp":"2025-06-05T09:37:02.125Z"}
{"level":"info","message":"Creating email transporter with standard SMTP settings","service":"email-service","timestamp":"2025-06-05T09:49:33.541Z"}
{"level":"info","message":"SMTP connection established successfully","service":"email-service","timestamp":"2025-06-05T09:49:36.495Z"}
{"level":"info","message":"Creating email transporter with standard SMTP settings","service":"email-service","timestamp":"2025-06-05T09:50:29.170Z"}
{"level":"info","message":"SMTP connection established successfully","service":"email-service","timestamp":"2025-06-05T09:50:32.001Z"}
{"level":"info","message":"Creating email transporter with standard SMTP settings","service":"email-service","timestamp":"2025-06-05T09:52:05.626Z"}
{"level":"info","message":"SMTP connection established successfully","service":"email-service","timestamp":"2025-06-05T09:52:08.149Z"}
{"level":"info","message":"Creating email transporter with standard SMTP settings","service":"email-service","timestamp":"2025-06-05T09:53:29.442Z"}
{"level":"info","message":"SMTP connection established successfully","service":"email-service","timestamp":"2025-06-05T09:53:32.265Z"}
{"level":"info","message":"Creating email transporter with standard SMTP settings","service":"email-service","timestamp":"2025-06-05T09:58:47.678Z"}
{"level":"info","message":"SMTP connection established successfully","service":"email-service","timestamp":"2025-06-05T09:58:50.318Z"}
{"level":"info","message":"Creating email transporter with standard SMTP settings","service":"email-service","timestamp":"2025-06-05T09:59:10.965Z"}
{"level":"info","message":"SMTP connection established successfully","service":"email-service","timestamp":"2025-06-05T09:59:13.514Z"}
{"level":"info","message":"Creating email transporter with standard SMTP settings","service":"email-service","timestamp":"2025-06-05T09:59:32.011Z"}
{"level":"info","message":"SMTP connection established successfully","service":"email-service","timestamp":"2025-06-05T09:59:34.518Z"}
{"level":"info","message":"Creating email transporter with standard SMTP settings","service":"email-service","timestamp":"2025-06-05T09:59:58.028Z"}
{"level":"info","message":"SMTP connection established successfully","service":"email-service","timestamp":"2025-06-05T10:00:00.986Z"}
{"level":"info","message":"Creating email transporter with standard SMTP settings","service":"email-service","timestamp":"2025-06-05T10:02:41.174Z"}
{"level":"info","message":"SMTP connection established successfully","service":"email-service","timestamp":"2025-06-05T10:02:44.880Z"}
{"level":"info","message":"Creating email transporter with standard SMTP settings","service":"email-service","timestamp":"2025-06-05T10:04:17.877Z"}
{"level":"info","message":"SMTP connection established successfully","service":"email-service","timestamp":"2025-06-05T10:04:20.533Z"}
{"level":"info","message":"Creating email transporter with standard SMTP settings","service":"email-service","timestamp":"2025-06-05T10:06:37.115Z"}
{"level":"info","message":"SMTP connection established successfully","service":"email-service","timestamp":"2025-06-05T10:06:39.981Z"}
{"level":"info","message":"Creating email transporter with standard SMTP settings","service":"email-service","timestamp":"2025-06-05T10:08:42.296Z"}
{"level":"info","message":"SMTP connection established successfully","service":"email-service","timestamp":"2025-06-05T10:08:45.191Z"}
{"level":"info","message":"Creating email transporter with standard SMTP settings","service":"email-service","timestamp":"2025-06-05T10:09:01.090Z"}
{"level":"info","message":"SMTP connection established successfully","service":"email-service","timestamp":"2025-06-05T10:09:05.058Z"}
{"level":"info","message":"Creating email transporter with standard SMTP settings","service":"email-service","timestamp":"2025-06-05T10:31:38.533Z"}
{"level":"info","message":"SMTP connection established successfully","service":"email-service","timestamp":"2025-06-05T10:31:41.699Z"}
{"level":"info","message":"Creating email transporter with standard SMTP settings","service":"email-service","timestamp":"2025-06-05T10:50:34.012Z"}
{"level":"info","message":"SMTP connection established successfully","service":"email-service","timestamp":"2025-06-05T10:50:36.932Z"}
>>>>>>> 2a56d706505379ec4c288eb7427895d7f8dc214d
