{"level":"info","message":"Initializing Mock MongoDB Client","service":"mock-database","timestamp":"2025-05-14T09:12:55.331Z"}
{"level":"info","message":"Initializing Mock PostgreSQL Client","service":"mock-database","timestamp":"2025-05-14T09:12:55.333Z"}
{"level":"info","message":"Initializing Mock Redis Client","service":"mock-database","timestamp":"2025-05-14T09:12:55.334Z"}
{"level":"info","message":"Initializing Mock Elasticsearch Client","service":"mock-database","timestamp":"2025-05-14T09:12:55.335Z"}
{"level":"info","message":"Mock Redis connected","service":"mock-database","timestamp":"2025-05-14T09:12:55.866Z"}
{"level":"info","message":"Mock PostgreSQL connected","service":"mock-database","timestamp":"2025-05-14T09:12:56.081Z"}
{"level":"info","message":"Mock Elasticsearch connected","service":"mock-database","timestamp":"2025-05-14T09:12:56.105Z"}
{"level":"info","message":"Mock MongoDB connected","service":"mock-database","timestamp":"2025-05-14T09:13:00.893Z"}
{"level":"info","message":"Initializing Mock MongoDB Client","service":"mock-database","timestamp":"2025-05-14T10:33:41.554Z"}
{"level":"info","message":"Initializing Mock PostgreSQL Client","service":"mock-database","timestamp":"2025-05-14T10:33:41.556Z"}
{"level":"info","message":"Initializing Mock Redis Client","service":"mock-database","timestamp":"2025-05-14T10:33:41.557Z"}
{"level":"info","message":"Initializing Mock Elasticsearch Client","service":"mock-database","timestamp":"2025-05-14T10:33:41.558Z"}
{"level":"info","message":"Mock Redis connected","service":"mock-database","timestamp":"2025-05-14T10:33:42.220Z"}
{"level":"info","message":"Mock PostgreSQL connected","service":"mock-database","timestamp":"2025-05-14T10:33:42.475Z"}
{"level":"info","message":"Mock Elasticsearch connected","service":"mock-database","timestamp":"2025-05-14T10:33:42.516Z"}
{"level":"info","message":"Mock PostgreSQL connected","service":"mock-database","timestamp":"2025-05-14T10:33:42.600Z"}
{"level":"info","message":"Initializing Mock MongoDB Client","service":"mock-database","timestamp":"2025-05-14T10:45:55.162Z"}
{"level":"info","message":"Initializing Mock PostgreSQL Client","service":"mock-database","timestamp":"2025-05-14T10:45:55.165Z"}
{"level":"info","message":"Initializing Mock Redis Client","service":"mock-database","timestamp":"2025-05-14T10:45:55.166Z"}
{"level":"info","message":"Initializing Mock Elasticsearch Client","service":"mock-database","timestamp":"2025-05-14T10:45:55.167Z"}
{"level":"info","message":"Mock Redis connected","service":"mock-database","timestamp":"2025-05-14T10:45:55.830Z"}
{"level":"info","message":"Mock PostgreSQL connected","service":"mock-database","timestamp":"2025-05-14T10:45:56.037Z"}
{"level":"info","message":"Mock Elasticsearch connected","service":"mock-database","timestamp":"2025-05-14T10:45:56.061Z"}
{"level":"info","message":"Mock PostgreSQL connected","service":"mock-database","timestamp":"2025-05-14T10:45:56.081Z"}
{"level":"info","message":"Initializing Mock MongoDB Client","service":"mock-database","timestamp":"2025-05-14T10:59:02.222Z"}
{"level":"info","message":"Initializing Mock PostgreSQL Client","service":"mock-database","timestamp":"2025-05-14T10:59:02.223Z"}
{"level":"info","message":"Initializing Mock Redis Client","service":"mock-database","timestamp":"2025-05-14T10:59:02.224Z"}
{"level":"info","message":"Initializing Mock Elasticsearch Client","service":"mock-database","timestamp":"2025-05-14T10:59:02.225Z"}
{"level":"info","message":"Mock Redis connected","service":"mock-database","timestamp":"2025-05-14T10:59:02.765Z"}
{"level":"info","message":"Mock PostgreSQL connected","service":"mock-database","timestamp":"2025-05-14T10:59:02.984Z"}
{"level":"info","message":"Mock Elasticsearch connected","service":"mock-database","timestamp":"2025-05-14T10:59:02.998Z"}
{"level":"info","message":"Mock PostgreSQL connected","service":"mock-database","timestamp":"2025-05-14T10:59:03.075Z"}
{"level":"info","message":"Initializing Mock MongoDB Client","service":"mock-database","timestamp":"2025-05-14T11:01:43.895Z"}
{"level":"info","message":"Initializing Mock PostgreSQL Client","service":"mock-database","timestamp":"2025-05-14T11:01:43.897Z"}
{"level":"info","message":"Initializing Mock Redis Client","service":"mock-database","timestamp":"2025-05-14T11:01:43.898Z"}
{"level":"info","message":"Initializing Mock Elasticsearch Client","service":"mock-database","timestamp":"2025-05-14T11:01:43.899Z"}
{"level":"info","message":"Mock Redis connected","service":"mock-database","timestamp":"2025-05-14T11:01:44.383Z"}
{"level":"info","message":"Mock PostgreSQL connected","service":"mock-database","timestamp":"2025-05-14T11:01:44.596Z"}
{"level":"info","message":"Mock Elasticsearch connected","service":"mock-database","timestamp":"2025-05-14T11:01:44.609Z"}
{"level":"info","message":"Mock PostgreSQL connected","service":"mock-database","timestamp":"2025-05-14T11:01:44.625Z"}
{"level":"info","message":"Initializing Mock MongoDB Client","service":"mock-database","timestamp":"2025-05-14T11:05:30.801Z"}
{"level":"info","message":"Initializing Mock PostgreSQL Client","service":"mock-database","timestamp":"2025-05-14T11:05:30.803Z"}
{"level":"info","message":"Initializing Mock Redis Client","service":"mock-database","timestamp":"2025-05-14T11:05:30.804Z"}
{"level":"info","message":"Initializing Mock Elasticsearch Client","service":"mock-database","timestamp":"2025-05-14T11:05:30.805Z"}
{"level":"info","message":"Mock Redis connected","service":"mock-database","timestamp":"2025-05-14T11:05:31.243Z"}
{"level":"info","message":"Mock PostgreSQL connected","service":"mock-database","timestamp":"2025-05-14T11:05:31.427Z"}
{"level":"info","message":"Mock Elasticsearch connected","service":"mock-database","timestamp":"2025-05-14T11:05:31.442Z"}
{"level":"info","message":"Mock PostgreSQL connected","service":"mock-database","timestamp":"2025-05-14T11:05:31.559Z"}
{"level":"info","message":"Initializing Mock MongoDB Client","service":"mock-database","timestamp":"2025-05-14T11:39:58.486Z"}
{"level":"info","message":"Initializing Mock PostgreSQL Client","service":"mock-database","timestamp":"2025-05-14T11:39:58.488Z"}
{"level":"info","message":"Initializing Mock Redis Client","service":"mock-database","timestamp":"2025-05-14T11:39:58.490Z"}
{"level":"info","message":"Initializing Mock Elasticsearch Client","service":"mock-database","timestamp":"2025-05-14T11:39:58.491Z"}
{"level":"info","message":"Mock Redis connected","service":"mock-database","timestamp":"2025-05-14T11:39:59.293Z"}
{"level":"info","message":"Mock PostgreSQL connected","service":"mock-database","timestamp":"2025-05-14T11:39:59.663Z"}
{"level":"info","message":"Mock PostgreSQL connected","service":"mock-database","timestamp":"2025-05-14T11:39:59.767Z"}
{"level":"info","message":"Initializing Mock MongoDB Client","service":"mock-database","timestamp":"2025-05-14T11:40:32.231Z"}
{"level":"info","message":"Initializing Mock PostgreSQL Client","service":"mock-database","timestamp":"2025-05-14T11:40:32.233Z"}
{"level":"info","message":"Initializing Mock Redis Client","service":"mock-database","timestamp":"2025-05-14T11:40:32.234Z"}
{"level":"info","message":"Initializing Mock Elasticsearch Client","service":"mock-database","timestamp":"2025-05-14T11:40:32.235Z"}
{"level":"info","message":"Mock Redis connected","service":"mock-database","timestamp":"2025-05-14T11:40:32.806Z"}
{"level":"info","message":"Mock PostgreSQL connected","service":"mock-database","timestamp":"2025-05-14T11:40:33.135Z"}
{"level":"info","message":"Mock PostgreSQL connected","service":"mock-database","timestamp":"2025-05-14T11:40:33.171Z"}
{"level":"info","message":"Initializing Mock MongoDB Client","service":"mock-database","timestamp":"2025-05-14T12:50:23.703Z"}
{"level":"info","message":"Initializing Mock PostgreSQL Client","service":"mock-database","timestamp":"2025-05-14T12:50:23.705Z"}
{"level":"info","message":"Initializing Mock Redis Client","service":"mock-database","timestamp":"2025-05-14T12:50:23.705Z"}
{"level":"info","message":"Initializing Mock Elasticsearch Client","service":"mock-database","timestamp":"2025-05-14T12:50:23.706Z"}
{"level":"info","message":"Mock Redis connected","service":"mock-database","timestamp":"2025-05-14T12:50:24.500Z"}
{"level":"info","message":"Mock PostgreSQL connected","service":"mock-database","timestamp":"2025-05-14T12:50:24.826Z"}
{"level":"info","message":"Mock PostgreSQL connected","service":"mock-database","timestamp":"2025-05-14T12:50:24.836Z"}
{"level":"info","message":"Initializing Mock MongoDB Client","service":"mock-database","timestamp":"2025-05-15T02:23:35.990Z"}
{"level":"info","message":"Initializing Mock PostgreSQL Client","service":"mock-database","timestamp":"2025-05-15T02:23:35.992Z"}
{"level":"info","message":"Initializing Mock Redis Client","service":"mock-database","timestamp":"2025-05-15T02:23:35.994Z"}
{"level":"info","message":"Initializing Mock Elasticsearch Client","service":"mock-database","timestamp":"2025-05-15T02:23:35.995Z"}
{"level":"info","message":"Mock Redis connected","service":"mock-database","timestamp":"2025-05-15T02:23:36.466Z"}
{"level":"info","message":"Mock Elasticsearch connected","service":"mock-database","timestamp":"2025-05-15T02:23:36.507Z"}
{"level":"info","message":"Initializing Mock MongoDB Client","service":"mock-database","timestamp":"2025-05-15T02:25:35.400Z"}
{"level":"info","message":"Initializing Mock PostgreSQL Client","service":"mock-database","timestamp":"2025-05-15T02:25:35.402Z"}
{"level":"info","message":"Initializing Mock Redis Client","service":"mock-database","timestamp":"2025-05-15T02:25:35.403Z"}
{"level":"info","message":"Initializing Mock Elasticsearch Client","service":"mock-database","timestamp":"2025-05-15T02:25:35.404Z"}
{"level":"info","message":"Mock Redis connected","service":"mock-database","timestamp":"2025-05-15T02:25:35.818Z"}
{"level":"info","message":"Mock Elasticsearch connected","service":"mock-database","timestamp":"2025-05-15T02:25:35.854Z"}
{"level":"info","message":"Initializing Mock MongoDB Client","service":"mock-database","timestamp":"2025-05-15T02:41:34.020Z"}
{"level":"info","message":"Initializing Mock PostgreSQL Client","service":"mock-database","timestamp":"2025-05-15T02:41:34.022Z"}
{"level":"info","message":"Initializing Mock Redis Client","service":"mock-database","timestamp":"2025-05-15T02:41:34.023Z"}
{"level":"info","message":"Initializing Mock Elasticsearch Client","service":"mock-database","timestamp":"2025-05-15T02:41:34.024Z"}
{"level":"info","message":"Mock Redis connected","service":"mock-database","timestamp":"2025-05-15T02:41:34.551Z"}
{"level":"info","message":"Mock Elasticsearch connected","service":"mock-database","timestamp":"2025-05-15T02:41:34.586Z"}
{"level":"info","message":"Initializing Mock MongoDB Client","service":"mock-database","timestamp":"2025-05-15T04:17:32.702Z"}
{"level":"info","message":"Initializing Mock PostgreSQL Client","service":"mock-database","timestamp":"2025-05-15T04:17:32.704Z"}
{"level":"info","message":"Initializing Mock Redis Client","service":"mock-database","timestamp":"2025-05-15T04:17:32.705Z"}
{"level":"info","message":"Initializing Mock Elasticsearch Client","service":"mock-database","timestamp":"2025-05-15T04:17:32.706Z"}
{"level":"info","message":"Mock Redis connected","service":"mock-database","timestamp":"2025-05-15T04:17:33.340Z"}
{"level":"info","message":"Mock Elasticsearch connected","service":"mock-database","timestamp":"2025-05-15T04:17:33.385Z"}
{"level":"info","message":"Initializing Mock MongoDB Client","service":"mock-database","timestamp":"2025-05-15T04:18:55.334Z"}
{"level":"info","message":"Initializing Mock PostgreSQL Client","service":"mock-database","timestamp":"2025-05-15T04:18:55.336Z"}
{"level":"info","message":"Initializing Mock Redis Client","service":"mock-database","timestamp":"2025-05-15T04:18:55.337Z"}
{"level":"info","message":"Initializing Mock Elasticsearch Client","service":"mock-database","timestamp":"2025-05-15T04:18:55.338Z"}
{"level":"info","message":"Mock Redis connected","service":"mock-database","timestamp":"2025-05-15T04:18:55.787Z"}
{"level":"info","message":"Mock Elasticsearch connected","service":"mock-database","timestamp":"2025-05-15T04:18:55.832Z"}
{"level":"info","message":"Initializing Mock MongoDB Client","service":"mock-database","timestamp":"2025-05-15T04:44:37.801Z"}
{"level":"info","message":"Initializing Mock PostgreSQL Client","service":"mock-database","timestamp":"2025-05-15T04:44:37.803Z"}
{"level":"info","message":"Initializing Mock Redis Client","service":"mock-database","timestamp":"2025-05-15T04:44:37.804Z"}
{"level":"info","message":"Initializing Mock Elasticsearch Client","service":"mock-database","timestamp":"2025-05-15T04:44:37.805Z"}
{"level":"info","message":"Mock Redis connected","service":"mock-database","timestamp":"2025-05-15T04:44:38.380Z"}
{"level":"info","message":"Mock Elasticsearch connected","service":"mock-database","timestamp":"2025-05-15T04:44:38.432Z"}
{"level":"info","message":"Initializing Mock MongoDB Client","service":"mock-database","timestamp":"2025-05-15T05:14:40.204Z"}
{"level":"info","message":"Initializing Mock PostgreSQL Client","service":"mock-database","timestamp":"2025-05-15T05:14:40.207Z"}
{"level":"info","message":"Initializing Mock Redis Client","service":"mock-database","timestamp":"2025-05-15T05:14:40.208Z"}
{"level":"info","message":"Initializing Mock Elasticsearch Client","service":"mock-database","timestamp":"2025-05-15T05:14:40.211Z"}
{"level":"info","message":"Mock Redis connected","service":"mock-database","timestamp":"2025-05-15T05:14:40.866Z"}
{"level":"info","message":"Mock Elasticsearch connected","service":"mock-database","timestamp":"2025-05-15T05:14:40.924Z"}
{"level":"info","message":"Initializing Mock MongoDB Client","service":"mock-database","timestamp":"2025-05-15T05:34:50.262Z"}
{"level":"info","message":"Initializing Mock PostgreSQL Client","service":"mock-database","timestamp":"2025-05-15T05:34:50.263Z"}
{"level":"info","message":"Initializing Mock Redis Client","service":"mock-database","timestamp":"2025-05-15T05:34:50.264Z"}
{"level":"info","message":"Initializing Mock Elasticsearch Client","service":"mock-database","timestamp":"2025-05-15T05:34:50.265Z"}
{"level":"info","message":"Mock MongoDB connected","service":"mock-database","timestamp":"2025-05-15T05:34:50.759Z"}
{"level":"info","message":"Mock MongoDB connected","service":"mock-database","timestamp":"2025-05-15T05:34:50.762Z"}
{"level":"info","message":"Mock Redis connected","service":"mock-database","timestamp":"2025-05-15T05:34:50.770Z"}
{"level":"info","message":"Mock Elasticsearch connected","service":"mock-database","timestamp":"2025-05-15T05:34:50.805Z"}
{"level":"info","message":"Mock Elasticsearch connected","service":"mock-database","timestamp":"2025-05-15T05:34:50.807Z"}
{"level":"info","message":"Initializing Mock MongoDB Client","service":"mock-database","timestamp":"2025-05-15T05:38:28.128Z"}
{"level":"info","message":"Initializing Mock PostgreSQL Client","service":"mock-database","timestamp":"2025-05-15T05:38:28.130Z"}
{"level":"info","message":"Initializing Mock Redis Client","service":"mock-database","timestamp":"2025-05-15T05:38:28.131Z"}
{"level":"info","message":"Initializing Mock Elasticsearch Client","service":"mock-database","timestamp":"2025-05-15T05:38:28.132Z"}
{"level":"info","message":"Mock Redis connected","service":"mock-database","timestamp":"2025-05-15T05:38:28.568Z"}
{"level":"info","message":"Mock Elasticsearch connected","service":"mock-database","timestamp":"2025-05-15T05:38:28.599Z"}
{"level":"info","message":"Initializing Mock MongoDB Client","service":"mock-database","timestamp":"2025-05-15T05:49:05.140Z"}
{"level":"info","message":"Initializing Mock PostgreSQL Client","service":"mock-database","timestamp":"2025-05-15T05:49:05.141Z"}
{"level":"info","message":"Initializing Mock Redis Client","service":"mock-database","timestamp":"2025-05-15T05:49:05.142Z"}
{"level":"info","message":"Initializing Mock Elasticsearch Client","service":"mock-database","timestamp":"2025-05-15T05:49:05.143Z"}
{"level":"info","message":"Mock Redis connected","service":"mock-database","timestamp":"2025-05-15T05:49:05.635Z"}
{"level":"info","message":"Mock Elasticsearch connected","service":"mock-database","timestamp":"2025-05-15T05:49:05.662Z"}
{"level":"info","message":"Initializing Mock MongoDB Client","service":"mock-database","timestamp":"2025-05-15T05:49:28.634Z"}
{"level":"info","message":"Initializing Mock PostgreSQL Client","service":"mock-database","timestamp":"2025-05-15T05:49:28.636Z"}
{"level":"info","message":"Initializing Mock Redis Client","service":"mock-database","timestamp":"2025-05-15T05:49:28.637Z"}
{"level":"info","message":"Initializing Mock Elasticsearch Client","service":"mock-database","timestamp":"2025-05-15T05:49:28.638Z"}
{"level":"info","message":"Mock Redis connected","service":"mock-database","timestamp":"2025-05-15T05:49:29.069Z"}
{"level":"info","message":"Mock Elasticsearch connected","service":"mock-database","timestamp":"2025-05-15T05:49:29.109Z"}
{"level":"info","message":"Initializing Mock MongoDB Client","service":"mock-database","timestamp":"2025-05-15T05:51:49.914Z"}
{"level":"info","message":"Initializing Mock PostgreSQL Client","service":"mock-database","timestamp":"2025-05-15T05:51:49.916Z"}
{"level":"info","message":"Initializing Mock Redis Client","service":"mock-database","timestamp":"2025-05-15T05:51:49.916Z"}
{"level":"info","message":"Initializing Mock Elasticsearch Client","service":"mock-database","timestamp":"2025-05-15T05:51:49.917Z"}
{"level":"info","message":"Mock Redis connected","service":"mock-database","timestamp":"2025-05-15T05:51:50.348Z"}
{"level":"info","message":"Mock Elasticsearch connected","service":"mock-database","timestamp":"2025-05-15T05:51:50.382Z"}
{"level":"info","message":"Initializing Mock MongoDB Client","service":"mock-database","timestamp":"2025-05-15T06:07:48.008Z"}
{"level":"info","message":"Initializing Mock PostgreSQL Client","service":"mock-database","timestamp":"2025-05-15T06:07:48.010Z"}
{"level":"info","message":"Initializing Mock Redis Client","service":"mock-database","timestamp":"2025-05-15T06:07:48.011Z"}
{"level":"info","message":"Initializing Mock Elasticsearch Client","service":"mock-database","timestamp":"2025-05-15T06:07:48.012Z"}
{"level":"info","message":"Mock Redis connected","service":"mock-database","timestamp":"2025-05-15T06:07:48.735Z"}
{"level":"info","message":"Mock Elasticsearch connected","service":"mock-database","timestamp":"2025-05-15T06:07:48.786Z"}
{"level":"info","message":"Initializing Mock MongoDB Client","service":"mock-database","timestamp":"2025-05-15T07:35:23.075Z"}
{"level":"info","message":"Initializing Mock PostgreSQL Client","service":"mock-database","timestamp":"2025-05-15T07:35:23.083Z"}
{"level":"info","message":"Initializing Mock Redis Client","service":"mock-database","timestamp":"2025-05-15T07:35:23.086Z"}
{"level":"info","message":"Initializing Mock Elasticsearch Client","service":"mock-database","timestamp":"2025-05-15T07:35:23.088Z"}
{"level":"info","message":"Mock Redis connected","service":"mock-database","timestamp":"2025-05-15T07:35:23.783Z"}
{"level":"info","message":"Mock Elasticsearch connected","service":"mock-database","timestamp":"2025-05-15T07:35:23.862Z"}
{"level":"info","message":"Mock Elasticsearch connected","service":"mock-database","timestamp":"2025-05-15T07:35:23.866Z"}
{"level":"info","message":"Initializing Mock MongoDB Client","service":"mock-database","timestamp":"2025-05-15T07:40:13.642Z"}
{"level":"info","message":"Initializing Mock PostgreSQL Client","service":"mock-database","timestamp":"2025-05-15T07:40:13.644Z"}
{"level":"info","message":"Initializing Mock Redis Client","service":"mock-database","timestamp":"2025-05-15T07:40:13.645Z"}
{"level":"info","message":"Initializing Mock Elasticsearch Client","service":"mock-database","timestamp":"2025-05-15T07:40:13.645Z"}
{"level":"info","message":"Mock Redis connected","service":"mock-database","timestamp":"2025-05-15T07:40:14.211Z"}
{"level":"info","message":"Mock Elasticsearch connected","service":"mock-database","timestamp":"2025-05-15T07:40:14.244Z"}
