{"database":"sap_db","error":"password authentication failed for user \"postgres\"","host":"localhost","level":"error","message":"PostgreSQL connection test failed","service":"postgres-client","timestamp":"2025-05-14T09:12:55.998Z","user":"postgres"}
{"database":"sap_db","error":"password authentication failed for user \"postgres\"","host":"localhost","level":"error","message":"PostgreSQL connection test failed","service":"postgres-client","timestamp":"2025-05-14T09:12:56.015Z","user":"postgres"}
{"code":"28P01","error":"password authentication failed for user \"postgres\"","level":"error","message":"Query error","query":"SELECT NOW()","service":"postgres-client","timestamp":"2025-05-14T09:12:56.073Z"}
{"level":"error","message":"PostgreSQL authentication failed. Please check your credentials in the configuration.","service":"postgres-client","timestamp":"2025-05-14T09:12:56.075Z"}
{"database":"sap_db","error":"password authentication failed for user \"postgres\"","host":"localhost","level":"error","message":"PostgreSQL connection test failed","service":"postgres-client","timestamp":"2025-05-14T10:33:42.373Z","user":"postgres"}
{"database":"sap_db","error":"password authentication failed for user \"postgres\"","host":"localhost","level":"error","message":"PostgreSQL connection test failed","service":"postgres-client","timestamp":"2025-05-14T10:33:42.395Z","user":"postgres"}
{"code":"28P01","error":"password authentication failed for user \"postgres\"","level":"error","message":"Query error","query":"SELECT NOW()","service":"postgres-client","timestamp":"2025-05-14T10:33:42.463Z"}
{"level":"error","message":"PostgreSQL authentication failed. Please check your credentials in the configuration.","service":"postgres-client","timestamp":"2025-05-14T10:33:42.467Z"}
{"database":"sap_db","error":"password authentication failed for user \"postgres\"","host":"localhost","level":"error","message":"PostgreSQL connection test failed","service":"postgres-client","timestamp":"2025-05-14T10:33:42.496Z","user":"postgres"}
{"code":"28P01","error":"password authentication failed for user \"postgres\"","level":"error","message":"Query error","query":"SELECT NOW()","service":"postgres-client","timestamp":"2025-05-14T10:33:42.578Z"}
{"level":"error","message":"PostgreSQL authentication failed. Please check your credentials in the configuration.","service":"postgres-client","timestamp":"2025-05-14T10:33:42.586Z"}
{"error":"Called end on pool more than once","level":"error","message":"Error closing PostgreSQL connection pool","service":"postgres-client","timestamp":"2025-05-14T10:45:41.139Z"}
{"database":"sap_db","error":"password authentication failed for user \"postgres\"","host":"localhost","level":"error","message":"PostgreSQL connection test failed","service":"postgres-client","timestamp":"2025-05-14T10:45:55.960Z","user":"postgres"}
{"database":"sap_db","error":"password authentication failed for user \"postgres\"","host":"localhost","level":"error","message":"PostgreSQL connection test failed","service":"postgres-client","timestamp":"2025-05-14T10:45:55.963Z","user":"postgres"}
{"database":"sap_db","error":"password authentication failed for user \"postgres\"","host":"localhost","level":"error","message":"PostgreSQL connection test failed","service":"postgres-client","timestamp":"2025-05-14T10:45:55.983Z","user":"postgres"}
{"code":"28P01","error":"password authentication failed for user \"postgres\"","level":"error","message":"Query error","query":"SELECT NOW()","service":"postgres-client","timestamp":"2025-05-14T10:45:56.033Z"}
{"level":"error","message":"PostgreSQL authentication failed. Please check your credentials in the configuration.","service":"postgres-client","timestamp":"2025-05-14T10:45:56.034Z"}
{"code":"28P01","error":"password authentication failed for user \"postgres\"","level":"error","message":"Query error","query":"SELECT NOW()","service":"postgres-client","timestamp":"2025-05-14T10:45:56.076Z"}
{"level":"error","message":"PostgreSQL authentication failed. Please check your credentials in the configuration.","service":"postgres-client","timestamp":"2025-05-14T10:45:56.078Z"}
{"error":"Called end on pool more than once","level":"error","message":"Error closing PostgreSQL connection pool","service":"postgres-client","timestamp":"2025-05-14T10:57:28.483Z"}
{"database":"sap_db","error":"password authentication failed for user \"postgres\"","host":"localhost","level":"error","message":"PostgreSQL connection test failed","service":"postgres-client","timestamp":"2025-05-14T10:59:02.889Z","user":"postgres"}
{"database":"sap_db","error":"password authentication failed for user \"postgres\"","host":"localhost","level":"error","message":"PostgreSQL connection test failed","service":"postgres-client","timestamp":"2025-05-14T10:59:02.908Z","user":"postgres"}
{"database":"sap_db","error":"read ECONNRESET","host":"localhost","level":"error","message":"PostgreSQL connection test failed","service":"postgres-client","timestamp":"2025-05-14T10:59:02.914Z","user":"postgres"}
{"code":"28P01","error":"password authentication failed for user \"postgres\"","level":"error","message":"Query error","query":"SELECT NOW()","service":"postgres-client","timestamp":"2025-05-14T10:59:02.981Z"}
{"level":"error","message":"PostgreSQL authentication failed. Please check your credentials in the configuration.","service":"postgres-client","timestamp":"2025-05-14T10:59:02.981Z"}
{"code":"28P01","error":"password authentication failed for user \"postgres\"","level":"error","message":"Query error","query":"SELECT NOW()","service":"postgres-client","timestamp":"2025-05-14T10:59:03.073Z"}
{"level":"error","message":"PostgreSQL authentication failed. Please check your credentials in the configuration.","service":"postgres-client","timestamp":"2025-05-14T10:59:03.073Z"}
{"error":"Called end on pool more than once","level":"error","message":"Error closing PostgreSQL connection pool","service":"postgres-client","timestamp":"2025-05-14T11:01:32.440Z"}
{"database":"sap_db","error":"password authentication failed for user \"postgres\"","host":"localhost","level":"error","message":"PostgreSQL connection test failed","service":"postgres-client","timestamp":"2025-05-14T11:01:44.512Z","user":"postgres"}
{"database":"sap_db","error":"read ECONNRESET","host":"localhost","level":"error","message":"PostgreSQL connection test failed","service":"postgres-client","timestamp":"2025-05-14T11:01:44.519Z","user":"postgres"}
{"database":"sap_db","error":"password authentication failed for user \"postgres\"","host":"localhost","level":"error","message":"PostgreSQL connection test failed","service":"postgres-client","timestamp":"2025-05-14T11:01:44.539Z","user":"postgres"}
{"code":"28P01","error":"password authentication failed for user \"postgres\"","level":"error","message":"Query error","query":"SELECT NOW()","service":"postgres-client","timestamp":"2025-05-14T11:01:44.592Z"}
{"level":"error","message":"PostgreSQL authentication failed. Please check your credentials in the configuration.","service":"postgres-client","timestamp":"2025-05-14T11:01:44.593Z"}
{"code":"28P01","error":"password authentication failed for user \"postgres\"","level":"error","message":"Query error","query":"SELECT NOW()","service":"postgres-client","timestamp":"2025-05-14T11:01:44.619Z"}
{"level":"error","message":"PostgreSQL authentication failed. Please check your credentials in the configuration.","service":"postgres-client","timestamp":"2025-05-14T11:01:44.620Z"}
{"error":"Called end on pool more than once","level":"error","message":"Error closing PostgreSQL connection pool","service":"postgres-client","timestamp":"2025-05-14T11:05:19.220Z"}
{"database":"sap_db","error":"password authentication failed for user \"postgres\"","host":"localhost","level":"error","message":"PostgreSQL connection test failed","service":"postgres-client","timestamp":"2025-05-14T11:05:31.361Z","user":"postgres"}
{"database":"sap_db","error":"read ECONNRESET","host":"localhost","level":"error","message":"PostgreSQL connection test failed","service":"postgres-client","timestamp":"2025-05-14T11:05:31.366Z","user":"postgres"}
{"code":"28P01","error":"password authentication failed for user \"postgres\"","level":"error","message":"Query error","query":"SELECT NOW()","service":"postgres-client","timestamp":"2025-05-14T11:05:31.423Z"}
{"level":"error","message":"PostgreSQL authentication failed. Please check your credentials in the configuration.","service":"postgres-client","timestamp":"2025-05-14T11:05:31.424Z"}
{"database":"sap_db","error":"password authentication failed for user \"postgres\"","host":"localhost","level":"error","message":"PostgreSQL connection test failed","service":"postgres-client","timestamp":"2025-05-14T11:05:31.492Z","user":"postgres"}
{"code":"28P01","error":"password authentication failed for user \"postgres\"","level":"error","message":"Query error","query":"SELECT NOW()","service":"postgres-client","timestamp":"2025-05-14T11:05:31.552Z"}
{"level":"error","message":"PostgreSQL authentication failed. Please check your credentials in the configuration.","service":"postgres-client","timestamp":"2025-05-14T11:05:31.556Z"}
{"database":"sap_db","error":"password authentication failed for user \"postgres\"","host":"localhost","level":"error","message":"PostgreSQL connection test failed","service":"postgres-client","timestamp":"2025-05-14T11:39:59.522Z","user":"postgres"}
{"database":"sap_db","error":"read ECONNRESET","host":"localhost","level":"error","message":"PostgreSQL connection test failed","service":"postgres-client","timestamp":"2025-05-14T11:39:59.530Z","user":"postgres"}
{"database":"sap_db","error":"password authentication failed for user \"postgres\"","host":"localhost","level":"error","message":"PostgreSQL connection test failed","service":"postgres-client","timestamp":"2025-05-14T11:39:59.544Z","user":"postgres"}
{"code":"28P01","error":"password authentication failed for user \"postgres\"","level":"error","message":"Query error","query":"SELECT NOW()","service":"postgres-client","timestamp":"2025-05-14T11:39:59.655Z"}
{"level":"error","message":"PostgreSQL authentication failed. Please check your credentials in the configuration.","service":"postgres-client","timestamp":"2025-05-14T11:39:59.656Z"}
{"code":"28P01","error":"password authentication failed for user \"postgres\"","level":"error","message":"Query error","query":"SELECT NOW()","service":"postgres-client","timestamp":"2025-05-14T11:39:59.717Z"}
{"level":"error","message":"PostgreSQL authentication failed. Please check your credentials in the configuration.","service":"postgres-client","timestamp":"2025-05-14T11:39:59.728Z"}
{"database":"sap_db","error":"password authentication failed for user \"postgres\"","host":"localhost","level":"error","message":"PostgreSQL connection test failed","service":"postgres-client","timestamp":"2025-05-14T11:40:33.020Z","user":"postgres"}
{"database":"sap_db","error":"password authentication failed for user \"postgres\"","host":"localhost","level":"error","message":"PostgreSQL connection test failed","service":"postgres-client","timestamp":"2025-05-14T11:40:33.046Z","user":"postgres"}
{"database":"sap_db","error":"password authentication failed for user \"postgres\"","host":"localhost","level":"error","message":"PostgreSQL connection test failed","service":"postgres-client","timestamp":"2025-05-14T11:40:33.054Z","user":"postgres"}
{"code":"28P01","error":"password authentication failed for user \"postgres\"","level":"error","message":"Query error","query":"SELECT NOW()","service":"postgres-client","timestamp":"2025-05-14T11:40:33.120Z"}
{"level":"error","message":"PostgreSQL authentication failed. Please check your credentials in the configuration.","service":"postgres-client","timestamp":"2025-05-14T11:40:33.124Z"}
{"code":"28P01","error":"password authentication failed for user \"postgres\"","level":"error","message":"Query error","query":"SELECT NOW()","service":"postgres-client","timestamp":"2025-05-14T11:40:33.167Z"}
{"level":"error","message":"PostgreSQL authentication failed. Please check your credentials in the configuration.","service":"postgres-client","timestamp":"2025-05-14T11:40:33.168Z"}
{"error":"Called end on pool more than once","level":"error","message":"Error closing PostgreSQL connection pool","service":"postgres-client","timestamp":"2025-05-14T12:50:07.368Z"}
{"database":"sap_db","error":"password authentication failed for user \"postgres\"","host":"localhost","level":"error","message":"PostgreSQL connection test failed","service":"postgres-client","timestamp":"2025-05-14T12:50:24.704Z","user":"postgres"}
{"database":"sap_db","error":"password authentication failed for user \"postgres\"","host":"localhost","level":"error","message":"PostgreSQL connection test failed","service":"postgres-client","timestamp":"2025-05-14T12:50:24.712Z","user":"postgres"}
{"database":"sap_db","error":"password authentication failed for user \"postgres\"","host":"localhost","level":"error","message":"PostgreSQL connection test failed","service":"postgres-client","timestamp":"2025-05-14T12:50:24.738Z","user":"postgres"}
{"code":"28P01","error":"password authentication failed for user \"postgres\"","level":"error","message":"Query error","query":"SELECT NOW()","service":"postgres-client","timestamp":"2025-05-14T12:50:24.822Z"}
{"level":"error","message":"PostgreSQL authentication failed. Please check your credentials in the configuration.","service":"postgres-client","timestamp":"2025-05-14T12:50:24.824Z"}
{"code":"ECONNRESET","error":"read ECONNRESET","level":"error","message":"Query error","query":"SELECT NOW()","service":"postgres-client","timestamp":"2025-05-14T12:50:24.833Z"}
{"database":"sap_db","error":"Connection terminated due to connection timeout","host":"localhost","level":"error","message":"PostgreSQL connection test failed","service":"postgres-client","timestamp":"2025-05-25T10:55:53.749Z","user":"postgres"}
{"database":"sap_db","error":"Connection terminated due to connection timeout","host":"localhost","level":"error","message":"PostgreSQL connection test failed","service":"postgres-client","timestamp":"2025-05-25T10:55:54.979Z","user":"postgres"}
{"database":"sap_db","error":"Connection terminated due to connection timeout","host":"localhost","level":"error","message":"PostgreSQL connection test failed","service":"postgres-client","timestamp":"2025-05-25T10:55:55.071Z","user":"postgres"}
{"database":"sap_db","error":"Connection terminated due to connection timeout","host":"localhost","level":"error","message":"PostgreSQL connection test failed","service":"postgres-client","timestamp":"2025-05-25T10:55:55.165Z","user":"postgres"}
{"database":"sap_db","error":"Connection terminated due to connection timeout","host":"localhost","level":"error","message":"PostgreSQL connection test failed","service":"postgres-client","timestamp":"2025-05-25T10:55:55.514Z","user":"postgres"}
{"database":"sap_db","error":"Connection terminated due to connection timeout","host":"localhost","level":"error","message":"PostgreSQL connection test failed","service":"postgres-client","timestamp":"2025-05-25T10:55:56.351Z","user":"postgres"}
{"database":"sap_db","error":"Connection terminated due to connection timeout","host":"localhost","level":"error","message":"PostgreSQL connection test failed","service":"postgres-client","timestamp":"2025-05-25T10:56:00.568Z","user":"postgres"}
{"database":"sap_db","error":"Connection terminated due to connection timeout","host":"localhost","level":"error","message":"PostgreSQL connection test failed","service":"postgres-client","timestamp":"2025-05-25T10:56:01.054Z","user":"postgres"}
{"database":"sap_db","error":"Connection terminated due to connection timeout","host":"localhost","level":"error","message":"PostgreSQL connection test failed","service":"postgres-client","timestamp":"2025-05-25T10:56:06.186Z","user":"postgres"}
{"database":"sap_db","error":"Connection terminated due to connection timeout","host":"localhost","level":"error","message":"PostgreSQL connection test failed","service":"postgres-client","timestamp":"2025-05-25T10:57:36.311Z","user":"postgres"}
{"database":"sap_db","error":"Connection terminated due to connection timeout","host":"localhost","level":"error","message":"PostgreSQL connection test failed","service":"postgres-client","timestamp":"2025-05-25T10:57:38.399Z","user":"postgres"}
{"database":"sap_db","error":"Connection terminated due to connection timeout","host":"localhost","level":"error","message":"PostgreSQL connection test failed","service":"postgres-client","timestamp":"2025-05-25T10:57:38.747Z","user":"postgres"}
{"database":"sap_db","error":"Connection terminated due to connection timeout","host":"localhost","level":"error","message":"PostgreSQL connection test failed","service":"postgres-client","timestamp":"2025-05-25T10:57:39.890Z","user":"postgres"}
{"database":"sap_db","error":"Connection terminated due to connection timeout","host":"localhost","level":"error","message":"PostgreSQL connection test failed","service":"postgres-client","timestamp":"2025-05-25T10:57:41.246Z","user":"postgres"}
{"database":"sap_db","error":"Connection terminated due to connection timeout","host":"localhost","level":"error","message":"PostgreSQL connection test failed","service":"postgres-client","timestamp":"2025-05-25T10:57:41.181Z","user":"postgres"}
{"database":"sap_db","error":"Connection terminated due to connection timeout","host":"localhost","level":"error","message":"PostgreSQL connection test failed","service":"postgres-client","timestamp":"2025-05-25T10:57:48.443Z","user":"postgres"}
{"database":"sap_db","error":"Connection terminated due to connection timeout","host":"localhost","level":"error","message":"PostgreSQL connection test failed","service":"postgres-client","timestamp":"2025-05-25T10:57:49.260Z","user":"postgres"}
{"database":"sap_db","error":"Connection terminated due to connection timeout","host":"localhost","level":"error","message":"PostgreSQL connection test failed","service":"postgres-client","timestamp":"2025-05-25T10:57:53.274Z","user":"postgres"}
{"database":"sap_db","error":"Connection terminated due to connection timeout","host":"localhost","level":"error","message":"PostgreSQL connection test failed","service":"postgres-client","timestamp":"2025-05-25T10:58:21.572Z","user":"postgres"}
{"database":"sap_db","error":"Connection terminated due to connection timeout","host":"localhost","level":"error","message":"PostgreSQL connection test failed","service":"postgres-client","timestamp":"2025-05-25T11:02:15.525Z","user":"postgres"}
{"database":"sap_db","error":"Connection terminated due to connection timeout","host":"localhost","level":"error","message":"PostgreSQL connection test failed","service":"postgres-client","timestamp":"2025-05-25T11:02:17.558Z","user":"postgres"}
{"database":"sap_db","error":"Connection terminated due to connection timeout","host":"localhost","level":"error","message":"PostgreSQL connection test failed","service":"postgres-client","timestamp":"2025-05-25T11:02:18.944Z","user":"postgres"}
{"database":"sap_db","error":"Connection terminated due to connection timeout","host":"localhost","level":"error","message":"PostgreSQL connection test failed","service":"postgres-client","timestamp":"2025-05-25T11:02:19.913Z","user":"postgres"}
{"database":"sap_db","error":"Connection terminated due to connection timeout","host":"localhost","level":"error","message":"PostgreSQL connection test failed","service":"postgres-client","timestamp":"2025-05-25T11:02:20.100Z","user":"postgres"}
{"database":"sap_db","error":"Connection terminated due to connection timeout","host":"localhost","level":"error","message":"PostgreSQL connection test failed","service":"postgres-client","timestamp":"2025-05-25T11:02:20.640Z","user":"postgres"}
{"database":"sap_db","error":"Connection terminated due to connection timeout","host":"localhost","level":"error","message":"PostgreSQL connection test failed","service":"postgres-client","timestamp":"2025-05-25T11:02:23.177Z","user":"postgres"}
{"database":"sap_db","error":"Connection terminated due to connection timeout","host":"localhost","level":"error","message":"PostgreSQL connection test failed","service":"postgres-client","timestamp":"2025-05-25T11:02:25.382Z","user":"postgres"}
{"database":"sap_db","error":"Connection terminated due to connection timeout","host":"localhost","level":"error","message":"PostgreSQL connection test failed","service":"postgres-client","timestamp":"2025-05-25T11:02:28.337Z","user":"postgres"}
{"database":"sap_db","error":"Connection terminated due to connection timeout","host":"localhost","level":"error","message":"PostgreSQL connection test failed","service":"postgres-client","timestamp":"2025-05-25T11:04:13.126Z","user":"postgres"}
{"database":"sap_db","error":"Connection terminated due to connection timeout","host":"localhost","level":"error","message":"PostgreSQL connection test failed","service":"postgres-client","timestamp":"2025-05-25T11:04:13.339Z","user":"postgres"}
{"database":"sap_db","error":"Connection terminated due to connection timeout","host":"localhost","level":"error","message":"PostgreSQL connection test failed","service":"postgres-client","timestamp":"2025-05-25T11:04:13.297Z","user":"postgres"}
{"database":"sap_db","error":"Connection terminated due to connection timeout","host":"localhost","level":"error","message":"PostgreSQL connection test failed","service":"postgres-client","timestamp":"2025-05-25T11:04:13.747Z","user":"postgres"}
{"database":"sap_db","error":"Connection terminated due to connection timeout","host":"localhost","level":"error","message":"PostgreSQL connection test failed","service":"postgres-client","timestamp":"2025-05-25T11:04:14.216Z","user":"postgres"}
{"database":"sap_db","error":"Connection terminated due to connection timeout","host":"localhost","level":"error","message":"PostgreSQL connection test failed","service":"postgres-client","timestamp":"2025-05-25T11:04:15.321Z","user":"postgres"}
{"database":"sap_db","error":"Connection terminated due to connection timeout","host":"localhost","level":"error","message":"PostgreSQL connection test failed","service":"postgres-client","timestamp":"2025-05-25T11:04:15.248Z","user":"postgres"}
{"database":"sap_db","error":"Connection terminated due to connection timeout","host":"localhost","level":"error","message":"PostgreSQL connection test failed","service":"postgres-client","timestamp":"2025-05-25T11:04:18.581Z","user":"postgres"}
{"database":"sap_db","error":"Connection terminated due to connection timeout","host":"localhost","level":"error","message":"PostgreSQL connection test failed","service":"postgres-client","timestamp":"2025-05-25T11:04:18.769Z","user":"postgres"}
{"database":"sap_db","error":"Connection terminated due to connection timeout","host":"localhost","level":"error","message":"PostgreSQL connection test failed","service":"postgres-client","timestamp":"2025-05-25T11:04:20.660Z","user":"postgres"}
{"database":"sap_db","error":"Connection terminated due to connection timeout","host":"localhost","level":"error","message":"PostgreSQL connection test failed","service":"postgres-client","timestamp":"2025-05-25T11:05:09.023Z","user":"postgres"}
{"database":"sap_db","error":"Connection terminated due to connection timeout","host":"localhost","level":"error","message":"PostgreSQL connection test failed","service":"postgres-client","timestamp":"2025-05-25T11:09:36.552Z","user":"postgres"}
{"database":"sap_db","error":"Connection terminated due to connection timeout","host":"localhost","level":"error","message":"PostgreSQL connection test failed","service":"postgres-client","timestamp":"2025-05-25T11:09:36.726Z","user":"postgres"}
{"database":"sap_db","error":"Connection terminated due to connection timeout","host":"localhost","level":"error","message":"PostgreSQL connection test failed","service":"postgres-client","timestamp":"2025-05-25T11:09:36.583Z","user":"postgres"}
{"database":"sap_db","error":"Connection terminated due to connection timeout","host":"localhost","level":"error","message":"PostgreSQL connection test failed","service":"postgres-client","timestamp":"2025-05-25T11:09:36.703Z","user":"postgres"}
{"database":"sap_db","error":"Connection terminated due to connection timeout","host":"localhost","level":"error","message":"PostgreSQL connection test failed","service":"postgres-client","timestamp":"2025-05-25T11:09:36.987Z","user":"postgres"}
{"database":"sap_db","error":"Connection terminated due to connection timeout","host":"localhost","level":"error","message":"PostgreSQL connection test failed","service":"postgres-client","timestamp":"2025-05-25T11:09:37.154Z","user":"postgres"}
{"database":"sap_db","error":"Connection terminated due to connection timeout","host":"localhost","level":"error","message":"PostgreSQL connection test failed","service":"postgres-client","timestamp":"2025-05-25T11:09:36.889Z","user":"postgres"}
{"database":"sap_db","error":"Connection terminated due to connection timeout","host":"localhost","level":"error","message":"PostgreSQL connection test failed","service":"postgres-client","timestamp":"2025-05-25T11:09:36.907Z","user":"postgres"}
{"database":"sap_db","error":"Connection terminated due to connection timeout","host":"localhost","level":"error","message":"PostgreSQL connection test failed","service":"postgres-client","timestamp":"2025-05-25T11:09:37.792Z","user":"postgres"}
{"database":"sap_db","error":"Connection terminated due to connection timeout","host":"localhost","level":"error","message":"PostgreSQL connection test failed","service":"postgres-client","timestamp":"2025-05-25T11:12:57.365Z","user":"postgres"}
{"database":"sap_db","error":"Connection terminated due to connection timeout","host":"localhost","level":"error","message":"PostgreSQL connection test failed","service":"postgres-client","timestamp":"2025-05-25T11:13:00.591Z","user":"postgres"}
{"database":"sap_db","error":"Connection terminated due to connection timeout","host":"localhost","level":"error","message":"PostgreSQL connection test failed","service":"postgres-client","timestamp":"2025-05-25T11:13:02.602Z","user":"postgres"}
{"database":"sap_db","error":"Connection terminated due to connection timeout","host":"localhost","level":"error","message":"PostgreSQL connection test failed","service":"postgres-client","timestamp":"2025-05-25T11:13:04.678Z","user":"postgres"}
{"database":"sap_db","error":"Connection terminated due to connection timeout","host":"localhost","level":"error","message":"PostgreSQL connection test failed","service":"postgres-client","timestamp":"2025-05-25T11:13:05.382Z","user":"postgres"}
{"database":"sap_db","error":"Connection terminated due to connection timeout","host":"localhost","level":"error","message":"PostgreSQL connection test failed","service":"postgres-client","timestamp":"2025-05-25T11:13:09.057Z","user":"postgres"}
{"database":"sap_db","error":"Connection terminated due to connection timeout","host":"localhost","level":"error","message":"PostgreSQL connection test failed","service":"postgres-client","timestamp":"2025-05-25T11:13:15.568Z","user":"postgres"}
{"database":"sap_db","error":"Connection terminated due to connection timeout","host":"localhost","level":"error","message":"PostgreSQL connection test failed","service":"postgres-client","timestamp":"2025-05-25T11:13:23.713Z","user":"postgres"}
{"database":"sap_db","error":"Connection terminated due to connection timeout","host":"localhost","level":"error","message":"PostgreSQL connection test failed","service":"postgres-client","timestamp":"2025-05-25T11:13:24.047Z","user":"postgres"}
{"database":"sap_db","error":"Connection terminated due to connection timeout","host":"localhost","level":"error","message":"PostgreSQL connection test failed","service":"postgres-client","timestamp":"2025-05-25T11:14:15.880Z","user":"postgres"}
{"database":"sap_db","error":"Connection terminated due to connection timeout","host":"localhost","level":"error","message":"PostgreSQL connection test failed","service":"postgres-client","timestamp":"2025-05-25T11:19:39.396Z","user":"postgres"}
{"database":"sap_db","error":"Connection terminated due to connection timeout","host":"localhost","level":"error","message":"PostgreSQL connection test failed","service":"postgres-client","timestamp":"2025-05-25T11:19:39.812Z","user":"postgres"}
{"database":"sap_db","error":"Connection terminated due to connection timeout","host":"localhost","level":"error","message":"PostgreSQL connection test failed","service":"postgres-client","timestamp":"2025-05-25T11:19:51.309Z","user":"postgres"}
{"database":"sap_db","error":"Connection terminated due to connection timeout","host":"localhost","level":"error","message":"PostgreSQL connection test failed","service":"postgres-client","timestamp":"2025-05-25T11:19:54.750Z","user":"postgres"}
{"database":"sap_db","error":"Connection terminated due to connection timeout","host":"localhost","level":"error","message":"PostgreSQL connection test failed","service":"postgres-client","timestamp":"2025-05-25T11:19:55.164Z","user":"postgres"}
{"database":"sap_db","error":"Connection terminated due to connection timeout","host":"localhost","level":"error","message":"PostgreSQL connection test failed","service":"postgres-client","timestamp":"2025-05-25T11:19:58.632Z","user":"postgres"}
{"database":"sap_db","error":"Connection terminated due to connection timeout","host":"localhost","level":"error","message":"PostgreSQL connection test failed","service":"postgres-client","timestamp":"2025-05-25T11:19:58.999Z","user":"postgres"}
{"database":"sap_db","error":"Connection terminated due to connection timeout","host":"localhost","level":"error","message":"PostgreSQL connection test failed","service":"postgres-client","timestamp":"2025-05-25T11:19:59.376Z","user":"postgres"}
{"database":"sap_db","error":"Connection terminated due to connection timeout","host":"localhost","level":"error","message":"PostgreSQL connection test failed","service":"postgres-client","timestamp":"2025-05-25T11:20:00.314Z","user":"postgres"}
{"database":"sap_db","error":"Connection terminated due to connection timeout","host":"localhost","level":"error","message":"PostgreSQL connection test failed","service":"postgres-client","timestamp":"2025-05-25T11:20:04.757Z","user":"postgres"}
{"database":"sap_db","error":"Connection terminated due to connection timeout","host":"localhost","level":"error","message":"PostgreSQL connection test failed","service":"postgres-client","timestamp":"2025-05-25T11:20:11.272Z","user":"postgres"}
{"database":"sap_db","error":"Connection terminated due to connection timeout","host":"localhost","level":"error","message":"PostgreSQL connection test failed","service":"postgres-client","timestamp":"2025-05-25T11:20:15.640Z","user":"postgres"}
{"database":"sap_db","error":"Connection terminated due to connection timeout","host":"localhost","level":"error","message":"PostgreSQL connection test failed","service":"postgres-client","timestamp":"2025-05-25T11:20:22.070Z","user":"postgres"}
{"database":"sap_db","error":"Connection terminated due to connection timeout","host":"localhost","level":"error","message":"PostgreSQL connection test failed","service":"postgres-client","timestamp":"2025-05-25T11:21:17.870Z","user":"postgres"}
{"database":"sap_db","error":"Connection terminated due to connection timeout","host":"localhost","level":"error","message":"PostgreSQL connection test failed","service":"postgres-client","timestamp":"2025-05-25T11:25:33.162Z","user":"postgres"}
{"database":"sap_db","error":"Connection terminated due to connection timeout","host":"localhost","level":"error","message":"PostgreSQL connection test failed","service":"postgres-client","timestamp":"2025-05-25T11:25:35.162Z","user":"postgres"}
{"database":"sap_db","error":"Connection terminated due to connection timeout","host":"localhost","level":"error","message":"PostgreSQL connection test failed","service":"postgres-client","timestamp":"2025-05-25T11:25:37.263Z","user":"postgres"}
{"database":"sap_db","error":"Connection terminated due to connection timeout","host":"localhost","level":"error","message":"PostgreSQL connection test failed","service":"postgres-client","timestamp":"2025-05-25T11:25:37.838Z","user":"postgres"}
{"database":"sap_db","error":"Connection terminated due to connection timeout","host":"localhost","level":"error","message":"PostgreSQL connection test failed","service":"postgres-client","timestamp":"2025-05-25T11:25:38.977Z","user":"postgres"}
{"database":"sap_db","error":"Connection terminated due to connection timeout","host":"localhost","level":"error","message":"PostgreSQL connection test failed","service":"postgres-client","timestamp":"2025-05-25T11:25:39.669Z","user":"postgres"}
{"database":"sap_db","error":"Connection terminated due to connection timeout","host":"localhost","level":"error","message":"PostgreSQL connection test failed","service":"postgres-client","timestamp":"2025-05-25T11:25:39.233Z","user":"postgres"}
{"database":"sap_db","error":"Connection terminated due to connection timeout","host":"localhost","level":"error","message":"PostgreSQL connection test failed","service":"postgres-client","timestamp":"2025-05-25T11:25:43.920Z","user":"postgres"}
{"database":"sap_db","error":"Connection terminated due to connection timeout","host":"localhost","level":"error","message":"PostgreSQL connection test failed","service":"postgres-client","timestamp":"2025-05-25T11:25:44.017Z","user":"postgres"}
{"database":"sap_db","error":"Connection terminated due to connection timeout","host":"localhost","level":"error","message":"PostgreSQL connection test failed","service":"postgres-client","timestamp":"2025-05-25T11:25:44.418Z","user":"postgres"}
{"database":"sap_db","error":"Connection terminated due to connection timeout","host":"localhost","level":"error","message":"PostgreSQL connection test failed","service":"postgres-client","timestamp":"2025-05-25T11:25:44.947Z","user":"postgres"}
{"database":"sap_db","error":"Connection terminated due to connection timeout","host":"localhost","level":"error","message":"PostgreSQL connection test failed","service":"postgres-client","timestamp":"2025-05-25T11:25:44.966Z","user":"postgres"}
{"database":"sap_db","error":"Connection terminated due to connection timeout","host":"localhost","level":"error","message":"PostgreSQL connection test failed","service":"postgres-client","timestamp":"2025-05-25T11:25:56.612Z","user":"postgres"}
{"database":"sap_db","error":"Connection terminated due to connection timeout","host":"localhost","level":"error","message":"PostgreSQL connection test failed","service":"postgres-client","timestamp":"2025-05-25T11:26:00.043Z","user":"postgres"}
{"database":"sap_db","error":"Connection terminated due to connection timeout","host":"localhost","level":"error","message":"PostgreSQL connection test failed","service":"postgres-client","timestamp":"2025-05-25T11:26:23.086Z","user":"postgres"}
{"database":"sap_db","error":"Connection terminated due to connection timeout","host":"localhost","level":"error","message":"PostgreSQL connection test failed","service":"postgres-client","timestamp":"2025-05-25T11:26:46.151Z","user":"postgres"}
{"database":"sap_db","error":"Connection terminated due to connection timeout","host":"localhost","level":"error","message":"PostgreSQL connection test failed","service":"postgres-client","timestamp":"2025-05-25T11:32:03.445Z","user":"postgres"}
{"database":"sap_db","error":"Connection terminated due to connection timeout","host":"localhost","level":"error","message":"PostgreSQL connection test failed","service":"postgres-client","timestamp":"2025-05-25T11:32:03.273Z","user":"postgres"}
{"database":"sap_db","error":"Connection terminated due to connection timeout","host":"localhost","level":"error","message":"PostgreSQL connection test failed","service":"postgres-client","timestamp":"2025-05-25T11:32:03.855Z","user":"postgres"}
{"database":"sap_db","error":"Connection terminated due to connection timeout","host":"localhost","level":"error","message":"PostgreSQL connection test failed","service":"postgres-client","timestamp":"2025-05-25T11:32:04.070Z","user":"postgres"}
{"database":"sap_db","error":"Connection terminated due to connection timeout","host":"localhost","level":"error","message":"PostgreSQL connection test failed","service":"postgres-client","timestamp":"2025-05-25T11:32:03.969Z","user":"postgres"}
{"database":"sap_db","error":"Connection terminated due to connection timeout","host":"localhost","level":"error","message":"PostgreSQL connection test failed","service":"postgres-client","timestamp":"2025-05-25T11:32:05.214Z","user":"postgres"}
{"database":"sap_db","error":"Connection terminated due to connection timeout","host":"localhost","level":"error","message":"PostgreSQL connection test failed","service":"postgres-client","timestamp":"2025-05-25T11:32:06.099Z","user":"postgres"}
{"database":"sap_db","error":"Connection terminated due to connection timeout","host":"localhost","level":"error","message":"PostgreSQL connection test failed","service":"postgres-client","timestamp":"2025-05-25T11:32:06.254Z","user":"postgres"}
{"database":"sap_db","error":"Connection terminated due to connection timeout","host":"localhost","level":"error","message":"PostgreSQL connection test failed","service":"postgres-client","timestamp":"2025-05-25T11:32:07.609Z","user":"postgres"}
{"database":"sap_db","error":"Connection terminated due to connection timeout","host":"localhost","level":"error","message":"PostgreSQL connection test failed","service":"postgres-client","timestamp":"2025-05-25T11:32:08.028Z","user":"postgres"}
{"database":"sap_db","error":"Connection terminated due to connection timeout","host":"localhost","level":"error","message":"PostgreSQL connection test failed","service":"postgres-client","timestamp":"2025-05-25T11:32:08.222Z","user":"postgres"}
{"database":"sap_db","error":"Connection terminated due to connection timeout","host":"localhost","level":"error","message":"PostgreSQL connection test failed","service":"postgres-client","timestamp":"2025-05-25T11:32:08.681Z","user":"postgres"}
{"database":"sap_db","error":"Connection terminated due to connection timeout","host":"localhost","level":"error","message":"PostgreSQL connection test failed","service":"postgres-client","timestamp":"2025-05-25T11:32:08.738Z","user":"postgres"}
{"database":"sap_db","error":"Connection terminated due to connection timeout","host":"localhost","level":"error","message":"PostgreSQL connection test failed","service":"postgres-client","timestamp":"2025-05-25T11:32:09.312Z","user":"postgres"}
{"database":"sap_db","error":"Connection terminated due to connection timeout","host":"localhost","level":"error","message":"PostgreSQL connection test failed","service":"postgres-client","timestamp":"2025-05-25T11:32:09.334Z","user":"postgres"}
{"database":"sap_db","error":"Connection terminated due to connection timeout","host":"localhost","level":"error","message":"PostgreSQL connection test failed","service":"postgres-client","timestamp":"2025-05-25T11:32:09.741Z","user":"postgres"}
{"database":"sap_db","error":"Connection terminated due to connection timeout","host":"localhost","level":"error","message":"PostgreSQL connection test failed","service":"postgres-client","timestamp":"2025-05-25T11:32:09.772Z","user":"postgres"}
{"database":"sap_db","error":"Connection terminated due to connection timeout","host":"localhost","level":"error","message":"PostgreSQL connection test failed","service":"postgres-client","timestamp":"2025-05-25T11:32:09.828Z","user":"postgres"}
{"database":"sap_db","error":"Connection terminated due to connection timeout","host":"localhost","level":"error","message":"PostgreSQL connection test failed","service":"postgres-client","timestamp":"2025-05-25T11:32:10.170Z","user":"postgres"}
{"database":"sap_db","error":"Connection terminated due to connection timeout","host":"localhost","level":"error","message":"PostgreSQL connection test failed","service":"postgres-client","timestamp":"2025-05-25T11:32:10.568Z","user":"postgres"}
{"database":"sap_db","error":"Connection terminated due to connection timeout","host":"localhost","level":"error","message":"PostgreSQL connection test failed","service":"postgres-client","timestamp":"2025-05-25T11:32:10.831Z","user":"postgres"}
{"database":"sap_db","error":"Connection terminated due to connection timeout","host":"localhost","level":"error","message":"PostgreSQL connection test failed","service":"postgres-client","timestamp":"2025-05-25T11:32:10.954Z","user":"postgres"}
{"database":"sap_db","error":"Connection terminated due to connection timeout","host":"localhost","level":"error","message":"PostgreSQL connection test failed","service":"postgres-client","timestamp":"2025-05-25T11:32:11.647Z","user":"postgres"}
{"database":"sap_db","error":"Connection terminated due to connection timeout","host":"localhost","level":"error","message":"PostgreSQL connection test failed","service":"postgres-client","timestamp":"2025-05-25T11:32:11.862Z","user":"postgres"}
{"database":"sap_db","error":"Connection terminated due to connection timeout","host":"localhost","level":"error","message":"PostgreSQL connection test failed","service":"postgres-client","timestamp":"2025-05-25T11:32:11.959Z","user":"postgres"}
{"database":"sap_db","error":"Connection terminated due to connection timeout","host":"localhost","level":"error","message":"PostgreSQL connection test failed","service":"postgres-client","timestamp":"2025-05-25T11:32:12.149Z","user":"postgres"}
{"error":"Connection terminated due to connection timeout","level":"error","message":"Query error","query":"SELECT NOW()","service":"postgres-client","timestamp":"2025-05-25T11:32:13.321Z"}
{"error":"Connection terminated due to connection timeout","level":"error","message":"Query error","query":"SELECT NOW()","service":"postgres-client","timestamp":"2025-05-25T11:32:13.711Z"}
{"database":"sap_db","error":"Connection terminated due to connection timeout","host":"localhost","level":"error","message":"PostgreSQL connection test failed","service":"postgres-client","timestamp":"2025-05-25T11:32:13.106Z","user":"postgres"}
{"error":"Connection terminated due to connection timeout","level":"error","message":"Query error","query":"SELECT NOW()","service":"postgres-client","timestamp":"2025-05-25T11:32:14.322Z"}
{"error":"Connection terminated due to connection timeout","level":"error","message":"Query error","query":"SELECT NOW()","service":"postgres-client","timestamp":"2025-05-25T11:32:14.444Z"}
{"error":"Connection terminated due to connection timeout","level":"error","message":"Query error","query":"SELECT NOW()","service":"postgres-client","timestamp":"2025-05-25T11:32:14.731Z"}
{"error":"Connection terminated due to connection timeout","level":"error","message":"Query error","query":"SELECT NOW()","service":"postgres-client","timestamp":"2025-05-25T11:32:14.925Z"}
{"error":"Connection terminated due to connection timeout","level":"error","message":"Query error","query":"SELECT NOW()","service":"postgres-client","timestamp":"2025-05-25T11:32:14.959Z"}
{"database":"sap_db","error":"Connection terminated due to connection timeout","host":"localhost","level":"error","message":"PostgreSQL connection test failed","service":"postgres-client","timestamp":"2025-05-25T11:32:15.211Z","user":"postgres"}
{"database":"sap_db","error":"Connection terminated due to connection timeout","host":"localhost","level":"error","message":"PostgreSQL connection test failed","service":"postgres-client","timestamp":"2025-05-25T11:32:15.192Z","user":"postgres"}
{"error":"Connection terminated due to connection timeout","level":"error","message":"Query error","query":"SELECT NOW()","service":"postgres-client","timestamp":"2025-05-25T11:32:15.684Z"}
{"error":"Connection terminated due to connection timeout","level":"error","message":"Query error","query":"SELECT NOW()","service":"postgres-client","timestamp":"2025-05-25T11:32:15.846Z"}
{"error":"Connection terminated due to connection timeout","level":"error","message":"Query error","query":"SELECT NOW()","service":"postgres-client","timestamp":"2025-05-25T11:32:16.605Z"}
{"database":"sap_db","error":"Connection terminated due to connection timeout","host":"localhost","level":"error","message":"PostgreSQL connection test failed","service":"postgres-client","timestamp":"2025-05-25T11:32:16.420Z","user":"postgres"}
{"error":"Connection terminated due to connection timeout","level":"error","message":"Query error","query":"SELECT NOW()","service":"postgres-client","timestamp":"2025-05-25T11:32:17.251Z"}
{"error":"Connection terminated due to connection timeout","level":"error","message":"Query error","query":"SELECT NOW()","service":"postgres-client","timestamp":"2025-05-25T11:32:17.385Z"}
{"error":"Connection terminated due to connection timeout","level":"error","message":"Query error","query":"SELECT NOW()","service":"postgres-client","timestamp":"2025-05-25T11:32:16.757Z"}
{"error":"Connection terminated due to connection timeout","level":"error","message":"Query error","query":"SELECT NOW()","service":"postgres-client","timestamp":"2025-05-25T11:32:17.425Z"}
{"error":"Connection terminated due to connection timeout","level":"error","message":"Query error","query":"SELECT NOW()","service":"postgres-client","timestamp":"2025-05-25T11:32:17.300Z"}
{"error":"Connection terminated due to connection timeout","level":"error","message":"Query error","query":"SELECT NOW()","service":"postgres-client","timestamp":"2025-05-25T11:32:17.711Z"}
{"error":"Connection terminated due to connection timeout","level":"error","message":"Query error","query":"SELECT NOW()","service":"postgres-client","timestamp":"2025-05-25T11:32:18.515Z"}
{"database":"sap_db","error":"Connection terminated due to connection timeout","host":"localhost","level":"error","message":"PostgreSQL connection test failed","service":"postgres-client","timestamp":"2025-05-25T11:32:19.614Z","user":"postgres"}
{"error":"Connection terminated due to connection timeout","level":"error","message":"Query error","query":"SELECT NOW()","service":"postgres-client","timestamp":"2025-05-25T11:32:20.838Z"}
{"error":"Connection terminated due to connection timeout","level":"error","message":"Query error","query":"SELECT NOW()","service":"postgres-client","timestamp":"2025-05-25T11:32:21.630Z"}
{"error":"Connection terminated due to connection timeout","level":"error","message":"Query error","query":"SELECT NOW()","service":"postgres-client","timestamp":"2025-05-25T11:32:21.742Z"}
{"database":"sap_db","error":"Connection terminated due to connection timeout","host":"localhost","level":"error","message":"PostgreSQL connection test failed","service":"postgres-client","timestamp":"2025-05-25T11:32:24.237Z","user":"postgres"}
{"database":"sap_db","error":"Connection terminated due to connection timeout","host":"localhost","level":"error","message":"PostgreSQL connection test failed","service":"postgres-client","timestamp":"2025-05-25T11:32:25.138Z","user":"postgres"}
{"error":"Connection terminated due to connection timeout","level":"error","message":"Query error","query":"SELECT NOW()","service":"postgres-client","timestamp":"2025-05-25T11:32:29.246Z"}
{"error":"Connection terminated due to connection timeout","level":"error","message":"Query error","query":"SELECT NOW()","service":"postgres-client","timestamp":"2025-05-25T11:32:42.316Z"}
{"database":"sap_db","error":"Connection terminated due to connection timeout","host":"localhost","level":"error","message":"PostgreSQL connection test failed","service":"postgres-client","timestamp":"2025-05-25T11:33:40.980Z","user":"postgres"}
{"database":"sap_db","error":"Connection terminated due to connection timeout","host":"localhost","level":"error","message":"PostgreSQL connection test failed","service":"postgres-client","timestamp":"2025-05-25T11:36:42.774Z","user":"postgres"}
{"database":"sap_db","error":"Connection terminated due to connection timeout","host":"localhost","level":"error","message":"PostgreSQL connection test failed","service":"postgres-client","timestamp":"2025-05-25T11:36:45.272Z","user":"postgres"}
{"database":"sap_db","error":"Connection terminated due to connection timeout","host":"localhost","level":"error","message":"PostgreSQL connection test failed","service":"postgres-client","timestamp":"2025-05-25T11:36:45.662Z","user":"postgres"}
{"database":"sap_db","error":"Connection terminated due to connection timeout","host":"localhost","level":"error","message":"PostgreSQL connection test failed","service":"postgres-client","timestamp":"2025-05-25T11:36:46.610Z","user":"postgres"}
{"database":"sap_db","error":"Connection terminated due to connection timeout","host":"localhost","level":"error","message":"PostgreSQL connection test failed","service":"postgres-client","timestamp":"2025-05-25T11:36:47.643Z","user":"postgres"}
{"database":"sap_db","error":"Connection terminated due to connection timeout","host":"localhost","level":"error","message":"PostgreSQL connection test failed","service":"postgres-client","timestamp":"2025-05-25T11:36:49.129Z","user":"postgres"}
{"database":"sap_db","error":"Connection terminated due to connection timeout","host":"localhost","level":"error","message":"PostgreSQL connection test failed","service":"postgres-client","timestamp":"2025-05-25T11:36:50.986Z","user":"postgres"}
{"database":"sap_db","error":"Connection terminated due to connection timeout","host":"localhost","level":"error","message":"PostgreSQL connection test failed","service":"postgres-client","timestamp":"2025-05-25T11:36:51.025Z","user":"postgres"}
{"error":"Connection terminated due to connection timeout","level":"error","message":"Query error","query":"SELECT NOW()","service":"postgres-client","timestamp":"2025-05-25T11:36:54.306Z"}
{"database":"sap_db","error":"Connection terminated due to connection timeout","host":"localhost","level":"error","message":"PostgreSQL connection test failed","service":"postgres-client","timestamp":"2025-05-25T11:36:55.299Z","user":"postgres"}
{"database":"sap_db","error":"Connection terminated due to connection timeout","host":"localhost","level":"error","message":"PostgreSQL connection test failed","service":"postgres-client","timestamp":"2025-05-25T11:36:57.238Z","user":"postgres"}
{"database":"sap_db","error":"Connection terminated due to connection timeout","host":"localhost","level":"error","message":"PostgreSQL connection test failed","service":"postgres-client","timestamp":"2025-05-25T11:36:58.381Z","user":"postgres"}
{"database":"sap_db","error":"Connection terminated due to connection timeout","host":"localhost","level":"error","message":"PostgreSQL connection test failed","service":"postgres-client","timestamp":"2025-05-25T11:36:59.512Z","user":"postgres"}
{"database":"sap_db","error":"Connection terminated due to connection timeout","host":"localhost","level":"error","message":"PostgreSQL connection test failed","service":"postgres-client","timestamp":"2025-05-25T11:36:59.663Z","user":"postgres"}
{"database":"sap_db","error":"Connection terminated due to connection timeout","host":"localhost","level":"error","message":"PostgreSQL connection test failed","service":"postgres-client","timestamp":"2025-05-25T11:37:02.058Z","user":"postgres"}
{"database":"sap_db","error":"Connection terminated due to connection timeout","host":"localhost","level":"error","message":"PostgreSQL connection test failed","service":"postgres-client","timestamp":"2025-05-25T11:37:03.133Z","user":"postgres"}
{"database":"sap_db","error":"Connection terminated due to connection timeout","host":"localhost","level":"error","message":"PostgreSQL connection test failed","service":"postgres-client","timestamp":"2025-05-25T11:37:04.239Z","user":"postgres"}
{"database":"sap_db","error":"Connection terminated due to connection timeout","host":"localhost","level":"error","message":"PostgreSQL connection test failed","service":"postgres-client","timestamp":"2025-05-25T11:37:04.378Z","user":"postgres"}
{"database":"sap_db","error":"Connection terminated due to connection timeout","host":"localhost","level":"error","message":"PostgreSQL connection test failed","service":"postgres-client","timestamp":"2025-05-25T11:37:04.573Z","user":"postgres"}
{"error":"Connection terminated due to connection timeout","level":"error","message":"Query error","query":"SELECT NOW()","service":"postgres-client","timestamp":"2025-05-25T11:37:08.229Z"}
{"error":"Connection terminated due to connection timeout","level":"error","message":"Query error","query":"SELECT NOW()","service":"postgres-client","timestamp":"2025-05-25T11:37:09.350Z"}
{"database":"sap_db","error":"Connection terminated due to connection timeout","host":"localhost","level":"error","message":"PostgreSQL connection test failed","service":"postgres-client","timestamp":"2025-05-25T11:37:09.586Z","user":"postgres"}
{"database":"sap_db","error":"Connection terminated due to connection timeout","host":"localhost","level":"error","message":"PostgreSQL connection test failed","service":"postgres-client","timestamp":"2025-05-25T11:37:14.042Z","user":"postgres"}
{"error":"Connection terminated due to connection timeout","level":"error","message":"Query error","query":"SELECT NOW()","service":"postgres-client","timestamp":"2025-05-25T11:37:14.460Z"}
{"database":"sap_db","error":"Connection terminated due to connection timeout","host":"localhost","level":"error","message":"PostgreSQL connection test failed","service":"postgres-client","timestamp":"2025-05-25T11:37:15.605Z","user":"postgres"}
{"error":"Called end on pool more than once","level":"error","message":"Error closing PostgreSQL connection pool","service":"postgres-client","timestamp":"2025-05-25T12:15:57.645Z"}
{"database":"sap_db","error":"Connection terminated due to connection timeout","host":"localhost","level":"error","message":"PostgreSQL connection test failed","service":"postgres-client","timestamp":"2025-05-25T12:21:35.492Z","user":"postgres"}
{"database":"sap_db","error":"Connection terminated due to connection timeout","host":"localhost","level":"error","message":"PostgreSQL connection test failed","service":"postgres-client","timestamp":"2025-05-25T12:25:02.932Z","user":"postgres"}
{"database":"sap_db","error":"Connection terminated due to connection timeout","host":"localhost","level":"error","message":"PostgreSQL connection test failed","service":"postgres-client","timestamp":"2025-05-25T12:25:03.723Z","user":"postgres"}
{"database":"sap_db","error":"Connection terminated due to connection timeout","host":"localhost","level":"error","message":"PostgreSQL connection test failed","service":"postgres-client","timestamp":"2025-05-25T12:25:03.894Z","user":"postgres"}
{"database":"sap_db","error":"Connection terminated due to connection timeout","host":"localhost","level":"error","message":"PostgreSQL connection test failed","service":"postgres-client","timestamp":"2025-05-25T12:25:06.220Z","user":"postgres"}
{"database":"sap_db","error":"Connection terminated due to connection timeout","host":"localhost","level":"error","message":"PostgreSQL connection test failed","service":"postgres-client","timestamp":"2025-05-25T12:26:42.706Z","user":"postgres"}
{"database":"sap_db","error":"Connection terminated due to connection timeout","host":"localhost","level":"error","message":"PostgreSQL connection test failed","service":"postgres-client","timestamp":"2025-05-25T12:26:44.251Z","user":"postgres"}
{"database":"sap_db","error":"Connection terminated due to connection timeout","host":"localhost","level":"error","message":"PostgreSQL connection test failed","service":"postgres-client","timestamp":"2025-05-25T12:26:44.332Z","user":"postgres"}
{"database":"sap_db","error":"Connection terminated due to connection timeout","host":"localhost","level":"error","message":"PostgreSQL connection test failed","service":"postgres-client","timestamp":"2025-05-25T12:26:45.523Z","user":"postgres"}
{"database":"sap_db","error":"Connection terminated due to connection timeout","host":"localhost","level":"error","message":"PostgreSQL connection test failed","service":"postgres-client","timestamp":"2025-05-25T12:26:55.346Z","user":"postgres"}
{"database":"sap_db","error":"Connection terminated due to connection timeout","host":"localhost","level":"error","message":"PostgreSQL connection test failed","service":"postgres-client","timestamp":"2025-05-25T12:29:19.783Z","user":"postgres"}
{"database":"sap_db","error":"Connection terminated due to connection timeout","host":"localhost","level":"error","message":"PostgreSQL connection test failed","service":"postgres-client","timestamp":"2025-05-25T12:29:20.019Z","user":"postgres"}
{"database":"sap_db","error":"Connection terminated due to connection timeout","host":"localhost","level":"error","message":"PostgreSQL connection test failed","service":"postgres-client","timestamp":"2025-05-25T12:29:21.002Z","user":"postgres"}
{"database":"sap_db","error":"Connection terminated due to connection timeout","host":"localhost","level":"error","message":"PostgreSQL connection test failed","service":"postgres-client","timestamp":"2025-05-25T12:29:21.508Z","user":"postgres"}
{"database":"sap_db","error":"Connection terminated due to connection timeout","host":"localhost","level":"error","message":"PostgreSQL connection test failed","service":"postgres-client","timestamp":"2025-05-25T12:29:21.546Z","user":"postgres"}
{"database":"sap_db","error":"Connection terminated due to connection timeout","host":"localhost","level":"error","message":"PostgreSQL connection test failed","service":"postgres-client","timestamp":"2025-05-25T12:29:26.478Z","user":"postgres"}
{"database":"sap_db","error":"Connection terminated due to connection timeout","host":"localhost","level":"error","message":"PostgreSQL connection test failed","service":"postgres-client","timestamp":"2025-05-25T12:29:26.648Z","user":"postgres"}
{"database":"sap_db","error":"Connection terminated due to connection timeout","host":"localhost","level":"error","message":"PostgreSQL connection test failed","service":"postgres-client","timestamp":"2025-05-25T12:29:26.756Z","user":"postgres"}
{"database":"sap_db","error":"Connection terminated due to connection timeout","host":"localhost","level":"error","message":"PostgreSQL connection test failed","service":"postgres-client","timestamp":"2025-05-25T12:29:30.301Z","user":"postgres"}
{"database":"sap_db","error":"Connection terminated due to connection timeout","host":"localhost","level":"error","message":"PostgreSQL connection test failed","service":"postgres-client","timestamp":"2025-05-25T12:31:04.852Z","user":"postgres"}
{"database":"sap_db","error":"Connection terminated due to connection timeout","host":"localhost","level":"error","message":"PostgreSQL connection test failed","service":"postgres-client","timestamp":"2025-05-25T12:31:06.076Z","user":"postgres"}
{"database":"sap_db","error":"Connection terminated due to connection timeout","host":"localhost","level":"error","message":"PostgreSQL connection test failed","service":"postgres-client","timestamp":"2025-05-25T12:31:05.992Z","user":"postgres"}
{"database":"sap_db","error":"Connection terminated due to connection timeout","host":"localhost","level":"error","message":"PostgreSQL connection test failed","service":"postgres-client","timestamp":"2025-05-25T12:31:07.894Z","user":"postgres"}
{"database":"sap_db","error":"Connection terminated due to connection timeout","host":"localhost","level":"error","message":"PostgreSQL connection test failed","service":"postgres-client","timestamp":"2025-05-25T12:31:09.102Z","user":"postgres"}
{"database":"sap_db","error":"Connection terminated due to connection timeout","host":"localhost","level":"error","message":"PostgreSQL connection test failed","service":"postgres-client","timestamp":"2025-05-25T12:31:09.881Z","user":"postgres"}
{"database":"sap_db","error":"Connection terminated due to connection timeout","host":"localhost","level":"error","message":"PostgreSQL connection test failed","service":"postgres-client","timestamp":"2025-05-25T12:31:15.418Z","user":"postgres"}
{"database":"sap_db","error":"Connection terminated due to connection timeout","host":"localhost","level":"error","message":"PostgreSQL connection test failed","service":"postgres-client","timestamp":"2025-05-25T12:32:17.090Z","user":"postgres"}
{"database":"sap_db","error":"Connection terminated due to connection timeout","host":"localhost","level":"error","message":"PostgreSQL connection test failed","service":"postgres-client","timestamp":"2025-05-25T12:34:23.498Z","user":"postgres"}
{"database":"sap_db","error":"Connection terminated due to connection timeout","host":"localhost","level":"error","message":"PostgreSQL connection test failed","service":"postgres-client","timestamp":"2025-05-25T12:34:23.894Z","user":"postgres"}
{"database":"sap_db","error":"Connection terminated due to connection timeout","host":"localhost","level":"error","message":"PostgreSQL connection test failed","service":"postgres-client","timestamp":"2025-05-25T12:34:24.663Z","user":"postgres"}
{"database":"sap_db","error":"Connection terminated due to connection timeout","host":"localhost","level":"error","message":"PostgreSQL connection test failed","service":"postgres-client","timestamp":"2025-05-25T12:34:28.498Z","user":"postgres"}
{"database":"sap_db","error":"Connection terminated due to connection timeout","host":"localhost","level":"error","message":"PostgreSQL connection test failed","service":"postgres-client","timestamp":"2025-05-25T12:34:29.353Z","user":"postgres"}
{"database":"sap_db","error":"Connection terminated due to connection timeout","host":"localhost","level":"error","message":"PostgreSQL connection test failed","service":"postgres-client","timestamp":"2025-05-25T12:34:29.299Z","user":"postgres"}
{"database":"sap_db","error":"Connection terminated due to connection timeout","host":"localhost","level":"error","message":"PostgreSQL connection test failed","service":"postgres-client","timestamp":"2025-05-25T12:34:29.493Z","user":"postgres"}
{"database":"sap_db","error":"Connection terminated due to connection timeout","host":"localhost","level":"error","message":"PostgreSQL connection test failed","service":"postgres-client","timestamp":"2025-05-25T12:34:29.537Z","user":"postgres"}
{"database":"sap_db","error":"Connection terminated due to connection timeout","host":"localhost","level":"error","message":"PostgreSQL connection test failed","service":"postgres-client","timestamp":"2025-05-25T12:34:36.861Z","user":"postgres"}
{"database":"sap_db","error":"Connection terminated due to connection timeout","host":"localhost","level":"error","message":"PostgreSQL connection test failed","service":"postgres-client","timestamp":"2025-05-25T12:34:39.107Z","user":"postgres"}
{"database":"sap_db","error":"Connection terminated due to connection timeout","host":"localhost","level":"error","message":"PostgreSQL connection test failed","service":"postgres-client","timestamp":"2025-05-25T12:35:09.869Z","user":"postgres"}
{"database":"sap_db","error":"Connection terminated due to connection timeout","host":"localhost","level":"error","message":"PostgreSQL connection test failed","service":"postgres-client","timestamp":"2025-05-25T12:38:28.426Z","user":"postgres"}
{"database":"sap_db","error":"Connection terminated due to connection timeout","host":"localhost","level":"error","message":"PostgreSQL connection test failed","service":"postgres-client","timestamp":"2025-05-25T12:38:28.773Z","user":"postgres"}
{"database":"sap_db","error":"Connection terminated due to connection timeout","host":"localhost","level":"error","message":"PostgreSQL connection test failed","service":"postgres-client","timestamp":"2025-05-25T12:38:29.100Z","user":"postgres"}
{"database":"sap_db","error":"Connection terminated due to connection timeout","host":"localhost","level":"error","message":"PostgreSQL connection test failed","service":"postgres-client","timestamp":"2025-05-25T12:38:29.176Z","user":"postgres"}
{"database":"sap_db","error":"Connection terminated due to connection timeout","host":"localhost","level":"error","message":"PostgreSQL connection test failed","service":"postgres-client","timestamp":"2025-05-25T12:38:29.556Z","user":"postgres"}
{"database":"sap_db","error":"Connection terminated due to connection timeout","host":"localhost","level":"error","message":"PostgreSQL connection test failed","service":"postgres-client","timestamp":"2025-05-25T12:38:30.021Z","user":"postgres"}
{"database":"sap_db","error":"Connection terminated due to connection timeout","host":"localhost","level":"error","message":"PostgreSQL connection test failed","service":"postgres-client","timestamp":"2025-05-25T12:38:30.165Z","user":"postgres"}
{"database":"sap_db","error":"Connection terminated due to connection timeout","host":"localhost","level":"error","message":"PostgreSQL connection test failed","service":"postgres-client","timestamp":"2025-05-25T12:38:34.523Z","user":"postgres"}
{"database":"sap_db","error":"Connection terminated due to connection timeout","host":"localhost","level":"error","message":"PostgreSQL connection test failed","service":"postgres-client","timestamp":"2025-05-25T12:38:34.716Z","user":"postgres"}
{"database":"sap_db","error":"Connection terminated due to connection timeout","host":"localhost","level":"error","message":"PostgreSQL connection test failed","service":"postgres-client","timestamp":"2025-05-25T12:38:34.747Z","user":"postgres"}
{"database":"sap_db","error":"Connection terminated due to connection timeout","host":"localhost","level":"error","message":"PostgreSQL connection test failed","service":"postgres-client","timestamp":"2025-05-25T12:38:34.986Z","user":"postgres"}
{"database":"sap_db","error":"Connection terminated due to connection timeout","host":"localhost","level":"error","message":"PostgreSQL connection test failed","service":"postgres-client","timestamp":"2025-05-25T12:38:35.230Z","user":"postgres"}
{"database":"sap_db","error":"Connection terminated due to connection timeout","host":"localhost","level":"error","message":"PostgreSQL connection test failed","service":"postgres-client","timestamp":"2025-05-25T12:38:35.280Z","user":"postgres"}
{"database":"sap_db","error":"Connection terminated due to connection timeout","host":"localhost","level":"error","message":"PostgreSQL connection test failed","service":"postgres-client","timestamp":"2025-05-25T12:38:36.343Z","user":"postgres"}
{"database":"sap_db","error":"Connection terminated due to connection timeout","host":"localhost","level":"error","message":"PostgreSQL connection test failed","service":"postgres-client","timestamp":"2025-05-25T12:38:39.807Z","user":"postgres"}
{"database":"sap_db","error":"Connection terminated due to connection timeout","host":"localhost","level":"error","message":"PostgreSQL connection test failed","service":"postgres-client","timestamp":"2025-05-25T12:39:46.187Z","user":"postgres"}
{"database":"sap_db","error":"Connection terminated due to connection timeout","host":"localhost","level":"error","message":"PostgreSQL connection test failed","service":"postgres-client","timestamp":"2025-05-25T12:42:45.468Z","user":"postgres"}
{"database":"sap_db","error":"Connection terminated due to connection timeout","host":"localhost","level":"error","message":"PostgreSQL connection test failed","service":"postgres-client","timestamp":"2025-05-25T12:42:45.643Z","user":"postgres"}
{"database":"sap_db","error":"Connection terminated due to connection timeout","host":"localhost","level":"error","message":"PostgreSQL connection test failed","service":"postgres-client","timestamp":"2025-05-25T12:42:46.778Z","user":"postgres"}
{"database":"sap_db","error":"Connection terminated due to connection timeout","host":"localhost","level":"error","message":"PostgreSQL connection test failed","service":"postgres-client","timestamp":"2025-05-25T12:42:49.678Z","user":"postgres"}
{"database":"sap_db","error":"Connection terminated due to connection timeout","host":"localhost","level":"error","message":"PostgreSQL connection test failed","service":"postgres-client","timestamp":"2025-05-25T12:42:49.815Z","user":"postgres"}
{"database":"sap_db","error":"Connection terminated due to connection timeout","host":"localhost","level":"error","message":"PostgreSQL connection test failed","service":"postgres-client","timestamp":"2025-05-25T12:42:50.714Z","user":"postgres"}
{"database":"sap_db","error":"Connection terminated due to connection timeout","host":"localhost","level":"error","message":"PostgreSQL connection test failed","service":"postgres-client","timestamp":"2025-05-25T12:42:51.366Z","user":"postgres"}
{"database":"sap_db","error":"Connection terminated due to connection timeout","host":"localhost","level":"error","message":"PostgreSQL connection test failed","service":"postgres-client","timestamp":"2025-05-25T12:42:54.105Z","user":"postgres"}
{"database":"sap_db","error":"Connection terminated due to connection timeout","host":"localhost","level":"error","message":"PostgreSQL connection test failed","service":"postgres-client","timestamp":"2025-05-25T12:42:59.844Z","user":"postgres"}
{"database":"sap_db","error":"Connection terminated due to connection timeout","host":"localhost","level":"error","message":"PostgreSQL connection test failed","service":"postgres-client","timestamp":"2025-05-25T12:43:04.143Z","user":"postgres"}
{"database":"sap_db","error":"Connection terminated due to connection timeout","host":"localhost","level":"error","message":"PostgreSQL connection test failed","service":"postgres-client","timestamp":"2025-05-25T12:43:08.646Z","user":"postgres"}
{"error":"Connection terminated due to connection timeout","level":"error","message":"Query error","query":"SELECT NOW()","service":"postgres-client","timestamp":"2025-05-25T12:43:16.364Z"}
{"error":"Called end on pool more than once","level":"error","message":"Error closing PostgreSQL connection pool","service":"postgres-client","timestamp":"2025-05-25T14:16:06.837Z"}
{"error":"Called end on pool more than once","level":"error","message":"Error closing PostgreSQL connection pool","service":"postgres-client","timestamp":"2025-05-25T14:18:58.874Z"}
{"database":"sap_db","error":"Connection terminated due to connection timeout","host":"localhost","level":"error","message":"PostgreSQL connection test failed","service":"postgres-client","timestamp":"2025-05-26T05:02:42.494Z","user":"postgres"}
{"error":"Called end on pool more than once","level":"error","message":"Error closing PostgreSQL connection pool","service":"postgres-client","timestamp":"2025-05-26T05:04:26.534Z"}
{"error":"Called end on pool more than once","level":"error","message":"Error closing PostgreSQL connection pool","service":"postgres-client","timestamp":"2025-05-28T05:15:20.635Z"}
{"database":"sap_db","error":"Connection terminated due to connection timeout","host":"localhost","level":"error","message":"PostgreSQL connection test failed","service":"postgres-client","timestamp":"2025-05-28T12:08:21.068Z","user":"postgres"}
{"error":"Called end on pool more than once","level":"error","message":"Error closing PostgreSQL connection pool","service":"postgres-client","timestamp":"2025-05-28T12:13:31.068Z"}
{"database":"sap_db","error":"password authentication failed for user \"postgres\"","host":"localhost","level":"error","message":"PostgreSQL connection test failed","service":"postgres-client","timestamp":"2025-05-30T06:33:15.279Z","user":"postgres"}
{"database":"sap_db","error":"password authentication failed for user \"postgres\"","host":"localhost","level":"error","message":"PostgreSQL connection test failed","service":"postgres-client","timestamp":"2025-05-30T06:33:15.290Z","user":"postgres"}
{"database":"sap_db","error":"read ECONNRESET","host":"localhost","level":"error","message":"PostgreSQL connection test failed","service":"postgres-client","timestamp":"2025-05-30T06:33:15.293Z","user":"postgres"}
{"code":"28P01","error":"password authentication failed for user \"postgres\"","level":"error","message":"Query error","query":"SELECT NOW()","service":"postgres-client","timestamp":"2025-05-30T06:33:15.385Z"}
{"level":"error","message":"PostgreSQL authentication failed. Please check your credentials in the configuration.","service":"postgres-client","timestamp":"2025-05-30T06:33:15.386Z"}
{"code":"28P01","error":"password authentication failed for user \"postgres\"","level":"error","message":"Query error","query":"SELECT NOW()","service":"postgres-client","timestamp":"2025-05-30T06:33:15.437Z"}
{"level":"error","message":"PostgreSQL authentication failed. Please check your credentials in the configuration.","service":"postgres-client","timestamp":"2025-05-30T06:33:15.437Z"}
{"database":"sap_db","error":"password authentication failed for user \"postgres\"","host":"localhost","level":"error","message":"PostgreSQL connection test failed","service":"postgres-client","timestamp":"2025-05-30T06:55:30.192Z","user":"postgres"}
{"database":"sap_db","error":"read ECONNRESET","host":"localhost","level":"error","message":"PostgreSQL connection test failed","service":"postgres-client","timestamp":"2025-05-30T06:55:30.198Z","user":"postgres"}
{"code":"28P01","error":"password authentication failed for user \"postgres\"","level":"error","message":"Query error","query":"SELECT NOW()","service":"postgres-client","timestamp":"2025-05-30T06:55:30.266Z"}
{"level":"error","message":"PostgreSQL authentication failed. Please check your credentials in the configuration.","service":"postgres-client","timestamp":"2025-05-30T06:55:30.267Z"}
{"database":"sap_db","error":"password authentication failed for user \"postgres\"","host":"localhost","level":"error","message":"PostgreSQL connection test failed","service":"postgres-client","timestamp":"2025-05-30T06:55:30.297Z","user":"postgres"}
{"code":"28P01","error":"password authentication failed for user \"postgres\"","level":"error","message":"Query error","query":"SELECT NOW()","service":"postgres-client","timestamp":"2025-05-30T06:55:30.531Z"}
{"level":"error","message":"PostgreSQL authentication failed. Please check your credentials in the configuration.","service":"postgres-client","timestamp":"2025-05-30T06:55:30.533Z"}
{"database":"sap_db","error":"read ECONNRESET","host":"localhost","level":"error","message":"PostgreSQL connection test failed","service":"postgres-client","timestamp":"2025-05-30T06:56:06.032Z","user":"postgres"}
{"database":"sap_db","error":"read ECONNRESET","host":"localhost","level":"error","message":"PostgreSQL connection test failed","service":"postgres-client","timestamp":"2025-05-30T06:56:06.042Z","user":"postgres"}
{"database":"sap_db","error":"read ECONNRESET","host":"localhost","level":"error","message":"PostgreSQL connection test failed","service":"postgres-client","timestamp":"2025-05-30T06:56:06.077Z","user":"postgres"}
{"code":"28P01","error":"password authentication failed for user \"postgres\"","level":"error","message":"Query error","query":"SELECT NOW()","service":"postgres-client","timestamp":"2025-05-30T06:56:06.186Z"}
{"level":"error","message":"PostgreSQL authentication failed. Please check your credentials in the configuration.","service":"postgres-client","timestamp":"2025-05-30T06:56:06.188Z"}
{"code":"ECONNRESET","error":"read ECONNRESET","level":"error","message":"Query error","query":"SELECT NOW()","service":"postgres-client","timestamp":"2025-05-30T06:56:06.199Z"}
{"database":"sap_db","error":"password authentication failed for user \"postgres\"","host":"localhost","level":"error","message":"PostgreSQL connection test failed","service":"postgres-client","timestamp":"2025-05-30T06:58:59.150Z","user":"postgres"}
{"database":"sap_db","error":"password authentication failed for user \"postgres\"","host":"localhost","level":"error","message":"PostgreSQL connection test failed","service":"postgres-client","timestamp":"2025-05-30T06:58:59.155Z","user":"postgres"}
{"database":"sap_db","error":"password authentication failed for user \"postgres\"","host":"localhost","level":"error","message":"PostgreSQL connection test failed","service":"postgres-client","timestamp":"2025-05-30T06:58:59.174Z","user":"postgres"}
{"code":"28P01","error":"password authentication failed for user \"postgres\"","level":"error","message":"Query error","query":"SELECT NOW()","service":"postgres-client","timestamp":"2025-05-30T06:58:59.239Z"}
{"level":"error","message":"PostgreSQL authentication failed. Please check your credentials in the configuration.","service":"postgres-client","timestamp":"2025-05-30T06:58:59.240Z"}
{"code":"28P01","error":"password authentication failed for user \"postgres\"","level":"error","message":"Query error","query":"SELECT NOW()","service":"postgres-client","timestamp":"2025-05-30T06:58:59.262Z"}
{"level":"error","message":"PostgreSQL authentication failed. Please check your credentials in the configuration.","service":"postgres-client","timestamp":"2025-05-30T06:58:59.263Z"}
{"database":"sap_db","error":"password authentication failed for user \"postgres\"","host":"localhost","level":"error","message":"PostgreSQL connection test failed","service":"postgres-client","timestamp":"2025-05-30T06:59:37.192Z","user":"postgres"}
{"database":"sap_db","error":"read ECONNRESET","host":"localhost","level":"error","message":"PostgreSQL connection test failed","service":"postgres-client","timestamp":"2025-05-30T06:59:37.197Z","user":"postgres"}
{"database":"sap_db","error":"read ECONNRESET","host":"localhost","level":"error","message":"PostgreSQL connection test failed","service":"postgres-client","timestamp":"2025-05-30T06:59:37.202Z","user":"postgres"}
{"code":"28P01","error":"password authentication failed for user \"postgres\"","level":"error","message":"Query error","query":"SELECT NOW()","service":"postgres-client","timestamp":"2025-05-30T06:59:37.279Z"}
{"level":"error","message":"PostgreSQL authentication failed. Please check your credentials in the configuration.","service":"postgres-client","timestamp":"2025-05-30T06:59:37.279Z"}
{"code":"28P01","error":"password authentication failed for user \"postgres\"","level":"error","message":"Query error","query":"SELECT NOW()","service":"postgres-client","timestamp":"2025-05-30T06:59:37.302Z"}
{"level":"error","message":"PostgreSQL authentication failed. Please check your credentials in the configuration.","service":"postgres-client","timestamp":"2025-05-30T06:59:37.303Z"}
{"database":"sap_db","error":"password authentication failed for user \"postgres\"","host":"localhost","level":"error","message":"PostgreSQL connection test failed","service":"postgres-client","timestamp":"2025-05-30T07:02:20.599Z","user":"postgres"}
{"database":"sap_db","error":"read ECONNRESET","host":"localhost","level":"error","message":"PostgreSQL connection test failed","service":"postgres-client","timestamp":"2025-05-30T07:02:20.605Z","user":"postgres"}
{"database":"sap_db","error":"password authentication failed for user \"postgres\"","host":"localhost","level":"error","message":"PostgreSQL connection test failed","service":"postgres-client","timestamp":"2025-05-30T07:02:20.623Z","user":"postgres"}
{"code":"28P01","error":"password authentication failed for user \"postgres\"","level":"error","message":"Query error","query":"SELECT NOW()","service":"postgres-client","timestamp":"2025-05-30T07:02:20.678Z"}
{"level":"error","message":"PostgreSQL authentication failed. Please check your credentials in the configuration.","service":"postgres-client","timestamp":"2025-05-30T07:02:20.680Z"}
{"code":"28P01","error":"password authentication failed for user \"postgres\"","level":"error","message":"Query error","query":"SELECT NOW()","service":"postgres-client","timestamp":"2025-05-30T07:02:20.716Z"}
{"level":"error","message":"PostgreSQL authentication failed. Please check your credentials in the configuration.","service":"postgres-client","timestamp":"2025-05-30T07:02:20.717Z"}
{"database":"sap_db","error":"password authentication failed for user \"postgres\"","host":"localhost","level":"error","message":"PostgreSQL connection test failed","service":"postgres-client","timestamp":"2025-05-30T07:04:34.993Z","user":"postgres"}
{"database":"sap_db","error":"password authentication failed for user \"postgres\"","host":"localhost","level":"error","message":"PostgreSQL connection test failed","service":"postgres-client","timestamp":"2025-05-30T07:04:34.996Z","user":"postgres"}
{"database":"sap_db","error":"password authentication failed for user \"postgres\"","host":"localhost","level":"error","message":"PostgreSQL connection test failed","service":"postgres-client","timestamp":"2025-05-30T07:04:35.006Z","user":"postgres"}
{"code":"28P01","error":"password authentication failed for user \"postgres\"","level":"error","message":"Query error","query":"SELECT NOW()","service":"postgres-client","timestamp":"2025-05-30T07:04:35.082Z"}
{"level":"error","message":"PostgreSQL authentication failed. Please check your credentials in the configuration.","service":"postgres-client","timestamp":"2025-05-30T07:04:35.083Z"}
{"code":"28P01","error":"password authentication failed for user \"postgres\"","level":"error","message":"Query error","query":"SELECT NOW()","service":"postgres-client","timestamp":"2025-05-30T07:04:35.106Z"}
{"level":"error","message":"PostgreSQL authentication failed. Please check your credentials in the configuration.","service":"postgres-client","timestamp":"2025-05-30T07:04:35.107Z"}
{"database":"sap_db","error":"read ECONNRESET","host":"localhost","level":"error","message":"PostgreSQL connection test failed","service":"postgres-client","timestamp":"2025-05-30T07:12:03.208Z","user":"postgres"}
{"database":"sap_db","error":"read ECONNRESET","host":"localhost","level":"error","message":"PostgreSQL connection test failed","service":"postgres-client","timestamp":"2025-05-30T07:12:03.214Z","user":"postgres"}
{"database":"sap_db","error":"password authentication failed for user \"postgres\"","host":"localhost","level":"error","message":"PostgreSQL connection test failed","service":"postgres-client","timestamp":"2025-05-30T07:12:03.240Z","user":"postgres"}
{"code":"28P01","error":"password authentication failed for user \"postgres\"","level":"error","message":"Query error","query":"SELECT NOW()","service":"postgres-client","timestamp":"2025-05-30T07:12:03.391Z"}
{"level":"error","message":"PostgreSQL authentication failed. Please check your credentials in the configuration.","service":"postgres-client","timestamp":"2025-05-30T07:12:03.392Z"}
{"code":"28P01","error":"password authentication failed for user \"postgres\"","level":"error","message":"Query error","query":"SELECT NOW()","service":"postgres-client","timestamp":"2025-05-30T07:12:03.437Z"}
{"level":"error","message":"PostgreSQL authentication failed. Please check your credentials in the configuration.","service":"postgres-client","timestamp":"2025-05-30T07:12:03.447Z"}
{"database":"sap_db","error":"read ECONNRESET","host":"localhost","level":"error","message":"PostgreSQL connection test failed","service":"postgres-client","timestamp":"2025-05-30T07:13:36.036Z","user":"postgres"}
{"database":"sap_db","error":"read ECONNRESET","host":"localhost","level":"error","message":"PostgreSQL connection test failed","service":"postgres-client","timestamp":"2025-05-30T07:13:36.044Z","user":"postgres"}
{"database":"sap_db","error":"password authentication failed for user \"postgres\"","host":"localhost","level":"error","message":"PostgreSQL connection test failed","service":"postgres-client","timestamp":"2025-05-30T07:13:36.075Z","user":"postgres"}
{"code":"28P01","error":"password authentication failed for user \"postgres\"","level":"error","message":"Query error","query":"SELECT NOW()","service":"postgres-client","timestamp":"2025-05-30T07:13:36.160Z"}
{"level":"error","message":"PostgreSQL authentication failed. Please check your credentials in the configuration.","service":"postgres-client","timestamp":"2025-05-30T07:13:36.164Z"}
{"code":"28P01","error":"password authentication failed for user \"postgres\"","level":"error","message":"Query error","query":"SELECT NOW()","service":"postgres-client","timestamp":"2025-05-30T07:13:36.231Z"}
{"level":"error","message":"PostgreSQL authentication failed. Please check your credentials in the configuration.","service":"postgres-client","timestamp":"2025-05-30T07:13:36.234Z"}
