{"level":"warn","message":"Attempting to query PostgreSQL while disconnected","query":"SELECT NOW()","service":"postgres-client","timestamp":"2025-05-14T09:12:55.863Z"}
{"database":"sap_db","error":"password authentication failed for user \"postgres\"","host":"localhost","level":"error","message":"PostgreSQL connection test failed","service":"postgres-client","timestamp":"2025-05-14T09:12:55.998Z","user":"postgres"}
{"database":"sap_db","error":"password authentication failed for user \"postgres\"","host":"localhost","level":"error","message":"PostgreSQL connection test failed","service":"postgres-client","timestamp":"2025-05-14T09:12:56.015Z","user":"postgres"}
{"code":"28P01","error":"password authentication failed for user \"postgres\"","level":"error","message":"Query error","query":"SELECT NOW()","service":"postgres-client","timestamp":"2025-05-14T09:12:56.073Z"}
{"level":"error","message":"PostgreSQL authentication failed. Please check your credentials in the configuration.","service":"postgres-client","timestamp":"2025-05-14T09:12:56.075Z"}
{"level":"info","message":"PostgreSQL connection pool closed","service":"postgres-client","timestamp":"2025-05-14T10:33:16.340Z"}
{"level":"warn","message":"Attempting to query PostgreSQL while disconnected","query":"SELECT NOW()","service":"postgres-client","timestamp":"2025-05-14T10:33:42.216Z"}
{"level":"warn","message":"Attempting to query PostgreSQL while disconnected","query":"SELECT NOW()","service":"postgres-client","timestamp":"2025-05-14T10:33:42.315Z"}
{"database":"sap_db","error":"password authentication failed for user \"postgres\"","host":"localhost","level":"error","message":"PostgreSQL connection test failed","service":"postgres-client","timestamp":"2025-05-14T10:33:42.373Z","user":"postgres"}
{"database":"sap_db","error":"password authentication failed for user \"postgres\"","host":"localhost","level":"error","message":"PostgreSQL connection test failed","service":"postgres-client","timestamp":"2025-05-14T10:33:42.396Z","user":"postgres"}
{"code":"28P01","error":"password authentication failed for user \"postgres\"","level":"error","message":"Query error","query":"SELECT NOW()","service":"postgres-client","timestamp":"2025-05-14T10:33:42.464Z"}
{"level":"error","message":"PostgreSQL authentication failed. Please check your credentials in the configuration.","service":"postgres-client","timestamp":"2025-05-14T10:33:42.467Z"}
{"database":"sap_db","error":"password authentication failed for user \"postgres\"","host":"localhost","level":"error","message":"PostgreSQL connection test failed","service":"postgres-client","timestamp":"2025-05-14T10:33:42.497Z","user":"postgres"}
{"code":"28P01","error":"password authentication failed for user \"postgres\"","level":"error","message":"Query error","query":"SELECT NOW()","service":"postgres-client","timestamp":"2025-05-14T10:33:42.578Z"}
{"level":"error","message":"PostgreSQL authentication failed. Please check your credentials in the configuration.","service":"postgres-client","timestamp":"2025-05-14T10:33:42.586Z"}
{"error":"Called end on pool more than once","level":"error","message":"Error closing PostgreSQL connection pool","service":"postgres-client","timestamp":"2025-05-14T10:45:41.139Z"}
{"level":"warn","message":"Attempting to query PostgreSQL while disconnected","query":"SELECT NOW()","service":"postgres-client","timestamp":"2025-05-14T10:45:55.825Z"}
{"level":"warn","message":"Attempting to query PostgreSQL while disconnected","query":"SELECT NOW()","service":"postgres-client","timestamp":"2025-05-14T10:45:55.891Z"}
{"database":"sap_db","error":"password authentication failed for user \"postgres\"","host":"localhost","level":"error","message":"PostgreSQL connection test failed","service":"postgres-client","timestamp":"2025-05-14T10:45:55.960Z","user":"postgres"}
{"database":"sap_db","error":"password authentication failed for user \"postgres\"","host":"localhost","level":"error","message":"PostgreSQL connection test failed","service":"postgres-client","timestamp":"2025-05-14T10:45:55.963Z","user":"postgres"}
{"database":"sap_db","error":"password authentication failed for user \"postgres\"","host":"localhost","level":"error","message":"PostgreSQL connection test failed","service":"postgres-client","timestamp":"2025-05-14T10:45:55.983Z","user":"postgres"}
{"code":"28P01","error":"password authentication failed for user \"postgres\"","level":"error","message":"Query error","query":"SELECT NOW()","service":"postgres-client","timestamp":"2025-05-14T10:45:56.033Z"}
{"level":"error","message":"PostgreSQL authentication failed. Please check your credentials in the configuration.","service":"postgres-client","timestamp":"2025-05-14T10:45:56.034Z"}
{"code":"28P01","error":"password authentication failed for user \"postgres\"","level":"error","message":"Query error","query":"SELECT NOW()","service":"postgres-client","timestamp":"2025-05-14T10:45:56.077Z"}
{"level":"error","message":"PostgreSQL authentication failed. Please check your credentials in the configuration.","service":"postgres-client","timestamp":"2025-05-14T10:45:56.078Z"}
{"error":"Called end on pool more than once","level":"error","message":"Error closing PostgreSQL connection pool","service":"postgres-client","timestamp":"2025-05-14T10:57:28.483Z"}
{"level":"warn","message":"Attempting to query PostgreSQL while disconnected","query":"SELECT NOW()","service":"postgres-client","timestamp":"2025-05-14T10:59:02.762Z"}
{"level":"warn","message":"Attempting to query PostgreSQL while disconnected","query":"SELECT NOW()","service":"postgres-client","timestamp":"2025-05-14T10:59:02.831Z"}
{"database":"sap_db","error":"password authentication failed for user \"postgres\"","host":"localhost","level":"error","message":"PostgreSQL connection test failed","service":"postgres-client","timestamp":"2025-05-14T10:59:02.889Z","user":"postgres"}
{"database":"sap_db","error":"password authentication failed for user \"postgres\"","host":"localhost","level":"error","message":"PostgreSQL connection test failed","service":"postgres-client","timestamp":"2025-05-14T10:59:02.908Z","user":"postgres"}
{"database":"sap_db","error":"read ECONNRESET","host":"localhost","level":"error","message":"PostgreSQL connection test failed","service":"postgres-client","timestamp":"2025-05-14T10:59:02.914Z","user":"postgres"}
{"code":"28P01","error":"password authentication failed for user \"postgres\"","level":"error","message":"Query error","query":"SELECT NOW()","service":"postgres-client","timestamp":"2025-05-14T10:59:02.981Z"}
{"level":"error","message":"PostgreSQL authentication failed. Please check your credentials in the configuration.","service":"postgres-client","timestamp":"2025-05-14T10:59:02.981Z"}
{"code":"28P01","error":"password authentication failed for user \"postgres\"","level":"error","message":"Query error","query":"SELECT NOW()","service":"postgres-client","timestamp":"2025-05-14T10:59:03.073Z"}
{"level":"error","message":"PostgreSQL authentication failed. Please check your credentials in the configuration.","service":"postgres-client","timestamp":"2025-05-14T10:59:03.073Z"}
{"error":"Called end on pool more than once","level":"error","message":"Error closing PostgreSQL connection pool","service":"postgres-client","timestamp":"2025-05-14T11:01:32.441Z"}
{"level":"warn","message":"Attempting to query PostgreSQL while disconnected","query":"SELECT NOW()","service":"postgres-client","timestamp":"2025-05-14T11:01:44.381Z"}
{"level":"warn","message":"Attempting to query PostgreSQL while disconnected","query":"SELECT NOW()","service":"postgres-client","timestamp":"2025-05-14T11:01:44.449Z"}
{"database":"sap_db","error":"password authentication failed for user \"postgres\"","host":"localhost","level":"error","message":"PostgreSQL connection test failed","service":"postgres-client","timestamp":"2025-05-14T11:01:44.513Z","user":"postgres"}
{"database":"sap_db","error":"read ECONNRESET","host":"localhost","level":"error","message":"PostgreSQL connection test failed","service":"postgres-client","timestamp":"2025-05-14T11:01:44.519Z","user":"postgres"}
{"database":"sap_db","error":"password authentication failed for user \"postgres\"","host":"localhost","level":"error","message":"PostgreSQL connection test failed","service":"postgres-client","timestamp":"2025-05-14T11:01:44.539Z","user":"postgres"}
{"code":"28P01","error":"password authentication failed for user \"postgres\"","level":"error","message":"Query error","query":"SELECT NOW()","service":"postgres-client","timestamp":"2025-05-14T11:01:44.593Z"}
{"level":"error","message":"PostgreSQL authentication failed. Please check your credentials in the configuration.","service":"postgres-client","timestamp":"2025-05-14T11:01:44.593Z"}
{"code":"28P01","error":"password authentication failed for user \"postgres\"","level":"error","message":"Query error","query":"SELECT NOW()","service":"postgres-client","timestamp":"2025-05-14T11:01:44.620Z"}
{"level":"error","message":"PostgreSQL authentication failed. Please check your credentials in the configuration.","service":"postgres-client","timestamp":"2025-05-14T11:01:44.621Z"}
{"error":"Called end on pool more than once","level":"error","message":"Error closing PostgreSQL connection pool","service":"postgres-client","timestamp":"2025-05-14T11:05:19.220Z"}
{"level":"warn","message":"Attempting to query PostgreSQL while disconnected","query":"SELECT NOW()","service":"postgres-client","timestamp":"2025-05-14T11:05:31.241Z"}
{"level":"warn","message":"Attempting to query PostgreSQL while disconnected","query":"SELECT NOW()","service":"postgres-client","timestamp":"2025-05-14T11:05:31.316Z"}
{"database":"sap_db","error":"password authentication failed for user \"postgres\"","host":"localhost","level":"error","message":"PostgreSQL connection test failed","service":"postgres-client","timestamp":"2025-05-14T11:05:31.361Z","user":"postgres"}
{"database":"sap_db","error":"read ECONNRESET","host":"localhost","level":"error","message":"PostgreSQL connection test failed","service":"postgres-client","timestamp":"2025-05-14T11:05:31.366Z","user":"postgres"}
{"code":"28P01","error":"password authentication failed for user \"postgres\"","level":"error","message":"Query error","query":"SELECT NOW()","service":"postgres-client","timestamp":"2025-05-14T11:05:31.424Z"}
{"level":"error","message":"PostgreSQL authentication failed. Please check your credentials in the configuration.","service":"postgres-client","timestamp":"2025-05-14T11:05:31.424Z"}
{"database":"sap_db","error":"password authentication failed for user \"postgres\"","host":"localhost","level":"error","message":"PostgreSQL connection test failed","service":"postgres-client","timestamp":"2025-05-14T11:05:31.492Z","user":"postgres"}
{"code":"28P01","error":"password authentication failed for user \"postgres\"","level":"error","message":"Query error","query":"SELECT NOW()","service":"postgres-client","timestamp":"2025-05-14T11:05:31.553Z"}
{"level":"error","message":"PostgreSQL authentication failed. Please check your credentials in the configuration.","service":"postgres-client","timestamp":"2025-05-14T11:05:31.556Z"}
{"level":"warn","message":"Attempting to query PostgreSQL while disconnected","query":"SELECT NOW()","service":"postgres-client","timestamp":"2025-05-14T11:39:59.289Z"}
{"level":"warn","message":"Attempting to query PostgreSQL while disconnected","query":"SELECT NOW()","service":"postgres-client","timestamp":"2025-05-14T11:39:59.390Z"}
{"database":"sap_db","error":"password authentication failed for user \"postgres\"","host":"localhost","level":"error","message":"PostgreSQL connection test failed","service":"postgres-client","timestamp":"2025-05-14T11:39:59.523Z","user":"postgres"}
{"database":"sap_db","error":"read ECONNRESET","host":"localhost","level":"error","message":"PostgreSQL connection test failed","service":"postgres-client","timestamp":"2025-05-14T11:39:59.530Z","user":"postgres"}
{"database":"sap_db","error":"password authentication failed for user \"postgres\"","host":"localhost","level":"error","message":"PostgreSQL connection test failed","service":"postgres-client","timestamp":"2025-05-14T11:39:59.544Z","user":"postgres"}
{"code":"28P01","error":"password authentication failed for user \"postgres\"","level":"error","message":"Query error","query":"SELECT NOW()","service":"postgres-client","timestamp":"2025-05-14T11:39:59.655Z"}
{"level":"error","message":"PostgreSQL authentication failed. Please check your credentials in the configuration.","service":"postgres-client","timestamp":"2025-05-14T11:39:59.656Z"}
{"code":"28P01","error":"password authentication failed for user \"postgres\"","level":"error","message":"Query error","query":"SELECT NOW()","service":"postgres-client","timestamp":"2025-05-14T11:39:59.717Z"}
{"level":"error","message":"PostgreSQL authentication failed. Please check your credentials in the configuration.","service":"postgres-client","timestamp":"2025-05-14T11:39:59.729Z"}
{"level":"warn","message":"Attempting to query PostgreSQL while disconnected","query":"SELECT NOW()","service":"postgres-client","timestamp":"2025-05-14T11:40:32.802Z"}
{"level":"warn","message":"Attempting to query PostgreSQL while disconnected","query":"SELECT NOW()","service":"postgres-client","timestamp":"2025-05-14T11:40:32.930Z"}
{"database":"sap_db","error":"password authentication failed for user \"postgres\"","host":"localhost","level":"error","message":"PostgreSQL connection test failed","service":"postgres-client","timestamp":"2025-05-14T11:40:33.020Z","user":"postgres"}
{"database":"sap_db","error":"password authentication failed for user \"postgres\"","host":"localhost","level":"error","message":"PostgreSQL connection test failed","service":"postgres-client","timestamp":"2025-05-14T11:40:33.046Z","user":"postgres"}
{"database":"sap_db","error":"password authentication failed for user \"postgres\"","host":"localhost","level":"error","message":"PostgreSQL connection test failed","service":"postgres-client","timestamp":"2025-05-14T11:40:33.054Z","user":"postgres"}
{"code":"28P01","error":"password authentication failed for user \"postgres\"","level":"error","message":"Query error","query":"SELECT NOW()","service":"postgres-client","timestamp":"2025-05-14T11:40:33.121Z"}
{"level":"error","message":"PostgreSQL authentication failed. Please check your credentials in the configuration.","service":"postgres-client","timestamp":"2025-05-14T11:40:33.124Z"}
{"code":"28P01","error":"password authentication failed for user \"postgres\"","level":"error","message":"Query error","query":"SELECT NOW()","service":"postgres-client","timestamp":"2025-05-14T11:40:33.167Z"}
{"level":"error","message":"PostgreSQL authentication failed. Please check your credentials in the configuration.","service":"postgres-client","timestamp":"2025-05-14T11:40:33.168Z"}
{"error":"Called end on pool more than once","level":"error","message":"Error closing PostgreSQL connection pool","service":"postgres-client","timestamp":"2025-05-14T12:50:07.369Z"}
{"level":"warn","message":"Attempting to query PostgreSQL while disconnected","query":"SELECT NOW()","service":"postgres-client","timestamp":"2025-05-14T12:50:24.494Z"}
{"level":"warn","message":"Attempting to query PostgreSQL while disconnected","query":"SELECT NOW()","service":"postgres-client","timestamp":"2025-05-14T12:50:24.622Z"}
{"database":"sap_db","error":"password authentication failed for user \"postgres\"","host":"localhost","level":"error","message":"PostgreSQL connection test failed","service":"postgres-client","timestamp":"2025-05-14T12:50:24.704Z","user":"postgres"}
{"database":"sap_db","error":"password authentication failed for user \"postgres\"","host":"localhost","level":"error","message":"PostgreSQL connection test failed","service":"postgres-client","timestamp":"2025-05-14T12:50:24.712Z","user":"postgres"}
{"database":"sap_db","error":"password authentication failed for user \"postgres\"","host":"localhost","level":"error","message":"PostgreSQL connection test failed","service":"postgres-client","timestamp":"2025-05-14T12:50:24.739Z","user":"postgres"}
{"code":"28P01","error":"password authentication failed for user \"postgres\"","level":"error","message":"Query error","query":"SELECT NOW()","service":"postgres-client","timestamp":"2025-05-14T12:50:24.823Z"}
{"level":"error","message":"PostgreSQL authentication failed. Please check your credentials in the configuration.","service":"postgres-client","timestamp":"2025-05-14T12:50:24.824Z"}
{"code":"ECONNRESET","error":"read ECONNRESET","level":"error","message":"Query error","query":"SELECT NOW()","service":"postgres-client","timestamp":"2025-05-14T12:50:24.833Z"}
