{"level":"info","message":"Initializing all database schemas...","service":"schema-service","timestamp":"2025-05-23T10:37:13.207Z"}
{"level":"info","message":"Initializing all database schemas...","service":"schema-service","timestamp":"2025-05-23T10:41:44.065Z"}
{"level":"info","message":"Initializing all database schemas...","service":"schema-service","timestamp":"2025-05-23T10:42:43.508Z"}
{"level":"info","message":"Initializing all database schemas...","service":"schema-service","timestamp":"2025-05-23T10:43:33.756Z"}
{"level":"info","message":"Running PostgreSQL migrations...","service":"schema-service","timestamp":"2025-05-23T10:43:33.757Z"}
{"level":"info","message":"Successfully ran 0 PostgreSQL migrations","service":"schema-service","timestamp":"2025-05-23T10:43:33.773Z"}
{"level":"info","message":"Synchronizing MongoDB schemas...","service":"schema-service","timestamp":"2025-05-23T10:43:33.774Z"}
{"level":"info","message":"Successfully synchronized 0 MongoDB schemas","service":"schema-service","timestamp":"2025-05-23T10:43:33.774Z"}
{"level":"info","message":"Creating Elasticsearch indices...","service":"schema-service","timestamp":"2025-05-23T10:43:33.774Z"}
{"error":"Response Error","level":"error","message":"Error checking if Elasticsearch index exists: users","service":"schema-service","timestamp":"2025-05-23T10:43:33.781Z"}
{"error":"security_exception: [security_exception] Reason: missing authentication credentials for REST request [/users]","level":"error","message":"Error creating Elasticsearch index: users","service":"schema-service","timestamp":"2025-05-23T10:43:34.166Z"}
{"level":"info","message":"Initializing all database schemas...","service":"schema-service","timestamp":"2025-05-23T10:45:12.846Z"}
{"level":"info","message":"Running PostgreSQL migrations...","service":"schema-service","timestamp":"2025-05-23T10:45:12.846Z"}
{"level":"info","message":"Successfully ran 0 PostgreSQL migrations","service":"schema-service","timestamp":"2025-05-23T10:45:12.858Z"}
{"level":"info","message":"Initializing all database schemas...","service":"schema-service","timestamp":"2025-05-23T10:49:24.175Z"}
{"level":"info","message":"Running PostgreSQL migrations...","service":"schema-service","timestamp":"2025-05-23T10:49:24.176Z"}
{"level":"info","message":"Successfully ran 0 PostgreSQL migrations","service":"schema-service","timestamp":"2025-05-23T10:49:24.186Z"}
{"level":"info","message":"Initializing all database schemas...","service":"schema-service","timestamp":"2025-05-23T10:56:49.379Z"}
{"level":"info","message":"Running PostgreSQL migrations...","service":"schema-service","timestamp":"2025-05-23T10:56:49.380Z"}
{"level":"info","message":"Successfully ran 0 PostgreSQL migrations","service":"schema-service","timestamp":"2025-05-23T10:56:49.390Z"}
{"level":"info","message":"Synchronizing MongoDB schemas...","service":"schema-service","timestamp":"2025-05-23T10:56:49.391Z"}
{"level":"info","message":"Created 2 indexes for model: User","service":"schema-service","timestamp":"2025-05-23T10:56:49.404Z"}
{"level":"info","message":"Initializing all database schemas...","service":"schema-service","timestamp":"2025-05-23T10:58:16.643Z"}
{"level":"info","message":"Running PostgreSQL migrations...","service":"schema-service","timestamp":"2025-05-23T10:58:16.644Z"}
{"level":"info","message":"Successfully ran 0 PostgreSQL migrations","service":"schema-service","timestamp":"2025-05-23T10:58:16.658Z"}
{"level":"info","message":"Synchronizing MongoDB schemas...","service":"schema-service","timestamp":"2025-05-23T10:58:16.659Z"}
{"level":"info","message":"Created 2 indexes for model: User","service":"schema-service","timestamp":"2025-05-23T10:58:16.671Z"}
{"level":"info","message":"Successfully synchronized 1 MongoDB schemas","service":"schema-service","timestamp":"2025-05-23T10:58:16.672Z"}
{"level":"info","message":"Skipping Elasticsearch indices creation as Elasticsearch is disabled","service":"schema-service","timestamp":"2025-05-23T10:58:16.672Z"}
{"level":"info","message":"All database schemas initialized successfully","service":"schema-service","timestamp":"2025-05-23T10:58:16.673Z"}
{"level":"info","message":"Initializing all database schemas...","service":"schema-service","timestamp":"2025-05-23T10:59:18.996Z"}
{"level":"info","message":"Running PostgreSQL migrations...","service":"schema-service","timestamp":"2025-05-23T10:59:18.997Z"}
{"level":"info","message":"Successfully ran 0 PostgreSQL migrations","service":"schema-service","timestamp":"2025-05-23T10:59:19.011Z"}
{"level":"info","message":"Synchronizing MongoDB schemas...","service":"schema-service","timestamp":"2025-05-23T10:59:19.011Z"}
{"level":"info","message":"Created 2 indexes for model: User","service":"schema-service","timestamp":"2025-05-23T10:59:19.025Z"}
{"level":"info","message":"Initializing all database schemas...","service":"schema-service","timestamp":"2025-05-23T11:00:58.997Z"}
{"level":"info","message":"Running PostgreSQL migrations...","service":"schema-service","timestamp":"2025-05-23T11:00:58.997Z"}
{"level":"info","message":"Successfully ran 0 PostgreSQL migrations","service":"schema-service","timestamp":"2025-05-23T11:00:59.011Z"}
{"level":"info","message":"Synchronizing MongoDB schemas...","service":"schema-service","timestamp":"2025-05-23T11:00:59.012Z"}
{"level":"info","message":"Created 2 indexes for model: User","service":"schema-service","timestamp":"2025-05-23T11:00:59.063Z"}
{"error":"Error in specification { background: true, name: \"title_text_body_text_summary_text\", key: { title: \"text\", body: \"text\", summary: \"text\" } } :: caused by :: text indexes cannot be created with apiStrict: true","level":"error","message":"Error synchronizing MongoDB schemas","service":"schema-service","timestamp":"2025-05-23T11:00:59.079Z"}
{"level":"info","message":"Initializing all database schemas...","service":"schema-service","timestamp":"2025-05-23T11:01:47.236Z"}
{"level":"info","message":"Running PostgreSQL migrations...","service":"schema-service","timestamp":"2025-05-23T11:01:47.236Z"}
{"level":"info","message":"Successfully ran 0 PostgreSQL migrations","service":"schema-service","timestamp":"2025-05-23T11:01:47.249Z"}
{"level":"info","message":"Synchronizing MongoDB schemas...","service":"schema-service","timestamp":"2025-05-23T11:01:47.251Z"}
{"level":"info","message":"Created 2 indexes for model: User","service":"schema-service","timestamp":"2025-05-23T11:01:47.264Z"}
{"level":"info","message":"Created 7 indexes for model: Content","service":"schema-service","timestamp":"2025-05-23T11:01:47.277Z"}
{"level":"info","message":"Successfully synchronized 2 MongoDB schemas","service":"schema-service","timestamp":"2025-05-23T11:01:47.277Z"}
{"level":"info","message":"Skipping Elasticsearch indices creation as Elasticsearch is disabled","service":"schema-service","timestamp":"2025-05-23T11:01:47.278Z"}
{"level":"info","message":"All database schemas initialized successfully","service":"schema-service","timestamp":"2025-05-23T11:01:47.278Z"}
{"level":"info","message":"Initializing all database schemas...","service":"schema-service","timestamp":"2025-05-23T11:03:28.931Z"}
{"level":"info","message":"Running PostgreSQL migrations...","service":"schema-service","timestamp":"2025-05-23T11:03:28.932Z"}
{"level":"info","message":"Successfully ran 0 PostgreSQL migrations","service":"schema-service","timestamp":"2025-05-23T11:03:28.947Z"}
{"level":"info","message":"Synchronizing MongoDB schemas...","service":"schema-service","timestamp":"2025-05-23T11:03:28.949Z"}
{"level":"info","message":"Created 2 indexes for model: User","service":"schema-service","timestamp":"2025-05-23T11:03:28.958Z"}
{"level":"info","message":"Created 7 indexes for model: Content","service":"schema-service","timestamp":"2025-05-23T11:03:28.972Z"}
{"level":"info","message":"Successfully synchronized 2 MongoDB schemas","service":"schema-service","timestamp":"2025-05-23T11:03:28.973Z"}
{"level":"info","message":"Skipping Elasticsearch indices creation as Elasticsearch is disabled","service":"schema-service","timestamp":"2025-05-23T11:03:28.975Z"}
{"level":"info","message":"All database schemas initialized successfully","service":"schema-service","timestamp":"2025-05-23T11:03:28.975Z"}
{"level":"info","message":"Skipping Elasticsearch indices creation as Elasticsearch is disabled","service":"schema-service","timestamp":"2025-05-23T11:08:44.430Z"}
{"level":"info","message":"Synchronizing MongoDB schemas...","service":"schema-service","timestamp":"2025-05-23T11:08:44.507Z"}
{"level":"info","message":"Created 2 indexes for model: User","service":"schema-service","timestamp":"2025-05-23T11:08:44.548Z"}
{"level":"info","message":"Created 7 indexes for model: Content","service":"schema-service","timestamp":"2025-05-23T11:08:44.583Z"}
{"level":"info","message":"Successfully synchronized 2 MongoDB schemas","service":"schema-service","timestamp":"2025-05-23T11:08:44.583Z"}
{"level":"info","message":"Skipping Elasticsearch indices creation as Elasticsearch is disabled","service":"schema-service","timestamp":"2025-05-23T11:09:28.089Z"}
{"level":"info","message":"Synchronizing MongoDB schemas...","service":"schema-service","timestamp":"2025-05-23T11:09:28.183Z"}
{"level":"info","message":"Created 2 indexes for model: User","service":"schema-service","timestamp":"2025-05-23T11:09:28.225Z"}
{"level":"info","message":"Created 7 indexes for model: Content","service":"schema-service","timestamp":"2025-05-23T11:09:28.266Z"}
{"level":"info","message":"Successfully synchronized 2 MongoDB schemas","service":"schema-service","timestamp":"2025-05-23T11:09:28.267Z"}
