{"level":"info","message":"Security middleware applied","service":"security","timestamp":"2025-05-23T12:03:40.608Z"}
{"level":"info","message":"Security middleware applied","service":"security","timestamp":"2025-05-23T12:07:04.696Z"}
{"level":"info","message":"Security middleware applied","service":"security","timestamp":"2025-05-23T12:09:18.931Z"}
{"level":"info","message":"Security middleware applied","service":"security","timestamp":"2025-05-23T12:11:42.499Z"}
{"level":"info","message":"Security middleware applied","service":"security","timestamp":"2025-05-23T12:11:43.164Z"}
{"level":"info","message":"Security middleware applied","service":"security","timestamp":"2025-05-23T12:11:42.944Z"}
{"level":"info","message":"Security middleware applied","service":"security","timestamp":"2025-05-23T12:11:43.578Z"}
{"level":"info","message":"Security middleware applied","service":"security","timestamp":"2025-05-23T12:11:46.342Z"}
{"level":"info","message":"Security middleware applied","service":"security","timestamp":"2025-05-23T12:11:46.602Z"}
{"level":"info","message":"Security middleware applied","service":"security","timestamp":"2025-05-23T12:11:48.540Z"}
{"level":"info","message":"Security middleware applied","service":"security","timestamp":"2025-05-23T12:11:49.760Z"}
{"level":"info","message":"Security middleware applied","service":"security","timestamp":"2025-05-23T12:11:50.093Z"}
{"level":"info","message":"Security middleware applied","service":"security","timestamp":"2025-05-23T12:12:10.188Z"}
{"level":"info","message":"Security middleware applied","service":"security","timestamp":"2025-05-23T12:13:25.587Z"}
{"level":"info","message":"Security middleware applied","service":"security","timestamp":"2025-05-23T12:16:08.639Z"}
{"level":"info","message":"Security middleware applied","service":"security","timestamp":"2025-05-23T12:16:16.252Z"}
{"level":"info","message":"Security middleware applied","service":"security","timestamp":"2025-05-23T12:17:57.750Z"}
{"level":"info","message":"Security middleware applied","service":"security","timestamp":"2025-05-23T12:19:07.057Z"}
{"level":"info","message":"Security middleware applied","service":"security","timestamp":"2025-05-23T12:20:03.838Z"}
{"level":"info","message":"Security middleware applied","service":"security","timestamp":"2025-05-23T12:20:04.500Z"}
{"level":"info","message":"Security middleware applied","service":"security","timestamp":"2025-05-23T12:20:04.648Z"}
{"level":"info","message":"Security middleware applied","service":"security","timestamp":"2025-05-23T12:20:05.198Z"}
{"level":"info","message":"Security middleware applied","service":"security","timestamp":"2025-05-23T12:20:06.311Z"}
{"level":"info","message":"Security middleware applied","service":"security","timestamp":"2025-05-23T12:20:07.193Z"}
{"level":"info","message":"Security middleware applied","service":"security","timestamp":"2025-05-23T12:20:07.713Z"}
{"level":"info","message":"Security middleware applied","service":"security","timestamp":"2025-05-23T12:20:09.014Z"}
{"level":"info","message":"Security middleware applied","service":"security","timestamp":"2025-05-23T12:20:09.753Z"}
{"level":"info","message":"Security middleware applied","service":"security","timestamp":"2025-05-23T12:21:17.955Z"}
{"level":"info","message":"Security middleware applied","service":"security","timestamp":"2025-05-23T12:21:18.928Z"}
{"level":"info","message":"Security middleware applied","service":"security","timestamp":"2025-05-23T12:21:19.526Z"}
{"level":"info","message":"Security middleware applied","service":"security","timestamp":"2025-05-23T12:21:19.955Z"}
{"level":"info","message":"Security middleware applied","service":"security","timestamp":"2025-05-23T12:21:22.074Z"}
{"level":"info","message":"Security middleware applied","service":"security","timestamp":"2025-05-23T12:21:23.385Z"}
{"level":"info","message":"Security middleware applied","service":"security","timestamp":"2025-05-23T12:21:24.264Z"}
{"level":"info","message":"Security middleware applied","service":"security","timestamp":"2025-05-23T12:21:24.426Z"}
{"level":"info","message":"Security middleware applied","service":"security","timestamp":"2025-05-23T12:21:24.512Z"}
{"level":"info","message":"Security middleware applied","service":"security","timestamp":"2025-05-23T12:22:46.742Z"}
{"level":"info","message":"Security middleware applied","service":"security","timestamp":"2025-05-23T12:22:48.195Z"}
{"level":"info","message":"Security middleware applied","service":"security","timestamp":"2025-05-23T12:22:48.628Z"}
{"level":"info","message":"Security middleware applied","service":"security","timestamp":"2025-05-23T12:22:48.964Z"}
{"level":"info","message":"Security middleware applied","service":"security","timestamp":"2025-05-23T12:22:51.547Z"}
{"level":"info","message":"Security middleware applied","service":"security","timestamp":"2025-05-23T12:22:51.765Z"}
{"level":"info","message":"Security middleware applied","service":"security","timestamp":"2025-05-23T12:22:52.101Z"}
{"level":"info","message":"Security middleware applied","service":"security","timestamp":"2025-05-23T12:22:52.661Z"}
{"level":"info","message":"Security middleware applied","service":"security","timestamp":"2025-05-23T12:22:52.857Z"}
{"level":"info","message":"Security middleware applied","service":"security","timestamp":"2025-05-23T12:24:38.573Z"}
{"level":"info","message":"Security middleware applied","service":"security","timestamp":"2025-05-23T12:24:42.315Z"}
{"level":"info","message":"Security middleware applied","service":"security","timestamp":"2025-05-23T12:24:46.036Z"}
{"level":"info","message":"Security middleware applied","service":"security","timestamp":"2025-05-23T12:24:47.469Z"}
{"level":"info","message":"Security middleware applied","service":"security","timestamp":"2025-05-23T12:24:47.769Z"}
{"level":"info","message":"Security middleware applied","service":"security","timestamp":"2025-05-23T12:24:48.837Z"}
{"level":"info","message":"Security middleware applied","service":"security","timestamp":"2025-05-23T12:24:49.324Z"}
{"level":"info","message":"Security middleware applied","service":"security","timestamp":"2025-05-23T12:24:49.737Z"}
{"level":"info","message":"Security middleware applied","service":"security","timestamp":"2025-05-23T12:24:50.995Z"}
{"level":"info","message":"Security middleware applied","service":"security","timestamp":"2025-05-23T12:26:04.928Z"}
{"level":"info","message":"Security middleware applied","service":"security","timestamp":"2025-05-23T12:26:04.859Z"}
{"level":"info","message":"Security middleware applied","service":"security","timestamp":"2025-05-23T12:26:05.123Z"}
{"level":"info","message":"Security middleware applied","service":"security","timestamp":"2025-05-23T12:26:06.567Z"}
{"level":"info","message":"Security middleware applied","service":"security","timestamp":"2025-05-23T12:26:06.886Z"}
{"level":"info","message":"Security middleware applied","service":"security","timestamp":"2025-05-23T12:26:07.888Z"}
{"level":"info","message":"Security middleware applied","service":"security","timestamp":"2025-05-23T12:26:08.582Z"}
{"level":"info","message":"Security middleware applied","service":"security","timestamp":"2025-05-23T12:26:09.156Z"}
{"level":"info","message":"Security middleware applied","service":"security","timestamp":"2025-05-23T12:26:09.492Z"}
{"level":"info","message":"Security middleware applied","service":"security","timestamp":"2025-05-23T12:29:09.462Z"}
{"level":"info","message":"Security middleware applied","service":"security","timestamp":"2025-05-23T12:29:09.477Z"}
{"level":"info","message":"Security middleware applied","service":"security","timestamp":"2025-05-23T12:29:10.445Z"}
{"level":"info","message":"Security middleware applied","service":"security","timestamp":"2025-05-23T12:29:10.777Z"}
{"level":"info","message":"Security middleware applied","service":"security","timestamp":"2025-05-23T12:29:12.698Z"}
{"level":"info","message":"Security middleware applied","service":"security","timestamp":"2025-05-23T12:29:12.778Z"}
{"level":"info","message":"Security middleware applied","service":"security","timestamp":"2025-05-23T12:29:14.482Z"}
{"level":"info","message":"Security middleware applied","service":"security","timestamp":"2025-05-23T12:29:14.542Z"}
{"level":"info","message":"Security middleware applied","service":"security","timestamp":"2025-05-23T12:29:15.501Z"}
{"level":"info","message":"Security middleware applied","service":"security","timestamp":"2025-05-23T12:31:36.798Z"}
{"level":"info","message":"Security middleware applied","service":"security","timestamp":"2025-05-23T12:31:36.995Z"}
{"level":"info","message":"Security middleware applied","service":"security","timestamp":"2025-05-23T12:31:37.672Z"}
{"level":"info","message":"Security middleware applied","service":"security","timestamp":"2025-05-23T12:31:38.065Z"}
{"level":"info","message":"Security middleware applied","service":"security","timestamp":"2025-05-23T12:31:38.839Z"}
{"level":"info","message":"Security middleware applied","service":"security","timestamp":"2025-05-23T12:31:40.268Z"}
{"level":"info","message":"Security middleware applied","service":"security","timestamp":"2025-05-23T12:31:40.780Z"}
{"level":"info","message":"Security middleware applied","service":"security","timestamp":"2025-05-23T12:31:41.553Z"}
{"level":"info","message":"Security middleware applied","service":"security","timestamp":"2025-05-23T12:31:43.409Z"}
{"level":"info","message":"Security middleware applied","service":"security","timestamp":"2025-05-23T12:34:35.625Z"}
{"level":"info","message":"Security middleware applied","service":"security","timestamp":"2025-05-23T12:34:35.801Z"}
{"level":"info","message":"Security middleware applied","service":"security","timestamp":"2025-05-23T12:34:36.250Z"}
{"level":"info","message":"Security middleware applied","service":"security","timestamp":"2025-05-23T12:34:36.294Z"}
{"level":"info","message":"Security middleware applied","service":"security","timestamp":"2025-05-23T12:34:36.803Z"}
{"level":"info","message":"Security middleware applied","service":"security","timestamp":"2025-05-23T12:34:37.592Z"}
{"level":"info","message":"Security middleware applied","service":"security","timestamp":"2025-05-23T12:34:39.446Z"}
{"level":"info","message":"Security middleware applied","service":"security","timestamp":"2025-05-23T12:34:40.749Z"}
{"level":"info","message":"Security middleware applied","service":"security","timestamp":"2025-05-23T12:34:42.838Z"}
{"level":"info","message":"Security middleware applied","service":"security","timestamp":"2025-05-23T12:37:23.527Z"}
{"level":"info","message":"Security middleware applied","service":"security","timestamp":"2025-05-23T12:37:23.942Z"}
{"level":"info","message":"Security middleware applied","service":"security","timestamp":"2025-05-23T12:37:23.786Z"}
{"level":"info","message":"Security middleware applied","service":"security","timestamp":"2025-05-23T12:37:25.023Z"}
{"level":"info","message":"Security middleware applied","service":"security","timestamp":"2025-05-23T12:37:28.544Z"}
{"level":"info","message":"Security middleware applied","service":"security","timestamp":"2025-05-23T12:37:29.510Z"}
{"level":"info","message":"Security middleware applied","service":"security","timestamp":"2025-05-23T12:37:31.161Z"}
{"level":"info","message":"Security middleware applied","service":"security","timestamp":"2025-05-23T12:37:31.715Z"}
{"level":"info","message":"Security middleware applied","service":"security","timestamp":"2025-05-23T12:37:32.817Z"}
{"level":"info","message":"Security middleware applied","service":"security","timestamp":"2025-05-23T12:39:40.230Z"}
{"level":"info","message":"Security middleware applied","service":"security","timestamp":"2025-05-23T12:39:40.271Z"}
{"level":"info","message":"Security middleware applied","service":"security","timestamp":"2025-05-23T12:39:39.898Z"}
{"level":"info","message":"Security middleware applied","service":"security","timestamp":"2025-05-23T12:39:40.248Z"}
{"level":"info","message":"Security middleware applied","service":"security","timestamp":"2025-05-23T12:39:39.902Z"}
{"level":"info","message":"Security middleware applied","service":"security","timestamp":"2025-05-23T12:39:40.891Z"}
{"level":"info","message":"Security middleware applied","service":"security","timestamp":"2025-05-23T12:39:40.957Z"}
{"level":"info","message":"Security middleware applied","service":"security","timestamp":"2025-05-23T12:39:41.917Z"}
{"level":"info","message":"Security middleware applied","service":"security","timestamp":"2025-05-23T12:41:43.428Z"}
{"level":"info","message":"Security middleware applied","service":"security","timestamp":"2025-05-23T12:41:43.561Z"}
{"level":"info","message":"Security middleware applied","service":"security","timestamp":"2025-05-23T12:41:44.192Z"}
{"level":"info","message":"Security middleware applied","service":"security","timestamp":"2025-05-23T12:41:45.943Z"}
{"level":"info","message":"Security middleware applied","service":"security","timestamp":"2025-05-23T12:41:49.435Z"}
{"level":"info","message":"Security middleware applied","service":"security","timestamp":"2025-05-23T12:41:49.524Z"}
{"level":"info","message":"Security middleware applied","service":"security","timestamp":"2025-05-23T12:41:49.931Z"}
{"level":"info","message":"Security middleware applied","service":"security","timestamp":"2025-05-23T12:41:51.857Z"}
{"level":"info","message":"Security middleware applied","service":"security","timestamp":"2025-05-23T12:43:29.238Z"}
{"level":"info","message":"Security middleware applied","service":"security","timestamp":"2025-05-23T12:43:30.377Z"}
{"level":"info","message":"Security middleware applied","service":"security","timestamp":"2025-05-23T12:43:32.539Z"}
{"level":"info","message":"Security middleware applied","service":"security","timestamp":"2025-05-23T12:43:32.769Z"}
{"level":"info","message":"Security middleware applied","service":"security","timestamp":"2025-05-23T12:43:33.789Z"}
{"level":"info","message":"Security middleware applied","service":"security","timestamp":"2025-05-23T12:43:35.670Z"}
{"level":"info","message":"Security middleware applied","service":"security","timestamp":"2025-05-23T12:43:35.900Z"}
{"level":"info","message":"Security middleware applied","service":"security","timestamp":"2025-05-23T12:43:38.026Z"}
{"level":"info","message":"Security middleware applied","service":"security","timestamp":"2025-05-23T12:43:39.555Z"}
{"level":"info","message":"Security middleware applied","service":"security","timestamp":"2025-05-23T12:46:10.611Z"}
{"level":"info","message":"Security middleware applied","service":"security","timestamp":"2025-05-23T12:46:10.612Z"}
{"level":"info","message":"Security middleware applied","service":"security","timestamp":"2025-05-23T12:46:16.281Z"}
{"level":"info","message":"Security middleware applied","service":"security","timestamp":"2025-05-23T12:46:15.917Z"}
{"level":"info","message":"Security middleware applied","service":"security","timestamp":"2025-05-23T12:46:18.056Z"}
{"level":"info","message":"Security middleware applied","service":"security","timestamp":"2025-05-23T12:46:18.075Z"}
{"level":"info","message":"Security middleware applied","service":"security","timestamp":"2025-05-23T12:46:22.653Z"}
{"level":"info","message":"Security middleware applied","service":"security","timestamp":"2025-05-23T12:46:22.540Z"}
{"level":"info","message":"Security middleware applied","service":"security","timestamp":"2025-05-23T12:46:26.863Z"}
{"level":"info","message":"Security middleware applied","service":"security","timestamp":"2025-05-23T14:15:58.723Z"}
{"level":"info","message":"Security middleware applied","service":"security","timestamp":"2025-05-23T15:34:38.884Z"}
{"level":"info","message":"Security middleware applied","service":"security","timestamp":"2025-05-23T16:01:25.736Z"}
{"level":"info","message":"Security middleware applied","service":"security","timestamp":"2025-05-23T19:25:03.265Z"}
{"level":"info","message":"Security middleware applied","service":"security","timestamp":"2025-05-23T20:05:53.290Z"}
{"level":"info","message":"Security middleware applied","service":"security","timestamp":"2025-05-23T21:28:49.986Z"}
{"level":"info","message":"Security middleware applied","service":"security","timestamp":"2025-05-23T21:43:37.852Z"}
{"level":"info","message":"Security middleware applied","service":"security","timestamp":"2025-05-24T04:10:22.348Z"}
{"level":"info","message":"Security middleware applied","service":"security","timestamp":"2025-05-24T04:13:00.742Z"}
{"level":"info","message":"Security middleware applied","service":"security","timestamp":"2025-05-24T05:01:16.630Z"}
{"level":"info","message":"Security middleware applied","service":"security","timestamp":"2025-05-24T05:16:26.276Z"}
{"level":"info","message":"Security middleware applied","service":"security","timestamp":"2025-05-24T05:26:12.755Z"}
{"level":"info","message":"Security middleware applied","service":"security","timestamp":"2025-05-24T05:29:04.060Z"}
{"level":"info","message":"Security middleware applied","service":"security","timestamp":"2025-05-24T05:30:55.328Z"}
{"level":"info","message":"Security middleware applied","service":"security","timestamp":"2025-05-24T05:40:56.647Z"}
{"level":"info","message":"Security middleware applied","service":"security","timestamp":"2025-05-24T05:42:43.725Z"}
{"level":"info","message":"Security middleware applied","service":"security","timestamp":"2025-05-24T07:23:41.139Z"}
{"ip":"::1","level":"info","message":"POST /api/auth/register","params":{},"query":{},"service":"security","timestamp":"2025-05-24T07:26:10.703Z","userAgent":"PostmanRuntime/7.44.0"}
{"level":"info","message":"Security middleware applied","service":"security","timestamp":"2025-05-24T07:29:33.336Z"}
{"level":"info","message":"Security middleware applied","service":"security","timestamp":"2025-05-24T07:30:17.132Z"}
{"ip":"::1","level":"info","message":"POST /api/auth/register","params":{},"query":{},"service":"security","timestamp":"2025-05-24T07:30:47.478Z","userAgent":"PostmanRuntime/7.44.0"}
{"ip":"::1","level":"info","message":"POST /api/auth/register","params":{},"query":{},"service":"security","timestamp":"2025-05-24T07:30:49.302Z","userAgent":"PostmanRuntime/7.44.0"}
{"ip":"::1","level":"info","message":"POST /api/auth/register","params":{},"query":{},"service":"security","timestamp":"2025-05-24T07:31:17.234Z","userAgent":"PostmanRuntime/7.44.0"}
{"level":"info","message":"Security middleware applied","service":"security","timestamp":"2025-05-24T07:37:21.163Z"}
{"level":"info","message":"Security middleware applied","service":"security","timestamp":"2025-05-24T07:37:22.870Z"}
{"level":"info","message":"Security middleware applied","service":"security","timestamp":"2025-05-24T07:38:23.707Z"}
{"level":"info","message":"Security middleware applied","service":"security","timestamp":"2025-05-24T07:40:45.816Z"}
{"ip":"::1","level":"info","message":"POST /api/auth/register","params":{},"query":{},"service":"security","timestamp":"2025-05-24T07:41:54.952Z","userAgent":"PostmanRuntime/7.44.0"}
{"level":"info","message":"Security middleware applied","service":"security","timestamp":"2025-05-24T07:42:19.136Z"}
{"ip":"::1","level":"info","message":"POST /api/auth/register","params":{},"query":{},"service":"security","timestamp":"2025-05-24T07:42:49.181Z","userAgent":"PostmanRuntime/7.44.0"}
{"level":"info","message":"Security middleware applied","service":"security","timestamp":"2025-05-24T07:59:44.079Z"}
{"ip":"::1","level":"info","message":"POST /api/auth/register","params":{},"query":{},"service":"security","timestamp":"2025-05-24T08:00:02.049Z","userAgent":"PostmanRuntime/7.44.0"}
{"level":"info","message":"Security middleware applied","service":"security","timestamp":"2025-05-24T08:07:11.665Z"}
{"ip":"::1","level":"info","message":"POST /api/auth/register%0A","params":{},"query":{},"service":"security","timestamp":"2025-05-24T08:09:17.864Z","userAgent":"PostmanRuntime/7.44.0"}
{"level":"info","message":"Security middleware applied","service":"security","timestamp":"2025-05-24T08:16:40.630Z"}
{"ip":"::1","level":"info","message":"POST /api/auth/register%0A","params":{},"query":{},"service":"security","timestamp":"2025-05-24T08:16:53.543Z","userAgent":"PostmanRuntime/7.44.0"}
{"ip":"::1","level":"info","message":"POST /api/auth/register","params":{},"query":{},"service":"security","timestamp":"2025-05-24T08:25:53.038Z","userAgent":"PostmanRuntime/7.44.0"}
{"ip":"::1","level":"info","message":"POST /api/auth/register","params":{},"query":{},"service":"security","timestamp":"2025-05-24T08:32:07.368Z","userAgent":"PostmanRuntime/7.44.0"}
{"level":"info","message":"Security middleware applied","service":"security","timestamp":"2025-05-24T08:35:37.817Z"}
{"level":"info","message":"Security middleware applied","service":"security","timestamp":"2025-05-24T08:35:38.273Z"}
{"ip":"::1","level":"info","message":"POST /api/auth/register","params":{},"query":{},"service":"security","timestamp":"2025-05-24T08:39:37.926Z","userAgent":"PostmanRuntime/7.44.0"}
{"ip":"::1","level":"info","message":"POST /api/auth/register","params":{},"query":{},"service":"security","timestamp":"2025-05-24T09:03:59.318Z","userAgent":"PostmanRuntime/7.44.0"}
{"ip":"::1","level":"info","message":"POST /api/auth/register","params":{},"query":{},"service":"security","timestamp":"2025-05-24T09:07:18.918Z","userAgent":"PostmanRuntime/7.44.0"}
{"level":"info","message":"Security middleware applied","service":"security","timestamp":"2025-05-24T09:16:21.019Z"}
{"level":"info","message":"Security middleware applied","service":"security","timestamp":"2025-05-24T09:16:24.224Z"}
{"level":"info","message":"Security middleware applied","service":"security","timestamp":"2025-05-24T09:27:45.288Z"}
{"level":"info","message":"Security middleware applied","service":"security","timestamp":"2025-05-24T09:27:49.153Z"}
{"level":"info","message":"Security middleware applied","service":"security","timestamp":"2025-05-24T09:34:48.876Z"}
{"level":"info","message":"Security middleware applied","service":"security","timestamp":"2025-05-24T09:34:49.353Z"}
{"level":"info","message":"Security middleware applied","service":"security","timestamp":"2025-05-24T09:40:45.939Z"}
{"level":"info","message":"Security middleware applied","service":"security","timestamp":"2025-05-24T09:40:48.980Z"}
{"ip":"::1","level":"info","message":"GET /health","params":{},"query":{},"service":"security","timestamp":"2025-05-24T09:48:56.167Z","userAgent":"Mozilla/5.0 (Windows NT 10.0; Win64; x64) AppleWebKit/537.36 (KHTML, like Gecko) Chrome/136.0.0.0 Safari/537.36"}
{"ip":"::1","level":"info","message":"GET /favicon.ico","params":{},"query":{},"service":"security","timestamp":"2025-05-24T09:48:56.772Z","userAgent":"Mozilla/5.0 (Windows NT 10.0; Win64; x64) AppleWebKit/537.36 (KHTML, like Gecko) Chrome/136.0.0.0 Safari/537.36"}
{"ip":"::1","level":"info","message":"GET /api-doc","params":{},"query":{},"service":"security","timestamp":"2025-05-24T09:49:17.656Z","userAgent":"Mozilla/5.0 (Windows NT 10.0; Win64; x64) AppleWebKit/537.36 (KHTML, like Gecko) Chrome/136.0.0.0 Safari/537.36"}
{"ip":"::1","level":"info","message":"GET /api-docs","params":{},"query":{},"service":"security","timestamp":"2025-05-24T09:49:46.215Z","userAgent":"Mozilla/5.0 (Windows NT 10.0; Win64; x64) AppleWebKit/537.36 (KHTML, like Gecko) Chrome/136.0.0.0 Safari/537.36"}
{"ip":"::1","level":"info","message":"GET /api-docs/","params":{},"query":{},"service":"security","timestamp":"2025-05-24T09:49:46.246Z","userAgent":"Mozilla/5.0 (Windows NT 10.0; Win64; x64) AppleWebKit/537.36 (KHTML, like Gecko) Chrome/136.0.0.0 Safari/537.36"}
{"ip":"::1","level":"info","message":"GET /api-docs/swagger-ui.css","params":{},"query":{},"service":"security","timestamp":"2025-05-24T09:49:46.309Z","userAgent":"Mozilla/5.0 (Windows NT 10.0; Win64; x64) AppleWebKit/537.36 (KHTML, like Gecko) Chrome/136.0.0.0 Safari/537.36"}
{"ip":"::1","level":"info","message":"GET /api-docs/swagger-ui-bundle.js","params":{},"query":{},"service":"security","timestamp":"2025-05-24T09:49:46.312Z","userAgent":"Mozilla/5.0 (Windows NT 10.0; Win64; x64) AppleWebKit/537.36 (KHTML, like Gecko) Chrome/136.0.0.0 Safari/537.36"}
{"ip":"::1","level":"info","message":"GET /api-docs/swagger-ui-init.js","params":{},"query":{},"service":"security","timestamp":"2025-05-24T09:49:46.324Z","userAgent":"Mozilla/5.0 (Windows NT 10.0; Win64; x64) AppleWebKit/537.36 (KHTML, like Gecko) Chrome/136.0.0.0 Safari/537.36"}
{"ip":"::1","level":"info","message":"GET /api-docs/swagger-ui-standalone-preset.js","params":{},"query":{},"service":"security","timestamp":"2025-05-24T09:49:46.331Z","userAgent":"Mozilla/5.0 (Windows NT 10.0; Win64; x64) AppleWebKit/537.36 (KHTML, like Gecko) Chrome/136.0.0.0 Safari/537.36"}
{"ip":"::1","level":"info","message":"GET /api-docs/favicon-32x32.png","params":{},"query":{},"service":"security","timestamp":"2025-05-24T09:49:46.936Z","userAgent":"Mozilla/5.0 (Windows NT 10.0; Win64; x64) AppleWebKit/537.36 (KHTML, like Gecko) Chrome/136.0.0.0 Safari/537.36"}
{"level":"info","message":"Security middleware applied","service":"security","timestamp":"2025-05-24T09:53:39.603Z"}
{"level":"info","message":"Security middleware applied","service":"security","timestamp":"2025-05-24T09:53:40.559Z"}
{"level":"info","message":"Security middleware applied","service":"security","timestamp":"2025-05-24T09:57:55.165Z"}
{"level":"info","message":"Security middleware applied","service":"security","timestamp":"2025-05-24T10:06:21.684Z"}
{"level":"info","message":"Security middleware applied","service":"security","timestamp":"2025-05-24T10:06:23.698Z"}
{"level":"info","message":"Security middleware applied","service":"security","timestamp":"2025-05-24T10:07:11.824Z"}
{"level":"info","message":"Security middleware applied","service":"security","timestamp":"2025-05-24T10:07:15.064Z"}
{"level":"info","message":"Security middleware applied","service":"security","timestamp":"2025-05-24T10:08:17.534Z"}
{"level":"info","message":"Security middleware applied","service":"security","timestamp":"2025-05-24T10:08:19.226Z"}
{"level":"info","message":"Security middleware applied","service":"security","timestamp":"2025-05-24T10:09:13.134Z"}
{"level":"info","message":"Security middleware applied","service":"security","timestamp":"2025-05-24T10:09:13.574Z"}
{"level":"info","message":"Security middleware applied","service":"security","timestamp":"2025-05-24T10:10:20.306Z"}
{"level":"info","message":"Security middleware applied","service":"security","timestamp":"2025-05-24T10:10:21.446Z"}
{"ip":"::1","level":"info","message":"POST /api/auth/register","params":{},"query":{},"service":"security","timestamp":"2025-05-24T10:12:17.096Z","userAgent":"PostmanRuntime/7.44.0"}
{"level":"info","message":"Security middleware applied","service":"security","timestamp":"2025-05-24T10:13:02.681Z"}
{"level":"info","message":"Security middleware applied","service":"security","timestamp":"2025-05-24T10:15:25.088Z"}
{"level":"info","message":"Security middleware applied","service":"security","timestamp":"2025-05-24T10:16:51.920Z"}
{"level":"info","message":"Security middleware applied","service":"security","timestamp":"2025-05-24T10:16:53.649Z"}
{"level":"info","message":"Security middleware applied","service":"security","timestamp":"2025-05-24T10:17:54.917Z"}
{"level":"info","message":"Security middleware applied","service":"security","timestamp":"2025-05-24T10:18:46.583Z"}
{"level":"info","message":"Security middleware applied","service":"security","timestamp":"2025-05-24T10:21:39.286Z"}
{"level":"info","message":"Security middleware applied","service":"security","timestamp":"2025-05-24T10:21:56.449Z"}
{"level":"info","message":"Security middleware applied","service":"security","timestamp":"2025-05-24T10:21:58.865Z"}
{"level":"info","message":"Security middleware applied","service":"security","timestamp":"2025-05-24T10:22:05.055Z"}
{"level":"info","message":"Security middleware applied","service":"security","timestamp":"2025-05-24T10:23:27.730Z"}
{"level":"info","message":"Security middleware applied","service":"security","timestamp":"2025-05-24T10:29:12.138Z"}
{"level":"info","message":"Security middleware applied","service":"security","timestamp":"2025-05-24T10:29:12.799Z"}
{"level":"info","message":"Security middleware applied","service":"security","timestamp":"2025-05-24T10:29:13.337Z"}
{"level":"info","message":"Security middleware applied","service":"security","timestamp":"2025-05-24T10:29:28.554Z"}
{"level":"info","message":"Security middleware applied","service":"security","timestamp":"2025-05-24T10:29:37.843Z"}
{"level":"info","message":"Security middleware applied","service":"security","timestamp":"2025-05-24T10:31:00.076Z"}
{"level":"info","message":"Security middleware applied","service":"security","timestamp":"2025-05-24T10:38:20.103Z"}
{"level":"info","message":"Security middleware applied","service":"security","timestamp":"2025-05-24T10:38:22.786Z"}
{"level":"info","message":"Security middleware applied","service":"security","timestamp":"2025-05-24T10:38:26.262Z"}
{"level":"info","message":"Security middleware applied","service":"security","timestamp":"2025-05-24T10:38:26.783Z"}
{"level":"info","message":"Security middleware applied","service":"security","timestamp":"2025-05-24T10:49:40.233Z"}
{"level":"info","message":"Security middleware applied","service":"security","timestamp":"2025-05-24T10:49:40.640Z"}
{"level":"info","message":"Security middleware applied","service":"security","timestamp":"2025-05-24T10:49:40.554Z"}
{"level":"info","message":"Security middleware applied","service":"security","timestamp":"2025-05-24T10:49:40.411Z"}
{"level":"info","message":"Security middleware applied","service":"security","timestamp":"2025-05-24T10:52:20.596Z"}
{"level":"info","message":"Security middleware applied","service":"security","timestamp":"2025-05-24T10:52:22.518Z"}
{"level":"info","message":"Security middleware applied","service":"security","timestamp":"2025-05-24T10:52:23.459Z"}
{"level":"info","message":"Security middleware applied","service":"security","timestamp":"2025-05-24T10:52:25.218Z"}
{"level":"info","message":"Security middleware applied","service":"security","timestamp":"2025-05-24T11:29:55.540Z"}
{"level":"info","message":"Security middleware applied","service":"security","timestamp":"2025-05-24T11:29:56.064Z"}
{"level":"info","message":"Security middleware applied","service":"security","timestamp":"2025-05-24T11:29:56.161Z"}
{"level":"info","message":"Security middleware applied","service":"security","timestamp":"2025-05-24T11:29:57.382Z"}
{"level":"info","message":"Security middleware applied","service":"security","timestamp":"2025-05-24T11:43:35.540Z"}
{"level":"info","message":"Security middleware applied","service":"security","timestamp":"2025-05-24T11:43:35.486Z"}
{"level":"info","message":"Security middleware applied","service":"security","timestamp":"2025-05-24T11:43:36.025Z"}
{"level":"info","message":"Security middleware applied","service":"security","timestamp":"2025-05-24T11:43:36.652Z"}
{"level":"info","message":"Security middleware applied","service":"security","timestamp":"2025-05-24T11:48:36.391Z"}
{"level":"info","message":"Security middleware applied","service":"security","timestamp":"2025-05-24T11:48:36.881Z"}
{"level":"info","message":"Security middleware applied","service":"security","timestamp":"2025-05-24T11:48:38.673Z"}
{"level":"info","message":"Security middleware applied","service":"security","timestamp":"2025-05-24T11:52:49.000Z"}
{"level":"info","message":"Security middleware applied","service":"security","timestamp":"2025-05-24T11:52:57.647Z"}
{"level":"info","message":"Security middleware applied","service":"security","timestamp":"2025-05-24T11:53:05.831Z"}
{"level":"info","message":"Security middleware applied","service":"security","timestamp":"2025-05-24T11:53:11.464Z"}
{"level":"info","message":"Security middleware applied","service":"security","timestamp":"2025-05-24T11:58:40.342Z"}
{"level":"info","message":"Security middleware applied","service":"security","timestamp":"2025-05-24T11:58:47.368Z"}
{"level":"info","message":"Security middleware applied","service":"security","timestamp":"2025-05-24T11:58:51.680Z"}
{"level":"info","message":"Security middleware applied","service":"security","timestamp":"2025-05-24T11:58:56.799Z"}
{"level":"info","message":"Security middleware applied","service":"security","timestamp":"2025-05-24T12:03:24.323Z"}
{"level":"info","message":"Security middleware applied","service":"security","timestamp":"2025-05-24T12:03:24.471Z"}
{"level":"info","message":"Security middleware applied","service":"security","timestamp":"2025-05-24T12:03:30.575Z"}
{"level":"info","message":"Security middleware applied","service":"security","timestamp":"2025-05-24T12:03:34.367Z"}
{"level":"info","message":"Security middleware applied","service":"security","timestamp":"2025-05-24T12:10:08.067Z"}
{"level":"info","message":"Security middleware applied","service":"security","timestamp":"2025-05-24T12:10:08.356Z"}
{"level":"info","message":"Security middleware applied","service":"security","timestamp":"2025-05-24T12:10:15.604Z"}
{"level":"info","message":"Security middleware applied","service":"security","timestamp":"2025-05-24T12:10:16.807Z"}
{"level":"info","message":"Security middleware applied","service":"security","timestamp":"2025-05-24T12:49:02.549Z"}
{"level":"info","message":"Security middleware applied","service":"security","timestamp":"2025-05-24T12:55:35.660Z"}
{"level":"info","message":"Security middleware applied","service":"security","timestamp":"2025-05-24T12:55:38.984Z"}
{"level":"info","message":"Security middleware applied","service":"security","timestamp":"2025-05-24T12:55:38.958Z"}
{"level":"info","message":"Security middleware applied","service":"security","timestamp":"2025-05-24T12:55:52.156Z"}
{"level":"info","message":"Security middleware applied","service":"security","timestamp":"2025-05-24T12:55:57.901Z"}
{"level":"info","message":"Security middleware applied","service":"security","timestamp":"2025-05-24T13:00:47.150Z"}
{"level":"info","message":"Security middleware applied","service":"security","timestamp":"2025-05-24T13:00:49.083Z"}
{"level":"info","message":"Security middleware applied","service":"security","timestamp":"2025-05-24T13:00:54.458Z"}
{"level":"info","message":"Security middleware applied","service":"security","timestamp":"2025-05-24T13:01:16.667Z"}
{"level":"info","message":"Security middleware applied","service":"security","timestamp":"2025-05-25T05:57:57.607Z"}
{"level":"info","message":"Security middleware applied","service":"security","timestamp":"2025-05-25T10:16:40.082Z"}
{"level":"info","message":"Security middleware applied","service":"security","timestamp":"2025-05-25T10:19:16.354Z"}
{"ip":"::1","level":"info","message":"GET /api-docs","params":{},"query":{},"service":"security","timestamp":"2025-05-25T10:20:31.814Z","userAgent":"Mozilla/5.0 (Windows NT 10.0; Win64; x64) AppleWebKit/537.36 (KHTML, like Gecko) Chrome/136.0.0.0 Safari/537.36"}
{"ip":"::1","level":"info","message":"GET /api-docs/","params":{},"query":{},"service":"security","timestamp":"2025-05-25T10:20:31.875Z","userAgent":"Mozilla/5.0 (Windows NT 10.0; Win64; x64) AppleWebKit/537.36 (KHTML, like Gecko) Chrome/136.0.0.0 Safari/537.36"}
{"ip":"::1","level":"info","message":"GET /api-docs/swagger-ui.css","params":{},"query":{},"service":"security","timestamp":"2025-05-25T10:20:32.098Z","userAgent":"Mozilla/5.0 (Windows NT 10.0; Win64; x64) AppleWebKit/537.36 (KHTML, like Gecko) Chrome/136.0.0.0 Safari/537.36"}
{"ip":"::1","level":"info","message":"GET /api-docs/swagger-ui-bundle.js","params":{},"query":{},"service":"security","timestamp":"2025-05-25T10:20:32.102Z","userAgent":"Mozilla/5.0 (Windows NT 10.0; Win64; x64) AppleWebKit/537.36 (KHTML, like Gecko) Chrome/136.0.0.0 Safari/537.36"}
{"ip":"::1","level":"info","message":"GET /api-docs/swagger-ui-init.js","params":{},"query":{},"service":"security","timestamp":"2025-05-25T10:20:32.111Z","userAgent":"Mozilla/5.0 (Windows NT 10.0; Win64; x64) AppleWebKit/537.36 (KHTML, like Gecko) Chrome/136.0.0.0 Safari/537.36"}
{"ip":"::1","level":"info","message":"GET /api-docs/swagger-ui-standalone-preset.js","params":{},"query":{},"service":"security","timestamp":"2025-05-25T10:20:32.114Z","userAgent":"Mozilla/5.0 (Windows NT 10.0; Win64; x64) AppleWebKit/537.36 (KHTML, like Gecko) Chrome/136.0.0.0 Safari/537.36"}
{"ip":"::1","level":"info","message":"GET /api-docs/favicon-32x32.png","params":{},"query":{},"service":"security","timestamp":"2025-05-25T10:20:32.678Z","userAgent":"Mozilla/5.0 (Windows NT 10.0; Win64; x64) AppleWebKit/537.36 (KHTML, like Gecko) Chrome/136.0.0.0 Safari/537.36"}
{"level":"info","message":"Security middleware applied","service":"security","timestamp":"2025-05-25T14:21:57.826Z"}
{"level":"info","message":"Security middleware applied","service":"security","timestamp":"2025-05-26T05:17:16.549Z"}
{"level":"info","message":"Security middleware applied","service":"security","timestamp":"2025-05-27T08:34:55.926Z"}
{"level":"info","message":"Security middleware applied","service":"security","timestamp":"2025-05-27T09:17:39.576Z"}
{"level":"info","message":"Security middleware applied","service":"security","timestamp":"2025-05-27T09:19:51.159Z"}
{"level":"info","message":"Security middleware applied","service":"security","timestamp":"2025-05-27T09:21:08.586Z"}
{"level":"info","message":"Security middleware applied","service":"security","timestamp":"2025-05-27T09:23:05.781Z"}
{"level":"info","message":"Security middleware applied","service":"security","timestamp":"2025-05-27T09:29:33.829Z"}
{"level":"info","message":"Security middleware applied","service":"security","timestamp":"2025-05-27T09:30:15.761Z"}
{"level":"info","message":"Security middleware applied","service":"security","timestamp":"2025-05-27T09:33:23.906Z"}
{"level":"info","message":"Security middleware applied","service":"security","timestamp":"2025-05-27T09:34:24.192Z"}
{"level":"info","message":"Security middleware applied","service":"security","timestamp":"2025-05-27T09:36:51.420Z"}
{"level":"info","message":"Security middleware applied","service":"security","timestamp":"2025-05-27T09:38:59.547Z"}
{"level":"info","message":"Security middleware applied","service":"security","timestamp":"2025-05-27T09:42:13.597Z"}
{"level":"info","message":"Security middleware applied","service":"security","timestamp":"2025-05-27T09:42:52.477Z"}
{"level":"info","message":"Security middleware applied","service":"security","timestamp":"2025-05-27T09:44:39.030Z"}
{"level":"info","message":"Security middleware applied","service":"security","timestamp":"2025-05-27T09:53:54.572Z"}
{"level":"info","message":"Security middleware applied","service":"security","timestamp":"2025-05-27T09:56:21.823Z"}
{"level":"info","message":"Security middleware applied","service":"security","timestamp":"2025-05-27T10:01:04.755Z"}
{"level":"info","message":"Security middleware applied","service":"security","timestamp":"2025-05-27T10:22:20.916Z"}
{"level":"info","message":"Security middleware applied","service":"security","timestamp":"2025-05-27T13:54:41.826Z"}
{"ip":"::1","level":"info","message":"GET /api-docs/","params":{},"query":{},"service":"security","timestamp":"2025-05-27T13:55:32.396Z","userAgent":"Mozilla/5.0 (Windows NT 10.0; Win64; x64) AppleWebKit/537.36 (KHTML, like Gecko) Chrome/136.0.0.0 Safari/537.36"}
{"ip":"::1","level":"info","message":"GET /api-docs/swagger-ui.css","params":{},"query":{},"service":"security","timestamp":"2025-05-27T13:55:32.696Z","userAgent":"Mozilla/5.0 (Windows NT 10.0; Win64; x64) AppleWebKit/537.36 (KHTML, like Gecko) Chrome/136.0.0.0 Safari/537.36"}
{"ip":"::1","level":"info","message":"GET /api-docs/swagger-ui-init.js","params":{},"query":{},"service":"security","timestamp":"2025-05-27T13:55:32.706Z","userAgent":"Mozilla/5.0 (Windows NT 10.0; Win64; x64) AppleWebKit/537.36 (KHTML, like Gecko) Chrome/136.0.0.0 Safari/537.36"}
{"ip":"::1","level":"info","message":"GET /api-docs/swagger-ui-bundle.js","params":{},"query":{},"service":"security","timestamp":"2025-05-27T13:55:32.713Z","userAgent":"Mozilla/5.0 (Windows NT 10.0; Win64; x64) AppleWebKit/537.36 (KHTML, like Gecko) Chrome/136.0.0.0 Safari/537.36"}
{"ip":"::1","level":"info","message":"GET /api-docs/swagger-ui-standalone-preset.js","params":{},"query":{},"service":"security","timestamp":"2025-05-27T13:55:32.715Z","userAgent":"Mozilla/5.0 (Windows NT 10.0; Win64; x64) AppleWebKit/537.36 (KHTML, like Gecko) Chrome/136.0.0.0 Safari/537.36"}
{"ip":"::1","level":"info","message":"POST /api/auth/login","params":{},"query":{},"service":"security","timestamp":"2025-05-27T13:56:31.000Z","userAgent":"PostmanRuntime/7.44.0"}
{"level":"info","message":"Security middleware applied","service":"security","timestamp":"2025-05-27T14:00:17.946Z"}
{"level":"info","message":"Security middleware applied","service":"security","timestamp":"2025-05-27T14:00:59.742Z"}
{"level":"info","message":"Security middleware applied","service":"security","timestamp":"2025-05-27T14:01:55.929Z"}
{"level":"info","message":"Security middleware applied","service":"security","timestamp":"2025-05-27T14:03:23.708Z"}
{"level":"info","message":"Security middleware applied","service":"security","timestamp":"2025-05-27T14:04:05.147Z"}
{"level":"info","message":"Security middleware applied","service":"security","timestamp":"2025-05-27T14:05:08.729Z"}
{"level":"info","message":"Security middleware applied","service":"security","timestamp":"2025-05-27T14:07:07.848Z"}
{"ip":"::1","level":"info","message":"GET /api/content/articles","params":{},"query":{},"service":"security","timestamp":"2025-05-27T14:08:32.351Z","userAgent":"Mozilla/5.0 (Windows NT; Windows NT 10.0; en-US) WindowsPowerShell/5.1.22000.2538"}
{"level":"info","message":"Security middleware applied","service":"security","timestamp":"2025-05-27T14:09:40.487Z"}
{"level":"info","message":"Security middleware applied","service":"security","timestamp":"2025-05-27T14:09:40.538Z"}
{"level":"info","message":"Security middleware applied","service":"security","timestamp":"2025-05-27T14:10:56.370Z"}
{"level":"info","message":"Security middleware applied","service":"security","timestamp":"2025-05-27T14:11:44.243Z"}
{"level":"info","message":"Security middleware applied","service":"security","timestamp":"2025-05-27T14:12:58.229Z"}
{"ip":"::1","level":"info","message":"GET /api/content/articles","params":{},"query":{},"service":"security","timestamp":"2025-05-27T14:13:44.380Z","userAgent":"Mozilla/5.0 (Windows NT; Windows NT 10.0; en-US) WindowsPowerShell/5.1.22000.2538"}
{"level":"info","message":"Security middleware applied","service":"security","timestamp":"2025-05-27T14:14:50.852Z"}
{"level":"info","message":"Security middleware applied","service":"security","timestamp":"2025-05-27T14:15:20.646Z"}
{"level":"info","message":"Security middleware applied","service":"security","timestamp":"2025-05-27T14:16:29.097Z"}
{"ip":"::1","level":"info","message":"GET /api/content/articles","params":{},"query":{},"service":"security","timestamp":"2025-05-27T14:17:02.032Z","userAgent":"Mozilla/5.0 (Windows NT; Windows NT 10.0; en-US) WindowsPowerShell/5.1.22000.2538"}
{"ip":"::1","level":"info","message":"GET /api/content/articles","params":{},"query":{},"service":"security","timestamp":"2025-05-27T14:17:02.835Z","userAgent":"Mozilla/5.0 (compatible; MSIE 9.0; Windows NT 6.1; Trident/5.0)"}
{"ip":"::1","level":"info","message":"GET /api/content","params":{},"query":{},"service":"security","timestamp":"2025-05-27T14:18:21.300Z","userAgent":"PostmanRuntime/7.44.0"}
{"ip":"::1","level":"info","message":"POST /api/auth/login","params":{},"query":{},"service":"security","timestamp":"2025-05-27T14:18:45.171Z","userAgent":"PostmanRuntime/7.44.0"}
{"level":"info","message":"Security middleware applied","service":"security","timestamp":"2025-05-27T14:20:09.260Z"}
{"ip":"::1","level":"info","message":"POST /api/auth/login","params":{},"query":{},"service":"security","timestamp":"2025-05-27T14:20:54.107Z","userAgent":"PostmanRuntime/7.44.0"}
{"ip":"::1","level":"info","message":"GET /api/content/articles","params":{},"query":{},"service":"security","timestamp":"2025-05-27T14:22:18.955Z","userAgent":"PostmanRuntime/7.44.0"}
{"level":"info","message":"Security middleware applied","service":"security","timestamp":"2025-05-27T14:24:25.219Z"}
{"level":"info","message":"Security middleware applied","service":"security","timestamp":"2025-05-27T14:30:13.841Z"}
{"ip":"::1","level":"info","message":"POST /api/auth/login","params":{},"query":{},"service":"security","timestamp":"2025-05-27T14:31:48.889Z","userAgent":"PostmanRuntime/7.44.0"}
{"level":"info","message":"Security middleware applied","service":"security","timestamp":"2025-05-28T04:27:09.258Z"}
{"ip":"::1","level":"info","message":"POST /api/auth/login","params":{},"query":{},"service":"security","timestamp":"2025-05-28T04:28:09.208Z","userAgent":"PostmanRuntime/7.44.0"}
{"ip":"::1","level":"info","message":"POST /api/auth/login","params":{},"query":{},"service":"security","timestamp":"2025-05-28T04:29:19.404Z","userAgent":"PostmanRuntime/7.44.0"}
{"ip":"::1","level":"info","message":"GET /api/auth/profile","params":{},"query":{},"service":"security","timestamp":"2025-05-28T04:33:21.862Z","userAgent":"Mozilla/5.0 (Windows NT 10.0; Win64; x64) AppleWebKit/537.36 (KHTML, like Gecko) Chrome/122.0.6261.95 Safari/537.36"}
{"ip":"::1","level":"info","message":"GET /api/auth/profile","params":{},"query":{},"service":"security","timestamp":"2025-05-28T04:33:21.974Z","userAgent":"Mozilla/5.0 (Windows NT 10.0; Win64; x64) AppleWebKit/537.36 (KHTML, like Gecko) Chrome/122.0.6261.95 Safari/537.36"}
{"level":"info","message":"Security middleware applied","service":"security","timestamp":"2025-05-28T05:16:01.448Z"}
{"ip":"::1","level":"info","message":"POST /api/auth/login","params":{},"query":{},"service":"security","timestamp":"2025-05-28T05:17:34.895Z","userAgent":"PostmanRuntime/7.44.0"}
{"ip":"::1","level":"info","message":"GET /api/content/articles","params":{},"query":{"limit":"10","page":"1"},"service":"security","timestamp":"2025-05-28T05:26:38.783Z","userAgent":"Mozilla/5.0 (Windows NT 10.0; Win64; x64) AppleWebKit/537.36 (KHTML, like Gecko) Chrome/122.0.6261.95 Safari/537.36"}
{"ip":"::1","level":"info","message":"GET /api/content/articles","params":{},"query":{"limit":"10","page":"1"},"service":"security","timestamp":"2025-05-28T05:26:38.847Z","userAgent":"Mozilla/5.0 (Windows NT 10.0; Win64; x64) AppleWebKit/537.36 (KHTML, like Gecko) Chrome/122.0.6261.95 Safari/537.36"}
{"level":"info","message":"Security middleware applied","service":"security","timestamp":"2025-05-28T07:46:10.047Z"}
{"ip":"::1","level":"info","message":"POST /api/content","params":{},"query":{},"service":"security","timestamp":"2025-05-28T07:47:15.517Z","userAgent":"PostmanRuntime/7.44.0"}
{"ip":"::1","level":"info","message":"POST /api/content","params":{},"query":{},"service":"security","timestamp":"2025-05-28T07:48:18.840Z","userAgent":"PostmanRuntime/7.44.0"}
{"level":"info","message":"Security middleware applied","service":"security","timestamp":"2025-05-28T07:55:44.089Z"}
{"ip":"::1","level":"info","message":"GET /api/content","params":{},"query":{},"service":"security","timestamp":"2025-05-28T07:56:08.975Z","userAgent":"PostmanRuntime/7.44.0"}
{"ip":"::1","level":"info","message":"GET /api/content","params":{},"query":{},"service":"security","timestamp":"2025-05-28T07:57:40.604Z","userAgent":"PostmanRuntime/7.44.0"}
{"ip":"::1","level":"info","message":"POST /api/content","params":{},"query":{},"service":"security","timestamp":"2025-05-28T07:59:03.526Z","userAgent":"PostmanRuntime/7.44.0"}
{"level":"info","message":"Security middleware applied","service":"security","timestamp":"2025-05-28T08:04:52.142Z"}
{"level":"info","message":"Security middleware applied","service":"security","timestamp":"2025-05-28T08:08:46.392Z"}
{"ip":"::1","level":"info","message":"POST /api/content","params":{},"query":{},"service":"security","timestamp":"2025-05-28T08:09:07.965Z","userAgent":"PostmanRuntime/7.44.0"}
{"level":"info","message":"Security middleware applied","service":"security","timestamp":"2025-05-28T08:13:40.766Z"}
{"ip":"::1","level":"info","message":"POST /api/content","params":{},"query":{},"service":"security","timestamp":"2025-05-28T08:15:13.407Z","userAgent":"PostmanRuntime/7.44.0"}
{"level":"info","message":"Security middleware applied","service":"security","timestamp":"2025-05-28T08:37:46.901Z"}
{"ip":"::1","level":"info","message":"GET /health","params":{},"query":{},"service":"security","timestamp":"2025-05-28T08:38:21.534Z","userAgent":"Mozilla/5.0 (Windows NT 10.0; Win64; x64) AppleWebKit/537.36 (KHTML, like Gecko) Chrome/136.0.0.0 Safari/537.36"}
{"ip":"::1","level":"info","message":"GET /favicon.ico","params":{},"query":{},"service":"security","timestamp":"2025-05-28T08:38:21.824Z","userAgent":"Mozilla/5.0 (Windows NT 10.0; Win64; x64) AppleWebKit/537.36 (KHTML, like Gecko) Chrome/136.0.0.0 Safari/537.36"}
{"ip":"::1","level":"info","message":"POST /api/auth/login","params":{},"query":{},"service":"security","timestamp":"2025-05-28T08:39:29.855Z","userAgent":"PostmanRuntime/7.44.0"}
{"level":"info","message":"Security middleware applied","service":"security","timestamp":"2025-05-28T08:43:54.851Z"}
{"ip":"::1","level":"info","message":"POST /api/auth/login","params":{},"query":{},"service":"security","timestamp":"2025-05-28T08:44:21.235Z","userAgent":"PostmanRuntime/7.44.0"}
{"ip":"::1","level":"info","message":"POST /api/auth/login","params":{},"query":{},"service":"security","timestamp":"2025-05-28T08:44:58.078Z","userAgent":"PostmanRuntime/7.44.0"}
{"ip":"::1","level":"info","message":"POST /api/auth/login","params":{},"query":{},"service":"security","timestamp":"2025-05-28T08:46:15.975Z","userAgent":"PostmanRuntime/7.44.0"}
{"ip":"::1","level":"info","message":"POST /api/auth/login","params":{},"query":{},"service":"security","timestamp":"2025-05-28T09:11:24.222Z","userAgent":"PostmanRuntime/7.44.0"}
{"level":"info","message":"Security middleware applied","service":"security","timestamp":"2025-05-28T09:29:34.204Z"}
{"level":"info","message":"Security middleware applied","service":"security","timestamp":"2025-05-28T09:30:24.203Z"}
{"ip":"::1","level":"info","message":"POST /api/auth/login","params":{},"query":{},"service":"security","timestamp":"2025-05-28T09:31:16.644Z","userAgent":"PostmanRuntime/7.44.0"}
{"ip":"::1","level":"info","message":"POST /api/auth/login","params":{},"query":{},"service":"security","timestamp":"2025-05-28T09:31:57.118Z","userAgent":"PostmanRuntime/7.44.0"}
{"level":"info","message":"Security middleware applied","service":"security","timestamp":"2025-05-28T09:35:31.390Z"}
{"ip":"::1","level":"info","message":"POST /api/auth/login","params":{},"query":{},"service":"security","timestamp":"2025-05-28T09:36:01.494Z","userAgent":"PostmanRuntime/7.44.0"}
{"ip":"::1","level":"info","message":"POST /api/auth/login","params":{},"query":{},"service":"security","timestamp":"2025-05-28T09:36:35.941Z","userAgent":"PostmanRuntime/7.44.0"}
{"level":"info","message":"Security middleware applied","service":"security","timestamp":"2025-05-28T09:36:54.170Z"}
{"ip":"::1","level":"info","message":"POST /api/auth/login","params":{},"query":{},"service":"security","timestamp":"2025-05-28T09:37:05.884Z","userAgent":"PostmanRuntime/7.44.0"}
{"level":"info","message":"Security middleware applied","service":"security","timestamp":"2025-05-28T09:46:09.813Z"}
{"ip":"::1","level":"info","message":"POST /api/auth/login","params":{},"query":{},"service":"security","timestamp":"2025-05-28T09:46:40.996Z","userAgent":"PostmanRuntime/7.44.0"}
{"ip":"::1","level":"info","message":"POST /api/auth/login","params":{},"query":{},"service":"security","timestamp":"2025-05-28T09:47:13.624Z","userAgent":"PostmanRuntime/7.44.0"}
{"level":"info","message":"Security middleware applied","service":"security","timestamp":"2025-05-28T09:53:19.725Z"}
{"ip":"::ffff:192.168.29.113","level":"info","message":"POST /api/auth/login","params":{},"query":{},"service":"security","timestamp":"2025-05-28T09:53:56.689Z","userAgent":"PostmanRuntime/7.44.0"}
{"level":"info","message":"Security middleware applied","service":"security","timestamp":"2025-05-28T10:08:10.028Z"}
{"ip":"::1","level":"info","message":"POST /api/auth/login","params":{},"query":{},"service":"security","timestamp":"2025-05-28T10:08:29.983Z","userAgent":"PostmanRuntime/7.44.0"}
{"ip":"::1","level":"info","message":"POST /api/auth/login","params":{},"query":{},"service":"security","timestamp":"2025-05-28T10:58:14.059Z","userAgent":"PostmanRuntime/7.44.0"}
{"level":"info","message":"Security middleware applied","service":"security","timestamp":"2025-05-28T11:21:21.850Z"}
{"ip":"::1","level":"info","message":"POST /api/auth/login","params":{},"query":{},"service":"security","timestamp":"2025-05-28T11:21:37.082Z","userAgent":"PostmanRuntime/7.44.0"}
{"ip":"::1","level":"info","message":"GET /health","params":{},"query":{},"service":"security","timestamp":"2025-05-28T11:23:03.904Z","userAgent":"Mozilla/5.0 (Windows NT 10.0; Win64; x64) AppleWebKit/537.36 (KHTML, like Gecko) Chrome/136.0.0.0 Safari/537.36"}
{"ip":"::1","level":"info","message":"GET /favicon.ico","params":{},"query":{},"service":"security","timestamp":"2025-05-28T11:23:04.545Z","userAgent":"Mozilla/5.0 (Windows NT 10.0; Win64; x64) AppleWebKit/537.36 (KHTML, like Gecko) Chrome/136.0.0.0 Safari/537.36"}
{"level":"info","message":"Security middleware applied","service":"security","timestamp":"2025-05-28T12:14:00.312Z"}
{"ip":"::1","level":"info","message":"GET /health","params":{},"query":{},"service":"security","timestamp":"2025-05-28T12:14:35.190Z","userAgent":"Mozilla/5.0 (Windows NT 10.0; Win64; x64) AppleWebKit/537.36 (KHTML, like Gecko) Chrome/136.0.0.0 Safari/537.36"}
{"ip":"::1","level":"info","message":"POST /api/auth/register","params":{},"query":{},"service":"security","timestamp":"2025-05-28T12:15:49.148Z","userAgent":"PostmanRuntime/7.44.0"}
{"ip":"::1","level":"info","message":"GET /health","params":{},"query":{},"service":"security","timestamp":"2025-05-28T12:16:23.105Z","userAgent":"Mozilla/5.0 (Windows NT 10.0; Win64; x64) AppleWebKit/537.36 (KHTML, like Gecko) Chrome/136.0.0.0 Safari/537.36"}
{"level":"info","message":"Security middleware applied","service":"security","timestamp":"2025-05-28T12:31:05.576Z"}
{"level":"info","message":"Security middleware applied","service":"security","timestamp":"2025-05-28T12:35:53.172Z"}
{"ip":"::1","level":"info","message":"POST /api/auth/register","params":{},"query":{},"service":"security","timestamp":"2025-05-28T12:36:12.188Z","userAgent":"PostmanRuntime/7.44.0"}
{"ip":"::1","level":"info","message":"POST /api/auth/register","params":{},"query":{},"service":"security","timestamp":"2025-05-28T12:36:32.366Z","userAgent":"PostmanRuntime/7.44.0"}
{"level":"info","message":"Security middleware applied","service":"security","timestamp":"2025-05-28T12:39:49.152Z"}
{"ip":"::1","level":"info","message":"POST /api/auth/register","params":{},"query":{},"service":"security","timestamp":"2025-05-28T12:40:00.011Z","userAgent":"PostmanRuntime/7.44.0"}
{"ip":"::1","level":"info","message":"POST /api/auth/register","params":{},"query":{},"service":"security","timestamp":"2025-05-28T12:40:09.972Z","userAgent":"PostmanRuntime/7.44.0"}
{"level":"info","message":"Security middleware applied","service":"security","timestamp":"2025-05-29T08:13:26.661Z"}
{"level":"info","message":"Security middleware applied","service":"security","timestamp":"2025-05-30T07:43:02.919Z"}
{"level":"info","message":"Security middleware applied","service":"security","timestamp":"2025-05-30T07:45:01.363Z"}
{"ip":"::1","level":"info","message":"POST /api/auth/register","params":{},"query":{},"service":"security","timestamp":"2025-05-30T07:46:29.630Z","userAgent":"PostmanRuntime/7.44.0"}
{"ip":"::1","level":"info","message":"POST /api/auth/register","params":{},"query":{},"service":"security","timestamp":"2025-05-30T07:47:16.032Z","userAgent":"PostmanRuntime/7.44.0"}
{"ip":"::1","level":"info","message":"POST /api/auth/register","params":{},"query":{},"service":"security","timestamp":"2025-05-30T07:47:39.343Z","userAgent":"PostmanRuntime/7.44.0"}
{"ip":"::1","level":"info","message":"POST /api/users","params":{},"query":{},"service":"security","timestamp":"2025-05-30T07:50:12.583Z","userAgent":"PostmanRuntime/7.44.0"}
{"ip":"::1","level":"info","message":"POST /api/auth/login","params":{},"query":{},"service":"security","timestamp":"2025-05-30T07:51:08.236Z","userAgent":"PostmanRuntime/7.44.0"}
{"level":"info","message":"Security middleware applied","service":"security","timestamp":"2025-05-30T07:54:57.482Z"}
{"ip":"::1","level":"info","message":"POST /api/auth/login","params":{},"query":{},"service":"security","timestamp":"2025-05-30T07:55:18.317Z","userAgent":"PostmanRuntime/7.44.0"}
{"level":"info","message":"Security middleware applied","service":"security","timestamp":"2025-05-30T08:06:23.347Z"}
{"ip":"::1","level":"info","message":"POST /api/auth/login","params":{},"query":{},"service":"security","timestamp":"2025-05-30T08:07:19.999Z","userAgent":"PostmanRuntime/7.44.0"}
{"level":"info","message":"Security middleware applied","service":"security","timestamp":"2025-05-30T08:13:07.200Z"}
{"ip":"::1","level":"info","message":"POST /api/auth/login","params":{},"query":{},"service":"security","timestamp":"2025-05-30T08:13:31.724Z","userAgent":"PostmanRuntime/7.44.0"}
{"level":"info","message":"Security middleware applied","service":"security","timestamp":"2025-05-30T08:17:21.480Z"}
{"ip":"::1","level":"info","message":"POST /api/auth/login","params":{},"query":{},"service":"security","timestamp":"2025-05-30T08:19:11.917Z","userAgent":"PostmanRuntime/7.44.0"}
{"ip":"::1","level":"info","message":"POST /api/auth/login","params":{},"query":{},"service":"security","timestamp":"2025-05-30T08:19:44.484Z","userAgent":"PostmanRuntime/7.44.0"}
{"level":"info","message":"Security middleware applied","service":"security","timestamp":"2025-05-30T08:21:46.353Z"}
{"ip":"::1","level":"info","message":"POST /api/auth/login","params":{},"query":{},"service":"security","timestamp":"2025-05-30T08:22:36.291Z","userAgent":"PostmanRuntime/7.44.0"}
{"ip":"::1","level":"info","message":"GET /api/users","params":{},"query":{},"service":"security","timestamp":"2025-05-30T08:23:52.245Z","userAgent":"PostmanRuntime/7.44.0"}
{"level":"info","message":"Security middleware applied","service":"security","timestamp":"2025-05-30T08:26:57.709Z"}
{"ip":"::1","level":"info","message":"GET /api/users","params":{},"query":{},"service":"security","timestamp":"2025-05-30T08:27:33.722Z","userAgent":"PostmanRuntime/7.44.0"}
{"ip":"::1","level":"info","message":"GET /api/users","params":{},"query":{},"service":"security","timestamp":"2025-05-30T08:29:19.725Z","userAgent":"PostmanRuntime/7.44.0"}
{"ip":"::1","level":"info","message":"POST /api/auth/login","params":{},"query":{},"service":"security","timestamp":"2025-05-30T08:30:20.964Z","userAgent":"PostmanRuntime/7.44.0"}
{"ip":"::1","level":"info","message":"GET /api/users","params":{},"query":{},"service":"security","timestamp":"2025-05-30T08:32:44.776Z","userAgent":"PostmanRuntime/7.44.0"}
{"ip":"::1","level":"info","message":"POST /api/auth/register","params":{},"query":{},"service":"security","timestamp":"2025-05-30T08:37:46.904Z","userAgent":"PostmanRuntime/7.44.0"}
{"ip":"::1","level":"info","message":"POST /api/auth/login","params":{},"query":{},"service":"security","timestamp":"2025-05-30T08:38:19.039Z","userAgent":"PostmanRuntime/7.44.0"}
{"ip":"::1","level":"info","message":"GET /api/users","params":{},"query":{},"service":"security","timestamp":"2025-05-30T08:38:55.995Z","userAgent":"PostmanRuntime/7.44.0"}
{"ip":"::1","level":"info","message":"GET /api/users","params":{},"query":{},"service":"security","timestamp":"2025-05-30T08:39:39.123Z","userAgent":"PostmanRuntime/7.44.0"}
{"level":"info","message":"Security middleware applied","service":"security","timestamp":"2025-06-05T03:54:28.878Z"}
{"level":"info","message":"Security middleware applied","service":"security","timestamp":"2025-06-05T04:25:11.908Z"}
{"level":"info","message":"Security middleware applied","service":"security","timestamp":"2025-06-05T04:25:32.436Z"}
{"level":"info","message":"Security middleware applied","service":"security","timestamp":"2025-06-05T04:25:47.680Z"}
{"level":"info","message":"Security middleware applied","service":"security","timestamp":"2025-06-05T04:26:02.530Z"}
{"level":"info","message":"Security middleware applied","service":"security","timestamp":"2025-06-05T04:34:01.830Z"}
{"level":"info","message":"Security middleware applied","service":"security","timestamp":"2025-06-05T04:36:42.083Z"}
{"level":"info","message":"Security middleware applied","service":"security","timestamp":"2025-06-05T04:48:19.319Z"}
{"level":"info","message":"Security middleware applied","service":"security","timestamp":"2025-06-05T05:09:35.435Z"}
{"level":"info","message":"Security middleware applied","service":"security","timestamp":"2025-06-05T05:12:20.008Z"}
{"level":"info","message":"Security middleware applied","service":"security","timestamp":"2025-06-05T05:15:39.547Z"}
{"level":"info","message":"Security middleware applied","service":"security","timestamp":"2025-06-05T05:16:07.328Z"}
{"ip":"::1","level":"info","message":"POST /api/auth/rigister","params":{},"query":{},"service":"security","timestamp":"2025-06-05T05:18:00.138Z","userAgent":"PostmanRuntime/7.44.0"}
{"ip":"::1","level":"info","message":"POST /api/auth/register","params":{},"query":{},"service":"security","timestamp":"2025-06-05T05:19:20.893Z","userAgent":"PostmanRuntime/7.44.0"}
{"ip":"::1","level":"info","message":"POST /api/auth/password-reset/request","params":{},"query":{},"service":"security","timestamp":"2025-06-05T05:20:02.417Z","userAgent":"PostmanRuntime/7.44.0"}
{"ip":"::1","level":"info","message":"POST /api/auth/password-reset/request","params":{},"query":{},"service":"security","timestamp":"2025-06-05T05:20:10.668Z","userAgent":"PostmanRuntime/7.44.0"}
{"ip":"::1","level":"info","message":"POST /api/auth/password-reset/request","params":{},"query":{},"service":"security","timestamp":"2025-06-05T05:22:47.777Z","userAgent":"PostmanRuntime/7.44.0"}
{"level":"info","message":"Security middleware applied","service":"security","timestamp":"2025-06-05T05:25:00.831Z"}
{"ip":"::1","level":"info","message":"POST /api/auth/password-reset/request","params":{},"query":{},"service":"security","timestamp":"2025-06-05T05:26:04.728Z","userAgent":"PostmanRuntime/7.44.0"}
{"level":"info","message":"Security middleware applied","service":"security","timestamp":"2025-06-05T05:27:21.070Z"}
{"ip":"::1","level":"info","message":"POST /api/auth/password-reset/request","params":{},"query":{},"service":"security","timestamp":"2025-06-05T05:27:39.607Z","userAgent":"PostmanRuntime/7.44.0"}
{"level":"info","message":"Security middleware applied","service":"security","timestamp":"2025-06-05T05:34:24.354Z"}
{"ip":"::1","level":"info","message":"POST /api/auth/password-reset/request","params":{},"query":{},"service":"security","timestamp":"2025-06-05T05:41:05.821Z","userAgent":"PostmanRuntime/7.44.0"}
{"level":"info","message":"Security middleware applied","service":"security","timestamp":"2025-06-05T06:31:37.279Z"}
{"ip":"::1","level":"info","message":"POST /api/auth/password-reset/request","params":{},"query":{},"service":"security","timestamp":"2025-06-05T06:33:52.755Z","userAgent":"PostmanRuntime/7.44.0"}
{"level":"info","message":"Security middleware applied","service":"security","timestamp":"2025-06-05T06:37:03.103Z"}
{"level":"info","message":"Security middleware applied","service":"security","timestamp":"2025-06-05T06:38:01.927Z"}
{"level":"info","message":"Security middleware applied","service":"security","timestamp":"2025-06-05T06:38:25.827Z"}
{"level":"info","message":"Security middleware applied","service":"security","timestamp":"2025-06-05T06:41:03.508Z"}
{"level":"info","message":"Security middleware applied","service":"security","timestamp":"2025-06-05T06:44:41.537Z"}
{"level":"info","message":"Security middleware applied","service":"security","timestamp":"2025-06-05T06:46:24.721Z"}
{"level":"info","message":"Security middleware applied","service":"security","timestamp":"2025-06-05T06:46:39.824Z"}
{"level":"info","message":"Security middleware applied","service":"security","timestamp":"2025-06-05T06:47:01.241Z"}
{"level":"info","message":"Security middleware applied","service":"security","timestamp":"2025-06-05T06:47:18.929Z"}
{"ip":"::1","level":"info","message":"POST /api/auth/password-reset/request","params":{},"query":{},"service":"security","timestamp":"2025-06-05T06:47:57.305Z","userAgent":"PostmanRuntime/7.44.0"}
{"level":"info","message":"Security middleware applied","service":"security","timestamp":"2025-06-05T06:49:05.147Z"}
{"level":"info","message":"Security middleware applied","service":"security","timestamp":"2025-06-05T06:49:23.681Z"}
{"ip":"::1","level":"info","message":"POST /api/auth/password-reset/request","params":{},"query":{},"service":"security","timestamp":"2025-06-05T06:50:45.598Z","userAgent":"PostmanRuntime/7.44.0"}
{"level":"info","message":"Security middleware applied","service":"security","timestamp":"2025-06-05T06:56:21.399Z"}
{"level":"info","message":"Security middleware applied","service":"security","timestamp":"2025-06-05T06:56:35.757Z"}
{"level":"info","message":"Security middleware applied","service":"security","timestamp":"2025-06-05T06:57:53.673Z"}
{"level":"info","message":"Security middleware applied","service":"security","timestamp":"2025-06-05T06:58:12.636Z"}
{"level":"info","message":"Security middleware applied","service":"security","timestamp":"2025-06-05T06:58:27.887Z"}
{"level":"info","message":"Security middleware applied","service":"security","timestamp":"2025-06-05T06:59:28.759Z"}
{"level":"info","message":"Security middleware applied","service":"security","timestamp":"2025-06-05T07:00:14.736Z"}
{"level":"info","message":"Security middleware applied","service":"security","timestamp":"2025-06-05T07:00:56.674Z"}
{"level":"info","message":"Security middleware applied","service":"security","timestamp":"2025-06-05T07:02:06.809Z"}
{"level":"info","message":"Security middleware applied","service":"security","timestamp":"2025-06-05T07:02:24.546Z"}
{"level":"info","message":"Security middleware applied","service":"security","timestamp":"2025-06-05T07:03:14.246Z"}
{"ip":"::1","level":"info","message":"POST /api/auth/login","params":{},"query":{},"service":"security","timestamp":"2025-06-05T08:41:50.926Z","userAgent":"Mozilla/5.0 (iPhone; CPU iPhone OS 16_6 like Mac OS X) AppleWebKit/605.1.15 (KHTML, like Gecko) Version/16.6 Mobile/15E148 Safari/604.1"}
{"ip":"::1","level":"info","message":"GET /api/content/articles","params":{},"query":{"limit":"10","page":"1"},"service":"security","timestamp":"2025-06-05T08:42:35.103Z","userAgent":"Mozilla/5.0 (Windows NT 10.0; Win64; x64) AppleWebKit/537.36 (KHTML, like Gecko) Chrome/137.0.0.0 Safari/537.36"}
{"ip":"::1","level":"info","message":"GET /api/content/articles","params":{},"query":{"limit":"10","page":"1"},"service":"security","timestamp":"2025-06-05T08:42:35.167Z","userAgent":"Mozilla/5.0 (Windows NT 10.0; Win64; x64) AppleWebKit/537.36 (KHTML, like Gecko) Chrome/137.0.0.0 Safari/537.36"}
{"ip":"::1","level":"info","message":"POST /api/auth/login","params":{},"query":{},"service":"security","timestamp":"2025-06-05T08:46:32.988Z","userAgent":"Mozilla/5.0 (Windows NT 10.0; Win64; x64) AppleWebKit/537.36 (KHTML, like Gecko) Chrome/137.0.0.0 Safari/537.36"}
{"ip":"::1","level":"info","message":"POST /api/auth/password-reset/request","params":{},"query":{},"service":"security","timestamp":"2025-06-05T09:13:49.646Z","userAgent":"PostmanRuntime/7.44.0"}
{"level":"info","message":"Security middleware applied","service":"security","timestamp":"2025-06-05T09:19:25.864Z"}
{"level":"info","message":"Security middleware applied","service":"security","timestamp":"2025-06-05T09:20:46.440Z"}
{"ip":"::1","level":"info","message":"POST /api/auth/password-reset/request","params":{},"query":{},"service":"security","timestamp":"2025-06-05T09:21:35.247Z","userAgent":"PostmanRuntime/7.44.0"}
{"ip":"::1","level":"info","message":"POST /api/auth/password-reset/verify-otp","params":{},"query":{},"service":"security","timestamp":"2025-06-05T09:23:43.909Z","userAgent":"PostmanRuntime/7.44.0"}
{"ip":"::1","level":"info","message":"POST /api/auth/password-reset/verify-otp","params":{},"query":{},"service":"security","timestamp":"2025-06-05T09:23:57.176Z","userAgent":"PostmanRuntime/7.44.0"}
{"ip":"::1","level":"info","message":"POST /api/auth/password-reset/verify-otp","params":{},"query":{},"service":"security","timestamp":"2025-06-05T09:24:05.627Z","userAgent":"PostmanRuntime/7.44.0"}
{"ip":"::1","level":"info","message":"POST /api/auth/password-reset/change","params":{},"query":{},"service":"security","timestamp":"2025-06-05T09:25:01.333Z","userAgent":"PostmanRuntime/7.44.0"}
{"ip":"::1","level":"info","message":"POST /api/auth/login","params":{},"query":{},"service":"security","timestamp":"2025-06-05T09:25:18.536Z","userAgent":"PostmanRuntime/7.44.0"}
{"ip":"::1","level":"info","message":"POST /api/auth/login","params":{},"query":{},"service":"security","timestamp":"2025-06-05T09:25:28.545Z","userAgent":"PostmanRuntime/7.44.0"}
{"ip":"::1","level":"info","message":"POST /api/auth/login","params":{},"query":{},"service":"security","timestamp":"2025-06-05T09:25:42.982Z","userAgent":"PostmanRuntime/7.44.0"}
{"ip":"::1","level":"info","message":"POST /api/auth/login","params":{},"query":{},"service":"security","timestamp":"2025-06-05T09:26:36.921Z","userAgent":"PostmanRuntime/7.44.0"}
{"level":"info","message":"Security middleware applied","service":"security","timestamp":"2025-06-05T09:36:54.641Z"}
{"ip":"::1","level":"info","message":"POST /api/auth/password-reset/change","params":{},"query":{},"service":"security","timestamp":"2025-06-05T09:38:33.157Z","userAgent":"PostmanRuntime/7.44.0"}
{"ip":"::1","level":"info","message":"POST /api/auth/password-reset/change","params":{},"query":{},"service":"security","timestamp":"2025-06-05T09:38:57.546Z","userAgent":"PostmanRuntime/7.44.0"}
{"ip":"::1","level":"info","message":"POST /api/auth/password-reset/change","params":{},"query":{},"service":"security","timestamp":"2025-06-05T09:40:02.215Z","userAgent":"PostmanRuntime/7.44.0"}
{"ip":"::1","level":"info","message":"POST /api/auth/password-reset/change","params":{},"query":{},"service":"security","timestamp":"2025-06-05T09:43:15.606Z","userAgent":"PostmanRuntime/7.44.0"}
{"ip":"::1","level":"info","message":"POST /api/auth/login","params":{},"query":{},"service":"security","timestamp":"2025-06-05T09:43:36.005Z","userAgent":"PostmanRuntime/7.44.0"}
{"ip":"::1","level":"info","message":"POST /api/auth/login","params":{},"query":{},"service":"security","timestamp":"2025-06-05T09:43:43.857Z","userAgent":"PostmanRuntime/7.44.0"}
{"ip":"::1","level":"info","message":"POST /api/auth/login","params":{},"query":{},"service":"security","timestamp":"2025-06-05T09:43:48.582Z","userAgent":"PostmanRuntime/7.44.0"}
{"ip":"::1","level":"info","message":"POST /api/auth/login","params":{},"query":{},"service":"security","timestamp":"2025-06-05T09:43:59.587Z","userAgent":"PostmanRuntime/7.44.0"}
{"level":"info","message":"Security middleware applied","service":"security","timestamp":"2025-06-05T09:49:26.065Z"}
{"level":"info","message":"Security middleware applied","service":"security","timestamp":"2025-06-05T09:50:24.241Z"}
{"ip":"::1","level":"info","message":"POST /api/auth/login","params":{},"query":{},"service":"security","timestamp":"2025-06-05T09:50:25.879Z","userAgent":"PostmanRuntime/7.44.0"}
{"ip":"::1","level":"info","message":"POST /api/auth/login","params":{},"query":{},"service":"security","timestamp":"2025-06-05T09:50:40.816Z","userAgent":"PostmanRuntime/7.44.0"}
{"level":"info","message":"Security middleware applied","service":"security","timestamp":"2025-06-05T09:52:02.139Z"}
{"ip":"::1","level":"info","message":"POST /api/auth/login","params":{},"query":{},"service":"security","timestamp":"2025-06-05T09:53:01.804Z","userAgent":"PostmanRuntime/7.44.0"}
{"ip":"::1","level":"info","message":"POST /api/auth/login","params":{},"query":{},"service":"security","timestamp":"2025-06-05T09:53:04.549Z","userAgent":"PostmanRuntime/7.44.0"}
{"level":"info","message":"Security middleware applied","service":"security","timestamp":"2025-06-05T09:53:24.765Z"}
{"ip":"::1","level":"info","message":"POST /api/auth/login","params":{},"query":{},"service":"security","timestamp":"2025-06-05T09:53:59.595Z","userAgent":"PostmanRuntime/7.44.0"}
{"ip":"::1","level":"info","message":"POST /api/auth/login","params":{},"query":{},"service":"security","timestamp":"2025-06-05T09:54:42.776Z","userAgent":"PostmanRuntime/7.44.0"}
{"ip":"::1","level":"info","message":"POST /api/auth/login","params":{},"query":{},"service":"security","timestamp":"2025-06-05T09:55:32.575Z","userAgent":"PostmanRuntime/7.44.0"}
{"ip":"::1","level":"info","message":"POST /api/auth/login","params":{},"query":{},"service":"security","timestamp":"2025-06-05T09:55:38.840Z","userAgent":"PostmanRuntime/7.44.0"}
{"ip":"::1","level":"info","message":"POST /api/auth/login","params":{},"query":{},"service":"security","timestamp":"2025-06-05T09:56:08.970Z","userAgent":"PostmanRuntime/7.44.0"}
{"level":"info","message":"Security middleware applied","service":"security","timestamp":"2025-06-05T09:58:43.852Z"}
{"level":"info","message":"Security middleware applied","service":"security","timestamp":"2025-06-05T09:59:06.467Z"}
{"level":"info","message":"Security middleware applied","service":"security","timestamp":"2025-06-05T09:59:27.357Z"}
{"level":"info","message":"Security middleware applied","service":"security","timestamp":"2025-06-05T09:59:53.318Z"}
{"ip":"::1","level":"info","message":"POST /api/auth/password-reset/change","params":{},"query":{},"service":"security","timestamp":"2025-06-05T10:00:48.241Z","userAgent":"PostmanRuntime/7.44.0"}
{"ip":"::1","level":"info","message":"POST /api/auth/login","params":{},"query":{},"service":"security","timestamp":"2025-06-05T10:01:11.067Z","userAgent":"PostmanRuntime/7.44.0"}
{"level":"info","message":"Security middleware applied","service":"security","timestamp":"2025-06-05T10:02:37.176Z"}
{"ip":"::1","level":"info","message":"POST /api/auth/login","params":{},"query":{},"service":"security","timestamp":"2025-06-05T10:03:50.609Z","userAgent":"PostmanRuntime/7.44.0"}
{"ip":"::1","level":"info","message":"POST /api/auth/login","params":{},"query":{},"service":"security","timestamp":"2025-06-05T10:03:54.907Z","userAgent":"PostmanRuntime/7.44.0"}
{"level":"info","message":"Security middleware applied","service":"security","timestamp":"2025-06-05T10:04:14.590Z"}
{"ip":"::1","level":"info","message":"POST /api/auth/login","params":{},"query":{},"service":"security","timestamp":"2025-06-05T10:04:21.435Z","userAgent":"PostmanRuntime/7.44.0"}
{"ip":"::1","level":"info","message":"POST /api/auth/login","params":{},"query":{},"service":"security","timestamp":"2025-06-05T10:05:39.904Z","userAgent":"PostmanRuntime/7.44.0"}
{"ip":"::1","level":"info","message":"POST /api/auth/login","params":{},"query":{},"service":"security","timestamp":"2025-06-05T10:05:43.177Z","userAgent":"PostmanRuntime/7.44.0"}
{"level":"info","message":"Security middleware applied","service":"security","timestamp":"2025-06-05T10:06:31.996Z"}
{"ip":"::1","level":"info","message":"POST /api/auth/login","params":{},"query":{},"service":"security","timestamp":"2025-06-05T10:06:48.918Z","userAgent":"PostmanRuntime/7.44.0"}
{"level":"info","message":"Security middleware applied","service":"security","timestamp":"2025-06-05T10:08:34.989Z"}
{"level":"info","message":"Security middleware applied","service":"security","timestamp":"2025-06-05T10:08:56.459Z"}
{"ip":"::1","level":"info","message":"POST /api/auth/login","params":{},"query":{},"service":"security","timestamp":"2025-06-05T10:09:20.931Z","userAgent":"PostmanRuntime/7.44.0"}
{"level":"info","message":"Security middleware applied","service":"security","timestamp":"2025-06-05T10:10:21.068Z"}
{"level":"info","message":"Security middleware applied","service":"security","timestamp":"2025-06-05T10:11:15.306Z"}
{"level":"info","message":"Security middleware applied","service":"security","timestamp":"2025-06-05T10:11:40.070Z"}
{"level":"info","message":"Security middleware applied","service":"security","timestamp":"2025-06-05T10:11:53.863Z"}
{"level":"info","message":"Security middleware applied","service":"security","timestamp":"2025-06-05T10:12:07.407Z"}
{"level":"info","message":"Security middleware applied","service":"security","timestamp":"2025-06-05T10:14:11.708Z"}
{"level":"info","message":"Security middleware applied","service":"security","timestamp":"2025-06-05T10:14:53.572Z"}
{"level":"info","message":"Security middleware applied","service":"security","timestamp":"2025-06-05T10:17:51.628Z"}
{"level":"info","message":"Security middleware applied","service":"security","timestamp":"2025-06-05T10:27:27.896Z"}
{"level":"info","message":"Security middleware applied","service":"security","timestamp":"2025-06-05T10:30:52.399Z"}
{"level":"info","message":"Security middleware applied","service":"security","timestamp":"2025-06-05T10:31:34.296Z"}
{"ip":"::1","level":"info","message":"POST /api/auth/login","params":{},"query":{},"service":"security","timestamp":"2025-06-05T10:31:49.497Z","userAgent":"PostmanRuntime/7.44.0"}
{"level":"info","message":"Security middleware applied","service":"security","timestamp":"2025-06-05T10:33:04.073Z"}
{"level":"info","message":"Security middleware applied","service":"security","timestamp":"2025-06-05T10:34:39.788Z"}
{"level":"info","message":"Security middleware applied","service":"security","timestamp":"2025-06-05T10:35:15.105Z"}
{"level":"info","message":"Security middleware applied","service":"security","timestamp":"2025-06-05T10:35:48.130Z"}
{"level":"info","message":"Security middleware applied","service":"security","timestamp":"2025-06-05T10:37:00.046Z"}
{"level":"info","message":"Security middleware applied","service":"security","timestamp":"2025-06-05T10:39:03.970Z"}
{"level":"info","message":"Security middleware applied","service":"security","timestamp":"2025-06-05T10:39:52.491Z"}
{"level":"info","message":"Security middleware applied","service":"security","timestamp":"2025-06-05T10:41:24.947Z"}
{"level":"info","message":"Security middleware applied","service":"security","timestamp":"2025-06-05T10:42:28.928Z"}
{"level":"info","message":"Security middleware applied","service":"security","timestamp":"2025-06-05T10:43:51.325Z"}
{"ip":"::1","level":"info","message":"POST /api/auth/login","params":{},"query":{},"service":"security","timestamp":"2025-06-05T10:46:43.617Z","userAgent":"PostmanRuntime/7.44.0"}
{"ip":"::1","level":"info","message":"POST /api/auth/login","params":{},"query":{},"service":"security","timestamp":"2025-06-05T10:47:45.602Z","userAgent":"PostmanRuntime/7.44.0"}
{"level":"info","message":"Security middleware applied","service":"security","timestamp":"2025-06-05T10:48:42.509Z"}
{"level":"info","message":"Security middleware applied","service":"security","timestamp":"2025-06-05T10:49:12.550Z"}
{"level":"info","message":"Security middleware applied","service":"security","timestamp":"2025-06-05T10:49:32.071Z"}
{"level":"info","message":"Security middleware applied","service":"security","timestamp":"2025-06-05T10:50:31.229Z"}
{"ip":"::1","level":"info","message":"POST /api/auth/login","params":{},"query":{},"service":"security","timestamp":"2025-06-05T10:50:40.116Z","userAgent":"PostmanRuntime/7.44.0"}
{"ip":"::1","level":"info","message":"POST /api/auth/login","params":{},"query":{},"service":"security","timestamp":"2025-06-05T10:51:40.753Z","userAgent":"PostmanRuntime/7.44.0"}
{"ip":"::1","level":"info","message":"POST /api/auth/login","params":{},"query":{},"service":"security","timestamp":"2025-06-05T10:52:41.728Z","userAgent":"PostmanRuntime/7.44.0"}
{"ip":"::1","level":"info","message":"POST /api/auth/login","params":{},"query":{},"service":"security","timestamp":"2025-06-05T12:54:24.138Z","userAgent":"PostmanRuntime/7.44.0"}
{"ip":"::1","level":"info","message":"POST /api/auth/login","params":{},"query":{},"service":"security","timestamp":"2025-06-05T12:54:26.859Z","userAgent":"PostmanRuntime/7.44.0"}
