{"level":"info","message":"Starting database seed...","service":"seed-script","timestamp":"2025-05-23T11:17:08.729Z"}
{"level":"info","message":"Seeding PostgreSQL database...","service":"seed-script","timestamp":"2025-05-23T11:17:08.730Z"}
{"level":"info","message":"Seeding PostgreSQL permissions...","service":"seed-script","timestamp":"2025-05-23T11:17:09.805Z"}
{"level":"info","message":"Starting database seed...","service":"seed-script","timestamp":"2025-05-23T11:17:55.937Z"}
{"level":"info","message":"Seeding PostgreSQL database...","service":"seed-script","timestamp":"2025-05-23T11:17:55.938Z"}
{"level":"info","message":"Seeding PostgreSQL permissions...","service":"seed-script","timestamp":"2025-05-23T11:17:56.535Z"}
{"level":"info","message":"Created permission: user:read","service":"seed-script","timestamp":"2025-05-23T11:17:56.602Z"}
{"level":"info","message":"Created permission: user:create","service":"seed-script","timestamp":"2025-05-23T11:17:56.613Z"}
{"level":"info","message":"Created permission: user:update","service":"seed-script","timestamp":"2025-05-23T11:17:56.624Z"}
{"level":"info","message":"Created permission: user:delete","service":"seed-script","timestamp":"2025-05-23T11:17:56.633Z"}
{"level":"info","message":"Created permission: role:read","service":"seed-script","timestamp":"2025-05-23T11:17:56.643Z"}
{"level":"info","message":"Created permission: role:create","service":"seed-script","timestamp":"2025-05-23T11:17:56.652Z"}
{"level":"info","message":"Created permission: role:update","service":"seed-script","timestamp":"2025-05-23T11:17:56.659Z"}
{"level":"info","message":"Created permission: role:delete","service":"seed-script","timestamp":"2025-05-23T11:17:56.668Z"}
{"level":"info","message":"Created permission: permission:read","service":"seed-script","timestamp":"2025-05-23T11:17:56.679Z"}
{"level":"info","message":"Created permission: permission:create","service":"seed-script","timestamp":"2025-05-23T11:17:56.689Z"}
{"level":"info","message":"Created permission: permission:update","service":"seed-script","timestamp":"2025-05-23T11:17:56.698Z"}
{"level":"info","message":"Created permission: permission:delete","service":"seed-script","timestamp":"2025-05-23T11:17:56.705Z"}
{"level":"info","message":"Created permission: content:read","service":"seed-script","timestamp":"2025-05-23T11:17:56.713Z"}
{"level":"info","message":"Created permission: content:create","service":"seed-script","timestamp":"2025-05-23T11:17:56.720Z"}
{"level":"info","message":"Created permission: content:update","service":"seed-script","timestamp":"2025-05-23T11:17:56.727Z"}
{"level":"info","message":"Created permission: content:delete","service":"seed-script","timestamp":"2025-05-23T11:17:56.736Z"}
{"level":"info","message":"Created permission: content:publish","service":"seed-script","timestamp":"2025-05-23T11:17:56.744Z"}
{"level":"info","message":"Created permission: content:unpublish","service":"seed-script","timestamp":"2025-05-23T11:17:56.753Z"}
{"level":"info","message":"Created permission: system:settings","service":"seed-script","timestamp":"2025-05-23T11:17:56.774Z"}
{"level":"info","message":"Created permission: system:logs","service":"seed-script","timestamp":"2025-05-23T11:17:56.782Z"}
{"level":"info","message":"PostgreSQL permissions seeded successfully","service":"seed-script","timestamp":"2025-05-23T11:17:56.783Z"}
{"level":"info","message":"Seeding PostgreSQL roles...","service":"seed-script","timestamp":"2025-05-23T11:17:56.783Z"}
{"level":"info","message":"Created role: admin","service":"seed-script","timestamp":"2025-05-23T11:17:56.797Z"}
{"level":"info","message":"Assigned 20 permissions to role: admin","service":"seed-script","timestamp":"2025-05-23T11:17:56.833Z"}
{"level":"info","message":"Created role: editor","service":"seed-script","timestamp":"2025-05-23T11:17:56.841Z"}
{"level":"info","message":"Assigned 7 permissions to role: editor","service":"seed-script","timestamp":"2025-05-23T11:17:56.858Z"}
{"level":"info","message":"Created role: user","service":"seed-script","timestamp":"2025-05-23T11:17:56.866Z"}
{"level":"info","message":"Assigned 2 permissions to role: user","service":"seed-script","timestamp":"2025-05-23T11:17:56.875Z"}
{"level":"info","message":"PostgreSQL roles seeded successfully","service":"seed-script","timestamp":"2025-05-23T11:17:56.875Z"}
{"level":"info","message":"Seeding PostgreSQL admin user...","service":"seed-script","timestamp":"2025-05-23T11:17:56.876Z"}
{"level":"info","message":"Created PostgreSQL admin user: admin@example.com","service":"seed-script","timestamp":"2025-05-23T11:17:57.066Z"}
{"level":"info","message":"Created PostgreSQL admin user preferences","service":"seed-script","timestamp":"2025-05-23T11:17:57.079Z"}
{"level":"info","message":"PostgreSQL admin user seeded successfully","service":"seed-script","timestamp":"2025-05-23T11:17:57.079Z"}
{"level":"info","message":"PostgreSQL database seeded successfully","service":"seed-script","timestamp":"2025-05-23T11:17:57.079Z"}
{"level":"info","message":"Seeding MongoDB database...","service":"seed-script","timestamp":"2025-05-23T11:17:57.080Z"}
{"level":"info","message":"Seeding MongoDB users...","service":"seed-script","timestamp":"2025-05-23T11:17:57.153Z"}
{"error":"Cannot read properties of undefined (reading 'queryStats')","level":"error","message":"Error seeding MongoDB database","service":"seed-script","timestamp":"2025-05-23T11:17:57.167Z"}
{"error":"Cannot read properties of undefined (reading 'queryStats')","level":"error","message":"Error seeding databases","service":"seed-script","timestamp":"2025-05-23T11:17:57.168Z"}
{"level":"info","message":"Starting database seed...","service":"seed-script","timestamp":"2025-05-23T11:18:51.694Z"}
{"level":"info","message":"Seeding PostgreSQL database...","service":"seed-script","timestamp":"2025-05-23T11:18:51.695Z"}
{"level":"info","message":"Seeding PostgreSQL permissions...","service":"seed-script","timestamp":"2025-05-23T11:18:53.056Z"}
{"level":"info","message":"Permission already exists: user:read","service":"seed-script","timestamp":"2025-05-23T11:18:53.089Z"}
{"level":"info","message":"Permission already exists: user:create","service":"seed-script","timestamp":"2025-05-23T11:18:53.092Z"}
{"level":"info","message":"Permission already exists: user:update","service":"seed-script","timestamp":"2025-05-23T11:18:53.098Z"}
{"level":"info","message":"Permission already exists: user:delete","service":"seed-script","timestamp":"2025-05-23T11:18:53.101Z"}
{"level":"info","message":"Permission already exists: role:read","service":"seed-script","timestamp":"2025-05-23T11:18:53.103Z"}
{"level":"info","message":"Permission already exists: role:create","service":"seed-script","timestamp":"2025-05-23T11:18:53.106Z"}
{"level":"info","message":"Permission already exists: role:update","service":"seed-script","timestamp":"2025-05-23T11:18:53.109Z"}
{"level":"info","message":"Permission already exists: role:delete","service":"seed-script","timestamp":"2025-05-23T11:18:53.113Z"}
{"level":"info","message":"Permission already exists: permission:read","service":"seed-script","timestamp":"2025-05-23T11:18:53.118Z"}
{"level":"info","message":"Permission already exists: permission:create","service":"seed-script","timestamp":"2025-05-23T11:18:53.121Z"}
{"level":"info","message":"Permission already exists: permission:update","service":"seed-script","timestamp":"2025-05-23T11:18:53.123Z"}
{"level":"info","message":"Permission already exists: permission:delete","service":"seed-script","timestamp":"2025-05-23T11:18:53.126Z"}
{"level":"info","message":"Permission already exists: content:read","service":"seed-script","timestamp":"2025-05-23T11:18:53.129Z"}
{"level":"info","message":"Permission already exists: content:create","service":"seed-script","timestamp":"2025-05-23T11:18:53.132Z"}
{"level":"info","message":"Permission already exists: content:update","service":"seed-script","timestamp":"2025-05-23T11:18:53.135Z"}
{"level":"info","message":"Permission already exists: content:delete","service":"seed-script","timestamp":"2025-05-23T11:18:53.136Z"}
{"level":"info","message":"Permission already exists: content:publish","service":"seed-script","timestamp":"2025-05-23T11:18:53.139Z"}
{"level":"info","message":"Permission already exists: content:unpublish","service":"seed-script","timestamp":"2025-05-23T11:18:53.141Z"}
{"level":"info","message":"Permission already exists: system:settings","service":"seed-script","timestamp":"2025-05-23T11:18:53.147Z"}
{"level":"info","message":"Permission already exists: system:logs","service":"seed-script","timestamp":"2025-05-23T11:18:53.150Z"}
{"level":"info","message":"PostgreSQL permissions seeded successfully","service":"seed-script","timestamp":"2025-05-23T11:18:53.150Z"}
{"level":"info","message":"Seeding PostgreSQL roles...","service":"seed-script","timestamp":"2025-05-23T11:18:53.151Z"}
{"level":"info","message":"Role already exists: admin","service":"seed-script","timestamp":"2025-05-23T11:18:53.156Z"}
{"level":"info","message":"Assigned 20 permissions to role: admin","service":"seed-script","timestamp":"2025-05-23T11:18:53.204Z"}
{"level":"info","message":"Role already exists: editor","service":"seed-script","timestamp":"2025-05-23T11:18:53.206Z"}
{"level":"info","message":"Assigned 7 permissions to role: editor","service":"seed-script","timestamp":"2025-05-23T11:18:53.215Z"}
{"level":"info","message":"Role already exists: user","service":"seed-script","timestamp":"2025-05-23T11:18:53.217Z"}
{"level":"info","message":"Assigned 2 permissions to role: user","service":"seed-script","timestamp":"2025-05-23T11:18:53.223Z"}
{"level":"info","message":"PostgreSQL roles seeded successfully","service":"seed-script","timestamp":"2025-05-23T11:18:53.223Z"}
{"level":"info","message":"Seeding PostgreSQL admin user...","service":"seed-script","timestamp":"2025-05-23T11:18:53.224Z"}
{"level":"info","message":"PostgreSQL admin user already exists: admin@example.com","service":"seed-script","timestamp":"2025-05-23T11:18:53.231Z"}
{"level":"info","message":"PostgreSQL admin user seeded successfully","service":"seed-script","timestamp":"2025-05-23T11:18:53.231Z"}
{"level":"info","message":"PostgreSQL database seeded successfully","service":"seed-script","timestamp":"2025-05-23T11:18:53.231Z"}
{"level":"info","message":"Seeding MongoDB database...","service":"seed-script","timestamp":"2025-05-23T11:18:53.231Z"}
{"level":"info","message":"Seeding MongoDB users...","service":"seed-script","timestamp":"2025-05-23T11:18:53.361Z"}
{"error":"Cannot read properties of undefined (reading 'queryStats')","level":"error","message":"Error creating MongoDB user admin@example.com","service":"seed-script","timestamp":"2025-05-23T11:18:53.397Z"}
{"error":"Cannot read properties of undefined (reading 'queryStats')","level":"error","message":"Error creating MongoDB user user1@example.com","service":"seed-script","timestamp":"2025-05-23T11:18:53.399Z"}
{"level":"info","message":"MongoDB users seeding completed","service":"seed-script","timestamp":"2025-05-23T11:18:53.399Z"}
{"level":"warn","message":"Admin user not found or created, skipping content seeding","service":"seed-script","timestamp":"2025-05-23T11:18:53.399Z"}
{"level":"info","message":"MongoDB database seeded successfully","service":"seed-script","timestamp":"2025-05-23T11:18:53.399Z"}
{"level":"info","message":"Database seed completed successfully","service":"seed-script","timestamp":"2025-05-23T11:18:53.506Z"}
{"level":"info","message":"Starting database seed...","service":"seed-script","timestamp":"2025-05-23T11:24:10.982Z"}
{"level":"info","message":"Seeding PostgreSQL database...","service":"seed-script","timestamp":"2025-05-23T11:24:10.983Z"}
{"level":"info","message":"Seeding PostgreSQL permissions...","service":"seed-script","timestamp":"2025-05-23T11:24:11.482Z"}
{"level":"info","message":"Permission already exists: user:read","service":"seed-script","timestamp":"2025-05-23T11:24:11.498Z"}
{"level":"info","message":"Permission already exists: user:create","service":"seed-script","timestamp":"2025-05-23T11:24:11.501Z"}
{"level":"info","message":"Permission already exists: user:update","service":"seed-script","timestamp":"2025-05-23T11:24:11.504Z"}
{"level":"info","message":"Permission already exists: user:delete","service":"seed-script","timestamp":"2025-05-23T11:24:11.509Z"}
{"level":"info","message":"Permission already exists: role:read","service":"seed-script","timestamp":"2025-05-23T11:24:11.517Z"}
{"level":"info","message":"Permission already exists: role:create","service":"seed-script","timestamp":"2025-05-23T11:24:11.520Z"}
{"level":"info","message":"Permission already exists: role:update","service":"seed-script","timestamp":"2025-05-23T11:24:11.523Z"}
{"level":"info","message":"Permission already exists: role:delete","service":"seed-script","timestamp":"2025-05-23T11:24:11.527Z"}
{"level":"info","message":"Permission already exists: permission:read","service":"seed-script","timestamp":"2025-05-23T11:24:11.532Z"}
{"level":"info","message":"Permission already exists: permission:create","service":"seed-script","timestamp":"2025-05-23T11:24:11.534Z"}
{"level":"info","message":"Permission already exists: permission:update","service":"seed-script","timestamp":"2025-05-23T11:24:11.536Z"}
{"level":"info","message":"Permission already exists: permission:delete","service":"seed-script","timestamp":"2025-05-23T11:24:11.540Z"}
{"level":"info","message":"Permission already exists: content:read","service":"seed-script","timestamp":"2025-05-23T11:24:11.542Z"}
{"level":"info","message":"Permission already exists: content:create","service":"seed-script","timestamp":"2025-05-23T11:24:11.544Z"}
{"level":"info","message":"Permission already exists: content:update","service":"seed-script","timestamp":"2025-05-23T11:24:11.547Z"}
{"level":"info","message":"Permission already exists: content:delete","service":"seed-script","timestamp":"2025-05-23T11:24:11.549Z"}
{"level":"info","message":"Permission already exists: content:publish","service":"seed-script","timestamp":"2025-05-23T11:24:11.550Z"}
{"level":"info","message":"Permission already exists: content:unpublish","service":"seed-script","timestamp":"2025-05-23T11:24:11.552Z"}
{"level":"info","message":"Permission already exists: system:settings","service":"seed-script","timestamp":"2025-05-23T11:24:11.555Z"}
{"level":"info","message":"Permission already exists: system:logs","service":"seed-script","timestamp":"2025-05-23T11:24:11.557Z"}
{"level":"info","message":"PostgreSQL permissions seeded successfully","service":"seed-script","timestamp":"2025-05-23T11:24:11.558Z"}
{"level":"info","message":"Seeding PostgreSQL roles...","service":"seed-script","timestamp":"2025-05-23T11:24:11.559Z"}
{"level":"info","message":"Role already exists: admin","service":"seed-script","timestamp":"2025-05-23T11:24:11.563Z"}
{"level":"info","message":"Assigned 20 permissions to role: admin","service":"seed-script","timestamp":"2025-05-23T11:24:11.589Z"}
{"level":"info","message":"Role already exists: editor","service":"seed-script","timestamp":"2025-05-23T11:24:11.591Z"}
{"level":"info","message":"Assigned 7 permissions to role: editor","service":"seed-script","timestamp":"2025-05-23T11:24:11.597Z"}
{"level":"info","message":"Role already exists: user","service":"seed-script","timestamp":"2025-05-23T11:24:11.599Z"}
{"level":"info","message":"Assigned 2 permissions to role: user","service":"seed-script","timestamp":"2025-05-23T11:24:11.605Z"}
{"level":"info","message":"PostgreSQL roles seeded successfully","service":"seed-script","timestamp":"2025-05-23T11:24:11.606Z"}
{"level":"info","message":"Seeding PostgreSQL admin user...","service":"seed-script","timestamp":"2025-05-23T11:24:11.607Z"}
{"level":"info","message":"PostgreSQL admin user already exists: admin@example.com","service":"seed-script","timestamp":"2025-05-23T11:24:11.612Z"}
{"level":"info","message":"PostgreSQL admin user seeded successfully","service":"seed-script","timestamp":"2025-05-23T11:24:11.613Z"}
{"level":"info","message":"PostgreSQL database seeded successfully","service":"seed-script","timestamp":"2025-05-23T11:24:11.613Z"}
{"level":"info","message":"Seeding MongoDB database...","service":"seed-script","timestamp":"2025-05-23T11:24:11.614Z"}
{"level":"info","message":"Seeding MongoDB users...","service":"seed-script","timestamp":"2025-05-23T11:24:11.680Z"}
{"error":"Cannot read properties of undefined (reading 'queryStats')","level":"error","message":"Error creating MongoDB user admin@example.com","service":"seed-script","timestamp":"2025-05-23T11:24:11.695Z"}
{"error":"Cannot read properties of undefined (reading 'queryStats')","level":"error","message":"Error creating MongoDB user user1@example.com","service":"seed-script","timestamp":"2025-05-23T11:24:11.696Z"}
{"level":"info","message":"MongoDB users seeding completed","service":"seed-script","timestamp":"2025-05-23T11:24:11.696Z"}
{"level":"warn","message":"Admin user not found or created, skipping content seeding","service":"seed-script","timestamp":"2025-05-23T11:24:11.697Z"}
{"level":"info","message":"MongoDB database seeded successfully","service":"seed-script","timestamp":"2025-05-23T11:24:11.697Z"}
{"level":"info","message":"Database seed completed successfully","service":"seed-script","timestamp":"2025-05-23T11:24:11.776Z"}
{"level":"info","message":"Starting database seed...","service":"seed-script","timestamp":"2025-05-23T11:26:54.929Z"}
{"level":"info","message":"Seeding PostgreSQL database...","service":"seed-script","timestamp":"2025-05-23T11:26:54.930Z"}
{"level":"info","message":"Seeding PostgreSQL permissions...","service":"seed-script","timestamp":"2025-05-23T11:26:55.889Z"}
{"level":"info","message":"Permission already exists: user:read","service":"seed-script","timestamp":"2025-05-23T11:26:55.911Z"}
{"level":"info","message":"Permission already exists: user:create","service":"seed-script","timestamp":"2025-05-23T11:26:55.914Z"}
{"level":"info","message":"Permission already exists: user:update","service":"seed-script","timestamp":"2025-05-23T11:26:55.916Z"}
{"level":"info","message":"Permission already exists: user:delete","service":"seed-script","timestamp":"2025-05-23T11:26:55.918Z"}
{"level":"info","message":"Permission already exists: role:read","service":"seed-script","timestamp":"2025-05-23T11:26:55.920Z"}
{"level":"info","message":"Permission already exists: role:create","service":"seed-script","timestamp":"2025-05-23T11:26:55.923Z"}
{"level":"info","message":"Permission already exists: role:update","service":"seed-script","timestamp":"2025-05-23T11:26:55.925Z"}
{"level":"info","message":"Permission already exists: role:delete","service":"seed-script","timestamp":"2025-05-23T11:26:55.928Z"}
{"level":"info","message":"Permission already exists: permission:read","service":"seed-script","timestamp":"2025-05-23T11:26:55.934Z"}
{"level":"info","message":"Permission already exists: permission:create","service":"seed-script","timestamp":"2025-05-23T11:26:55.937Z"}
{"level":"info","message":"Permission already exists: permission:update","service":"seed-script","timestamp":"2025-05-23T11:26:55.939Z"}
{"level":"info","message":"Permission already exists: permission:delete","service":"seed-script","timestamp":"2025-05-23T11:26:55.942Z"}
{"level":"info","message":"Permission already exists: content:read","service":"seed-script","timestamp":"2025-05-23T11:26:55.944Z"}
{"level":"info","message":"Permission already exists: content:create","service":"seed-script","timestamp":"2025-05-23T11:26:55.946Z"}
{"level":"info","message":"Permission already exists: content:update","service":"seed-script","timestamp":"2025-05-23T11:26:55.948Z"}
{"level":"info","message":"Permission already exists: content:delete","service":"seed-script","timestamp":"2025-05-23T11:26:55.950Z"}
{"level":"info","message":"Permission already exists: content:publish","service":"seed-script","timestamp":"2025-05-23T11:26:55.952Z"}
{"level":"info","message":"Permission already exists: content:unpublish","service":"seed-script","timestamp":"2025-05-23T11:26:55.954Z"}
{"level":"info","message":"Permission already exists: system:settings","service":"seed-script","timestamp":"2025-05-23T11:26:55.957Z"}
{"level":"info","message":"Permission already exists: system:logs","service":"seed-script","timestamp":"2025-05-23T11:26:55.959Z"}
{"level":"info","message":"PostgreSQL permissions seeded successfully","service":"seed-script","timestamp":"2025-05-23T11:26:55.959Z"}
{"level":"info","message":"Seeding PostgreSQL roles...","service":"seed-script","timestamp":"2025-05-23T11:26:55.960Z"}
{"level":"info","message":"Role already exists: admin","service":"seed-script","timestamp":"2025-05-23T11:26:55.965Z"}
{"level":"info","message":"Assigned 20 permissions to role: admin","service":"seed-script","timestamp":"2025-05-23T11:26:55.993Z"}
{"level":"info","message":"Role already exists: editor","service":"seed-script","timestamp":"2025-05-23T11:26:55.995Z"}
{"level":"info","message":"Assigned 7 permissions to role: editor","service":"seed-script","timestamp":"2025-05-23T11:26:56.001Z"}
{"level":"info","message":"Role already exists: user","service":"seed-script","timestamp":"2025-05-23T11:26:56.004Z"}
{"level":"info","message":"Assigned 2 permissions to role: user","service":"seed-script","timestamp":"2025-05-23T11:26:56.011Z"}
{"level":"info","message":"PostgreSQL roles seeded successfully","service":"seed-script","timestamp":"2025-05-23T11:26:56.011Z"}
{"level":"info","message":"Seeding PostgreSQL admin user...","service":"seed-script","timestamp":"2025-05-23T11:26:56.012Z"}
{"level":"info","message":"PostgreSQL admin user already exists: admin@example.com","service":"seed-script","timestamp":"2025-05-23T11:26:56.018Z"}
{"level":"info","message":"PostgreSQL admin user seeded successfully","service":"seed-script","timestamp":"2025-05-23T11:26:56.018Z"}
{"level":"info","message":"PostgreSQL database seeded successfully","service":"seed-script","timestamp":"2025-05-23T11:26:56.018Z"}
{"level":"info","message":"Seeding MongoDB database...","service":"seed-script","timestamp":"2025-05-23T11:26:56.019Z"}
{"level":"info","message":"Seeding MongoDB users...","service":"seed-script","timestamp":"2025-05-23T11:26:56.092Z"}
{"error":"Cannot read properties of undefined (reading 'queryStats')","level":"error","message":"Error creating MongoDB user admin@example.com","service":"seed-script","timestamp":"2025-05-23T11:26:56.109Z"}
{"error":"Cannot read properties of undefined (reading 'queryStats')","level":"error","message":"Error creating MongoDB user user1@example.com","service":"seed-script","timestamp":"2025-05-23T11:26:56.111Z"}
{"level":"info","message":"MongoDB users seeding completed","service":"seed-script","timestamp":"2025-05-23T11:26:56.111Z"}
{"level":"warn","message":"Admin user not found or created, skipping content seeding","service":"seed-script","timestamp":"2025-05-23T11:26:56.111Z"}
{"level":"info","message":"MongoDB database seeded successfully","service":"seed-script","timestamp":"2025-05-23T11:26:56.112Z"}
{"level":"info","message":"Database seed completed successfully","service":"seed-script","timestamp":"2025-05-23T11:26:56.179Z"}
{"level":"info","message":"Starting database seed...","service":"seed-script","timestamp":"2025-05-23T11:28:56.723Z"}
{"level":"info","message":"Seeding PostgreSQL database...","service":"seed-script","timestamp":"2025-05-23T11:28:56.724Z"}
{"level":"info","message":"Seeding PostgreSQL permissions...","service":"seed-script","timestamp":"2025-05-23T11:28:57.410Z"}
{"level":"info","message":"Permission already exists: user:read","service":"seed-script","timestamp":"2025-05-23T11:28:57.438Z"}
{"level":"info","message":"Permission already exists: user:create","service":"seed-script","timestamp":"2025-05-23T11:28:57.441Z"}
{"level":"info","message":"Permission already exists: user:update","service":"seed-script","timestamp":"2025-05-23T11:28:57.444Z"}
{"level":"info","message":"Permission already exists: user:delete","service":"seed-script","timestamp":"2025-05-23T11:28:57.446Z"}
{"level":"info","message":"Permission already exists: role:read","service":"seed-script","timestamp":"2025-05-23T11:28:57.449Z"}
{"level":"info","message":"Permission already exists: role:create","service":"seed-script","timestamp":"2025-05-23T11:28:57.451Z"}
{"level":"info","message":"Permission already exists: role:update","service":"seed-script","timestamp":"2025-05-23T11:28:57.454Z"}
{"level":"info","message":"Permission already exists: role:delete","service":"seed-script","timestamp":"2025-05-23T11:28:57.456Z"}
{"level":"info","message":"Permission already exists: permission:read","service":"seed-script","timestamp":"2025-05-23T11:28:57.461Z"}
{"level":"info","message":"Permission already exists: permission:create","service":"seed-script","timestamp":"2025-05-23T11:28:57.464Z"}
{"level":"info","message":"Permission already exists: permission:update","service":"seed-script","timestamp":"2025-05-23T11:28:57.466Z"}
{"level":"info","message":"Permission already exists: permission:delete","service":"seed-script","timestamp":"2025-05-23T11:28:57.469Z"}
{"level":"info","message":"Permission already exists: content:read","service":"seed-script","timestamp":"2025-05-23T11:28:57.471Z"}
{"level":"info","message":"Permission already exists: content:create","service":"seed-script","timestamp":"2025-05-23T11:28:57.472Z"}
{"level":"info","message":"Permission already exists: content:update","service":"seed-script","timestamp":"2025-05-23T11:28:57.474Z"}
{"level":"info","message":"Permission already exists: content:delete","service":"seed-script","timestamp":"2025-05-23T11:28:57.476Z"}
{"level":"info","message":"Permission already exists: content:publish","service":"seed-script","timestamp":"2025-05-23T11:28:57.477Z"}
{"level":"info","message":"Permission already exists: content:unpublish","service":"seed-script","timestamp":"2025-05-23T11:28:57.479Z"}
{"level":"info","message":"Permission already exists: system:settings","service":"seed-script","timestamp":"2025-05-23T11:28:57.481Z"}
{"level":"info","message":"Permission already exists: system:logs","service":"seed-script","timestamp":"2025-05-23T11:28:57.483Z"}
{"level":"info","message":"PostgreSQL permissions seeded successfully","service":"seed-script","timestamp":"2025-05-23T11:28:57.483Z"}
{"level":"info","message":"Seeding PostgreSQL roles...","service":"seed-script","timestamp":"2025-05-23T11:28:57.484Z"}
{"level":"info","message":"Role already exists: admin","service":"seed-script","timestamp":"2025-05-23T11:28:57.488Z"}
{"level":"info","message":"Assigned 20 permissions to role: admin","service":"seed-script","timestamp":"2025-05-23T11:28:57.521Z"}
{"level":"info","message":"Role already exists: editor","service":"seed-script","timestamp":"2025-05-23T11:28:57.523Z"}
{"level":"info","message":"Assigned 7 permissions to role: editor","service":"seed-script","timestamp":"2025-05-23T11:28:57.531Z"}
{"level":"info","message":"Role already exists: user","service":"seed-script","timestamp":"2025-05-23T11:28:57.537Z"}
{"level":"info","message":"Assigned 2 permissions to role: user","service":"seed-script","timestamp":"2025-05-23T11:28:57.550Z"}
{"level":"info","message":"PostgreSQL roles seeded successfully","service":"seed-script","timestamp":"2025-05-23T11:28:57.550Z"}
{"level":"info","message":"Seeding PostgreSQL admin user...","service":"seed-script","timestamp":"2025-05-23T11:28:57.551Z"}
{"level":"info","message":"PostgreSQL admin user already exists: admin@example.com","service":"seed-script","timestamp":"2025-05-23T11:28:57.557Z"}
{"level":"info","message":"PostgreSQL admin user seeded successfully","service":"seed-script","timestamp":"2025-05-23T11:28:57.557Z"}
{"level":"info","message":"PostgreSQL database seeded successfully","service":"seed-script","timestamp":"2025-05-23T11:28:57.557Z"}
{"level":"info","message":"Seeding MongoDB database...","service":"seed-script","timestamp":"2025-05-23T11:28:57.558Z"}
{"error":"connect ECONNREFUSED ::1:27017","level":"error","message":"Error seeding MongoDB database","service":"seed-script","timestamp":"2025-05-23T11:29:27.618Z"}
{"error":"connect ECONNREFUSED ::1:27017","level":"error","message":"Error seeding databases","service":"seed-script","timestamp":"2025-05-23T11:29:27.631Z"}
{"level":"info","message":"Starting database seed...","service":"seed-script","timestamp":"2025-05-23T11:30:25.842Z"}
{"level":"info","message":"Seeding PostgreSQL database...","service":"seed-script","timestamp":"2025-05-23T11:30:25.843Z"}
{"level":"info","message":"Seeding PostgreSQL permissions...","service":"seed-script","timestamp":"2025-05-23T11:30:26.765Z"}
{"level":"info","message":"Permission already exists: user:read","service":"seed-script","timestamp":"2025-05-23T11:30:26.790Z"}
{"level":"info","message":"Permission already exists: user:create","service":"seed-script","timestamp":"2025-05-23T11:30:26.793Z"}
{"level":"info","message":"Permission already exists: user:update","service":"seed-script","timestamp":"2025-05-23T11:30:26.796Z"}
{"level":"info","message":"Permission already exists: user:delete","service":"seed-script","timestamp":"2025-05-23T11:30:26.799Z"}
{"level":"info","message":"Permission already exists: role:read","service":"seed-script","timestamp":"2025-05-23T11:30:26.802Z"}
{"level":"info","message":"Permission already exists: role:create","service":"seed-script","timestamp":"2025-05-23T11:30:26.804Z"}
{"level":"info","message":"Permission already exists: role:update","service":"seed-script","timestamp":"2025-05-23T11:30:26.807Z"}
{"level":"info","message":"Permission already exists: role:delete","service":"seed-script","timestamp":"2025-05-23T11:30:26.809Z"}
{"level":"info","message":"Permission already exists: permission:read","service":"seed-script","timestamp":"2025-05-23T11:30:26.815Z"}
{"level":"info","message":"Permission already exists: permission:create","service":"seed-script","timestamp":"2025-05-23T11:30:26.818Z"}
{"level":"info","message":"Permission already exists: permission:update","service":"seed-script","timestamp":"2025-05-23T11:30:26.820Z"}
{"level":"info","message":"Permission already exists: permission:delete","service":"seed-script","timestamp":"2025-05-23T11:30:26.823Z"}
{"level":"info","message":"Permission already exists: content:read","service":"seed-script","timestamp":"2025-05-23T11:30:26.824Z"}
{"level":"info","message":"Permission already exists: content:create","service":"seed-script","timestamp":"2025-05-23T11:30:26.826Z"}
{"level":"info","message":"Permission already exists: content:update","service":"seed-script","timestamp":"2025-05-23T11:30:26.828Z"}
{"level":"info","message":"Permission already exists: content:delete","service":"seed-script","timestamp":"2025-05-23T11:30:26.830Z"}
{"level":"info","message":"Permission already exists: content:publish","service":"seed-script","timestamp":"2025-05-23T11:30:26.833Z"}
{"level":"info","message":"Permission already exists: content:unpublish","service":"seed-script","timestamp":"2025-05-23T11:30:26.835Z"}
{"level":"info","message":"Permission already exists: system:settings","service":"seed-script","timestamp":"2025-05-23T11:30:26.837Z"}
{"level":"info","message":"Permission already exists: system:logs","service":"seed-script","timestamp":"2025-05-23T11:30:26.839Z"}
{"level":"info","message":"PostgreSQL permissions seeded successfully","service":"seed-script","timestamp":"2025-05-23T11:30:26.839Z"}
{"level":"info","message":"Seeding PostgreSQL roles...","service":"seed-script","timestamp":"2025-05-23T11:30:26.840Z"}
{"level":"info","message":"Role already exists: admin","service":"seed-script","timestamp":"2025-05-23T11:30:26.845Z"}
{"level":"info","message":"Assigned 20 permissions to role: admin","service":"seed-script","timestamp":"2025-05-23T11:30:26.877Z"}
{"level":"info","message":"Role already exists: editor","service":"seed-script","timestamp":"2025-05-23T11:30:26.880Z"}
{"level":"info","message":"Assigned 7 permissions to role: editor","service":"seed-script","timestamp":"2025-05-23T11:30:26.886Z"}
{"level":"info","message":"Role already exists: user","service":"seed-script","timestamp":"2025-05-23T11:30:26.889Z"}
{"level":"info","message":"Assigned 2 permissions to role: user","service":"seed-script","timestamp":"2025-05-23T11:30:26.895Z"}
{"level":"info","message":"PostgreSQL roles seeded successfully","service":"seed-script","timestamp":"2025-05-23T11:30:26.895Z"}
{"level":"info","message":"Seeding PostgreSQL admin user...","service":"seed-script","timestamp":"2025-05-23T11:30:26.896Z"}
{"level":"info","message":"PostgreSQL admin user already exists: admin@example.com","service":"seed-script","timestamp":"2025-05-23T11:30:26.901Z"}
{"level":"info","message":"PostgreSQL admin user seeded successfully","service":"seed-script","timestamp":"2025-05-23T11:30:26.902Z"}
{"level":"info","message":"PostgreSQL database seeded successfully","service":"seed-script","timestamp":"2025-05-23T11:30:26.902Z"}
{"level":"info","message":"Seeding MongoDB database...","service":"seed-script","timestamp":"2025-05-23T11:30:26.902Z"}
{"error":"connect ECONNREFUSED ::1:27017","level":"error","message":"Error seeding MongoDB database","service":"seed-script","timestamp":"2025-05-23T11:30:56.945Z"}
{"error":"connect ECONNREFUSED ::1:27017","level":"error","message":"Error seeding databases","service":"seed-script","timestamp":"2025-05-23T11:30:56.958Z"}
{"level":"info","message":"Starting database seed...","service":"seed-script","timestamp":"2025-05-23T11:32:12.551Z"}
{"level":"info","message":"Seeding PostgreSQL database...","service":"seed-script","timestamp":"2025-05-23T11:32:12.553Z"}
{"level":"info","message":"Seeding PostgreSQL permissions...","service":"seed-script","timestamp":"2025-05-23T11:32:13.333Z"}
{"level":"info","message":"Permission already exists: user:read","service":"seed-script","timestamp":"2025-05-23T11:32:13.351Z"}
{"level":"info","message":"Permission already exists: user:create","service":"seed-script","timestamp":"2025-05-23T11:32:13.353Z"}
{"level":"info","message":"Permission already exists: user:update","service":"seed-script","timestamp":"2025-05-23T11:32:13.355Z"}
{"level":"info","message":"Permission already exists: user:delete","service":"seed-script","timestamp":"2025-05-23T11:32:13.358Z"}
{"level":"info","message":"Permission already exists: role:read","service":"seed-script","timestamp":"2025-05-23T11:32:13.361Z"}
{"level":"info","message":"Permission already exists: role:create","service":"seed-script","timestamp":"2025-05-23T11:32:13.364Z"}
{"level":"info","message":"Permission already exists: role:update","service":"seed-script","timestamp":"2025-05-23T11:32:13.367Z"}
{"level":"info","message":"Permission already exists: role:delete","service":"seed-script","timestamp":"2025-05-23T11:32:13.370Z"}
{"level":"info","message":"Permission already exists: permission:read","service":"seed-script","timestamp":"2025-05-23T11:32:13.376Z"}
{"level":"info","message":"Permission already exists: permission:create","service":"seed-script","timestamp":"2025-05-23T11:32:13.379Z"}
{"level":"info","message":"Permission already exists: permission:update","service":"seed-script","timestamp":"2025-05-23T11:32:13.382Z"}
{"level":"info","message":"Permission already exists: permission:delete","service":"seed-script","timestamp":"2025-05-23T11:32:13.390Z"}
{"level":"info","message":"Permission already exists: content:read","service":"seed-script","timestamp":"2025-05-23T11:32:13.392Z"}
{"level":"info","message":"Permission already exists: content:create","service":"seed-script","timestamp":"2025-05-23T11:32:13.395Z"}
{"level":"info","message":"Permission already exists: content:update","service":"seed-script","timestamp":"2025-05-23T11:32:13.397Z"}
{"level":"info","message":"Permission already exists: content:delete","service":"seed-script","timestamp":"2025-05-23T11:32:13.399Z"}
{"level":"info","message":"Permission already exists: content:publish","service":"seed-script","timestamp":"2025-05-23T11:32:13.401Z"}
{"level":"info","message":"Permission already exists: content:unpublish","service":"seed-script","timestamp":"2025-05-23T11:32:13.404Z"}
{"level":"info","message":"Permission already exists: system:settings","service":"seed-script","timestamp":"2025-05-23T11:32:13.406Z"}
{"level":"info","message":"Permission already exists: system:logs","service":"seed-script","timestamp":"2025-05-23T11:32:13.407Z"}
{"level":"info","message":"PostgreSQL permissions seeded successfully","service":"seed-script","timestamp":"2025-05-23T11:32:13.408Z"}
{"level":"info","message":"Seeding PostgreSQL roles...","service":"seed-script","timestamp":"2025-05-23T11:32:13.408Z"}
{"level":"info","message":"Role already exists: admin","service":"seed-script","timestamp":"2025-05-23T11:32:13.412Z"}
{"level":"info","message":"Assigned 20 permissions to role: admin","service":"seed-script","timestamp":"2025-05-23T11:32:13.443Z"}
{"level":"info","message":"Role already exists: editor","service":"seed-script","timestamp":"2025-05-23T11:32:13.446Z"}
{"level":"info","message":"Assigned 7 permissions to role: editor","service":"seed-script","timestamp":"2025-05-23T11:32:13.453Z"}
{"level":"info","message":"Role already exists: user","service":"seed-script","timestamp":"2025-05-23T11:32:13.455Z"}
{"level":"info","message":"Assigned 2 permissions to role: user","service":"seed-script","timestamp":"2025-05-23T11:32:13.462Z"}
{"level":"info","message":"PostgreSQL roles seeded successfully","service":"seed-script","timestamp":"2025-05-23T11:32:13.463Z"}
{"level":"info","message":"Seeding PostgreSQL admin user...","service":"seed-script","timestamp":"2025-05-23T11:32:13.464Z"}
{"level":"info","message":"PostgreSQL admin user already exists: admin@example.com","service":"seed-script","timestamp":"2025-05-23T11:32:13.469Z"}
{"level":"info","message":"PostgreSQL admin user seeded successfully","service":"seed-script","timestamp":"2025-05-23T11:32:13.469Z"}
{"level":"info","message":"PostgreSQL database seeded successfully","service":"seed-script","timestamp":"2025-05-23T11:32:13.469Z"}
{"level":"info","message":"Seeding MongoDB database...","service":"seed-script","timestamp":"2025-05-23T11:32:13.469Z"}
{"level":"info","message":"Connecting to real MongoDB for seeding","service":"seed-script","timestamp":"2025-05-23T11:32:13.470Z"}
{"level":"info","message":"Seeding MongoDB users...","service":"seed-script","timestamp":"2025-05-23T11:32:13.530Z"}
{"error":"Cannot read properties of undefined (reading 'queryStats')","level":"error","message":"Error creating MongoDB user admin@example.com","service":"seed-script","timestamp":"2025-05-23T11:32:13.547Z"}
{"error":"Cannot read properties of undefined (reading 'queryStats')","level":"error","message":"Error creating MongoDB user user1@example.com","service":"seed-script","timestamp":"2025-05-23T11:32:13.548Z"}
{"level":"info","message":"MongoDB users seeding completed","service":"seed-script","timestamp":"2025-05-23T11:32:13.548Z"}
{"level":"warn","message":"Admin user not found or created, skipping content seeding","service":"seed-script","timestamp":"2025-05-23T11:32:13.549Z"}
{"level":"info","message":"MongoDB database seeded successfully","service":"seed-script","timestamp":"2025-05-23T11:32:13.549Z"}
{"level":"info","message":"Database seed completed successfully","service":"seed-script","timestamp":"2025-05-23T11:32:13.606Z"}
{"level":"info","message":"Starting database seed...","service":"seed-script","timestamp":"2025-05-23T11:33:37.999Z"}
{"level":"info","message":"Seeding PostgreSQL database...","service":"seed-script","timestamp":"2025-05-23T11:33:38.000Z"}
{"level":"info","message":"Seeding PostgreSQL permissions...","service":"seed-script","timestamp":"2025-05-23T11:33:39.016Z"}
{"level":"info","message":"Permission already exists: user:read","service":"seed-script","timestamp":"2025-05-23T11:33:39.039Z"}
{"level":"info","message":"Permission already exists: user:create","service":"seed-script","timestamp":"2025-05-23T11:33:39.043Z"}
{"level":"info","message":"Permission already exists: user:update","service":"seed-script","timestamp":"2025-05-23T11:33:39.046Z"}
{"level":"info","message":"Permission already exists: user:delete","service":"seed-script","timestamp":"2025-05-23T11:33:39.049Z"}
{"level":"info","message":"Permission already exists: role:read","service":"seed-script","timestamp":"2025-05-23T11:33:39.052Z"}
{"level":"info","message":"Permission already exists: role:create","service":"seed-script","timestamp":"2025-05-23T11:33:39.055Z"}
{"level":"info","message":"Permission already exists: role:update","service":"seed-script","timestamp":"2025-05-23T11:33:39.058Z"}
{"level":"info","message":"Permission already exists: role:delete","service":"seed-script","timestamp":"2025-05-23T11:33:39.060Z"}
{"level":"info","message":"Permission already exists: permission:read","service":"seed-script","timestamp":"2025-05-23T11:33:39.065Z"}
{"level":"info","message":"Permission already exists: permission:create","service":"seed-script","timestamp":"2025-05-23T11:33:39.069Z"}
{"level":"info","message":"Permission already exists: permission:update","service":"seed-script","timestamp":"2025-05-23T11:33:39.071Z"}
{"level":"info","message":"Permission already exists: permission:delete","service":"seed-script","timestamp":"2025-05-23T11:33:39.073Z"}
{"level":"info","message":"Permission already exists: content:read","service":"seed-script","timestamp":"2025-05-23T11:33:39.075Z"}
{"level":"info","message":"Permission already exists: content:create","service":"seed-script","timestamp":"2025-05-23T11:33:39.077Z"}
{"level":"info","message":"Permission already exists: content:update","service":"seed-script","timestamp":"2025-05-23T11:33:39.079Z"}
{"level":"info","message":"Permission already exists: content:delete","service":"seed-script","timestamp":"2025-05-23T11:33:39.082Z"}
{"level":"info","message":"Permission already exists: content:publish","service":"seed-script","timestamp":"2025-05-23T11:33:39.084Z"}
{"level":"info","message":"Permission already exists: content:unpublish","service":"seed-script","timestamp":"2025-05-23T11:33:39.086Z"}
{"level":"info","message":"Permission already exists: system:settings","service":"seed-script","timestamp":"2025-05-23T11:33:39.088Z"}
{"level":"info","message":"Permission already exists: system:logs","service":"seed-script","timestamp":"2025-05-23T11:33:39.090Z"}
{"level":"info","message":"PostgreSQL permissions seeded successfully","service":"seed-script","timestamp":"2025-05-23T11:33:39.090Z"}
{"level":"info","message":"Seeding PostgreSQL roles...","service":"seed-script","timestamp":"2025-05-23T11:33:39.091Z"}
{"level":"info","message":"Role already exists: admin","service":"seed-script","timestamp":"2025-05-23T11:33:39.096Z"}
{"level":"info","message":"Assigned 20 permissions to role: admin","service":"seed-script","timestamp":"2025-05-23T11:33:39.126Z"}
{"level":"info","message":"Role already exists: editor","service":"seed-script","timestamp":"2025-05-23T11:33:39.128Z"}
{"level":"info","message":"Assigned 7 permissions to role: editor","service":"seed-script","timestamp":"2025-05-23T11:33:39.136Z"}
{"level":"info","message":"Role already exists: user","service":"seed-script","timestamp":"2025-05-23T11:33:39.138Z"}
{"level":"info","message":"Assigned 2 permissions to role: user","service":"seed-script","timestamp":"2025-05-23T11:33:39.145Z"}
{"level":"info","message":"PostgreSQL roles seeded successfully","service":"seed-script","timestamp":"2025-05-23T11:33:39.145Z"}
{"level":"info","message":"Seeding PostgreSQL admin user...","service":"seed-script","timestamp":"2025-05-23T11:33:39.146Z"}
{"level":"info","message":"PostgreSQL admin user already exists: admin@example.com","service":"seed-script","timestamp":"2025-05-23T11:33:39.151Z"}
{"level":"info","message":"PostgreSQL admin user seeded successfully","service":"seed-script","timestamp":"2025-05-23T11:33:39.152Z"}
{"level":"info","message":"PostgreSQL database seeded successfully","service":"seed-script","timestamp":"2025-05-23T11:33:39.152Z"}
{"level":"info","message":"Seeding MongoDB database...","service":"seed-script","timestamp":"2025-05-23T11:33:39.152Z"}
{"level":"info","message":"Connecting to real MongoDB for seeding","service":"seed-script","timestamp":"2025-05-23T11:33:39.153Z"}
{"level":"info","message":"Seeding MongoDB users...","service":"seed-script","timestamp":"2025-05-23T11:33:39.224Z"}
{"level":"info","message":"Created MongoDB user: admin@example.com","service":"seed-script","timestamp":"2025-05-23T11:33:39.407Z"}
{"level":"info","message":"Created MongoDB user: user1@example.com","service":"seed-script","timestamp":"2025-05-23T11:33:39.518Z"}
{"level":"info","message":"MongoDB users seeding completed","service":"seed-script","timestamp":"2025-05-23T11:33:39.518Z"}
{"level":"info","message":"Seeding MongoDB content...","service":"seed-script","timestamp":"2025-05-23T11:33:39.518Z"}
{"error":"Cannot read properties of undefined (reading 'queryStats')","level":"error","message":"Error seeding MongoDB database","service":"seed-script","timestamp":"2025-05-23T11:33:39.530Z"}
{"error":"Cannot read properties of undefined (reading 'queryStats')","level":"error","message":"Error seeding databases","service":"seed-script","timestamp":"2025-05-23T11:33:39.530Z"}
{"level":"info","message":"Starting database seed...","service":"seed-script","timestamp":"2025-05-23T11:34:31.033Z"}
{"level":"info","message":"Seeding PostgreSQL database...","service":"seed-script","timestamp":"2025-05-23T11:34:31.034Z"}
{"level":"info","message":"Seeding PostgreSQL permissions...","service":"seed-script","timestamp":"2025-05-23T11:34:31.629Z"}
{"level":"info","message":"Permission already exists: user:read","service":"seed-script","timestamp":"2025-05-23T11:34:31.649Z"}
{"level":"info","message":"Permission already exists: user:create","service":"seed-script","timestamp":"2025-05-23T11:34:31.653Z"}
{"level":"info","message":"Permission already exists: user:update","service":"seed-script","timestamp":"2025-05-23T11:34:31.656Z"}
{"level":"info","message":"Permission already exists: user:delete","service":"seed-script","timestamp":"2025-05-23T11:34:31.659Z"}
{"level":"info","message":"Permission already exists: role:read","service":"seed-script","timestamp":"2025-05-23T11:34:31.661Z"}
{"level":"info","message":"Permission already exists: role:create","service":"seed-script","timestamp":"2025-05-23T11:34:31.664Z"}
{"level":"info","message":"Permission already exists: role:update","service":"seed-script","timestamp":"2025-05-23T11:34:31.667Z"}
{"level":"info","message":"Permission already exists: role:delete","service":"seed-script","timestamp":"2025-05-23T11:34:31.669Z"}
{"level":"info","message":"Permission already exists: permission:read","service":"seed-script","timestamp":"2025-05-23T11:34:31.675Z"}
{"level":"info","message":"Permission already exists: permission:create","service":"seed-script","timestamp":"2025-05-23T11:34:31.678Z"}
{"level":"info","message":"Permission already exists: permission:update","service":"seed-script","timestamp":"2025-05-23T11:34:31.680Z"}
{"level":"info","message":"Permission already exists: permission:delete","service":"seed-script","timestamp":"2025-05-23T11:34:31.683Z"}
{"level":"info","message":"Permission already exists: content:read","service":"seed-script","timestamp":"2025-05-23T11:34:31.684Z"}
{"level":"info","message":"Permission already exists: content:create","service":"seed-script","timestamp":"2025-05-23T11:34:31.686Z"}
{"level":"info","message":"Permission already exists: content:update","service":"seed-script","timestamp":"2025-05-23T11:34:31.688Z"}
{"level":"info","message":"Permission already exists: content:delete","service":"seed-script","timestamp":"2025-05-23T11:34:31.690Z"}
{"level":"info","message":"Permission already exists: content:publish","service":"seed-script","timestamp":"2025-05-23T11:34:31.692Z"}
{"level":"info","message":"Permission already exists: content:unpublish","service":"seed-script","timestamp":"2025-05-23T11:34:31.694Z"}
{"level":"info","message":"Permission already exists: system:settings","service":"seed-script","timestamp":"2025-05-23T11:34:31.697Z"}
{"level":"info","message":"Permission already exists: system:logs","service":"seed-script","timestamp":"2025-05-23T11:34:31.699Z"}
{"level":"info","message":"PostgreSQL permissions seeded successfully","service":"seed-script","timestamp":"2025-05-23T11:34:31.699Z"}
{"level":"info","message":"Seeding PostgreSQL roles...","service":"seed-script","timestamp":"2025-05-23T11:34:31.699Z"}
{"level":"info","message":"Role already exists: admin","service":"seed-script","timestamp":"2025-05-23T11:34:31.704Z"}
{"level":"info","message":"Assigned 20 permissions to role: admin","service":"seed-script","timestamp":"2025-05-23T11:34:31.729Z"}
{"level":"info","message":"Role already exists: editor","service":"seed-script","timestamp":"2025-05-23T11:34:31.731Z"}
{"level":"info","message":"Assigned 7 permissions to role: editor","service":"seed-script","timestamp":"2025-05-23T11:34:31.738Z"}
{"level":"info","message":"Role already exists: user","service":"seed-script","timestamp":"2025-05-23T11:34:31.740Z"}
{"level":"info","message":"Assigned 2 permissions to role: user","service":"seed-script","timestamp":"2025-05-23T11:34:31.746Z"}
{"level":"info","message":"PostgreSQL roles seeded successfully","service":"seed-script","timestamp":"2025-05-23T11:34:31.746Z"}
{"level":"info","message":"Seeding PostgreSQL admin user...","service":"seed-script","timestamp":"2025-05-23T11:34:31.747Z"}
{"level":"info","message":"PostgreSQL admin user already exists: admin@example.com","service":"seed-script","timestamp":"2025-05-23T11:34:31.751Z"}
{"level":"info","message":"PostgreSQL admin user seeded successfully","service":"seed-script","timestamp":"2025-05-23T11:34:31.752Z"}
{"level":"info","message":"PostgreSQL database seeded successfully","service":"seed-script","timestamp":"2025-05-23T11:34:31.752Z"}
{"level":"info","message":"Seeding MongoDB database...","service":"seed-script","timestamp":"2025-05-23T11:34:31.752Z"}
{"level":"info","message":"Connecting to real MongoDB for seeding","service":"seed-script","timestamp":"2025-05-23T11:34:31.752Z"}
{"level":"info","message":"Seeding MongoDB users...","service":"seed-script","timestamp":"2025-05-23T11:34:31.818Z"}
{"level":"info","message":"MongoDB user already exists: admin@example.com","service":"seed-script","timestamp":"2025-05-23T11:34:31.849Z"}
{"level":"info","message":"MongoDB user already exists: user1@example.com","service":"seed-script","timestamp":"2025-05-23T11:34:31.855Z"}
{"level":"info","message":"MongoDB users seeding completed","service":"seed-script","timestamp":"2025-05-23T11:34:31.855Z"}
{"level":"info","message":"Seeding MongoDB content...","service":"seed-script","timestamp":"2025-05-23T11:34:31.856Z"}
{"level":"info","message":"Created MongoDB content: Welcome to SAP Backend","service":"seed-script","timestamp":"2025-05-23T11:34:31.883Z"}
{"level":"info","message":"Created MongoDB content: Getting Started with Astrology","service":"seed-script","timestamp":"2025-05-23T11:34:31.899Z"}
