{"level":"info","message":"Supabase connection successful (connection_test table does not exist yet)","service":"supabase-client","timestamp":"2025-05-30T07:21:12.220Z","url":"https://leaekgpafpvrvykeuvgk.supabase.co"}
{"level":"info","message":"Supabase connection successful (connection_test table does not exist yet)","service":"supabase-client","timestamp":"2025-05-30T07:22:21.301Z","url":"https://leaekgpafpvrvykeuvgk.supabase.co"}
{"level":"info","message":"Supabase connection successful (connection_test table does not exist yet)","service":"supabase-client","timestamp":"2025-05-30T07:28:52.421Z","url":"https://leaekgpafpvrvykeuvgk.supabase.co"}
{"level":"info","message":"Supabase connection successful (connection_test table does not exist yet)","service":"supabase-client","timestamp":"2025-05-30T07:41:19.235Z","url":"https://leaekgpafpvrvykeuvgk.supabase.co"}
{"level":"info","message":"Supabase connection successful (connection_test table does not exist yet)","service":"supabase-client","timestamp":"2025-05-30T07:41:45.396Z","url":"https://leaekgpafpvrvykeuvgk.supabase.co"}
{"level":"info","message":"Supabase connection successful (connection_test table does not exist yet)","service":"supabase-client","timestamp":"2025-05-30T07:42:11.078Z","url":"https://leaekgpafpvrvykeuvgk.supabase.co"}
{"level":"info","message":"Supabase connection successful (connection_test table does not exist yet)","service":"supabase-client","timestamp":"2025-05-30T07:45:11.131Z","url":"https://leaekgpafpvrvykeuvgk.supabase.co"}
{"level":"info","message":"Supabase connection successful (connection_test table does not exist yet)","service":"supabase-client","timestamp":"2025-05-30T07:55:13.051Z","url":"https://leaekgpafpvrvykeuvgk.supabase.co"}
{"level":"info","message":"Supabase connection successful (connection_test table does not exist yet)","service":"supabase-client","timestamp":"2025-05-30T08:04:04.413Z","url":"https://leaekgpafpvrvykeuvgk.supabase.co"}
{"level":"info","message":"Supabase connection successful (connection_test table does not exist yet)","service":"supabase-client","timestamp":"2025-05-30T08:05:31.453Z","url":"https://leaekgpafpvrvykeuvgk.supabase.co"}
{"level":"info","message":"Supabase connection successful (connection_test table does not exist yet)","service":"supabase-client","timestamp":"2025-05-30T08:06:33.743Z","url":"https://leaekgpafpvrvykeuvgk.supabase.co"}
{"level":"info","message":"Supabase connection successful (connection_test table does not exist yet)","service":"supabase-client","timestamp":"2025-05-30T08:13:16.743Z","url":"https://leaekgpafpvrvykeuvgk.supabase.co"}
{"level":"info","message":"Supabase connection successful (connection_test table does not exist yet)","service":"supabase-client","timestamp":"2025-05-30T08:17:32.594Z","url":"https://leaekgpafpvrvykeuvgk.supabase.co"}
{"level":"info","message":"Supabase connection successful (connection_test table does not exist yet)","service":"supabase-client","timestamp":"2025-05-30T08:21:56.123Z","url":"https://leaekgpafpvrvykeuvgk.supabase.co"}
{"level":"info","message":"Supabase connection successful (connection_test table does not exist yet)","service":"supabase-client","timestamp":"2025-05-30T08:27:11.081Z","url":"https://leaekgpafpvrvykeuvgk.supabase.co"}
{"level":"info","message":"Supabase client resources cleaned up","service":"supabase-client","timestamp":"2025-05-30T08:42:21.699Z"}
{"level":"info","message":"Supabase client resources cleaned up","service":"supabase-client","timestamp":"2025-05-30T08:42:21.700Z"}
<<<<<<< HEAD
{"level":"info","message":"Supabase connection successful (connection_test table does not exist yet)","service":"supabase-client","timestamp":"2025-05-30T10:30:07.105Z","url":"https://leaekgpafpvrvykeuvgk.supabase.co"}
{"level":"info","message":"Supabase connection successful (connection_test table does not exist yet)","service":"supabase-client","timestamp":"2025-05-30T10:40:52.224Z","url":"https://leaekgpafpvrvykeuvgk.supabase.co"}
{"level":"info","message":"Supabase connection successful (connection_test table does not exist yet)","service":"supabase-client","timestamp":"2025-05-30T10:43:14.265Z","url":"https://leaekgpafpvrvykeuvgk.supabase.co"}
{"level":"info","message":"Supabase connection successful (connection_test table does not exist yet)","service":"supabase-client","timestamp":"2025-05-30T10:45:37.752Z","url":"https://leaekgpafpvrvykeuvgk.supabase.co"}
{"level":"info","message":"Supabase connection successful (connection_test table does not exist yet)","service":"supabase-client","timestamp":"2025-05-30T10:46:35.926Z","url":"https://leaekgpafpvrvykeuvgk.supabase.co"}
{"level":"info","message":"Supabase connection successful (connection_test table does not exist yet)","service":"supabase-client","timestamp":"2025-05-30T11:00:02.598Z","url":"https://leaekgpafpvrvykeuvgk.supabase.co"}
{"level":"info","message":"Supabase connection successful (connection_test table does not exist yet)","service":"supabase-client","timestamp":"2025-05-30T11:02:09.214Z","url":"https://leaekgpafpvrvykeuvgk.supabase.co"}
{"level":"info","message":"Supabase connection successful (connection_test table does not exist yet)","service":"supabase-client","timestamp":"2025-05-30T11:02:17.376Z","url":"https://leaekgpafpvrvykeuvgk.supabase.co"}
{"level":"info","message":"Supabase connection successful (connection_test table does not exist yet)","service":"supabase-client","timestamp":"2025-05-30T11:08:55.361Z","url":"https://leaekgpafpvrvykeuvgk.supabase.co"}
{"level":"info","message":"Supabase connection successful (connection_test table does not exist yet)","service":"supabase-client","timestamp":"2025-05-30T11:34:43.346Z","url":"https://leaekgpafpvrvykeuvgk.supabase.co"}
{"level":"info","message":"Supabase connection successful (connection_test table does not exist yet)","service":"supabase-client","timestamp":"2025-05-30T11:50:49.972Z","url":"https://leaekgpafpvrvykeuvgk.supabase.co"}
{"level":"info","message":"Supabase connection successful (connection_test table does not exist yet)","service":"supabase-client","timestamp":"2025-06-04T05:22:47.833Z","url":"https://leaekgpafpvrvykeuvgk.supabase.co"}
{"level":"info","message":"Supabase connection successful (connection_test table does not exist yet)","service":"supabase-client","timestamp":"2025-06-05T04:37:51.489Z","url":"https://leaekgpafpvrvykeuvgk.supabase.co"}
{"level":"info","message":"Supabase connection successful (connection_test table does not exist yet)","service":"supabase-client","timestamp":"2025-06-05T09:45:51.930Z","url":"https://leaekgpafpvrvykeuvgk.supabase.co"}
{"level":"info","message":"Supabase connection successful (connection_test table does not exist yet)","service":"supabase-client","timestamp":"2025-06-05T09:48:36.101Z","url":"https://leaekgpafpvrvykeuvgk.supabase.co"}
{"level":"info","message":"Supabase connection successful (connection_test table does not exist yet)","service":"supabase-client","timestamp":"2025-06-05T09:50:17.521Z","url":"https://leaekgpafpvrvykeuvgk.supabase.co"}
{"level":"info","message":"Supabase connection successful (connection_test table does not exist yet)","service":"supabase-client","timestamp":"2025-06-05T11:21:02.695Z","url":"https://leaekgpafpvrvykeuvgk.supabase.co"}
{"level":"info","message":"Supabase client resources cleaned up","service":"supabase-client","timestamp":"2025-06-05T14:40:18.377Z"}
{"level":"info","message":"Supabase client resources cleaned up","service":"supabase-client","timestamp":"2025-06-05T14:40:18.379Z"}
=======
{"level":"info","message":"Supabase connection successful (connection_test table does not exist yet)","service":"supabase-client","timestamp":"2025-06-05T03:52:39.906Z","url":"https://leaekgpafpvrvykeuvgk.supabase.co"}
{"level":"info","message":"Supabase connection successful (connection_test table does not exist yet)","service":"supabase-client","timestamp":"2025-06-05T03:53:10.201Z","url":"https://leaekgpafpvrvykeuvgk.supabase.co"}
{"level":"info","message":"Supabase connection successful (connection_test table does not exist yet)","service":"supabase-client","timestamp":"2025-06-05T03:53:46.425Z","url":"https://leaekgpafpvrvykeuvgk.supabase.co"}
{"level":"info","message":"Supabase connection successful (connection_test table does not exist yet)","service":"supabase-client","timestamp":"2025-06-05T04:25:18.218Z","url":"https://leaekgpafpvrvykeuvgk.supabase.co"}
{"level":"info","message":"Supabase connection successful (connection_test table does not exist yet)","service":"supabase-client","timestamp":"2025-06-05T04:26:09.247Z","url":"https://leaekgpafpvrvykeuvgk.supabase.co"}
{"level":"info","message":"Supabase connection successful (connection_test table does not exist yet)","service":"supabase-client","timestamp":"2025-06-05T04:34:09.853Z","url":"https://leaekgpafpvrvykeuvgk.supabase.co"}
{"level":"info","message":"Supabase connection successful (connection_test table does not exist yet)","service":"supabase-client","timestamp":"2025-06-05T04:36:47.300Z","url":"https://leaekgpafpvrvykeuvgk.supabase.co"}
{"level":"info","message":"Supabase connection successful (connection_test table does not exist yet)","service":"supabase-client","timestamp":"2025-06-05T04:48:26.282Z","url":"https://leaekgpafpvrvykeuvgk.supabase.co"}
{"level":"info","message":"Supabase connection successful (connection_test table does not exist yet)","service":"supabase-client","timestamp":"2025-06-05T05:09:45.334Z","url":"https://leaekgpafpvrvykeuvgk.supabase.co"}
{"level":"info","message":"Supabase connection successful (connection_test table does not exist yet)","service":"supabase-client","timestamp":"2025-06-05T05:12:26.767Z","url":"https://leaekgpafpvrvykeuvgk.supabase.co"}
{"level":"info","message":"Supabase connection successful (connection_test table does not exist yet)","service":"supabase-client","timestamp":"2025-06-05T05:15:51.926Z","url":"https://leaekgpafpvrvykeuvgk.supabase.co"}
{"level":"info","message":"Supabase connection successful (connection_test table does not exist yet)","service":"supabase-client","timestamp":"2025-06-05T05:16:20.420Z","url":"https://leaekgpafpvrvykeuvgk.supabase.co"}
{"level":"info","message":"Supabase connection successful (connection_test table does not exist yet)","service":"supabase-client","timestamp":"2025-06-05T05:25:10.125Z","url":"https://leaekgpafpvrvykeuvgk.supabase.co"}
{"level":"info","message":"Supabase connection successful (connection_test table does not exist yet)","service":"supabase-client","timestamp":"2025-06-05T05:27:27.303Z","url":"https://leaekgpafpvrvykeuvgk.supabase.co"}
{"level":"info","message":"Supabase connection successful (connection_test table does not exist yet)","service":"supabase-client","timestamp":"2025-06-05T05:34:32.550Z","url":"https://leaekgpafpvrvykeuvgk.supabase.co"}
{"level":"info","message":"Supabase connection successful (connection_test table does not exist yet)","service":"supabase-client","timestamp":"2025-06-05T06:31:47.998Z","url":"https://leaekgpafpvrvykeuvgk.supabase.co"}
{"level":"info","message":"Supabase connection successful (connection_test table does not exist yet)","service":"supabase-client","timestamp":"2025-06-05T06:37:11.021Z","url":"https://leaekgpafpvrvykeuvgk.supabase.co"}
{"level":"info","message":"Supabase connection successful (connection_test table does not exist yet)","service":"supabase-client","timestamp":"2025-06-05T06:38:08.742Z","url":"https://leaekgpafpvrvykeuvgk.supabase.co"}
{"level":"info","message":"Supabase connection successful (connection_test table does not exist yet)","service":"supabase-client","timestamp":"2025-06-05T06:38:32.604Z","url":"https://leaekgpafpvrvykeuvgk.supabase.co"}
{"level":"info","message":"Supabase connection successful (connection_test table does not exist yet)","service":"supabase-client","timestamp":"2025-06-05T06:41:11.009Z","url":"https://leaekgpafpvrvykeuvgk.supabase.co"}
{"level":"info","message":"Supabase connection successful (connection_test table does not exist yet)","service":"supabase-client","timestamp":"2025-06-05T06:44:49.163Z","url":"https://leaekgpafpvrvykeuvgk.supabase.co"}
{"level":"info","message":"Supabase connection successful (connection_test table does not exist yet)","service":"supabase-client","timestamp":"2025-06-05T06:47:26.826Z","url":"https://leaekgpafpvrvykeuvgk.supabase.co"}
{"level":"info","message":"Supabase connection successful (connection_test table does not exist yet)","service":"supabase-client","timestamp":"2025-06-05T06:49:13.412Z","url":"https://leaekgpafpvrvykeuvgk.supabase.co"}
{"level":"info","message":"Supabase connection successful (connection_test table does not exist yet)","service":"supabase-client","timestamp":"2025-06-05T06:49:30.849Z","url":"https://leaekgpafpvrvykeuvgk.supabase.co"}
{"level":"info","message":"Supabase connection successful (connection_test table does not exist yet)","service":"supabase-client","timestamp":"2025-06-05T06:56:45.350Z","url":"https://leaekgpafpvrvykeuvgk.supabase.co"}
{"level":"info","message":"Supabase connection successful (connection_test table does not exist yet)","service":"supabase-client","timestamp":"2025-06-05T06:58:35.390Z","url":"https://leaekgpafpvrvykeuvgk.supabase.co"}
{"level":"info","message":"Supabase connection successful (connection_test table does not exist yet)","service":"supabase-client","timestamp":"2025-06-05T07:00:23.172Z","url":"https://leaekgpafpvrvykeuvgk.supabase.co"}
{"level":"info","message":"Supabase connection successful (connection_test table does not exist yet)","service":"supabase-client","timestamp":"2025-06-05T07:01:02.285Z","url":"https://leaekgpafpvrvykeuvgk.supabase.co"}
{"level":"info","message":"Supabase connection successful (connection_test table does not exist yet)","service":"supabase-client","timestamp":"2025-06-05T07:02:13.434Z","url":"https://leaekgpafpvrvykeuvgk.supabase.co"}
{"level":"info","message":"Supabase connection successful (connection_test table does not exist yet)","service":"supabase-client","timestamp":"2025-06-05T07:02:30.053Z","url":"https://leaekgpafpvrvykeuvgk.supabase.co"}
{"level":"info","message":"Supabase connection successful (connection_test table does not exist yet)","service":"supabase-client","timestamp":"2025-06-05T07:03:20.910Z","url":"https://leaekgpafpvrvykeuvgk.supabase.co"}
{"level":"info","message":"Supabase connection successful (connection_test table does not exist yet)","service":"supabase-client","timestamp":"2025-06-05T09:19:36.530Z","url":"https://leaekgpafpvrvykeuvgk.supabase.co"}
{"level":"info","message":"Supabase connection successful (connection_test table does not exist yet)","service":"supabase-client","timestamp":"2025-06-05T09:20:53.086Z","url":"https://leaekgpafpvrvykeuvgk.supabase.co"}
{"level":"info","message":"Supabase connection successful (connection_test table does not exist yet)","service":"supabase-client","timestamp":"2025-06-05T09:37:05.382Z","url":"https://leaekgpafpvrvykeuvgk.supabase.co"}
{"level":"info","message":"Supabase connection successful (connection_test table does not exist yet)","service":"supabase-client","timestamp":"2025-06-05T09:49:38.642Z","url":"https://leaekgpafpvrvykeuvgk.supabase.co"}
{"level":"info","message":"Supabase connection successful (connection_test table does not exist yet)","service":"supabase-client","timestamp":"2025-06-05T09:50:33.912Z","url":"https://leaekgpafpvrvykeuvgk.supabase.co"}
{"level":"info","message":"Supabase connection successful (connection_test table does not exist yet)","service":"supabase-client","timestamp":"2025-06-05T09:52:09.235Z","url":"https://leaekgpafpvrvykeuvgk.supabase.co"}
{"level":"info","message":"Supabase connection successful (connection_test table does not exist yet)","service":"supabase-client","timestamp":"2025-06-05T09:53:32.964Z","url":"https://leaekgpafpvrvykeuvgk.supabase.co"}
{"level":"info","message":"Supabase connection successful (connection_test table does not exist yet)","service":"supabase-client","timestamp":"2025-06-05T09:58:52.708Z","url":"https://leaekgpafpvrvykeuvgk.supabase.co"}
{"level":"info","message":"Supabase connection successful (connection_test table does not exist yet)","service":"supabase-client","timestamp":"2025-06-05T09:59:14.690Z","url":"https://leaekgpafpvrvykeuvgk.supabase.co"}
{"level":"info","message":"Supabase connection successful (connection_test table does not exist yet)","service":"supabase-client","timestamp":"2025-06-05T09:59:36.048Z","url":"https://leaekgpafpvrvykeuvgk.supabase.co"}
{"level":"info","message":"Supabase connection successful (connection_test table does not exist yet)","service":"supabase-client","timestamp":"2025-06-05T10:00:01.619Z","url":"https://leaekgpafpvrvykeuvgk.supabase.co"}
{"level":"info","message":"Supabase connection successful (connection_test table does not exist yet)","service":"supabase-client","timestamp":"2025-06-05T10:02:44.692Z","url":"https://leaekgpafpvrvykeuvgk.supabase.co"}
{"level":"info","message":"Supabase connection successful (connection_test table does not exist yet)","service":"supabase-client","timestamp":"2025-06-05T10:04:22.068Z","url":"https://leaekgpafpvrvykeuvgk.supabase.co"}
{"level":"info","message":"Supabase connection successful (connection_test table does not exist yet)","service":"supabase-client","timestamp":"2025-06-05T10:06:41.314Z","url":"https://leaekgpafpvrvykeuvgk.supabase.co"}
{"level":"info","message":"Supabase connection successful (connection_test table does not exist yet)","service":"supabase-client","timestamp":"2025-06-05T10:09:07.387Z","url":"https://leaekgpafpvrvykeuvgk.supabase.co"}
{"level":"info","message":"Supabase connection successful (connection_test table does not exist yet)","service":"supabase-client","timestamp":"2025-06-05T10:10:28.150Z","url":"https://leaekgpafpvrvykeuvgk.supabase.co"}
{"level":"info","message":"Supabase connection successful (connection_test table does not exist yet)","service":"supabase-client","timestamp":"2025-06-05T10:11:22.404Z","url":"https://leaekgpafpvrvykeuvgk.supabase.co"}
{"level":"info","message":"Supabase connection successful (connection_test table does not exist yet)","service":"supabase-client","timestamp":"2025-06-05T10:12:14.397Z","url":"https://leaekgpafpvrvykeuvgk.supabase.co"}
{"level":"info","message":"Supabase connection successful (connection_test table does not exist yet)","service":"supabase-client","timestamp":"2025-06-05T10:14:18.990Z","url":"https://leaekgpafpvrvykeuvgk.supabase.co"}
{"level":"info","message":"Supabase connection successful (connection_test table does not exist yet)","service":"supabase-client","timestamp":"2025-06-05T10:15:00.277Z","url":"https://leaekgpafpvrvykeuvgk.supabase.co"}
{"level":"info","message":"Supabase connection successful (connection_test table does not exist yet)","service":"supabase-client","timestamp":"2025-06-05T10:18:00.255Z","url":"https://leaekgpafpvrvykeuvgk.supabase.co"}
{"level":"info","message":"Supabase connection successful (connection_test table does not exist yet)","service":"supabase-client","timestamp":"2025-06-05T10:27:35.059Z","url":"https://leaekgpafpvrvykeuvgk.supabase.co"}
{"level":"info","message":"Supabase connection successful (connection_test table does not exist yet)","service":"supabase-client","timestamp":"2025-06-05T10:30:59.853Z","url":"https://leaekgpafpvrvykeuvgk.supabase.co"}
{"level":"info","message":"Supabase connection successful (connection_test table does not exist yet)","service":"supabase-client","timestamp":"2025-06-05T10:31:43.933Z","url":"https://leaekgpafpvrvykeuvgk.supabase.co"}
{"level":"info","message":"Supabase connection successful (connection_test table does not exist yet)","service":"supabase-client","timestamp":"2025-06-05T10:33:12.694Z","url":"https://leaekgpafpvrvykeuvgk.supabase.co"}
{"level":"info","message":"Supabase connection successful (connection_test table does not exist yet)","service":"supabase-client","timestamp":"2025-06-05T10:34:45.290Z","url":"https://leaekgpafpvrvykeuvgk.supabase.co"}
{"level":"info","message":"Supabase connection successful (connection_test table does not exist yet)","service":"supabase-client","timestamp":"2025-06-05T10:35:22.662Z","url":"https://leaekgpafpvrvykeuvgk.supabase.co"}
{"level":"info","message":"Supabase connection successful (connection_test table does not exist yet)","service":"supabase-client","timestamp":"2025-06-05T10:35:54.985Z","url":"https://leaekgpafpvrvykeuvgk.supabase.co"}
{"level":"info","message":"Supabase connection successful (connection_test table does not exist yet)","service":"supabase-client","timestamp":"2025-06-05T10:37:08.260Z","url":"https://leaekgpafpvrvykeuvgk.supabase.co"}
{"level":"info","message":"Supabase connection successful (connection_test table does not exist yet)","service":"supabase-client","timestamp":"2025-06-05T10:39:12.183Z","url":"https://leaekgpafpvrvykeuvgk.supabase.co"}
{"level":"info","message":"Supabase connection successful (connection_test table does not exist yet)","service":"supabase-client","timestamp":"2025-06-05T10:40:00.230Z","url":"https://leaekgpafpvrvykeuvgk.supabase.co"}
{"level":"info","message":"Supabase connection successful (connection_test table does not exist yet)","service":"supabase-client","timestamp":"2025-06-05T10:41:30.909Z","url":"https://leaekgpafpvrvykeuvgk.supabase.co"}
{"level":"info","message":"Supabase connection successful (connection_test table does not exist yet)","service":"supabase-client","timestamp":"2025-06-05T10:42:35.040Z","url":"https://leaekgpafpvrvykeuvgk.supabase.co"}
{"level":"info","message":"Supabase connection successful (connection_test table does not exist yet)","service":"supabase-client","timestamp":"2025-06-05T10:43:59.677Z","url":"https://leaekgpafpvrvykeuvgk.supabase.co"}
{"level":"info","message":"Supabase connection successful (connection_test table does not exist yet)","service":"supabase-client","timestamp":"2025-06-05T10:48:51.145Z","url":"https://leaekgpafpvrvykeuvgk.supabase.co"}
{"level":"info","message":"Supabase connection successful (connection_test table does not exist yet)","service":"supabase-client","timestamp":"2025-06-05T10:49:40.885Z","url":"https://leaekgpafpvrvykeuvgk.supabase.co"}
{"level":"info","message":"Supabase connection successful (connection_test table does not exist yet)","service":"supabase-client","timestamp":"2025-06-05T10:50:39.643Z","url":"https://leaekgpafpvrvykeuvgk.supabase.co"}
{"level":"info","message":"Supabase client resources cleaned up","service":"supabase-client","timestamp":"2025-06-05T12:57:43.701Z"}
{"level":"info","message":"Supabase client resources cleaned up","service":"supabase-client","timestamp":"2025-06-05T12:57:43.705Z"}
>>>>>>> 2a56d706505379ec4c288eb7427895d7f8dc214d
